10:23:13.866 [main                     ] DEBUG Logger               - Configured Logger
10:23:13.931 [main                     ] DEBUG GameApplication      - Logging settings
Title: platformer
Version: 0.0
Width: 1920
Height: 1080
Fullscreen: false
Intro: false
Profiling: false
Single step:false
App Mode: DEVELOPER
Menu Key: ESCAPE
Stage Style: DECORATED
Scene Factory: class game.PlatformerApp$1

10:23:14.602 [JavaFX Application Thread] DEBUG FXGLApplication      - Initializing FXGL
10:23:14.613 [JavaFX Application Thread] INFO  Engine               - FXGL-17.1 (24.03.2022 17.39) on WINDOWS (J:17.0.1 FX:18)
10:23:14.614 [JavaFX Application Thread] DEBUG Engine               - JRE Vendor Name: Eclipse Adoptium
10:23:14.614 [JavaFX Application Thread] DEBUG Engine               - Running on OS: Windows 10 version 10.0
10:23:14.615 [JavaFX Application Thread] DEBUG Engine               - Architecture: amd64
10:23:14.615 [JavaFX Application Thread] INFO  Engine               - Source code and latest versions at: https://github.com/AlmasB/FXGL
10:23:14.615 [JavaFX Application Thread] INFO  Engine               -       Ask questions and discuss at: https://github.com/AlmasB/FXGL/discussions
10:23:14.615 [JavaFX Application Thread] INFO  Engine               -              Join the FXGL chat at: https://gitter.im/AlmasB/FXGL
10:23:14.830 [JavaFX Application Thread] DEBUG PrimaryStageWindow   - Creating a JavaFX scene
10:23:14.930 [JavaFX Application Thread] DEBUG PrimaryStageWindow   - Target settings size: 1920.0 x 1080.0
10:23:14.930 [JavaFX Application Thread] DEBUG PrimaryStageWindow   - Scaled scene size:    1920.0 x 1080.0
10:23:14.931 [JavaFX Application Thread] DEBUG PrimaryStageWindow   - Scaled ratio: (1.0, 1.0)
10:23:14.933 [JavaFX Application Thread] DEBUG PrimaryStageWindow   - Set initial scene to FXGLStartupScene
10:23:14.948 [JavaFX Application Thread] DEBUG PrimaryStageWindow   - Opening main window
10:23:15.109 [JavaFX Application Thread] DEBUG PrimaryStageWindow   - Window border size: (16.0, 39.0)
10:23:15.110 [JavaFX Application Thread] DEBUG PrimaryStageWindow   - Scaled size: 1920.0 x 1080.0
10:23:15.110 [JavaFX Application Thread] DEBUG PrimaryStageWindow   - Scaled ratio: (1.0, 1.0)
10:23:15.111 [JavaFX Application Thread] DEBUG PrimaryStageWindow   - Scene size: 1920.0 x 1080.0
10:23:15.111 [JavaFX Application Thread] DEBUG PrimaryStageWindow   - Stage size: 1936.0 x 1119.0
10:23:15.129 [FXGL Background Thread 1 ] DEBUG Engine               - Initializing environment variables
10:23:15.196 [FXGL Background Thread 1 ] DEBUG FXGLAssetLoaderServi - User app class for loading assets: class game.PlatformerApp
10:23:15.196 [FXGL Background Thread 1 ] DEBUG GameApplicationServi - Applying CSS: fxgl_dark.css
10:23:15.197 [FXGL Background Thread 1 ] DEBUG FXGLAssetLoaderServi - Loading from file system: jar:file:/C:/Users/HP/Documents/fxgl/fxgl-17.1-uber.jar!/fxglassets/ui/css/fxgl_dark.css
10:23:15.270 [FXGL Background Thread 1 ] DEBUG GameApplicationServi - Initializing application scenes
10:23:15.361 [FXGL Background Thread 1 ] DEBUG GameWorld            - Game world initialized
10:23:15.464 [FXGL Background Thread 1 ] DEBUG PhysicsWorld         - Physics world initialized: appHeight=1080, physics.ppm=50,0
10:23:15.464 [FXGL Background Thread 1 ] DEBUG PhysicsWorld         - Using strategy: BRUTE_FORCE
10:23:15.472 [FXGL Background Thread 1 ] DEBUG GameScene            - Game scene initialized: 1920x1080
10:23:15.606 [FXGL Background Thread 1 ] DEBUG FXGL.DefaultMenu     - createMenuBodyGameMenu()
10:23:15.642 [FXGL Background Thread 1 ] DEBUG FXGL.DefaultMenu     - createOptionsMenu()
10:23:15.679 [FXGL Background Thread 1 ] DEBUG FXGLAssetLoaderServi - Loading from file system: jar:file:/C:/Users/HP/Documents/fxgl/fxgl-17.1-uber.jar!/fxglassets/textures/particles/smoke.png
10:23:15.831 [FXGL Background Thread 1 ] DEBUG FXGLAssetLoaderServi - Loading from file system: jar:file:/C:/Users/HP/Documents/fxgl/fxgl-17.1-uber.jar!/fxglassets/textures/particles/trace_horizontal.png
10:23:15.886 [FXGL Background Thread 1 ] DEBUG GameApplicationServi - Application scenes initialized
10:23:15.918 [FXGL Background Thread 1 ] DEBUG SystemBundleService  - Loading FXGL system data
10:23:15.928 [FXGL Background Thread 1 ] DEBUG FileSystemAccess     - Reading from: C:\Users\HP\git\giocoInformatica3\system\fxgl.bundle
10:23:15.944 [FXGL Background Thread 1 ] DEBUG SystemBundleService  - Bundle FXGL: {}
10:23:15.945 [FXGL Background Thread 1 ] DEBUG UpdaterService       - Checking for updates
10:23:16.004 [FXGL Background Thread 4 ] DEBUG FXGLApplication      - Loading fonts
10:23:16.005 [FXGL Background Thread 4 ] DEBUG FXGLAssetLoaderServi - Loading from file system: jar:file:/C:/Users/HP/Documents/fxgl/fxgl-17.1-uber.jar!/fxglassets/ui/fonts/VarelaRound-Regular.ttf
10:23:16.005 [FXGL Background Thread 1 ] DEBUG FXGLApplication      - Loading default localization
10:23:16.007 [FXGL Background Thread 1 ] DEBUG FXGLAssetLoaderServi - Loading from file system: jar:file:/C:/Users/HP/Documents/fxgl/fxgl-17.1-uber.jar!/fxglassets/languages/english.lang
10:23:16.046 [FXGL Background Thread 1 ] INFO  FXGLApplication      - FXGL initialization took: 0,917 sec
10:23:16.065 [JavaFX Application Thread] DEBUG Input                - Registered new binding: Left - A
10:23:16.065 [JavaFX Application Thread] DEBUG Input                - Registered new binding: Right - D
10:23:16.065 [JavaFX Application Thread] DEBUG Input                - Registered new binding: Jump - Space
10:23:16.066 [JavaFX Application Thread] DEBUG Input                - Registered new binding: Attack - F
10:23:16.067 [JavaFX Application Thread] DEBUG FXGLAssetLoaderServi - Loading from file system: file:/C:/Users/HP/git/giocoInformatica3/bin/assets/music/BGM_dash_runner.wav
10:23:16.151 [FXGL Background Thread 4 ] DEBUG FXGLAssetLoaderServi - Loading from file system: jar:file:/C:/Users/HP/Documents/fxgl/fxgl-17.1-uber.jar!/fxglassets/ui/fonts/Abel-Regular.ttf
10:23:16.177 [FXGL Background Thread 4 ] DEBUG FXGLAssetLoaderServi - Loading from file system: jar:file:/C:/Users/HP/Documents/fxgl/fxgl-17.1-uber.jar!/fxglassets/ui/fonts/TerminalLandMono-Regular.otf
10:23:16.204 [FXGL Background Thread 4 ] DEBUG FXGLAssetLoaderServi - Loading from file system: jar:file:/C:/Users/HP/Documents/fxgl/fxgl-17.1-uber.jar!/fxglassets/ui/fonts/Courier-Prime.ttf
10:23:16.388 [JavaFX Application Thread] DEBUG AudioPlayer          - Playing music com.almasb.fxgl.audio.Music@219e969a
10:23:16.390 [JavaFX Application Thread] DEBUG FXGLAssetLoaderServi - Loading from file system: jar:file:/C:/Users/HP/Documents/fxgl/fxgl-17.1-uber.jar!/fxglassets/textures/fxgl_icon.png
10:23:16.442 [JavaFX Application Thread] DEBUG FXGLAssetLoaderServi - Loading from file system: jar:file:/C:/Users/HP/Documents/fxgl/fxgl-17.1-uber.jar!/fxglassets/textures/fxgl_default_cursor.png
10:23:16.447 [JavaFX Application Thread] DEBUG Input                - Registered new binding: Screenshot - CTRL+8
10:23:16.448 [JavaFX Application Thread] DEBUG Input                - Registered new binding: Dev Options - 1
10:23:16.449 [JavaFX Application Thread] DEBUG Input                - Registered new binding: Dev Console - 2
10:23:16.451 [JavaFX Application Thread] DEBUG Input                - Registered new binding: System info dump - CTRL+9
10:23:16.453 [JavaFX Application Thread] DEBUG Input                - Registered new binding: Restart - CTRL+R
10:23:16.456 [JavaFX Application Thread] DEBUG Input                - Registered new binding: Toggle Debug Camera - CTRL+7
10:23:16.467 [JavaFX Application Thread] DEBUG LoopRunner           - Starting loop
10:23:16.516 [JavaFX Application Thread] DEBUG LoopRunner           - Initializing JavaFX AnimationTimerLoop
10:23:16.522 [JavaFX Application Thread] DEBUG Input                - Clearing active input actions
10:23:16.552 [JavaFX Application Thread] DEBUG GameApplicationServi - Removing overlay from FXGLStartupScene and adding to FXGLMainMenuDummyScene
10:23:16.565 [JavaFX Application Thread] DEBUG PrimaryStageWindow   - FXGLStartupScene -> FXGLMainMenuDummyScene
10:23:16.566 [JavaFX Application Thread] DEBUG PrimaryStageWindow   - Push state: PlatformerMainMenu
10:23:16.566 [JavaFX Application Thread] DEBUG Input                - Clearing active input actions
10:23:16.576 [JavaFX Application Thread] DEBUG GameApplicationServi - Removing overlay from FXGLMainMenuDummyScene and adding to PlatformerMainMenu
10:23:16.578 [JavaFX Application Thread] DEBUG PrimaryStageWindow   - FXGLMainMenuDummyScene -> PlatformerMainMenu
10:23:16.579 [JavaFX Application Thread] DEBUG FXGLApplication      - Registering font factories with UI factory
10:23:19.001 [FXGL Background Thread 3 ] DEBUG Engine               - Logging environment variables
10:23:19.001 [FXGL Background Thread 3 ] DEBUG Engine               - achievements: []
10:23:19.001 [FXGL Background Thread 3 ] DEBUG Engine               - actualHeight: 1080.0
10:23:19.001 [FXGL Background Thread 3 ] DEBUG Engine               - actualHeightProperty: ReadOnlyDoubleProperty [value: 1080.0]
10:23:19.003 [FXGL Background Thread 3 ] DEBUG Engine               - actualWidth: 1920.0
10:23:19.004 [FXGL Background Thread 3 ] DEBUG Engine               - actualWidthProperty: ReadOnlyDoubleProperty [value: 1920.0]
10:23:19.004 [FXGL Background Thread 3 ] DEBUG Engine               - appIcon: fxgl_icon.png
10:23:19.005 [FXGL Background Thread 3 ] DEBUG Engine               - applicationMode: DEVELOPER
10:23:19.005 [FXGL Background Thread 3 ] DEBUG Engine               - cSSList: [fxgl_dark.css]
10:23:19.006 [FXGL Background Thread 3 ] DEBUG Engine               - collisionDetectionStrategy: BRUTE_FORCE
10:23:19.007 [FXGL Background Thread 3 ] DEBUG Engine               - configClass: Optional.empty
10:23:19.008 [FXGL Background Thread 3 ] DEBUG Engine               - credits: []
10:23:19.011 [FXGL Background Thread 3 ] DEBUG Engine               - defaultCursor: CursorInfo(imageName=fxgl_default_cursor.png, hotspotX=7.0, hotspotY=6.0)
10:23:19.012 [FXGL Background Thread 3 ] DEBUG Engine               - devBBoxColorProperty: ObjectProperty [value: 0xff0000ff]
10:23:19.012 [FXGL Background Thread 3 ] DEBUG Engine               - devEnableDebugCameraProperty: BooleanProperty [value: false]
10:23:19.014 [FXGL Background Thread 3 ] DEBUG Engine               - devSensorColorProperty: ObjectProperty [value: 0xffff00ff]
10:23:19.014 [FXGL Background Thread 3 ] DEBUG Engine               - devShowBBoxProperty: BooleanProperty [value: false]
10:23:19.015 [FXGL Background Thread 3 ] DEBUG Engine               - devShowPositionProperty: BooleanProperty [value: false]
10:23:19.015 [FXGL Background Thread 3 ] DEBUG Engine               - enabledMenuItems: []
10:23:19.015 [FXGL Background Thread 3 ] DEBUG Engine               - engineServices: [class com.almasb.fxgl.app.services.FXGLAssetLoaderService, class com.almasb.fxgl.app.FXGLApplication$GameApplicationService, class com.almasb.fxgl.app.services.FXGLDialogService, class com.almasb.fxgl.app.services.IOTaskExecutorService, class com.almasb.fxgl.io.FileSystemService, class com.almasb.fxgl.localization.LocalizationService, class com.almasb.fxgl.app.services.SystemBundleService, class com.almasb.fxgl.profile.SaveLoadService, class com.almasb.fxgl.ui.FXGLUIFactoryServiceProvider, class com.almasb.fxgl.ui.FXGLDialogFactoryServiceProvider, class com.almasb.fxgl.audio.AudioPlayer, class com.almasb.fxgl.notification.impl.NotificationServiceProvider, class com.almasb.fxgl.achievement.AchievementService, class com.almasb.fxgl.cutscene.CutsceneService, class com.almasb.fxgl.minigames.MiniGameService, class com.almasb.fxgl.net.NetService, class com.almasb.fxgl.app.services.UpdaterService, class com.almasb.fxgl.dev.DevService]
10:23:19.016 [FXGL Background Thread 3 ] DEBUG Engine               - fontGame: Abel-Regular.ttf
10:23:19.016 [FXGL Background Thread 3 ] DEBUG Engine               - fontMono: TerminalLandMono-Regular.otf
10:23:19.016 [FXGL Background Thread 3 ] DEBUG Engine               - fontText: Courier-Prime.ttf
10:23:19.017 [FXGL Background Thread 3 ] DEBUG Engine               - fontUI: VarelaRound-Regular.ttf
10:23:19.017 [FXGL Background Thread 3 ] DEBUG Engine               - fullScreen: BooleanProperty [value: false]
10:23:19.017 [FXGL Background Thread 3 ] DEBUG Engine               - gameDifficulty: MEDIUM
10:23:19.017 [FXGL Background Thread 3 ] DEBUG Engine               - gameDifficultyProperty: ObjectProperty [value: MEDIUM]
10:23:19.018 [FXGL Background Thread 3 ] DEBUG Engine               - globalMusicVolume: 0.5
10:23:19.018 [FXGL Background Thread 3 ] DEBUG Engine               - globalMusicVolumeProperty: DoubleProperty [value: 0.0]
10:23:19.018 [FXGL Background Thread 3 ] DEBUG Engine               - globalSoundVolume: 0.5
10:23:19.019 [FXGL Background Thread 3 ] DEBUG Engine               - globalSoundVolumeProperty: DoubleProperty [value: 0.5]
10:23:19.020 [FXGL Background Thread 3 ] DEBUG Engine               - height: 1080
10:23:19.020 [FXGL Background Thread 3 ] DEBUG Engine               - is3D: false
10:23:19.020 [FXGL Background Thread 3 ] DEBUG Engine               - isAndroid: false
10:23:19.021 [FXGL Background Thread 3 ] DEBUG Engine               - isBrowser: false
10:23:19.021 [FXGL Background Thread 3 ] DEBUG Engine               - isClickFeedbackEnabled: false
10:23:19.021 [FXGL Background Thread 3 ] DEBUG Engine               - isCloseConfirmation: false
10:23:19.022 [FXGL Background Thread 3 ] DEBUG Engine               - isDesktop: true
10:23:19.022 [FXGL Background Thread 3 ] DEBUG Engine               - isDeveloperMenuEnabled: true
10:23:19.022 [FXGL Background Thread 3 ] DEBUG Engine               - isEmbedded: false
10:23:19.022 [FXGL Background Thread 3 ] DEBUG Engine               - isEntityPreloadEnabled: true
10:23:19.023 [FXGL Background Thread 3 ] DEBUG Engine               - isExperimentalTiledLargeMap: false
10:23:19.024 [FXGL Background Thread 3 ] DEBUG Engine               - isFileSystemWriteAllowed: true
10:23:19.025 [FXGL Background Thread 3 ] DEBUG Engine               - isFullScreenAllowed: false
10:23:19.025 [FXGL Background Thread 3 ] DEBUG Engine               - isFullScreenFromStart: false
10:23:19.025 [FXGL Background Thread 3 ] DEBUG Engine               - isGameMenuEnabled: true
10:23:19.026 [FXGL Background Thread 3 ] DEBUG Engine               - isIOS: false
10:23:19.026 [FXGL Background Thread 3 ] DEBUG Engine               - isIntroEnabled: false
10:23:19.026 [FXGL Background Thread 3 ] DEBUG Engine               - isLinux: false
10:23:19.026 [FXGL Background Thread 3 ] DEBUG Engine               - isMac: false
10:23:19.027 [FXGL Background Thread 3 ] DEBUG Engine               - isMainMenuEnabled: true
10:23:19.028 [FXGL Background Thread 3 ] DEBUG Engine               - isManualResizeEnabled: false
10:23:19.028 [FXGL Background Thread 3 ] DEBUG Engine               - isMobile: false
10:23:19.028 [FXGL Background Thread 3 ] DEBUG Engine               - isNative: false
10:23:19.029 [FXGL Background Thread 3 ] DEBUG Engine               - isPauseMusicWhenMinimized: true
10:23:19.029 [FXGL Background Thread 3 ] DEBUG Engine               - isPreserveResizeRatio: false
10:23:19.029 [FXGL Background Thread 3 ] DEBUG Engine               - isProfilingEnabled: false
10:23:19.030 [FXGL Background Thread 3 ] DEBUG Engine               - isScaleAffectedOnResize: true
10:23:19.031 [FXGL Background Thread 3 ] DEBUG Engine               - isSingleStep: false
10:23:19.032 [FXGL Background Thread 3 ] DEBUG Engine               - isUserProfileEnabled: false
10:23:19.032 [FXGL Background Thread 3 ] DEBUG Engine               - isWindows: true
10:23:19.033 [FXGL Background Thread 3 ] DEBUG Engine               - language: ObjectProperty [value: ENGLISH]
10:23:19.033 [FXGL Background Thread 3 ] DEBUG Engine               - menuKey: ESCAPE
10:23:19.033 [FXGL Background Thread 3 ] DEBUG Engine               - mouseSensitivity: 0.2
10:23:19.033 [FXGL Background Thread 3 ] DEBUG Engine               - notificationViewClass: class com.almasb.fxgl.notification.view.XboxNotificationView
10:23:19.033 [FXGL Background Thread 3 ] DEBUG Engine               - pixelsPerMeter: 50.0
10:23:19.034 [FXGL Background Thread 3 ] DEBUG Engine               - platform: WINDOWS
10:23:19.034 [FXGL Background Thread 3 ] DEBUG Engine               - prefHeightProperty: ReadOnlyDoubleProperty [value: 1080.0]
10:23:19.036 [FXGL Background Thread 3 ] DEBUG Engine               - prefWidthProperty: ReadOnlyDoubleProperty [value: 1920.0]
10:23:19.036 [FXGL Background Thread 3 ] DEBUG Engine               - profileDir: profiles/
10:23:19.036 [FXGL Background Thread 3 ] DEBUG Engine               - profileName: StringProperty [value: DEFAULT]
10:23:19.036 [FXGL Background Thread 3 ] DEBUG Engine               - randomSeed: -1
10:23:19.036 [FXGL Background Thread 3 ] DEBUG Engine               - runtimeInfo: RuntimeInfo(platform=WINDOWS, version=17.1, build=24.03.2022 17.39)
10:23:19.036 [FXGL Background Thread 3 ] DEBUG Engine               - saveFileExt: sav
10:23:19.036 [FXGL Background Thread 3 ] DEBUG Engine               - scaledHeightProp$fxgl: DoubleProperty [bound, value: 1080.0]
10:23:19.036 [FXGL Background Thread 3 ] DEBUG Engine               - scaledWidthProp$fxgl: DoubleProperty [bound, value: 1920.0]
10:23:19.037 [FXGL Background Thread 3 ] DEBUG Engine               - sceneFactory: game.PlatformerApp$1@765eeb06
10:23:19.037 [FXGL Background Thread 3 ] DEBUG Engine               - secondsIn24h: 60
10:23:19.037 [FXGL Background Thread 3 ] DEBUG Engine               - soundMenuBack: menu/back.wav
10:23:19.037 [FXGL Background Thread 3 ] DEBUG Engine               - soundMenuPress: menu/press.wav
10:23:19.037 [FXGL Background Thread 3 ] DEBUG Engine               - soundMenuSelect: menu/select.wav
10:23:19.037 [FXGL Background Thread 3 ] DEBUG Engine               - soundNotification: core/notification.wav
10:23:19.037 [FXGL Background Thread 3 ] DEBUG Engine               - stageStyle: DECORATED
10:23:19.037 [FXGL Background Thread 3 ] DEBUG Engine               - supportedLanguages: [ENGLISH, FRENCH, GERMAN, HUNGARIAN, RUSSIAN]
10:23:19.038 [FXGL Background Thread 3 ] DEBUG Engine               - ticksPerSecond: -1
10:23:19.038 [FXGL Background Thread 3 ] DEBUG Engine               - title: platformer
10:23:19.038 [FXGL Background Thread 3 ] DEBUG Engine               - urlGithub: https://github.com/AlmasB/FXGL
10:23:19.038 [FXGL Background Thread 3 ] DEBUG Engine               - urlLeaderboard: http://fxgl-top.herokuapp.com/
10:23:19.038 [FXGL Background Thread 3 ] DEBUG Engine               - urlPOM: https://raw.githubusercontent.com/AlmasB/FXGL/release/README.md
10:23:19.038 [FXGL Background Thread 3 ] DEBUG Engine               - userAppClass: class game.PlatformerApp
10:23:19.039 [FXGL Background Thread 3 ] DEBUG Engine               - version: 0.0
10:23:19.039 [FXGL Background Thread 3 ] DEBUG Engine               - versionCheckDays: 7
10:23:19.039 [FXGL Background Thread 3 ] DEBUG Engine               - width: 1920
10:23:19.040 [FXGL Background Thread 3 ] DEBUG Engine               - Logging services
10:23:19.040 [FXGL Background Thread 3 ] DEBUG Engine               - class com.almasb.fxgl.app.services.FXGLAssetLoaderService
10:23:19.040 [FXGL Background Thread 3 ] DEBUG Engine               - class com.almasb.fxgl.app.FXGLApplication$GameApplicationService
10:23:19.040 [FXGL Background Thread 3 ] DEBUG Engine               - class com.almasb.fxgl.app.services.FXGLDialogService
10:23:19.040 [FXGL Background Thread 3 ] DEBUG Engine               - class com.almasb.fxgl.app.services.IOTaskExecutorService
10:23:19.041 [FXGL Background Thread 3 ] DEBUG Engine               - class com.almasb.fxgl.io.FileSystemService
10:23:19.041 [FXGL Background Thread 3 ] DEBUG Engine               - class com.almasb.fxgl.localization.LocalizationService
10:23:19.041 [FXGL Background Thread 3 ] DEBUG Engine               - class com.almasb.fxgl.app.services.SystemBundleService
10:23:19.041 [FXGL Background Thread 3 ] DEBUG Engine               - class com.almasb.fxgl.profile.SaveLoadService
10:23:19.041 [FXGL Background Thread 3 ] DEBUG Engine               - class com.almasb.fxgl.ui.FXGLUIFactoryServiceProvider
10:23:19.041 [FXGL Background Thread 3 ] DEBUG Engine               - class com.almasb.fxgl.ui.FXGLDialogFactoryServiceProvider
10:23:19.041 [FXGL Background Thread 3 ] DEBUG Engine               - class com.almasb.fxgl.audio.AudioPlayer
10:23:19.041 [FXGL Background Thread 3 ] DEBUG Engine               - class com.almasb.fxgl.notification.impl.NotificationServiceProvider
10:23:19.041 [FXGL Background Thread 3 ] DEBUG Engine               - class com.almasb.fxgl.achievement.AchievementService
10:23:19.041 [FXGL Background Thread 3 ] DEBUG Engine               - class com.almasb.fxgl.cutscene.CutsceneService
10:23:19.043 [FXGL Background Thread 3 ] DEBUG Engine               - class com.almasb.fxgl.minigames.MiniGameService
10:23:19.043 [FXGL Background Thread 3 ] DEBUG Engine               - class com.almasb.fxgl.net.NetService
10:23:19.043 [FXGL Background Thread 3 ] DEBUG Engine               - class com.almasb.fxgl.app.services.UpdaterService
10:23:19.043 [FXGL Background Thread 3 ] DEBUG Engine               - class com.almasb.fxgl.dev.DevService
10:23:19.146 [JavaFX Application Thread] DEBUG Menu                 - fireNewGame()
10:23:19.146 [JavaFX Application Thread] DEBUG GameApplicationServi - Starting new game
10:23:19.146 [JavaFX Application Thread] DEBUG PrimaryStageWindow   - Pop state: PlatformerMainMenu
10:23:19.146 [JavaFX Application Thread] DEBUG Input                - Clearing active input actions
10:23:19.147 [JavaFX Application Thread] DEBUG GameApplicationServi - Removing overlay from PlatformerMainMenu and adding to FXGLMainMenuDummyScene
10:23:19.152 [JavaFX Application Thread] DEBUG PrimaryStageWindow   - FXGLMainMenuDummyScene <- PlatformerMainMenu
10:23:19.152 [JavaFX Application Thread] DEBUG Input                - Clearing active input actions
10:23:19.162 [JavaFX Application Thread] DEBUG GameApplicationServi - Removing overlay from FXGLMainMenuDummyScene and adding to FXGLLoadingScene
10:23:19.164 [JavaFX Application Thread] DEBUG PrimaryStageWindow   - FXGLMainMenuDummyScene -> FXGLLoadingScene
10:23:19.164 [JavaFX Application Thread] DEBUG GameApplicationServi - Clearing previous game
10:23:19.165 [JavaFX Application Thread] DEBUG GameScene            - Clearing game scene
10:23:19.165 [JavaFX Application Thread] DEBUG GameWorld            - Clearing game world
10:23:19.165 [JavaFX Application Thread] DEBUG PhysicsWorld         - Clearing physics world
10:23:19.167 [FXGL Background Thread 2 ] DEBUG FXGLApplication      - Initializing game
10:23:19.243 [FXGL Background Thread 2 ] WARN  TMXLevelLoader       - TiledMap generated from 1.8.4. Supported version: 1.4.2. Some features may not be parsed fully.
10:23:19.300 [FXGL Background Thread 2 ] DEBUG TMXLevelLoader       - Parsed TiledMap: file:/C:/Users/HP/git/giocoInformatica3/bin/assets/levels/tmx/level1.tmx
10:23:19.303 [FXGL Background Thread 2 ] DEBUG TMXLevelLoader       - Creating tile layer entities
10:23:19.306 [FXGL Background Thread 2 ] DEBUG TilesetLoader        - Loading view for layer Terreno
10:23:19.347 [FXGL Background Thread 2 ] DEBUG TilesetLoader        - Created buffer with size 4900.0x5600.0
10:23:19.365 [FXGL Background Thread 2 ] DEBUG TilesetLoader        - Loading view for layer Decorazioni
10:23:19.408 [FXGL Background Thread 2 ] DEBUG TilesetLoader        - Created buffer with size 4900.0x5600.0
10:23:19.422 [FXGL Background Thread 2 ] DEBUG TilesetLoader        - Loading view for layer Piattaforme
10:23:19.459 [FXGL Background Thread 2 ] DEBUG TilesetLoader        - Created buffer with size 4900.0x5600.0
10:23:19.466 [FXGL Background Thread 2 ] DEBUG TilesetLoader        - Loading view for layer Spine
10:23:19.504 [FXGL Background Thread 2 ] DEBUG TilesetLoader        - Created buffer with size 4900.0x5600.0
10:23:19.508 [FXGL Background Thread 2 ] DEBUG TMXLevelLoader       - Creating object layer entities
10:23:19.544 [FXGL Background Thread 2 ] DEBUG FXGLAssetLoaderServi - Loading from file system: file:/C:/Users/HP/git/giocoInformatica3/bin/assets/textures/box.png
10:23:19.584 [FXGL Background Thread 2 ] DEBUG FXGLAssetLoaderServi - Loading from file system: file:/C:/Users/HP/git/giocoInformatica3/bin/assets/textures/enemies/Skeleton/Idle.png
10:23:19.588 [FXGL Background Thread 2 ] DEBUG FXGLAssetLoaderServi - Loading from file system: file:/C:/Users/HP/git/giocoInformatica3/bin/assets/textures/enemies/Skeleton/Walk.png
10:23:19.593 [FXGL Background Thread 2 ] DEBUG FXGLAssetLoaderServi - Loading from file system: file:/C:/Users/HP/git/giocoInformatica3/bin/assets/textures/enemies/Skeleton/Attack.png
10:23:19.618 [FXGL Background Thread 2 ] DEBUG FXGLAssetLoaderServi - Loading from file system: file:/C:/Users/HP/git/giocoInformatica3/bin/assets/textures/bonfire.png
10:23:19.619 [FXGL Background Thread 2 ] DEBUG FXGLAssetLoaderServi - Loading from file system: file:/C:/Users/HP/git/giocoInformatica3/bin/assets/textures/bonfire_animation.png
10:23:19.623 [FXGL Background Thread 2 ] DEBUG GameWorld            - Clearing removable entities
10:23:19.623 [FXGL Background Thread 2 ] DEBUG GameWorld            - Setting level: com.almasb.fxgl.entity.level.Level@2a32dba2
10:23:19.648 [FXGL Background Thread 2 ] DEBUG FXGLAssetLoaderServi - Loading from file system: file:/C:/Users/HP/git/giocoInformatica3/bin/assets/textures/health/empty_health.png
10:23:19.649 [FXGL Background Thread 2 ] DEBUG FXGLAssetLoaderServi - Loading from file system: file:/C:/Users/HP/git/giocoInformatica3/bin/assets/textures/health/half_health.png
10:23:19.650 [FXGL Background Thread 2 ] DEBUG FXGLAssetLoaderServi - Loading from file system: file:/C:/Users/HP/git/giocoInformatica3/bin/assets/textures/health/full_health.png
10:23:19.654 [FXGL Background Thread 2 ] DEBUG FXGLAssetLoaderServi - Loading from file system: file:/C:/Users/HP/git/giocoInformatica3/bin/assets/textures/player/_Idle.png
10:23:19.660 [FXGL Background Thread 2 ] DEBUG FXGLAssetLoaderServi - Loading from file system: file:/C:/Users/HP/git/giocoInformatica3/bin/assets/textures/player/_Run.png
10:23:19.663 [FXGL Background Thread 2 ] DEBUG FXGLAssetLoaderServi - Loading from file system: file:/C:/Users/HP/git/giocoInformatica3/bin/assets/textures/player/_Jump.png
10:23:19.665 [FXGL Background Thread 2 ] DEBUG FXGLAssetLoaderServi - Loading from file system: file:/C:/Users/HP/git/giocoInformatica3/bin/assets/textures/player/_Fall.png
10:23:19.667 [FXGL Background Thread 2 ] DEBUG FXGLAssetLoaderServi - Loading from file system: file:/C:/Users/HP/git/giocoInformatica3/bin/assets/textures/player/_WallSlide.png
10:23:19.669 [FXGL Background Thread 2 ] DEBUG FXGLAssetLoaderServi - Loading from file system: file:/C:/Users/HP/git/giocoInformatica3/bin/assets/textures/player/_Attack.png
10:23:19.674 [FXGL Background Thread 2 ] DEBUG FXGLAssetLoaderServi - Loading from file system: file:/C:/Users/HP/git/giocoInformatica3/bin/assets/textures/background/forest.png
10:23:19.703 [FXGL Background Thread 2 ] DEBUG FXGLAssetLoaderServi - Loading from file system: file:/C:/Users/HP/git/giocoInformatica3/bin/assets/textures/background/Sfondo_castello.png
10:23:19.941 [FXGL Background Thread 2 ] INFO  FXGLApplication      - Game initialization took: 0,773 sec
10:23:19.943 [JavaFX Application Thread] DEBUG Input                - Clearing active input actions
10:23:19.952 [JavaFX Application Thread] DEBUG GameApplicationServi - Removing overlay from FXGLLoadingScene and adding to GameScene
10:23:19.955 [JavaFX Application Thread] DEBUG PrimaryStageWindow   - FXGLLoadingScene -> GameScene
10:23:34.776 [JavaFX Application Thread] DEBUG FXGLApplication      - Exiting FXGL
10:23:34.776 [JavaFX Application Thread] DEBUG LoopRunner           - Stopping loop
10:23:34.776 [JavaFX Application Thread] DEBUG SystemBundleService  - Saving FXGL system data
10:23:34.779 [JavaFX Application Thread] DEBUG FileSystemAccess     - Writing to: C:\Users\HP\git\giocoInformatica3\system\fxgl.bundle
10:23:34.781 [JavaFX Application Thread] DEBUG Async                - Shutting down background threads
10:23:34.781 [JavaFX Application Thread] DEBUG PrimaryStageWindow   - Closing main window
10:23:34.790 [JavaFX Application Thread] DEBUG Logger               - Closing Logger
