12:03:00.991 [main                     ] DEBUG Logger               - Configured Logger
12:03:01.020 [main                     ] DEBUG GameApplication      - Logging settings
Title: platformer
Version: 0.0
Width: 1920
Height: 1080
Fullscreen: false
Intro: false
Profiling: false
Single step:false
App Mode: DEVELOPER
Menu Key: ESCAPE
Stage Style: DECORATED
Scene Factory: class game.PlatformerApp$1

12:03:01.325 [JavaFX Application Thread] DEBUG FXGLApplication      - Initializing FXGL
12:03:01.330 [JavaFX Application Thread] INFO  Engine               - FXGL-17.1 (24.03.2022 17.39) on WINDOWS (J:17.0.2 FX:18)
12:03:01.330 [JavaFX Application Thread] DEBUG Engine               - JRE Vendor Name: Eclipse Adoptium
12:03:01.331 [JavaFX Application Thread] DEBUG Engine               - Running on OS: Windows 11 version 10.0
12:03:01.331 [JavaFX Application Thread] DEBUG Engine               - Architecture: amd64
12:03:01.331 [JavaFX Application Thread] INFO  Engine               - Source code and latest versions at: https://github.com/AlmasB/FXGL
12:03:01.331 [JavaFX Application Thread] INFO  Engine               -       Ask questions and discuss at: https://github.com/AlmasB/FXGL/discussions
12:03:01.331 [JavaFX Application Thread] INFO  Engine               -              Join the FXGL chat at: https://gitter.im/AlmasB/FXGL
12:03:01.409 [JavaFX Application Thread] DEBUG PrimaryStageWindow   - Creating a JavaFX scene
12:03:01.409 [JavaFX Application Thread] DEBUG PrimaryStageWindow   - Target size > screen size
12:03:01.439 [JavaFX Application Thread] DEBUG PrimaryStageWindow   - Target settings size: 1920.0 x 1080.0
12:03:01.439 [JavaFX Application Thread] DEBUG PrimaryStageWindow   - Scaled scene size:    1809.0 x 1031.0
12:03:01.439 [JavaFX Application Thread] DEBUG PrimaryStageWindow   - Scaled ratio: (0.9421875, 0.9546296296296296)
12:03:01.440 [JavaFX Application Thread] DEBUG PrimaryStageWindow   - Set initial scene to FXGLStartupScene
12:03:01.446 [JavaFX Application Thread] DEBUG PrimaryStageWindow   - Opening main window
12:03:01.524 [JavaFX Application Thread] DEBUG PrimaryStageWindow   - Window border size: (16.0, 39.0)
12:03:01.524 [JavaFX Application Thread] DEBUG PrimaryStageWindow   - Scaled size: 1809.0 x 1031.0
12:03:01.524 [JavaFX Application Thread] DEBUG PrimaryStageWindow   - Scaled ratio: (0.9421875, 0.9546296296296296)
12:03:01.524 [JavaFX Application Thread] DEBUG PrimaryStageWindow   - Scene size: 1809.0 x 1031.0
12:03:01.525 [JavaFX Application Thread] DEBUG PrimaryStageWindow   - Stage size: 1825.0 x 1070.0
12:03:01.534 [FXGL Background Thread 1 ] DEBUG Engine               - Initializing environment variables
12:03:01.586 [FXGL Background Thread 1 ] DEBUG FXGLAssetLoaderServi - User app class for loading assets: class game.PlatformerApp
12:03:01.586 [FXGL Background Thread 1 ] DEBUG GameApplicationServi - Applying CSS: fxgl_dark.css
12:03:01.587 [FXGL Background Thread 1 ] DEBUG FXGLAssetLoaderServi - Loading from file system: jar:file:/D:/Lucca/Java-lib/fxgl/fxgl-17.1-uber.jar!/fxglassets/ui/css/fxgl_dark.css
12:03:01.622 [FXGL Background Thread 1 ] DEBUG GameApplicationServi - Initializing application scenes
12:03:01.679 [FXGL Background Thread 1 ] DEBUG GameWorld            - Game world initialized
12:03:01.716 [FXGL Background Thread 1 ] DEBUG PhysicsWorld         - Physics world initialized: appHeight=1080, physics.ppm=50,0
12:03:01.717 [FXGL Background Thread 1 ] DEBUG PhysicsWorld         - Using strategy: BRUTE_FORCE
12:03:01.719 [FXGL Background Thread 1 ] DEBUG GameScene            - Game scene initialized: 1920x1080
12:03:01.776 [FXGL Background Thread 1 ] DEBUG GameApplicationServi - Application scenes initialized
12:03:01.789 [FXGL Background Thread 1 ] DEBUG SystemBundleService  - Loading FXGL system data
12:03:01.794 [FXGL Background Thread 1 ] DEBUG FileSystemAccess     - Reading from: C:\Users\lucca\git\giocoInformatica1\system\fxgl.bundle
12:03:01.800 [FXGL Background Thread 1 ] DEBUG SystemBundleService  - Bundle FXGL: {}
12:03:01.800 [FXGL Background Thread 1 ] DEBUG UpdaterService       - Checking for updates
12:03:01.836 [FXGL Background Thread 1 ] DEBUG FXGLApplication      - Loading default localization
12:03:01.836 [FXGL Background Thread 4 ] DEBUG FXGLApplication      - Loading fonts
12:03:01.837 [FXGL Background Thread 1 ] DEBUG FXGLAssetLoaderServi - Loading from file system: jar:file:/D:/Lucca/Java-lib/fxgl/fxgl-17.1-uber.jar!/fxglassets/languages/english.lang
12:03:01.840 [FXGL Background Thread 4 ] DEBUG FXGLAssetLoaderServi - Loading from file system: jar:file:/D:/Lucca/Java-lib/fxgl/fxgl-17.1-uber.jar!/fxglassets/ui/fonts/VarelaRound-Regular.ttf
12:03:01.856 [FXGL Background Thread 1 ] INFO  FXGLApplication      - FXGL initialization took: 0,323 sec
12:03:01.867 [JavaFX Application Thread] DEBUG Input                - Registered new binding: Left - A
12:03:01.868 [JavaFX Application Thread] DEBUG Input                - Registered new binding: Right - D
12:03:01.868 [JavaFX Application Thread] DEBUG Input                - Registered new binding: Jump - Space
12:03:01.868 [JavaFX Application Thread] DEBUG Input                - Registered new binding: Attack - F
12:03:01.868 [JavaFX Application Thread] DEBUG FXGLAssetLoaderServi - Loading from file system: file:/C:/Users/lucca/git/giocoInformatica1/bin/assets/music/BGM_dash_runner.wav
12:03:01.941 [FXGL Background Thread 4 ] DEBUG FXGLAssetLoaderServi - Loading from file system: jar:file:/D:/Lucca/Java-lib/fxgl/fxgl-17.1-uber.jar!/fxglassets/ui/fonts/Abel-Regular.ttf
12:03:01.948 [FXGL Background Thread 4 ] DEBUG FXGLAssetLoaderServi - Loading from file system: jar:file:/D:/Lucca/Java-lib/fxgl/fxgl-17.1-uber.jar!/fxglassets/ui/fonts/TerminalLandMono-Regular.otf
12:03:01.956 [FXGL Background Thread 4 ] DEBUG FXGLAssetLoaderServi - Loading from file system: jar:file:/D:/Lucca/Java-lib/fxgl/fxgl-17.1-uber.jar!/fxglassets/ui/fonts/Courier-Prime.ttf
12:03:02.017 [JavaFX Application Thread] DEBUG AudioPlayer          - Playing music com.almasb.fxgl.audio.Music@51a577c2
12:03:02.017 [JavaFX Application Thread] DEBUG FXGLAssetLoaderServi - Loading from file system: jar:file:/D:/Lucca/Java-lib/fxgl/fxgl-17.1-uber.jar!/fxglassets/textures/fxgl_icon.png
12:03:02.048 [JavaFX Application Thread] DEBUG FXGLAssetLoaderServi - Loading from file system: jar:file:/D:/Lucca/Java-lib/fxgl/fxgl-17.1-uber.jar!/fxglassets/textures/fxgl_default_cursor.png
12:03:02.051 [JavaFX Application Thread] DEBUG Input                - Registered new binding: Screenshot - CTRL+8
12:03:02.051 [JavaFX Application Thread] DEBUG Input                - Registered new binding: Dev Options - 1
12:03:02.052 [JavaFX Application Thread] DEBUG Input                - Registered new binding: Dev Console - 2
12:03:02.052 [JavaFX Application Thread] DEBUG Input                - Registered new binding: System info dump - CTRL+9
12:03:02.052 [JavaFX Application Thread] DEBUG Input                - Registered new binding: Restart - CTRL+R
12:03:02.053 [JavaFX Application Thread] DEBUG Input                - Registered new binding: Toggle Debug Camera - CTRL+7
12:03:02.057 [JavaFX Application Thread] DEBUG LoopRunner           - Starting loop
12:03:02.071 [JavaFX Application Thread] DEBUG LoopRunner           - Initializing JavaFX AnimationTimerLoop
12:03:02.075 [JavaFX Application Thread] DEBUG Input                - Clearing active input actions
12:03:02.081 [JavaFX Application Thread] DEBUG GameApplicationServi - Removing overlay from FXGLStartupScene and adding to FXGLMainMenuDummyScene
12:03:02.085 [JavaFX Application Thread] DEBUG PrimaryStageWindow   - FXGLStartupScene -> FXGLMainMenuDummyScene
12:03:02.086 [JavaFX Application Thread] DEBUG PrimaryStageWindow   - Push state: PlatformerMainMenu
12:03:02.087 [JavaFX Application Thread] DEBUG Input                - Clearing active input actions
12:03:02.090 [JavaFX Application Thread] DEBUG GameApplicationServi - Removing overlay from FXGLMainMenuDummyScene and adding to PlatformerMainMenu
12:03:02.091 [JavaFX Application Thread] DEBUG PrimaryStageWindow   - FXGLMainMenuDummyScene -> PlatformerMainMenu
12:03:02.096 [JavaFX Application Thread] DEBUG FXGLApplication      - Registering font factories with UI factory
12:03:03.186 [JavaFX Application Thread] DEBUG Menu                 - fireNewGame()
12:03:03.186 [JavaFX Application Thread] DEBUG GameApplicationServi - Starting new game
12:03:03.186 [JavaFX Application Thread] DEBUG PrimaryStageWindow   - Pop state: PlatformerMainMenu
12:03:03.186 [JavaFX Application Thread] DEBUG Input                - Clearing active input actions
12:03:03.187 [JavaFX Application Thread] DEBUG GameApplicationServi - Removing overlay from PlatformerMainMenu and adding to FXGLMainMenuDummyScene
12:03:03.189 [JavaFX Application Thread] DEBUG PrimaryStageWindow   - FXGLMainMenuDummyScene <- PlatformerMainMenu
12:03:03.189 [JavaFX Application Thread] DEBUG Input                - Clearing active input actions
12:03:03.195 [JavaFX Application Thread] DEBUG GameApplicationServi - Removing overlay from FXGLMainMenuDummyScene and adding to FXGLLoadingScene
12:03:03.195 [JavaFX Application Thread] DEBUG PrimaryStageWindow   - FXGLMainMenuDummyScene -> FXGLLoadingScene
12:03:03.195 [JavaFX Application Thread] DEBUG GameApplicationServi - Clearing previous game
12:03:03.196 [JavaFX Application Thread] DEBUG GameScene            - Clearing game scene
12:03:03.196 [JavaFX Application Thread] DEBUG GameWorld            - Clearing game world
12:03:03.196 [JavaFX Application Thread] DEBUG PhysicsWorld         - Clearing physics world
12:03:03.198 [FXGL Background Thread 4 ] DEBUG FXGLApplication      - Initializing game
12:03:03.283 [FXGL Background Thread 4 ] WARN  TMXLevelLoader       - TiledMap generated from 1.8.4. Supported version: 1.4.2. Some features may not be parsed fully.
12:03:03.312 [FXGL Background Thread 4 ] DEBUG TMXLevelLoader       - Parsed TiledMap: file:/C:/Users/lucca/git/giocoInformatica1/bin/assets/levels/tmx/level1.tmx
12:03:03.314 [FXGL Background Thread 4 ] DEBUG TMXLevelLoader       - Creating tile layer entities
12:03:03.316 [FXGL Background Thread 4 ] DEBUG TilesetLoader        - Loading view for layer Terreno
12:03:03.372 [FXGL Background Thread 4 ] DEBUG TilesetLoader        - Created buffer with size 4900.0x5600.0
12:03:03.408 [FXGL Background Thread 4 ] DEBUG TilesetLoader        - Loading view for layer Decorazioni
12:03:03.465 [FXGL Background Thread 4 ] DEBUG TilesetLoader        - Created buffer with size 4900.0x5600.0
12:03:03.474 [FXGL Background Thread 4 ] DEBUG TilesetLoader        - Loading view for layer Piattaforme
12:03:03.520 [FXGL Background Thread 4 ] DEBUG TilesetLoader        - Created buffer with size 4900.0x5600.0
12:03:03.522 [FXGL Background Thread 4 ] DEBUG TilesetLoader        - Loading view for layer Spine
12:03:03.568 [FXGL Background Thread 4 ] DEBUG TilesetLoader        - Created buffer with size 4900.0x5600.0
12:03:03.570 [FXGL Background Thread 4 ] DEBUG TMXLevelLoader       - Creating object layer entities
12:03:03.596 [FXGL Background Thread 4 ] DEBUG FXGLAssetLoaderServi - Loading from file system: file:/C:/Users/lucca/git/giocoInformatica1/bin/assets/textures/box.png
12:03:03.630 [FXGL Background Thread 4 ] DEBUG FXGLAssetLoaderServi - Loading from file system: file:/C:/Users/lucca/git/giocoInformatica1/bin/assets/textures/enemies/Skeleton/Idle.png
12:03:03.631 [FXGL Background Thread 4 ] DEBUG FXGLAssetLoaderServi - Loading from file system: file:/C:/Users/lucca/git/giocoInformatica1/bin/assets/textures/enemies/Skeleton/Walk.png
12:03:03.631 [FXGL Background Thread 4 ] DEBUG FXGLAssetLoaderServi - Loading from file system: file:/C:/Users/lucca/git/giocoInformatica1/bin/assets/textures/enemies/Skeleton/Attack.png
12:03:03.650 [FXGL Background Thread 4 ] DEBUG FXGLAssetLoaderServi - Loading from file system: file:/C:/Users/lucca/git/giocoInformatica1/bin/assets/textures/bonfire.png
12:03:03.651 [FXGL Background Thread 4 ] DEBUG FXGLAssetLoaderServi - Loading from file system: file:/C:/Users/lucca/git/giocoInformatica1/bin/assets/textures/bonfire_animation.png
12:03:03.653 [FXGL Background Thread 4 ] DEBUG GameWorld            - Clearing removable entities
12:03:03.653 [FXGL Background Thread 4 ] DEBUG GameWorld            - Setting level: com.almasb.fxgl.entity.level.Level@57f470ac
12:03:03.667 [FXGL Background Thread 4 ] DEBUG FXGLAssetLoaderServi - Loading from file system: file:/C:/Users/lucca/git/giocoInformatica1/bin/assets/textures/health/empty_health.png
12:03:03.668 [FXGL Background Thread 4 ] DEBUG FXGLAssetLoaderServi - Loading from file system: file:/C:/Users/lucca/git/giocoInformatica1/bin/assets/textures/health/half_health.png
12:03:03.668 [FXGL Background Thread 4 ] DEBUG FXGLAssetLoaderServi - Loading from file system: file:/C:/Users/lucca/git/giocoInformatica1/bin/assets/textures/health/full_health.png
12:03:03.672 [FXGL Background Thread 4 ] DEBUG FXGLAssetLoaderServi - Loading from file system: file:/C:/Users/lucca/git/giocoInformatica1/bin/assets/textures/player/_Idle.png
12:03:03.674 [FXGL Background Thread 4 ] DEBUG FXGLAssetLoaderServi - Loading from file system: file:/C:/Users/lucca/git/giocoInformatica1/bin/assets/textures/player/_Run.png
12:03:03.675 [FXGL Background Thread 4 ] DEBUG FXGLAssetLoaderServi - Loading from file system: file:/C:/Users/lucca/git/giocoInformatica1/bin/assets/textures/player/_Jump.png
12:03:03.677 [FXGL Background Thread 4 ] DEBUG FXGLAssetLoaderServi - Loading from file system: file:/C:/Users/lucca/git/giocoInformatica1/bin/assets/textures/player/_Fall.png
12:03:03.678 [FXGL Background Thread 4 ] DEBUG FXGLAssetLoaderServi - Loading from file system: file:/C:/Users/lucca/git/giocoInformatica1/bin/assets/textures/player/_WallSlide.png
12:03:03.680 [FXGL Background Thread 4 ] DEBUG FXGLAssetLoaderServi - Loading from file system: file:/C:/Users/lucca/git/giocoInformatica1/bin/assets/textures/player/_Attack.png
12:03:03.681 [FXGL Background Thread 4 ] DEBUG FXGLAssetLoaderServi - Loading from file system: file:/C:/Users/lucca/git/giocoInformatica1/bin/assets/textures/player/_TurnAround.png
12:03:03.681 [FXGL Background Thread 4 ] DEBUG FXGLAssetLoaderServi - Loading from file system: file:/C:/Users/lucca/git/giocoInformatica1/bin/assets/textures/player/_Hit.png
12:03:03.685 [FXGL Background Thread 4 ] DEBUG FXGLAssetLoaderServi - Loading from file system: file:/C:/Users/lucca/git/giocoInformatica1/bin/assets/textures/background/forest.png
12:03:03.697 [FXGL Background Thread 4 ] DEBUG FXGLAssetLoaderServi - Loading from file system: file:/C:/Users/lucca/git/giocoInformatica1/bin/assets/textures/background/Sfondo_castello.png
12:03:03.859 [FXGL Background Thread 4 ] INFO  FXGLApplication      - Game initialization took: 0,660 sec
12:03:03.859 [JavaFX Application Thread] DEBUG Input                - Clearing active input actions
12:03:03.865 [JavaFX Application Thread] DEBUG GameApplicationServi - Removing overlay from FXGLLoadingScene and adding to GameScene
12:03:03.868 [JavaFX Application Thread] DEBUG PrimaryStageWindow   - FXGLLoadingScene -> GameScene
12:03:04.834 [FXGL Background Thread 3 ] DEBUG Engine               - Logging environment variables
12:03:04.834 [FXGL Background Thread 3 ] DEBUG Engine               - achievements: []
12:03:04.834 [FXGL Background Thread 3 ] DEBUG Engine               - actualHeight: 1031.0
12:03:04.834 [FXGL Background Thread 3 ] DEBUG Engine               - actualHeightProperty: ReadOnlyDoubleProperty [value: 1031.0]
12:03:04.834 [FXGL Background Thread 3 ] DEBUG Engine               - actualWidth: 1809.0
12:03:04.835 [FXGL Background Thread 3 ] DEBUG Engine               - actualWidthProperty: ReadOnlyDoubleProperty [value: 1809.0]
12:03:04.835 [FXGL Background Thread 3 ] DEBUG Engine               - appIcon: fxgl_icon.png
12:03:04.835 [FXGL Background Thread 3 ] DEBUG Engine               - applicationMode: DEVELOPER
12:03:04.835 [FXGL Background Thread 3 ] DEBUG Engine               - cSSList: [fxgl_dark.css]
12:03:04.835 [FXGL Background Thread 3 ] DEBUG Engine               - collisionDetectionStrategy: BRUTE_FORCE
12:03:04.835 [FXGL Background Thread 3 ] DEBUG Engine               - configClass: Optional.empty
12:03:04.835 [FXGL Background Thread 3 ] DEBUG Engine               - credits: []
12:03:04.837 [FXGL Background Thread 3 ] DEBUG Engine               - defaultCursor: CursorInfo(imageName=fxgl_default_cursor.png, hotspotX=7.0, hotspotY=6.0)
12:03:04.837 [FXGL Background Thread 3 ] DEBUG Engine               - devBBoxColorProperty: ObjectProperty [value: 0xff0000ff]
12:03:04.837 [FXGL Background Thread 3 ] DEBUG Engine               - devEnableDebugCameraProperty: BooleanProperty [value: false]
12:03:04.837 [FXGL Background Thread 3 ] DEBUG Engine               - devSensorColorProperty: ObjectProperty [value: 0xffff00ff]
12:03:04.837 [FXGL Background Thread 3 ] DEBUG Engine               - devShowBBoxProperty: BooleanProperty [value: false]
12:03:04.838 [FXGL Background Thread 3 ] DEBUG Engine               - devShowPositionProperty: BooleanProperty [value: false]
12:03:04.838 [FXGL Background Thread 3 ] DEBUG Engine               - enabledMenuItems: []
12:03:04.838 [FXGL Background Thread 3 ] DEBUG Engine               - engineServices: [class com.almasb.fxgl.app.services.FXGLAssetLoaderService, class com.almasb.fxgl.app.FXGLApplication$GameApplicationService, class com.almasb.fxgl.app.services.FXGLDialogService, class com.almasb.fxgl.app.services.IOTaskExecutorService, class com.almasb.fxgl.io.FileSystemService, class com.almasb.fxgl.localization.LocalizationService, class com.almasb.fxgl.app.services.SystemBundleService, class com.almasb.fxgl.profile.SaveLoadService, class com.almasb.fxgl.ui.FXGLUIFactoryServiceProvider, class com.almasb.fxgl.ui.FXGLDialogFactoryServiceProvider, class com.almasb.fxgl.audio.AudioPlayer, class com.almasb.fxgl.notification.impl.NotificationServiceProvider, class com.almasb.fxgl.achievement.AchievementService, class com.almasb.fxgl.cutscene.CutsceneService, class com.almasb.fxgl.minigames.MiniGameService, class com.almasb.fxgl.net.NetService, class com.almasb.fxgl.app.services.UpdaterService, class com.almasb.fxgl.dev.DevService]
12:03:04.838 [FXGL Background Thread 3 ] DEBUG Engine               - fontGame: Abel-Regular.ttf
12:03:04.838 [FXGL Background Thread 3 ] DEBUG Engine               - fontMono: TerminalLandMono-Regular.otf
12:03:04.838 [FXGL Background Thread 3 ] DEBUG Engine               - fontText: Courier-Prime.ttf
12:03:04.838 [FXGL Background Thread 3 ] DEBUG Engine               - fontUI: VarelaRound-Regular.ttf
12:03:04.838 [FXGL Background Thread 3 ] DEBUG Engine               - fullScreen: BooleanProperty [value: false]
12:03:04.838 [FXGL Background Thread 3 ] DEBUG Engine               - gameDifficulty: MEDIUM
12:03:04.838 [FXGL Background Thread 3 ] DEBUG Engine               - gameDifficultyProperty: ObjectProperty [value: MEDIUM]
12:03:04.839 [FXGL Background Thread 3 ] DEBUG Engine               - globalMusicVolume: 0.5
12:03:04.840 [FXGL Background Thread 3 ] DEBUG Engine               - globalMusicVolumeProperty: DoubleProperty [value: 0.0]
12:03:04.840 [FXGL Background Thread 3 ] DEBUG Engine               - globalSoundVolume: 0.5
12:03:04.840 [FXGL Background Thread 3 ] DEBUG Engine               - globalSoundVolumeProperty: DoubleProperty [value: 0.5]
12:03:04.840 [FXGL Background Thread 3 ] DEBUG Engine               - height: 1080
12:03:04.840 [FXGL Background Thread 3 ] DEBUG Engine               - is3D: false
12:03:04.840 [FXGL Background Thread 3 ] DEBUG Engine               - isAndroid: false
12:03:04.840 [FXGL Background Thread 3 ] DEBUG Engine               - isBrowser: false
12:03:04.840 [FXGL Background Thread 3 ] DEBUG Engine               - isClickFeedbackEnabled: false
12:03:04.840 [FXGL Background Thread 3 ] DEBUG Engine               - isCloseConfirmation: false
12:03:04.840 [FXGL Background Thread 3 ] DEBUG Engine               - isDesktop: true
12:03:04.840 [FXGL Background Thread 3 ] DEBUG Engine               - isDeveloperMenuEnabled: true
12:03:04.840 [FXGL Background Thread 3 ] DEBUG Engine               - isEmbedded: false
12:03:04.840 [FXGL Background Thread 3 ] DEBUG Engine               - isEntityPreloadEnabled: true
12:03:04.840 [FXGL Background Thread 3 ] DEBUG Engine               - isExperimentalTiledLargeMap: false
12:03:04.840 [FXGL Background Thread 3 ] DEBUG Engine               - isFileSystemWriteAllowed: true
12:03:04.840 [FXGL Background Thread 3 ] DEBUG Engine               - isFullScreenAllowed: false
12:03:04.840 [FXGL Background Thread 3 ] DEBUG Engine               - isFullScreenFromStart: false
12:03:04.840 [FXGL Background Thread 3 ] DEBUG Engine               - isGameMenuEnabled: true
12:03:04.840 [FXGL Background Thread 3 ] DEBUG Engine               - isIOS: false
12:03:04.840 [FXGL Background Thread 3 ] DEBUG Engine               - isIntroEnabled: false
12:03:04.840 [FXGL Background Thread 3 ] DEBUG Engine               - isLinux: false
12:03:04.840 [FXGL Background Thread 3 ] DEBUG Engine               - isMac: false
12:03:04.840 [FXGL Background Thread 3 ] DEBUG Engine               - isMainMenuEnabled: true
12:03:04.840 [FXGL Background Thread 3 ] DEBUG Engine               - isManualResizeEnabled: false
12:03:04.840 [FXGL Background Thread 3 ] DEBUG Engine               - isMobile: false
12:03:04.840 [FXGL Background Thread 3 ] DEBUG Engine               - isNative: false
12:03:04.840 [FXGL Background Thread 3 ] DEBUG Engine               - isPauseMusicWhenMinimized: true
12:03:04.841 [FXGL Background Thread 3 ] DEBUG Engine               - isPreserveResizeRatio: false
12:03:04.841 [FXGL Background Thread 3 ] DEBUG Engine               - isProfilingEnabled: false
12:03:04.841 [FXGL Background Thread 3 ] DEBUG Engine               - isScaleAffectedOnResize: true
12:03:04.841 [FXGL Background Thread 3 ] DEBUG Engine               - isSingleStep: false
12:03:04.841 [FXGL Background Thread 3 ] DEBUG Engine               - isUserProfileEnabled: false
12:03:04.841 [FXGL Background Thread 3 ] DEBUG Engine               - isWindows: true
12:03:04.841 [FXGL Background Thread 3 ] DEBUG Engine               - language: ObjectProperty [value: ENGLISH]
12:03:04.841 [FXGL Background Thread 3 ] DEBUG Engine               - menuKey: ESCAPE
12:03:04.841 [FXGL Background Thread 3 ] DEBUG Engine               - mouseSensitivity: 0.2
12:03:04.841 [FXGL Background Thread 3 ] DEBUG Engine               - notificationViewClass: class com.almasb.fxgl.notification.view.XboxNotificationView
12:03:04.841 [FXGL Background Thread 3 ] DEBUG Engine               - pixelsPerMeter: 50.0
12:03:04.841 [FXGL Background Thread 3 ] DEBUG Engine               - platform: WINDOWS
12:03:04.843 [FXGL Background Thread 3 ] DEBUG Engine               - prefHeightProperty: ReadOnlyDoubleProperty [value: 1080.0]
12:03:04.843 [FXGL Background Thread 3 ] DEBUG Engine               - prefWidthProperty: ReadOnlyDoubleProperty [value: 1920.0]
12:03:04.843 [FXGL Background Thread 3 ] DEBUG Engine               - profileDir: profiles/
12:03:04.843 [FXGL Background Thread 3 ] DEBUG Engine               - profileName: StringProperty [value: DEFAULT]
12:03:04.843 [FXGL Background Thread 3 ] DEBUG Engine               - randomSeed: -1
12:03:04.843 [FXGL Background Thread 3 ] DEBUG Engine               - runtimeInfo: RuntimeInfo(platform=WINDOWS, version=17.1, build=24.03.2022 17.39)
12:03:04.843 [FXGL Background Thread 3 ] DEBUG Engine               - saveFileExt: sav
12:03:04.843 [FXGL Background Thread 3 ] DEBUG Engine               - scaledHeightProp$fxgl: DoubleProperty [bound, value: 1031.0]
12:03:04.843 [FXGL Background Thread 3 ] DEBUG Engine               - scaledWidthProp$fxgl: DoubleProperty [bound, value: 1809.0]
12:03:04.843 [FXGL Background Thread 3 ] DEBUG Engine               - sceneFactory: game.PlatformerApp$1@18a9bf4b
12:03:04.843 [FXGL Background Thread 3 ] DEBUG Engine               - secondsIn24h: 60
12:03:04.843 [FXGL Background Thread 3 ] DEBUG Engine               - soundMenuBack: menu/back.wav
12:03:04.843 [FXGL Background Thread 3 ] DEBUG Engine               - soundMenuPress: menu/press.wav
12:03:04.843 [FXGL Background Thread 3 ] DEBUG Engine               - soundMenuSelect: menu/select.wav
12:03:04.843 [FXGL Background Thread 3 ] DEBUG Engine               - soundNotification: core/notification.wav
12:03:04.843 [FXGL Background Thread 3 ] DEBUG Engine               - stageStyle: DECORATED
12:03:04.843 [FXGL Background Thread 3 ] DEBUG Engine               - supportedLanguages: [ENGLISH, FRENCH, GERMAN, HUNGARIAN, RUSSIAN]
12:03:04.843 [FXGL Background Thread 3 ] DEBUG Engine               - ticksPerSecond: -1
12:03:04.843 [FXGL Background Thread 3 ] DEBUG Engine               - title: platformer
12:03:04.843 [FXGL Background Thread 3 ] DEBUG Engine               - urlGithub: https://github.com/AlmasB/FXGL
12:03:04.843 [FXGL Background Thread 3 ] DEBUG Engine               - urlLeaderboard: http://fxgl-top.herokuapp.com/
12:03:04.843 [FXGL Background Thread 3 ] DEBUG Engine               - urlPOM: https://raw.githubusercontent.com/AlmasB/FXGL/release/README.md
12:03:04.843 [FXGL Background Thread 3 ] DEBUG Engine               - userAppClass: class game.PlatformerApp
12:03:04.843 [FXGL Background Thread 3 ] DEBUG Engine               - version: 0.0
12:03:04.844 [FXGL Background Thread 3 ] DEBUG Engine               - versionCheckDays: 7
12:03:04.844 [FXGL Background Thread 3 ] DEBUG Engine               - width: 1920
12:03:04.844 [FXGL Background Thread 3 ] DEBUG Engine               - Logging services
12:03:04.844 [FXGL Background Thread 3 ] DEBUG Engine               - class com.almasb.fxgl.app.services.FXGLAssetLoaderService
12:03:04.844 [FXGL Background Thread 3 ] DEBUG Engine               - class com.almasb.fxgl.app.FXGLApplication$GameApplicationService
12:03:04.844 [FXGL Background Thread 3 ] DEBUG Engine               - class com.almasb.fxgl.app.services.FXGLDialogService
12:03:04.844 [FXGL Background Thread 3 ] DEBUG Engine               - class com.almasb.fxgl.app.services.IOTaskExecutorService
12:03:04.844 [FXGL Background Thread 3 ] DEBUG Engine               - class com.almasb.fxgl.io.FileSystemService
12:03:04.844 [FXGL Background Thread 3 ] DEBUG Engine               - class com.almasb.fxgl.localization.LocalizationService
12:03:04.844 [FXGL Background Thread 3 ] DEBUG Engine               - class com.almasb.fxgl.app.services.SystemBundleService
12:03:04.844 [FXGL Background Thread 3 ] DEBUG Engine               - class com.almasb.fxgl.profile.SaveLoadService
12:03:04.844 [FXGL Background Thread 3 ] DEBUG Engine               - class com.almasb.fxgl.ui.FXGLUIFactoryServiceProvider
12:03:04.844 [FXGL Background Thread 3 ] DEBUG Engine               - class com.almasb.fxgl.ui.FXGLDialogFactoryServiceProvider
12:03:04.844 [FXGL Background Thread 3 ] DEBUG Engine               - class com.almasb.fxgl.audio.AudioPlayer
12:03:04.844 [FXGL Background Thread 3 ] DEBUG Engine               - class com.almasb.fxgl.notification.impl.NotificationServiceProvider
12:03:04.844 [FXGL Background Thread 3 ] DEBUG Engine               - class com.almasb.fxgl.achievement.AchievementService
12:03:04.844 [FXGL Background Thread 3 ] DEBUG Engine               - class com.almasb.fxgl.cutscene.CutsceneService
12:03:04.845 [FXGL Background Thread 3 ] DEBUG Engine               - class com.almasb.fxgl.minigames.MiniGameService
12:03:04.845 [FXGL Background Thread 3 ] DEBUG Engine               - class com.almasb.fxgl.net.NetService
12:03:04.845 [FXGL Background Thread 3 ] DEBUG Engine               - class com.almasb.fxgl.app.services.UpdaterService
12:03:04.845 [FXGL Background Thread 3 ] DEBUG Engine               - class com.almasb.fxgl.dev.DevService
12:03:16.214 [JavaFX Application Thread] DEBUG FXGLApplication      - Exiting FXGL
12:03:16.214 [JavaFX Application Thread] DEBUG LoopRunner           - Stopping loop
12:03:16.214 [JavaFX Application Thread] DEBUG SystemBundleService  - Saving FXGL system data
12:03:16.216 [JavaFX Application Thread] DEBUG FileSystemAccess     - Writing to: C:\Users\lucca\git\giocoInformatica1\system\fxgl.bundle
12:03:16.217 [JavaFX Application Thread] DEBUG Async                - Shutting down background threads
12:03:16.217 [JavaFX Application Thread] DEBUG PrimaryStageWindow   - Closing main window
12:03:16.224 [JavaFX Application Thread] DEBUG Logger               - Closing Logger
