19:25:59.284 [main                     ] DEBUG Logger               - Configured Logger
19:25:59.315 [main                     ] DEBUG GameApplication      - Logging settings
Title: Untitled
Version: 0.0
Width: 1280
Height: 900
Fullscreen: false
Intro: false
Profiling: false
Single step:false
App Mode: DEVELOPER
Menu Key: ESCAPE
Stage Style: DECORATED
Scene Factory: class com.almasb.fxgl.app.scene.SceneFactory

19:25:59.626 [JavaFX Application Thread] DEBUG FXGLApplication      - Initializing FXGL
19:25:59.631 [JavaFX Application Thread] INFO  Engine               - FXGL-17.1 (24.03.2022 17.39) on WINDOWS (J:17.0.2 FX:18)
19:25:59.631 [JavaFX Application Thread] DEBUG Engine               - JRE Vendor Name: Eclipse Adoptium
19:25:59.632 [JavaFX Application Thread] DEBUG Engine               - Running on OS: Windows 11 version 10.0
19:25:59.632 [JavaFX Application Thread] DEBUG Engine               - Architecture: amd64
19:25:59.632 [JavaFX Application Thread] INFO  Engine               - Source code and latest versions at: https://github.com/AlmasB/FXGL
19:25:59.632 [JavaFX Application Thread] INFO  Engine               -       Ask questions and discuss at: https://github.com/AlmasB/FXGL/discussions
19:25:59.632 [JavaFX Application Thread] INFO  Engine               -              Join the FXGL chat at: https://gitter.im/AlmasB/FXGL
19:25:59.724 [JavaFX Application Thread] DEBUG PrimaryStageWindow   - Creating a JavaFX scene
19:25:59.761 [JavaFX Application Thread] DEBUG PrimaryStageWindow   - Target settings size: 1280.0 x 900.0
19:25:59.765 [JavaFX Application Thread] DEBUG PrimaryStageWindow   - Scaled scene size:    1280.0 x 900.0
19:25:59.765 [JavaFX Application Thread] DEBUG PrimaryStageWindow   - Scaled ratio: (1.0, 1.0)
19:25:59.766 [JavaFX Application Thread] DEBUG PrimaryStageWindow   - Set initial scene to FXGLStartupScene
19:25:59.773 [JavaFX Application Thread] DEBUG PrimaryStageWindow   - Opening main window
19:25:59.847 [JavaFX Application Thread] DEBUG PrimaryStageWindow   - Window border size: (16.0, 39.0)
19:25:59.847 [JavaFX Application Thread] DEBUG PrimaryStageWindow   - Scaled size: 1280.0 x 900.0
19:25:59.847 [JavaFX Application Thread] DEBUG PrimaryStageWindow   - Scaled ratio: (1.0, 1.0)
19:25:59.847 [JavaFX Application Thread] DEBUG PrimaryStageWindow   - Scene size: 1280.0 x 900.0
19:25:59.848 [JavaFX Application Thread] DEBUG PrimaryStageWindow   - Stage size: 1296.0 x 939.0
19:25:59.854 [FXGL Background Thread 1 ] DEBUG Engine               - Initializing environment variables
19:25:59.894 [FXGL Background Thread 1 ] DEBUG FXGLAssetLoaderServi - User app class for loading assets: class game.PlatformerApp
19:25:59.895 [FXGL Background Thread 1 ] DEBUG GameApplicationServi - Applying CSS: fxgl_dark.css
19:25:59.895 [FXGL Background Thread 1 ] DEBUG FXGLAssetLoaderServi - Loading from file system: jar:file:/D:/Lucca/Java-lib/fxgl/fxgl-17.1-uber.jar!/fxglassets/ui/css/fxgl_dark.css
19:25:59.931 [FXGL Background Thread 1 ] DEBUG GameApplicationServi - Initializing application scenes
19:25:59.985 [FXGL Background Thread 1 ] DEBUG GameWorld            - Game world initialized
19:26:00.028 [FXGL Background Thread 1 ] DEBUG PhysicsWorld         - Physics world initialized: appHeight=900, physics.ppm=50,0
19:26:00.028 [FXGL Background Thread 1 ] DEBUG PhysicsWorld         - Using strategy: BRUTE_FORCE
19:26:00.032 [FXGL Background Thread 1 ] DEBUG GameScene            - Game scene initialized: 1280x900
19:26:00.042 [FXGL Background Thread 1 ] DEBUG FXGL.DefaultMenu     - createMenuBodyGameMenu()
19:26:00.055 [FXGL Background Thread 1 ] DEBUG FXGL.DefaultMenu     - createOptionsMenu()
19:26:00.065 [FXGL Background Thread 1 ] DEBUG FXGLAssetLoaderServi - Loading from file system: jar:file:/D:/Lucca/Java-lib/fxgl/fxgl-17.1-uber.jar!/fxglassets/textures/particles/smoke.png
19:26:00.147 [FXGL Background Thread 1 ] DEBUG FXGLAssetLoaderServi - Loading from file system: jar:file:/D:/Lucca/Java-lib/fxgl/fxgl-17.1-uber.jar!/fxglassets/textures/particles/trace_horizontal.png
19:26:00.170 [FXGL Background Thread 1 ] DEBUG GameApplicationServi - Application scenes initialized
19:26:00.196 [FXGL Background Thread 1 ] DEBUG SystemBundleService  - Loading default FXGL system data
19:26:00.197 [FXGL Background Thread 1 ] DEBUG UpdaterService       - Checking for updates
19:26:00.202 [FXGL Background Thread 1 ] DEBUG FXGLApplication      - Loading default localization
19:26:00.203 [FXGL Background Thread 1 ] DEBUG FXGLAssetLoaderServi - Loading from file system: jar:file:/D:/Lucca/Java-lib/fxgl/fxgl-17.1-uber.jar!/fxglassets/languages/english.lang
19:26:00.204 [FXGL Background Thread 4 ] DEBUG FXGLApplication      - Loading fonts
19:26:00.205 [FXGL Background Thread 4 ] DEBUG FXGLAssetLoaderServi - Loading from file system: jar:file:/D:/Lucca/Java-lib/fxgl/fxgl-17.1-uber.jar!/fxglassets/ui/fonts/VarelaRound-Regular.ttf
19:26:00.236 [FXGL Background Thread 1 ] INFO  FXGLApplication      - FXGL initialization took: 0,382 sec
19:26:00.245 [JavaFX Application Thread] DEBUG Input                - Registered new binding: Left - A
19:26:00.245 [JavaFX Application Thread] DEBUG Input                - Registered new binding: Right - D
19:26:00.245 [JavaFX Application Thread] DEBUG Input                - Registered new binding: Jump - W
19:26:00.246 [JavaFX Application Thread] DEBUG FXGLAssetLoaderServi - Loading from file system: file:/C:/Users/lucca/git/giocoInformatica/bin/assets/music/BGM_dash_runner.wav
19:26:00.387 [JavaFX Application Thread] DEBUG AudioPlayer          - Playing music com.almasb.fxgl.audio.Music@3cba03f0
19:26:00.388 [JavaFX Application Thread] DEBUG FXGLAssetLoaderServi - Loading from file system: jar:file:/D:/Lucca/Java-lib/fxgl/fxgl-17.1-uber.jar!/fxglassets/textures/fxgl_icon.png
19:26:00.395 [FXGL Background Thread 4 ] DEBUG FXGLAssetLoaderServi - Loading from file system: jar:file:/D:/Lucca/Java-lib/fxgl/fxgl-17.1-uber.jar!/fxglassets/ui/fonts/Abel-Regular.ttf
19:26:00.409 [JavaFX Application Thread] DEBUG FXGLAssetLoaderServi - Loading from file system: jar:file:/D:/Lucca/Java-lib/fxgl/fxgl-17.1-uber.jar!/fxglassets/textures/fxgl_default_cursor.png
19:26:00.411 [JavaFX Application Thread] DEBUG Input                - Registered new binding: Screenshot - CTRL+8
19:26:00.411 [JavaFX Application Thread] DEBUG Input                - Registered new binding: System info dump - CTRL+9
19:26:00.412 [JavaFX Application Thread] DEBUG Input                - Registered new binding: Restart - CTRL+R
19:26:00.413 [JavaFX Application Thread] DEBUG Input                - Registered new binding: Toggle Debug Camera - CTRL+7
19:26:00.417 [JavaFX Application Thread] DEBUG LoopRunner           - Starting loop
19:26:00.417 [JavaFX Application Thread] DEBUG LoopRunner           - Initializing JavaFX AnimationTimerLoop
19:26:00.418 [JavaFX Application Thread] DEBUG GameApplicationServi - Starting new game
19:26:00.418 [JavaFX Application Thread] DEBUG Input                - Clearing active input actions
19:26:00.427 [JavaFX Application Thread] DEBUG GameApplicationServi - Removing overlay from FXGLStartupScene and adding to FXGLLoadingScene
19:26:00.428 [JavaFX Application Thread] DEBUG PrimaryStageWindow   - FXGLStartupScene -> FXGLLoadingScene
19:26:00.429 [JavaFX Application Thread] DEBUG GameApplicationServi - Clearing previous game
19:26:00.429 [JavaFX Application Thread] DEBUG GameScene            - Clearing game scene
19:26:00.429 [JavaFX Application Thread] DEBUG GameWorld            - Clearing game world
19:26:00.429 [JavaFX Application Thread] DEBUG PhysicsWorld         - Clearing physics world
19:26:00.432 [FXGL Background Thread 4 ] DEBUG FXGLAssetLoaderServi - Loading from file system: jar:file:/D:/Lucca/Java-lib/fxgl/fxgl-17.1-uber.jar!/fxglassets/ui/fonts/TerminalLandMono-Regular.otf
19:26:00.431 [FXGL Background Thread 1 ] DEBUG FXGLApplication      - Initializing game
19:26:00.446 [FXGL Background Thread 4 ] DEBUG FXGLAssetLoaderServi - Loading from file system: jar:file:/D:/Lucca/Java-lib/fxgl/fxgl-17.1-uber.jar!/fxglassets/ui/fonts/Courier-Prime.ttf
19:26:00.531 [FXGL Background Thread 1 ] WARN  TMXLevelLoader       - TiledMap generated from 1.8.4. Supported version: 1.4.2. Some features may not be parsed fully.
19:26:00.539 [FXGL Background Thread 1 ] DEBUG TMXLevelLoader       - Parsed TiledMap: file:/C:/Users/lucca/git/giocoInformatica/bin/assets/levels/tmx/level1.tmx
19:26:00.540 [FXGL Background Thread 1 ] DEBUG TMXLevelLoader       - Creating tile layer entities
19:26:00.541 [FXGL Background Thread 1 ] DEBUG TilesetLoader        - Loading view for layer Tile Layer 1
19:26:00.569 [FXGL Background Thread 1 ] DEBUG TilesetLoader        - Created buffer with size 1280.0x1568.0
19:26:00.593 [FXGL Background Thread 1 ] DEBUG TMXLevelLoader       - Creating object layer entities
19:26:00.608 [FXGL Background Thread 1 ] DEBUG GameWorld            - Clearing removable entities
19:26:00.609 [FXGL Background Thread 1 ] DEBUG GameWorld            - Setting level: com.almasb.fxgl.entity.level.Level@43c7c849
19:26:00.616 [FXGL Background Thread 1 ] DEBUG FXGLAssetLoaderServi - Loading from file system: file:/C:/Users/lucca/git/giocoInformatica/bin/assets/textures/player/_Idle.png
19:26:00.621 [FXGL Background Thread 1 ] DEBUG FXGLAssetLoaderServi - Loading from file system: file:/C:/Users/lucca/git/giocoInformatica/bin/assets/textures/player/_Run.png
19:26:00.624 [FXGL Background Thread 1 ] DEBUG FXGLAssetLoaderServi - Loading from file system: file:/C:/Users/lucca/git/giocoInformatica/bin/assets/textures/player/_Jump.png
19:26:00.625 [FXGL Background Thread 1 ] DEBUG FXGLAssetLoaderServi - Loading from file system: file:/C:/Users/lucca/git/giocoInformatica/bin/assets/textures/player/_Fall.png
19:26:00.634 [FXGL Background Thread 1 ] DEBUG FXGLAssetLoaderServi - Loading from file system: file:/C:/Users/lucca/git/giocoInformatica/bin/assets/textures/background/forest.png
19:26:00.654 [FXGL Background Thread 1 ] INFO  FXGLApplication      - Game initialization took: 0,223 sec
19:26:01.191 [JavaFX Application Thread] DEBUG FXGLApplication      - Registering font factories with UI factory
19:26:01.196 [JavaFX Application Thread] DEBUG Input                - Clearing active input actions
19:26:01.214 [JavaFX Application Thread] DEBUG GameApplicationServi - Removing overlay from FXGLLoadingScene and adding to GameScene
19:26:01.215 [JavaFX Application Thread] DEBUG PrimaryStageWindow   - FXGLLoadingScene -> GameScene
19:26:01.240 [JavaFX Application Thread] WARN  TMXLevelLoader       - TiledMap generated from 1.8.4. Supported version: 1.4.2. Some features may not be parsed fully.
19:26:01.244 [JavaFX Application Thread] DEBUG TMXLevelLoader       - Parsed TiledMap: file:/C:/Users/lucca/git/giocoInformatica/bin/assets/levels/tmx/level1.tmx
19:26:01.244 [JavaFX Application Thread] DEBUG TMXLevelLoader       - Creating tile layer entities
19:26:01.244 [JavaFX Application Thread] DEBUG TilesetLoader        - Loading view for layer Tile Layer 1
19:26:01.248 [JavaFX Application Thread] DEBUG TilesetLoader        - Created buffer with size 1280.0x1568.0
19:26:01.258 [JavaFX Application Thread] DEBUG TMXLevelLoader       - Creating object layer entities
19:26:01.258 [JavaFX Application Thread] DEBUG GameWorld            - Clearing removable entities
19:26:01.261 [JavaFX Application Thread] DEBUG GameWorld            - Setting level: com.almasb.fxgl.entity.level.Level@7f8a6075
19:26:02.448 [JavaFX Application Thread] WARN  TMXLevelLoader       - TiledMap generated from 1.8.4. Supported version: 1.4.2. Some features may not be parsed fully.
19:26:02.449 [JavaFX Application Thread] DEBUG TMXLevelLoader       - Parsed TiledMap: file:/C:/Users/lucca/git/giocoInformatica/bin/assets/levels/tmx/level1.tmx
19:26:02.449 [JavaFX Application Thread] DEBUG TMXLevelLoader       - Creating tile layer entities
19:26:02.450 [JavaFX Application Thread] DEBUG TilesetLoader        - Loading view for layer Tile Layer 1
19:26:02.454 [JavaFX Application Thread] DEBUG TilesetLoader        - Created buffer with size 1280.0x1568.0
19:26:02.462 [JavaFX Application Thread] DEBUG TMXLevelLoader       - Creating object layer entities
19:26:02.462 [JavaFX Application Thread] DEBUG GameWorld            - Clearing removable entities
19:26:02.462 [JavaFX Application Thread] DEBUG GameWorld            - Setting level: com.almasb.fxgl.entity.level.Level@372d0f60
19:26:02.848 [JavaFX Application Thread] WARN  TMXLevelLoader       - TiledMap generated from 1.8.4. Supported version: 1.4.2. Some features may not be parsed fully.
19:26:02.849 [JavaFX Application Thread] DEBUG TMXLevelLoader       - Parsed TiledMap: file:/C:/Users/lucca/git/giocoInformatica/bin/assets/levels/tmx/level1.tmx
19:26:02.850 [JavaFX Application Thread] DEBUG TMXLevelLoader       - Creating tile layer entities
19:26:02.850 [JavaFX Application Thread] DEBUG TilesetLoader        - Loading view for layer Tile Layer 1
19:26:02.856 [JavaFX Application Thread] DEBUG TilesetLoader        - Created buffer with size 1280.0x1568.0
19:26:02.865 [JavaFX Application Thread] DEBUG TMXLevelLoader       - Creating object layer entities
19:26:02.865 [JavaFX Application Thread] DEBUG GameWorld            - Clearing removable entities
19:26:02.866 [JavaFX Application Thread] DEBUG GameWorld            - Setting level: com.almasb.fxgl.entity.level.Level@29913f1e
19:26:03.169 [JavaFX Application Thread] WARN  TMXLevelLoader       - TiledMap generated from 1.8.4. Supported version: 1.4.2. Some features may not be parsed fully.
19:26:03.172 [JavaFX Application Thread] DEBUG TMXLevelLoader       - Parsed TiledMap: file:/C:/Users/lucca/git/giocoInformatica/bin/assets/levels/tmx/level1.tmx
19:26:03.172 [JavaFX Application Thread] DEBUG TMXLevelLoader       - Creating tile layer entities
19:26:03.173 [JavaFX Application Thread] DEBUG TilesetLoader        - Loading view for layer Tile Layer 1
19:26:03.180 [JavaFX Application Thread] DEBUG TilesetLoader        - Created buffer with size 1280.0x1568.0
19:26:03.192 [JavaFX Application Thread] DEBUG TMXLevelLoader       - Creating object layer entities
19:26:03.193 [JavaFX Application Thread] DEBUG GameWorld            - Clearing removable entities
19:26:03.193 [JavaFX Application Thread] DEBUG GameWorld            - Setting level: com.almasb.fxgl.entity.level.Level@56f5e928
19:26:03.200 [FXGL Background Thread 3 ] DEBUG Engine               - Logging environment variables
19:26:03.200 [FXGL Background Thread 3 ] DEBUG Engine               - achievements: []
19:26:03.200 [FXGL Background Thread 3 ] DEBUG Engine               - actualHeight: 900.0
19:26:03.200 [FXGL Background Thread 3 ] DEBUG Engine               - actualHeightProperty: ReadOnlyDoubleProperty [value: 900.0]
19:26:03.200 [FXGL Background Thread 3 ] DEBUG Engine               - actualWidth: 1280.0
19:26:03.200 [FXGL Background Thread 3 ] DEBUG Engine               - actualWidthProperty: ReadOnlyDoubleProperty [value: 1280.0]
19:26:03.200 [FXGL Background Thread 3 ] DEBUG Engine               - appIcon: fxgl_icon.png
19:26:03.200 [FXGL Background Thread 3 ] DEBUG Engine               - applicationMode: DEVELOPER
19:26:03.200 [FXGL Background Thread 3 ] DEBUG Engine               - cSSList: [fxgl_dark.css]
19:26:03.200 [FXGL Background Thread 3 ] DEBUG Engine               - collisionDetectionStrategy: BRUTE_FORCE
19:26:03.200 [FXGL Background Thread 3 ] DEBUG Engine               - configClass: Optional.empty
19:26:03.200 [FXGL Background Thread 3 ] DEBUG Engine               - credits: []
19:26:03.200 [FXGL Background Thread 3 ] DEBUG Engine               - defaultCursor: CursorInfo(imageName=fxgl_default_cursor.png, hotspotX=7.0, hotspotY=6.0)
19:26:03.200 [FXGL Background Thread 3 ] DEBUG Engine               - devBBoxColorProperty: ObjectProperty [value: 0xff0000ff]
19:26:03.201 [FXGL Background Thread 3 ] DEBUG Engine               - devEnableDebugCameraProperty: BooleanProperty [value: false]
19:26:03.201 [FXGL Background Thread 3 ] DEBUG Engine               - devSensorColorProperty: ObjectProperty [value: 0xffff00ff]
19:26:03.201 [FXGL Background Thread 3 ] DEBUG Engine               - devShowBBoxProperty: BooleanProperty [value: false]
19:26:03.201 [FXGL Background Thread 3 ] DEBUG Engine               - devShowPositionProperty: BooleanProperty [value: false]
19:26:03.201 [FXGL Background Thread 3 ] DEBUG Engine               - enabledMenuItems: []
19:26:03.201 [FXGL Background Thread 3 ] DEBUG Engine               - engineServices: [class com.almasb.fxgl.app.services.FXGLAssetLoaderService, class com.almasb.fxgl.app.FXGLApplication$GameApplicationService, class com.almasb.fxgl.app.services.FXGLDialogService, class com.almasb.fxgl.app.services.IOTaskExecutorService, class com.almasb.fxgl.io.FileSystemService, class com.almasb.fxgl.localization.LocalizationService, class com.almasb.fxgl.app.services.SystemBundleService, class com.almasb.fxgl.profile.SaveLoadService, class com.almasb.fxgl.ui.FXGLUIFactoryServiceProvider, class com.almasb.fxgl.ui.FXGLDialogFactoryServiceProvider, class com.almasb.fxgl.audio.AudioPlayer, class com.almasb.fxgl.notification.impl.NotificationServiceProvider, class com.almasb.fxgl.achievement.AchievementService, class com.almasb.fxgl.cutscene.CutsceneService, class com.almasb.fxgl.minigames.MiniGameService, class com.almasb.fxgl.net.NetService, class com.almasb.fxgl.app.services.UpdaterService, class com.almasb.fxgl.dev.DevService]
19:26:03.201 [FXGL Background Thread 3 ] DEBUG Engine               - fontGame: Abel-Regular.ttf
19:26:03.201 [FXGL Background Thread 3 ] DEBUG Engine               - fontMono: TerminalLandMono-Regular.otf
19:26:03.201 [FXGL Background Thread 3 ] DEBUG Engine               - fontText: Courier-Prime.ttf
19:26:03.201 [FXGL Background Thread 3 ] DEBUG Engine               - fontUI: VarelaRound-Regular.ttf
19:26:03.202 [FXGL Background Thread 3 ] DEBUG Engine               - fullScreen: BooleanProperty [value: false]
19:26:03.202 [FXGL Background Thread 3 ] DEBUG Engine               - gameDifficulty: MEDIUM
19:26:03.202 [FXGL Background Thread 3 ] DEBUG Engine               - gameDifficultyProperty: ObjectProperty [value: MEDIUM]
19:26:03.202 [FXGL Background Thread 3 ] DEBUG Engine               - globalMusicVolume: 0.5
19:26:03.202 [FXGL Background Thread 3 ] DEBUG Engine               - globalMusicVolumeProperty: DoubleProperty [value: 0.25]
19:26:03.202 [FXGL Background Thread 3 ] DEBUG Engine               - globalSoundVolume: 0.5
19:26:03.202 [FXGL Background Thread 3 ] DEBUG Engine               - globalSoundVolumeProperty: DoubleProperty [value: 0.5]
19:26:03.202 [FXGL Background Thread 3 ] DEBUG Engine               - height: 900
19:26:03.203 [FXGL Background Thread 3 ] DEBUG Engine               - is3D: false
19:26:03.203 [FXGL Background Thread 3 ] DEBUG Engine               - isAndroid: false
19:26:03.203 [FXGL Background Thread 3 ] DEBUG Engine               - isBrowser: false
19:26:03.203 [FXGL Background Thread 3 ] DEBUG Engine               - isClickFeedbackEnabled: false
19:26:03.203 [FXGL Background Thread 3 ] DEBUG Engine               - isCloseConfirmation: false
19:26:03.203 [FXGL Background Thread 3 ] DEBUG Engine               - isDesktop: true
19:26:03.203 [FXGL Background Thread 3 ] DEBUG Engine               - isDeveloperMenuEnabled: false
19:26:03.203 [FXGL Background Thread 3 ] DEBUG Engine               - isEmbedded: false
19:26:03.203 [FXGL Background Thread 3 ] DEBUG Engine               - isEntityPreloadEnabled: true
19:26:03.203 [FXGL Background Thread 3 ] DEBUG Engine               - isExperimentalTiledLargeMap: false
19:26:03.203 [FXGL Background Thread 3 ] DEBUG Engine               - isFileSystemWriteAllowed: true
19:26:03.203 [FXGL Background Thread 3 ] DEBUG Engine               - isFullScreenAllowed: false
19:26:03.203 [FXGL Background Thread 3 ] DEBUG Engine               - isFullScreenFromStart: false
19:26:03.203 [FXGL Background Thread 3 ] DEBUG Engine               - isGameMenuEnabled: true
19:26:03.204 [FXGL Background Thread 3 ] DEBUG Engine               - isIOS: false
19:26:03.204 [FXGL Background Thread 3 ] DEBUG Engine               - isIntroEnabled: false
19:26:03.204 [FXGL Background Thread 3 ] DEBUG Engine               - isLinux: false
19:26:03.204 [FXGL Background Thread 3 ] DEBUG Engine               - isMac: false
19:26:03.204 [FXGL Background Thread 3 ] DEBUG Engine               - isMainMenuEnabled: false
19:26:03.204 [FXGL Background Thread 3 ] DEBUG Engine               - isManualResizeEnabled: false
19:26:03.204 [FXGL Background Thread 3 ] DEBUG Engine               - isMobile: false
19:26:03.204 [FXGL Background Thread 3 ] DEBUG Engine               - isNative: false
19:26:03.204 [FXGL Background Thread 3 ] DEBUG Engine               - isPauseMusicWhenMinimized: true
19:26:03.204 [FXGL Background Thread 3 ] DEBUG Engine               - isPreserveResizeRatio: false
19:26:03.204 [FXGL Background Thread 3 ] DEBUG Engine               - isProfilingEnabled: false
19:26:03.204 [FXGL Background Thread 3 ] DEBUG Engine               - isScaleAffectedOnResize: true
19:26:03.204 [FXGL Background Thread 3 ] DEBUG Engine               - isSingleStep: false
19:26:03.204 [FXGL Background Thread 3 ] DEBUG Engine               - isUserProfileEnabled: false
19:26:03.205 [FXGL Background Thread 3 ] DEBUG Engine               - isWindows: true
19:26:03.205 [FXGL Background Thread 3 ] DEBUG Engine               - language: ObjectProperty [value: ENGLISH]
19:26:03.205 [FXGL Background Thread 3 ] DEBUG Engine               - menuKey: ESCAPE
19:26:03.205 [FXGL Background Thread 3 ] DEBUG Engine               - mouseSensitivity: 0.2
19:26:03.205 [FXGL Background Thread 3 ] DEBUG Engine               - notificationViewClass: class com.almasb.fxgl.notification.view.XboxNotificationView
19:26:03.205 [FXGL Background Thread 3 ] DEBUG Engine               - pixelsPerMeter: 50.0
19:26:03.205 [FXGL Background Thread 3 ] DEBUG Engine               - platform: WINDOWS
19:26:03.205 [FXGL Background Thread 3 ] DEBUG Engine               - prefHeightProperty: ReadOnlyDoubleProperty [value: 900.0]
19:26:03.205 [FXGL Background Thread 3 ] DEBUG Engine               - prefWidthProperty: ReadOnlyDoubleProperty [value: 1280.0]
19:26:03.205 [FXGL Background Thread 3 ] DEBUG Engine               - profileDir: profiles/
19:26:03.205 [FXGL Background Thread 3 ] DEBUG Engine               - profileName: StringProperty [value: DEFAULT]
19:26:03.205 [FXGL Background Thread 3 ] DEBUG Engine               - randomSeed: -1
19:26:03.205 [FXGL Background Thread 3 ] DEBUG Engine               - runtimeInfo: RuntimeInfo(platform=WINDOWS, version=17.1, build=24.03.2022 17.39)
19:26:03.206 [FXGL Background Thread 3 ] DEBUG Engine               - saveFileExt: sav
19:26:03.206 [FXGL Background Thread 3 ] DEBUG Engine               - scaledHeightProp$fxgl: DoubleProperty [bound, value: 900.0]
19:26:03.206 [FXGL Background Thread 3 ] DEBUG Engine               - scaledWidthProp$fxgl: DoubleProperty [bound, value: 1280.0]
19:26:03.206 [FXGL Background Thread 3 ] DEBUG Engine               - sceneFactory: com.almasb.fxgl.app.scene.SceneFactory@4260d435
19:26:03.206 [FXGL Background Thread 3 ] DEBUG Engine               - secondsIn24h: 60
19:26:03.206 [FXGL Background Thread 3 ] DEBUG Engine               - soundMenuBack: menu/back.wav
19:26:03.206 [FXGL Background Thread 3 ] DEBUG Engine               - soundMenuPress: menu/press.wav
19:26:03.206 [FXGL Background Thread 3 ] DEBUG Engine               - soundMenuSelect: menu/select.wav
19:26:03.206 [FXGL Background Thread 3 ] DEBUG Engine               - soundNotification: core/notification.wav
19:26:03.206 [FXGL Background Thread 3 ] DEBUG Engine               - stageStyle: DECORATED
19:26:03.206 [FXGL Background Thread 3 ] DEBUG Engine               - supportedLanguages: [ENGLISH, FRENCH, GERMAN, HUNGARIAN, RUSSIAN]
19:26:03.206 [FXGL Background Thread 3 ] DEBUG Engine               - ticksPerSecond: -1
19:26:03.206 [FXGL Background Thread 3 ] DEBUG Engine               - title: Untitled
19:26:03.206 [FXGL Background Thread 3 ] DEBUG Engine               - urlGithub: https://github.com/AlmasB/FXGL
19:26:03.206 [FXGL Background Thread 3 ] DEBUG Engine               - urlLeaderboard: http://fxgl-top.herokuapp.com/
19:26:03.206 [FXGL Background Thread 3 ] DEBUG Engine               - urlPOM: https://raw.githubusercontent.com/AlmasB/FXGL/release/README.md
19:26:03.206 [FXGL Background Thread 3 ] DEBUG Engine               - userAppClass: class game.PlatformerApp
19:26:03.207 [FXGL Background Thread 3 ] DEBUG Engine               - version: 0.0
19:26:03.207 [FXGL Background Thread 3 ] DEBUG Engine               - versionCheckDays: 7
19:26:03.207 [FXGL Background Thread 3 ] DEBUG Engine               - width: 1280
19:26:03.207 [FXGL Background Thread 3 ] DEBUG Engine               - Logging services
19:26:03.207 [FXGL Background Thread 3 ] DEBUG Engine               - class com.almasb.fxgl.app.services.FXGLAssetLoaderService
19:26:03.207 [FXGL Background Thread 3 ] DEBUG Engine               - class com.almasb.fxgl.app.FXGLApplication$GameApplicationService
19:26:03.207 [FXGL Background Thread 3 ] DEBUG Engine               - class com.almasb.fxgl.app.services.FXGLDialogService
19:26:03.207 [FXGL Background Thread 3 ] DEBUG Engine               - class com.almasb.fxgl.app.services.IOTaskExecutorService
19:26:03.207 [FXGL Background Thread 3 ] DEBUG Engine               - class com.almasb.fxgl.io.FileSystemService
19:26:03.207 [FXGL Background Thread 3 ] DEBUG Engine               - class com.almasb.fxgl.localization.LocalizationService
19:26:03.207 [FXGL Background Thread 3 ] DEBUG Engine               - class com.almasb.fxgl.app.services.SystemBundleService
19:26:03.208 [FXGL Background Thread 3 ] DEBUG Engine               - class com.almasb.fxgl.profile.SaveLoadService
19:26:03.208 [FXGL Background Thread 3 ] DEBUG Engine               - class com.almasb.fxgl.ui.FXGLUIFactoryServiceProvider
19:26:03.208 [FXGL Background Thread 3 ] DEBUG Engine               - class com.almasb.fxgl.ui.FXGLDialogFactoryServiceProvider
19:26:03.208 [FXGL Background Thread 3 ] DEBUG Engine               - class com.almasb.fxgl.audio.AudioPlayer
19:26:03.208 [FXGL Background Thread 3 ] DEBUG Engine               - class com.almasb.fxgl.notification.impl.NotificationServiceProvider
19:26:03.208 [FXGL Background Thread 3 ] DEBUG Engine               - class com.almasb.fxgl.achievement.AchievementService
19:26:03.208 [FXGL Background Thread 3 ] DEBUG Engine               - class com.almasb.fxgl.cutscene.CutsceneService
19:26:03.208 [FXGL Background Thread 3 ] DEBUG Engine               - class com.almasb.fxgl.minigames.MiniGameService
19:26:03.208 [FXGL Background Thread 3 ] DEBUG Engine               - class com.almasb.fxgl.net.NetService
19:26:03.208 [FXGL Background Thread 3 ] DEBUG Engine               - class com.almasb.fxgl.app.services.UpdaterService
19:26:03.208 [FXGL Background Thread 3 ] DEBUG Engine               - class com.almasb.fxgl.dev.DevService
19:26:03.440 [JavaFX Application Thread] WARN  TMXLevelLoader       - TiledMap generated from 1.8.4. Supported version: 1.4.2. Some features may not be parsed fully.
19:26:03.441 [JavaFX Application Thread] DEBUG TMXLevelLoader       - Parsed TiledMap: file:/C:/Users/lucca/git/giocoInformatica/bin/assets/levels/tmx/level1.tmx
19:26:03.441 [JavaFX Application Thread] DEBUG TMXLevelLoader       - Creating tile layer entities
19:26:03.441 [JavaFX Application Thread] DEBUG TilesetLoader        - Loading view for layer Tile Layer 1
19:26:03.446 [JavaFX Application Thread] DEBUG TilesetLoader        - Created buffer with size 1280.0x1568.0
19:26:03.454 [JavaFX Application Thread] DEBUG TMXLevelLoader       - Creating object layer entities
19:26:03.454 [JavaFX Application Thread] DEBUG GameWorld            - Clearing removable entities
19:26:03.455 [JavaFX Application Thread] DEBUG GameWorld            - Setting level: com.almasb.fxgl.entity.level.Level@737c379a
19:26:03.594 [JavaFX Application Thread] DEBUG FXGLApplication      - Exiting FXGL
19:26:03.594 [JavaFX Application Thread] DEBUG LoopRunner           - Stopping loop
19:26:03.594 [JavaFX Application Thread] DEBUG SystemBundleService  - Saving FXGL system data
19:26:03.596 [JavaFX Application Thread] DEBUG FileSystemAccess     - Writing to: C:\Users\lucca\git\giocoInformatica\system\fxgl.bundle
19:26:03.601 [JavaFX Application Thread] DEBUG Async                - Shutting down background threads
19:26:03.602 [JavaFX Application Thread] DEBUG PrimaryStageWindow   - Closing main window
19:26:03.607 [JavaFX Application Thread] DEBUG Logger               - Closing Logger
