11:43:27.442 [main                     ] DEBUG Logger               - Configured Logger
11:43:27.471 [main                     ] DEBUG GameApplication      - Logging settings
Title: platformer
Version: 0.0
Width: 1920
Height: 1080
Fullscreen: false
Intro: false
Profiling: false
Single step:false
App Mode: DEVELOPER
Menu Key: ESCAPE
Stage Style: DECORATED
Scene Factory: class game.PlatformerApp$1

11:43:27.773 [JavaFX Application Thread] DEBUG FXGLApplication      - Initializing FXGL
11:43:27.778 [JavaFX Application Thread] INFO  Engine               - FXGL-17.1 (24.03.2022 17.39) on WINDOWS (J:17.0.2 FX:18)
11:43:27.778 [JavaFX Application Thread] DEBUG Engine               - JRE Vendor Name: Eclipse Adoptium
11:43:27.779 [JavaFX Application Thread] DEBUG Engine               - Running on OS: Windows 11 version 10.0
11:43:27.779 [JavaFX Application Thread] DEBUG Engine               - Architecture: amd64
11:43:27.779 [JavaFX Application Thread] INFO  Engine               - Source code and latest versions at: https://github.com/AlmasB/FXGL
11:43:27.779 [JavaFX Application Thread] INFO  Engine               -       Ask questions and discuss at: https://github.com/AlmasB/FXGL/discussions
11:43:27.779 [JavaFX Application Thread] INFO  Engine               -              Join the FXGL chat at: https://gitter.im/AlmasB/FXGL
11:43:27.854 [JavaFX Application Thread] DEBUG PrimaryStageWindow   - Creating a JavaFX scene
11:43:27.854 [JavaFX Application Thread] DEBUG PrimaryStageWindow   - Target size > screen size
11:43:27.884 [JavaFX Application Thread] DEBUG PrimaryStageWindow   - Target settings size: 1920.0 x 1080.0
11:43:27.884 [JavaFX Application Thread] DEBUG PrimaryStageWindow   - Scaled scene size:    1809.0 x 1031.0
11:43:27.884 [JavaFX Application Thread] DEBUG PrimaryStageWindow   - Scaled ratio: (0.9421875, 0.9546296296296296)
11:43:27.885 [JavaFX Application Thread] DEBUG PrimaryStageWindow   - Set initial scene to FXGLStartupScene
11:43:27.890 [JavaFX Application Thread] DEBUG PrimaryStageWindow   - Opening main window
11:43:27.963 [JavaFX Application Thread] DEBUG PrimaryStageWindow   - Window border size: (16.0, 39.0)
11:43:27.963 [JavaFX Application Thread] DEBUG PrimaryStageWindow   - Scaled size: 1809.0 x 1031.0
11:43:27.964 [JavaFX Application Thread] DEBUG PrimaryStageWindow   - Scaled ratio: (0.9421875, 0.9546296296296296)
11:43:27.964 [JavaFX Application Thread] DEBUG PrimaryStageWindow   - Scene size: 1809.0 x 1031.0
11:43:27.964 [JavaFX Application Thread] DEBUG PrimaryStageWindow   - Stage size: 1825.0 x 1070.0
11:43:27.970 [FXGL Background Thread 1 ] DEBUG Engine               - Initializing environment variables
11:43:28.013 [FXGL Background Thread 1 ] DEBUG FXGLAssetLoaderServi - User app class for loading assets: class game.PlatformerApp
11:43:28.013 [FXGL Background Thread 1 ] DEBUG GameApplicationServi - Applying CSS: fxgl_dark.css
11:43:28.014 [FXGL Background Thread 1 ] DEBUG FXGLAssetLoaderServi - Loading from file system: jar:file:/D:/Lucca/Java-lib/fxgl/fxgl-17.1-uber.jar!/fxglassets/ui/css/fxgl_dark.css
11:43:28.049 [FXGL Background Thread 1 ] DEBUG GameApplicationServi - Initializing application scenes
11:43:28.109 [FXGL Background Thread 1 ] DEBUG GameWorld            - Game world initialized
11:43:28.157 [FXGL Background Thread 1 ] DEBUG PhysicsWorld         - Physics world initialized: appHeight=1080, physics.ppm=50,0
11:43:28.157 [FXGL Background Thread 1 ] DEBUG PhysicsWorld         - Using strategy: BRUTE_FORCE
11:43:28.160 [FXGL Background Thread 1 ] DEBUG GameScene            - Game scene initialized: 1920x1080
11:43:28.217 [FXGL Background Thread 1 ] DEBUG GameApplicationServi - Application scenes initialized
11:43:28.230 [FXGL Background Thread 1 ] DEBUG SystemBundleService  - Loading FXGL system data
11:43:28.234 [FXGL Background Thread 1 ] DEBUG FileSystemAccess     - Reading from: C:\Users\lucca\git\giocoInformatica1\system\fxgl.bundle
11:43:28.240 [FXGL Background Thread 1 ] DEBUG SystemBundleService  - Bundle FXGL: {}
11:43:28.240 [FXGL Background Thread 1 ] DEBUG UpdaterService       - Checking for updates
11:43:28.275 [FXGL Background Thread 1 ] DEBUG FXGLApplication      - Loading default localization
11:43:28.276 [FXGL Background Thread 1 ] DEBUG FXGLAssetLoaderServi - Loading from file system: jar:file:/D:/Lucca/Java-lib/fxgl/fxgl-17.1-uber.jar!/fxglassets/languages/english.lang
11:43:28.287 [FXGL Background Thread 4 ] DEBUG FXGLApplication      - Loading fonts
11:43:28.288 [FXGL Background Thread 4 ] DEBUG FXGLAssetLoaderServi - Loading from file system: jar:file:/D:/Lucca/Java-lib/fxgl/fxgl-17.1-uber.jar!/fxglassets/ui/fonts/VarelaRound-Regular.ttf
11:43:28.299 [FXGL Background Thread 1 ] INFO  FXGLApplication      - FXGL initialization took: 0,328 sec
11:43:28.307 [JavaFX Application Thread] DEBUG Input                - Registered new binding: Left - A
11:43:28.307 [JavaFX Application Thread] DEBUG Input                - Registered new binding: Right - D
11:43:28.307 [JavaFX Application Thread] DEBUG Input                - Registered new binding: Jump - Space
11:43:28.308 [JavaFX Application Thread] DEBUG Input                - Registered new binding: Attack - F
11:43:28.310 [JavaFX Application Thread] DEBUG FXGLAssetLoaderServi - Loading from file system: file:/C:/Users/lucca/git/giocoInformatica1/bin/assets/music/BGM_dash_runner.wav
11:43:28.385 [FXGL Background Thread 4 ] DEBUG FXGLAssetLoaderServi - Loading from file system: jar:file:/D:/Lucca/Java-lib/fxgl/fxgl-17.1-uber.jar!/fxglassets/ui/fonts/Abel-Regular.ttf
11:43:28.395 [FXGL Background Thread 4 ] DEBUG FXGLAssetLoaderServi - Loading from file system: jar:file:/D:/Lucca/Java-lib/fxgl/fxgl-17.1-uber.jar!/fxglassets/ui/fonts/TerminalLandMono-Regular.otf
11:43:28.406 [FXGL Background Thread 4 ] DEBUG FXGLAssetLoaderServi - Loading from file system: jar:file:/D:/Lucca/Java-lib/fxgl/fxgl-17.1-uber.jar!/fxglassets/ui/fonts/Courier-Prime.ttf
11:43:28.453 [JavaFX Application Thread] DEBUG AudioPlayer          - Playing music com.almasb.fxgl.audio.Music@4e15bbef
11:43:28.453 [JavaFX Application Thread] DEBUG FXGLAssetLoaderServi - Loading from file system: jar:file:/D:/Lucca/Java-lib/fxgl/fxgl-17.1-uber.jar!/fxglassets/textures/fxgl_icon.png
11:43:28.479 [JavaFX Application Thread] DEBUG FXGLAssetLoaderServi - Loading from file system: jar:file:/D:/Lucca/Java-lib/fxgl/fxgl-17.1-uber.jar!/fxglassets/textures/fxgl_default_cursor.png
11:43:28.483 [JavaFX Application Thread] DEBUG Input                - Registered new binding: Screenshot - CTRL+8
11:43:28.483 [JavaFX Application Thread] DEBUG Input                - Registered new binding: Dev Options - 1
11:43:28.484 [JavaFX Application Thread] DEBUG Input                - Registered new binding: Dev Console - 2
11:43:28.484 [JavaFX Application Thread] DEBUG Input                - Registered new binding: System info dump - CTRL+9
11:43:28.484 [JavaFX Application Thread] DEBUG Input                - Registered new binding: Restart - CTRL+R
11:43:28.485 [JavaFX Application Thread] DEBUG Input                - Registered new binding: Toggle Debug Camera - CTRL+7
11:43:28.487 [JavaFX Application Thread] DEBUG LoopRunner           - Starting loop
11:43:28.497 [JavaFX Application Thread] DEBUG LoopRunner           - Initializing JavaFX AnimationTimerLoop
11:43:28.499 [JavaFX Application Thread] DEBUG Input                - Clearing active input actions
11:43:28.503 [JavaFX Application Thread] DEBUG GameApplicationServi - Removing overlay from FXGLStartupScene and adding to FXGLMainMenuDummyScene
11:43:28.506 [JavaFX Application Thread] DEBUG PrimaryStageWindow   - FXGLStartupScene -> FXGLMainMenuDummyScene
11:43:28.506 [JavaFX Application Thread] DEBUG PrimaryStageWindow   - Push state: PlatformerMainMenu
11:43:28.506 [JavaFX Application Thread] DEBUG Input                - Clearing active input actions
11:43:28.510 [JavaFX Application Thread] DEBUG GameApplicationServi - Removing overlay from FXGLMainMenuDummyScene and adding to PlatformerMainMenu
11:43:28.510 [JavaFX Application Thread] DEBUG PrimaryStageWindow   - FXGLMainMenuDummyScene -> PlatformerMainMenu
11:43:28.511 [JavaFX Application Thread] DEBUG FXGLApplication      - Registering font factories with UI factory
11:43:30.608 [JavaFX Application Thread] DEBUG Menu                 - fireNewGame()
11:43:30.609 [JavaFX Application Thread] DEBUG GameApplicationServi - Starting new game
11:43:30.609 [JavaFX Application Thread] DEBUG PrimaryStageWindow   - Pop state: PlatformerMainMenu
11:43:30.609 [JavaFX Application Thread] DEBUG Input                - Clearing active input actions
11:43:30.610 [JavaFX Application Thread] DEBUG GameApplicationServi - Removing overlay from PlatformerMainMenu and adding to FXGLMainMenuDummyScene
11:43:30.611 [JavaFX Application Thread] DEBUG PrimaryStageWindow   - FXGLMainMenuDummyScene <- PlatformerMainMenu
11:43:30.612 [JavaFX Application Thread] DEBUG Input                - Clearing active input actions
11:43:30.617 [JavaFX Application Thread] DEBUG GameApplicationServi - Removing overlay from FXGLMainMenuDummyScene and adding to FXGLLoadingScene
11:43:30.617 [JavaFX Application Thread] DEBUG PrimaryStageWindow   - FXGLMainMenuDummyScene -> FXGLLoadingScene
11:43:30.617 [JavaFX Application Thread] DEBUG GameApplicationServi - Clearing previous game
11:43:30.617 [JavaFX Application Thread] DEBUG GameScene            - Clearing game scene
11:43:30.618 [JavaFX Application Thread] DEBUG GameWorld            - Clearing game world
11:43:30.618 [JavaFX Application Thread] DEBUG PhysicsWorld         - Clearing physics world
11:43:30.619 [FXGL Background Thread 2 ] DEBUG FXGLApplication      - Initializing game
11:43:30.675 [FXGL Background Thread 2 ] WARN  TMXLevelLoader       - TiledMap generated from 1.8.4. Supported version: 1.4.2. Some features may not be parsed fully.
11:43:30.701 [FXGL Background Thread 2 ] DEBUG TMXLevelLoader       - Parsed TiledMap: file:/C:/Users/lucca/git/giocoInformatica1/bin/assets/levels/tmx/level1.tmx
11:43:30.703 [FXGL Background Thread 2 ] DEBUG TMXLevelLoader       - Creating tile layer entities
11:43:30.704 [FXGL Background Thread 2 ] DEBUG TilesetLoader        - Loading view for layer Terreno
11:43:30.763 [FXGL Background Thread 2 ] DEBUG TilesetLoader        - Created buffer with size 4900.0x5600.0
11:43:30.785 [FXGL Background Thread 2 ] DEBUG TilesetLoader        - Loading view for layer Decorazioni
11:43:30.832 [FXGL Background Thread 2 ] DEBUG TilesetLoader        - Created buffer with size 4900.0x5600.0
11:43:30.838 [FXGL Background Thread 2 ] DEBUG TilesetLoader        - Loading view for layer Piattaforme
11:43:30.884 [FXGL Background Thread 2 ] DEBUG TilesetLoader        - Created buffer with size 4900.0x5600.0
11:43:30.887 [FXGL Background Thread 2 ] DEBUG TilesetLoader        - Loading view for layer Spine
11:43:30.934 [FXGL Background Thread 2 ] DEBUG TilesetLoader        - Created buffer with size 4900.0x5600.0
11:43:30.936 [FXGL Background Thread 2 ] DEBUG TMXLevelLoader       - Creating object layer entities
11:43:30.960 [FXGL Background Thread 2 ] DEBUG FXGLAssetLoaderServi - Loading from file system: file:/C:/Users/lucca/git/giocoInformatica1/bin/assets/textures/box.png
11:43:30.988 [FXGL Background Thread 2 ] DEBUG FXGLAssetLoaderServi - Loading from file system: file:/C:/Users/lucca/git/giocoInformatica1/bin/assets/textures/enemies/Skeleton/Idle.png
11:43:30.989 [FXGL Background Thread 2 ] DEBUG FXGLAssetLoaderServi - Loading from file system: file:/C:/Users/lucca/git/giocoInformatica1/bin/assets/textures/enemies/Skeleton/Walk.png
11:43:30.990 [FXGL Background Thread 2 ] DEBUG FXGLAssetLoaderServi - Loading from file system: file:/C:/Users/lucca/git/giocoInformatica1/bin/assets/textures/enemies/Skeleton/Attack.png
11:43:31.007 [FXGL Background Thread 2 ] DEBUG FXGLAssetLoaderServi - Loading from file system: file:/C:/Users/lucca/git/giocoInformatica1/bin/assets/textures/bonfire.png
11:43:31.007 [FXGL Background Thread 2 ] DEBUG FXGLAssetLoaderServi - Loading from file system: file:/C:/Users/lucca/git/giocoInformatica1/bin/assets/textures/bonfire_animation.png
11:43:31.010 [FXGL Background Thread 2 ] DEBUG GameWorld            - Clearing removable entities
11:43:31.010 [FXGL Background Thread 2 ] DEBUG GameWorld            - Setting level: com.almasb.fxgl.entity.level.Level@3c148184
11:43:31.024 [FXGL Background Thread 2 ] DEBUG FXGLAssetLoaderServi - Loading from file system: file:/C:/Users/lucca/git/giocoInformatica1/bin/assets/textures/health/empty_health.png
11:43:31.025 [FXGL Background Thread 2 ] DEBUG FXGLAssetLoaderServi - Loading from file system: file:/C:/Users/lucca/git/giocoInformatica1/bin/assets/textures/health/half_health.png
11:43:31.025 [FXGL Background Thread 2 ] DEBUG FXGLAssetLoaderServi - Loading from file system: file:/C:/Users/lucca/git/giocoInformatica1/bin/assets/textures/health/full_health.png
11:43:31.028 [FXGL Background Thread 2 ] DEBUG FXGLAssetLoaderServi - Loading from file system: file:/C:/Users/lucca/git/giocoInformatica1/bin/assets/textures/player/_Idle.png
11:43:31.028 [FXGL Background Thread 2 ] DEBUG FXGLAssetLoaderServi - Loading from file system: file:/C:/Users/lucca/git/giocoInformatica1/bin/assets/textures/player/_Run.png
11:43:31.031 [FXGL Background Thread 2 ] DEBUG FXGLAssetLoaderServi - Loading from file system: file:/C:/Users/lucca/git/giocoInformatica1/bin/assets/textures/player/_Jump.png
11:43:31.033 [FXGL Background Thread 2 ] DEBUG FXGLAssetLoaderServi - Loading from file system: file:/C:/Users/lucca/git/giocoInformatica1/bin/assets/textures/player/_Fall.png
11:43:31.033 [FXGL Background Thread 2 ] DEBUG FXGLAssetLoaderServi - Loading from file system: file:/C:/Users/lucca/git/giocoInformatica1/bin/assets/textures/player/_WallSlide.png
11:43:31.035 [FXGL Background Thread 2 ] DEBUG FXGLAssetLoaderServi - Loading from file system: file:/C:/Users/lucca/git/giocoInformatica1/bin/assets/textures/player/_Attack.png
11:43:31.035 [FXGL Background Thread 2 ] DEBUG FXGLAssetLoaderServi - Loading from file system: file:/C:/Users/lucca/git/giocoInformatica1/bin/assets/textures/player/_TurnAround.png
11:43:31.040 [FXGL Background Thread 2 ] DEBUG FXGLAssetLoaderServi - Loading from file system: file:/C:/Users/lucca/git/giocoInformatica1/bin/assets/textures/background/forest.png
11:43:31.054 [FXGL Background Thread 2 ] DEBUG FXGLAssetLoaderServi - Loading from file system: file:/C:/Users/lucca/git/giocoInformatica1/bin/assets/textures/background/Sfondo_castello.png
11:43:31.255 [FXGL Background Thread 2 ] INFO  FXGLApplication      - Game initialization took: 0,637 sec
11:43:31.258 [JavaFX Application Thread] DEBUG Input                - Clearing active input actions
11:43:31.264 [JavaFX Application Thread] DEBUG GameApplicationServi - Removing overlay from FXGLLoadingScene and adding to GameScene
11:43:31.266 [JavaFX Application Thread] DEBUG PrimaryStageWindow   - FXGLLoadingScene -> GameScene
11:43:31.283 [FXGL Background Thread 3 ] DEBUG Engine               - Logging environment variables
11:43:31.286 [FXGL Background Thread 3 ] DEBUG Engine               - achievements: []
11:43:31.286 [FXGL Background Thread 3 ] DEBUG Engine               - actualHeight: 1031.0
11:43:31.287 [FXGL Background Thread 3 ] DEBUG Engine               - actualHeightProperty: ReadOnlyDoubleProperty [value: 1031.0]
11:43:31.287 [FXGL Background Thread 3 ] DEBUG Engine               - actualWidth: 1809.0
11:43:31.288 [FXGL Background Thread 3 ] DEBUG Engine               - actualWidthProperty: ReadOnlyDoubleProperty [value: 1809.0]
11:43:31.289 [FXGL Background Thread 3 ] DEBUG Engine               - appIcon: fxgl_icon.png
11:43:31.295 [FXGL Background Thread 3 ] DEBUG Engine               - applicationMode: DEVELOPER
11:43:31.296 [FXGL Background Thread 3 ] DEBUG Engine               - cSSList: [fxgl_dark.css]
11:43:31.296 [FXGL Background Thread 3 ] DEBUG Engine               - collisionDetectionStrategy: BRUTE_FORCE
11:43:31.296 [FXGL Background Thread 3 ] DEBUG Engine               - configClass: Optional.empty
11:43:31.296 [FXGL Background Thread 3 ] DEBUG Engine               - credits: []
11:43:31.300 [FXGL Background Thread 3 ] DEBUG Engine               - defaultCursor: CursorInfo(imageName=fxgl_default_cursor.png, hotspotX=7.0, hotspotY=6.0)
11:43:31.300 [FXGL Background Thread 3 ] DEBUG Engine               - devBBoxColorProperty: ObjectProperty [value: 0xff0000ff]
11:43:31.300 [FXGL Background Thread 3 ] DEBUG Engine               - devEnableDebugCameraProperty: BooleanProperty [value: false]
11:43:31.301 [FXGL Background Thread 3 ] DEBUG Engine               - devSensorColorProperty: ObjectProperty [value: 0xffff00ff]
11:43:31.301 [FXGL Background Thread 3 ] DEBUG Engine               - devShowBBoxProperty: BooleanProperty [value: false]
11:43:31.301 [FXGL Background Thread 3 ] DEBUG Engine               - devShowPositionProperty: BooleanProperty [value: false]
11:43:31.301 [FXGL Background Thread 3 ] DEBUG Engine               - enabledMenuItems: []
11:43:31.301 [FXGL Background Thread 3 ] DEBUG Engine               - engineServices: [class com.almasb.fxgl.app.services.FXGLAssetLoaderService, class com.almasb.fxgl.app.FXGLApplication$GameApplicationService, class com.almasb.fxgl.app.services.FXGLDialogService, class com.almasb.fxgl.app.services.IOTaskExecutorService, class com.almasb.fxgl.io.FileSystemService, class com.almasb.fxgl.localization.LocalizationService, class com.almasb.fxgl.app.services.SystemBundleService, class com.almasb.fxgl.profile.SaveLoadService, class com.almasb.fxgl.ui.FXGLUIFactoryServiceProvider, class com.almasb.fxgl.ui.FXGLDialogFactoryServiceProvider, class com.almasb.fxgl.audio.AudioPlayer, class com.almasb.fxgl.notification.impl.NotificationServiceProvider, class com.almasb.fxgl.achievement.AchievementService, class com.almasb.fxgl.cutscene.CutsceneService, class com.almasb.fxgl.minigames.MiniGameService, class com.almasb.fxgl.net.NetService, class com.almasb.fxgl.app.services.UpdaterService, class com.almasb.fxgl.dev.DevService]
11:43:31.301 [FXGL Background Thread 3 ] DEBUG Engine               - fontGame: Abel-Regular.ttf
11:43:31.301 [FXGL Background Thread 3 ] DEBUG Engine               - fontMono: TerminalLandMono-Regular.otf
11:43:31.301 [FXGL Background Thread 3 ] DEBUG Engine               - fontText: Courier-Prime.ttf
11:43:31.301 [FXGL Background Thread 3 ] DEBUG Engine               - fontUI: VarelaRound-Regular.ttf
11:43:31.301 [FXGL Background Thread 3 ] DEBUG Engine               - fullScreen: BooleanProperty [value: false]
11:43:31.301 [FXGL Background Thread 3 ] DEBUG Engine               - gameDifficulty: MEDIUM
11:43:31.302 [FXGL Background Thread 3 ] DEBUG Engine               - gameDifficultyProperty: ObjectProperty [value: MEDIUM]
11:43:31.302 [FXGL Background Thread 3 ] DEBUG Engine               - globalMusicVolume: 0.5
11:43:31.302 [FXGL Background Thread 3 ] DEBUG Engine               - globalMusicVolumeProperty: DoubleProperty [value: 0.0]
11:43:31.302 [FXGL Background Thread 3 ] DEBUG Engine               - globalSoundVolume: 0.5
11:43:31.303 [FXGL Background Thread 3 ] DEBUG Engine               - globalSoundVolumeProperty: DoubleProperty [value: 0.5]
11:43:31.304 [FXGL Background Thread 3 ] DEBUG Engine               - height: 1080
11:43:31.304 [FXGL Background Thread 3 ] DEBUG Engine               - is3D: false
11:43:31.304 [FXGL Background Thread 3 ] DEBUG Engine               - isAndroid: false
11:43:31.304 [FXGL Background Thread 3 ] DEBUG Engine               - isBrowser: false
11:43:31.304 [FXGL Background Thread 3 ] DEBUG Engine               - isClickFeedbackEnabled: false
11:43:31.304 [FXGL Background Thread 3 ] DEBUG Engine               - isCloseConfirmation: false
11:43:31.304 [FXGL Background Thread 3 ] DEBUG Engine               - isDesktop: true
11:43:31.304 [FXGL Background Thread 3 ] DEBUG Engine               - isDeveloperMenuEnabled: true
11:43:31.304 [FXGL Background Thread 3 ] DEBUG Engine               - isEmbedded: false
11:43:31.305 [FXGL Background Thread 3 ] DEBUG Engine               - isEntityPreloadEnabled: true
11:43:31.305 [FXGL Background Thread 3 ] DEBUG Engine               - isExperimentalTiledLargeMap: false
11:43:31.305 [FXGL Background Thread 3 ] DEBUG Engine               - isFileSystemWriteAllowed: true
11:43:31.305 [FXGL Background Thread 3 ] DEBUG Engine               - isFullScreenAllowed: false
11:43:31.305 [FXGL Background Thread 3 ] DEBUG Engine               - isFullScreenFromStart: false
11:43:31.305 [FXGL Background Thread 3 ] DEBUG Engine               - isGameMenuEnabled: true
11:43:31.305 [FXGL Background Thread 3 ] DEBUG Engine               - isIOS: false
11:43:31.305 [FXGL Background Thread 3 ] DEBUG Engine               - isIntroEnabled: false
11:43:31.305 [FXGL Background Thread 3 ] DEBUG Engine               - isLinux: false
11:43:31.305 [FXGL Background Thread 3 ] DEBUG Engine               - isMac: false
11:43:31.305 [FXGL Background Thread 3 ] DEBUG Engine               - isMainMenuEnabled: true
11:43:31.305 [FXGL Background Thread 3 ] DEBUG Engine               - isManualResizeEnabled: false
11:43:31.305 [FXGL Background Thread 3 ] DEBUG Engine               - isMobile: false
11:43:31.305 [FXGL Background Thread 3 ] DEBUG Engine               - isNative: false
11:43:31.308 [FXGL Background Thread 3 ] DEBUG Engine               - isPauseMusicWhenMinimized: true
11:43:31.308 [FXGL Background Thread 3 ] DEBUG Engine               - isPreserveResizeRatio: false
11:43:31.308 [FXGL Background Thread 3 ] DEBUG Engine               - isProfilingEnabled: false
11:43:31.308 [FXGL Background Thread 3 ] DEBUG Engine               - isScaleAffectedOnResize: true
11:43:31.308 [FXGL Background Thread 3 ] DEBUG Engine               - isSingleStep: false
11:43:31.308 [FXGL Background Thread 3 ] DEBUG Engine               - isUserProfileEnabled: false
11:43:31.309 [FXGL Background Thread 3 ] DEBUG Engine               - isWindows: true
11:43:31.309 [FXGL Background Thread 3 ] DEBUG Engine               - language: ObjectProperty [value: ENGLISH]
11:43:31.309 [FXGL Background Thread 3 ] DEBUG Engine               - menuKey: ESCAPE
11:43:31.309 [FXGL Background Thread 3 ] DEBUG Engine               - mouseSensitivity: 0.2
11:43:31.309 [FXGL Background Thread 3 ] DEBUG Engine               - notificationViewClass: class com.almasb.fxgl.notification.view.XboxNotificationView
11:43:31.309 [FXGL Background Thread 3 ] DEBUG Engine               - pixelsPerMeter: 50.0
11:43:31.309 [FXGL Background Thread 3 ] DEBUG Engine               - platform: WINDOWS
11:43:31.309 [FXGL Background Thread 3 ] DEBUG Engine               - prefHeightProperty: ReadOnlyDoubleProperty [value: 1080.0]
11:43:31.309 [FXGL Background Thread 3 ] DEBUG Engine               - prefWidthProperty: ReadOnlyDoubleProperty [value: 1920.0]
11:43:31.309 [FXGL Background Thread 3 ] DEBUG Engine               - profileDir: profiles/
11:43:31.309 [FXGL Background Thread 3 ] DEBUG Engine               - profileName: StringProperty [value: DEFAULT]
11:43:31.309 [FXGL Background Thread 3 ] DEBUG Engine               - randomSeed: -1
11:43:31.310 [FXGL Background Thread 3 ] DEBUG Engine               - runtimeInfo: RuntimeInfo(platform=WINDOWS, version=17.1, build=24.03.2022 17.39)
11:43:31.310 [FXGL Background Thread 3 ] DEBUG Engine               - saveFileExt: sav
11:43:31.311 [FXGL Background Thread 3 ] DEBUG Engine               - scaledHeightProp$fxgl: DoubleProperty [bound, value: 1031.0]
11:43:31.311 [FXGL Background Thread 3 ] DEBUG Engine               - scaledWidthProp$fxgl: DoubleProperty [bound, value: 1809.0]
11:43:31.311 [FXGL Background Thread 3 ] DEBUG Engine               - sceneFactory: game.PlatformerApp$1@1f1bc19f
11:43:31.311 [FXGL Background Thread 3 ] DEBUG Engine               - secondsIn24h: 60
11:43:31.311 [FXGL Background Thread 3 ] DEBUG Engine               - soundMenuBack: menu/back.wav
11:43:31.311 [FXGL Background Thread 3 ] DEBUG Engine               - soundMenuPress: menu/press.wav
11:43:31.311 [FXGL Background Thread 3 ] DEBUG Engine               - soundMenuSelect: menu/select.wav
11:43:31.312 [FXGL Background Thread 3 ] DEBUG Engine               - soundNotification: core/notification.wav
11:43:31.312 [FXGL Background Thread 3 ] DEBUG Engine               - stageStyle: DECORATED
11:43:31.313 [FXGL Background Thread 3 ] DEBUG Engine               - supportedLanguages: [ENGLISH, FRENCH, GERMAN, HUNGARIAN, RUSSIAN]
11:43:31.313 [FXGL Background Thread 3 ] DEBUG Engine               - ticksPerSecond: -1
11:43:31.313 [FXGL Background Thread 3 ] DEBUG Engine               - title: platformer
11:43:31.313 [FXGL Background Thread 3 ] DEBUG Engine               - urlGithub: https://github.com/AlmasB/FXGL
11:43:31.313 [FXGL Background Thread 3 ] DEBUG Engine               - urlLeaderboard: http://fxgl-top.herokuapp.com/
11:43:31.313 [FXGL Background Thread 3 ] DEBUG Engine               - urlPOM: https://raw.githubusercontent.com/AlmasB/FXGL/release/README.md
11:43:31.313 [FXGL Background Thread 3 ] DEBUG Engine               - userAppClass: class game.PlatformerApp
11:43:31.313 [FXGL Background Thread 3 ] DEBUG Engine               - version: 0.0
11:43:31.313 [FXGL Background Thread 3 ] DEBUG Engine               - versionCheckDays: 7
11:43:31.313 [FXGL Background Thread 3 ] DEBUG Engine               - width: 1920
11:43:31.313 [FXGL Background Thread 3 ] DEBUG Engine               - Logging services
11:43:31.313 [FXGL Background Thread 3 ] DEBUG Engine               - class com.almasb.fxgl.app.services.FXGLAssetLoaderService
11:43:31.313 [FXGL Background Thread 3 ] DEBUG Engine               - class com.almasb.fxgl.app.FXGLApplication$GameApplicationService
11:43:31.313 [FXGL Background Thread 3 ] DEBUG Engine               - class com.almasb.fxgl.app.services.FXGLDialogService
11:43:31.313 [FXGL Background Thread 3 ] DEBUG Engine               - class com.almasb.fxgl.app.services.IOTaskExecutorService
11:43:31.314 [FXGL Background Thread 3 ] DEBUG Engine               - class com.almasb.fxgl.io.FileSystemService
11:43:31.314 [FXGL Background Thread 3 ] DEBUG Engine               - class com.almasb.fxgl.localization.LocalizationService
11:43:31.314 [FXGL Background Thread 3 ] DEBUG Engine               - class com.almasb.fxgl.app.services.SystemBundleService
11:43:31.314 [FXGL Background Thread 3 ] DEBUG Engine               - class com.almasb.fxgl.profile.SaveLoadService
11:43:31.314 [FXGL Background Thread 3 ] DEBUG Engine               - class com.almasb.fxgl.ui.FXGLUIFactoryServiceProvider
11:43:31.314 [FXGL Background Thread 3 ] DEBUG Engine               - class com.almasb.fxgl.ui.FXGLDialogFactoryServiceProvider
11:43:31.314 [FXGL Background Thread 3 ] DEBUG Engine               - class com.almasb.fxgl.audio.AudioPlayer
11:43:31.316 [FXGL Background Thread 3 ] DEBUG Engine               - class com.almasb.fxgl.notification.impl.NotificationServiceProvider
11:43:31.317 [FXGL Background Thread 3 ] DEBUG Engine               - class com.almasb.fxgl.achievement.AchievementService
11:43:31.317 [FXGL Background Thread 3 ] DEBUG Engine               - class com.almasb.fxgl.cutscene.CutsceneService
11:43:31.317 [FXGL Background Thread 3 ] DEBUG Engine               - class com.almasb.fxgl.minigames.MiniGameService
11:43:31.317 [FXGL Background Thread 3 ] DEBUG Engine               - class com.almasb.fxgl.net.NetService
11:43:31.317 [FXGL Background Thread 3 ] DEBUG Engine               - class com.almasb.fxgl.app.services.UpdaterService
11:43:31.317 [FXGL Background Thread 3 ] DEBUG Engine               - class com.almasb.fxgl.dev.DevService
11:47:38.373 [JavaFX Application Thread] DEBUG FXGLApplication      - Exiting FXGL
11:47:38.373 [JavaFX Application Thread] DEBUG LoopRunner           - Stopping loop
11:47:38.373 [JavaFX Application Thread] DEBUG SystemBundleService  - Saving FXGL system data
11:47:38.375 [JavaFX Application Thread] DEBUG FileSystemAccess     - Writing to: C:\Users\lucca\git\giocoInformatica1\system\fxgl.bundle
11:47:38.377 [JavaFX Application Thread] DEBUG Async                - Shutting down background threads
11:47:38.377 [JavaFX Application Thread] DEBUG PrimaryStageWindow   - Closing main window
11:47:38.386 [JavaFX Application Thread] DEBUG Logger               - Closing Logger
