21:45:36.391 [main                     ] DEBUG Logger               - Configured Logger
21:45:36.419 [main                     ] DEBUG GameApplication      - Logging settings
Title: platformer
Version: 0.0
Width: 1280
Height: 900
Fullscreen: false
Intro: false
Profiling: false
Single step:false
App Mode: DEVELOPER
Menu Key: ESCAPE
Stage Style: DECORATED
Scene Factory: class com.almasb.fxgl.app.scene.SceneFactory

21:45:36.708 [JavaFX Application Thread] DEBUG FXGLApplication      - Initializing FXGL
21:45:36.712 [JavaFX Application Thread] INFO  Engine               - FXGL-17.1 (24.03.2022 17.39) on WINDOWS (J:17.0.2 FX:18)
21:45:36.713 [JavaFX Application Thread] DEBUG Engine               - JRE Vendor Name: Eclipse Adoptium
21:45:36.713 [JavaFX Application Thread] DEBUG Engine               - Running on OS: Windows 11 version 10.0
21:45:36.713 [JavaFX Application Thread] DEBUG Engine               - Architecture: amd64
21:45:36.713 [JavaFX Application Thread] INFO  Engine               - Source code and latest versions at: https://github.com/AlmasB/FXGL
21:45:36.713 [JavaFX Application Thread] INFO  Engine               -       Ask questions and discuss at: https://github.com/AlmasB/FXGL/discussions
21:45:36.713 [JavaFX Application Thread] INFO  Engine               -              Join the FXGL chat at: https://gitter.im/AlmasB/FXGL
21:45:36.788 [JavaFX Application Thread] DEBUG PrimaryStageWindow   - Creating a JavaFX scene
21:45:36.818 [JavaFX Application Thread] DEBUG PrimaryStageWindow   - Target settings size: 1280.0 x 900.0
21:45:36.818 [JavaFX Application Thread] DEBUG PrimaryStageWindow   - Scaled scene size:    1280.0 x 900.0
21:45:36.818 [JavaFX Application Thread] DEBUG PrimaryStageWindow   - Scaled ratio: (1.0, 1.0)
21:45:36.819 [JavaFX Application Thread] DEBUG PrimaryStageWindow   - Set initial scene to FXGLStartupScene
21:45:36.824 [JavaFX Application Thread] DEBUG PrimaryStageWindow   - Opening main window
21:45:36.898 [JavaFX Application Thread] DEBUG PrimaryStageWindow   - Window border size: (16.0, 39.0)
21:45:36.898 [JavaFX Application Thread] DEBUG PrimaryStageWindow   - Scaled size: 1280.0 x 900.0
21:45:36.898 [JavaFX Application Thread] DEBUG PrimaryStageWindow   - Scaled ratio: (1.0, 1.0)
21:45:36.899 [JavaFX Application Thread] DEBUG PrimaryStageWindow   - Scene size: 1280.0 x 900.0
21:45:36.899 [JavaFX Application Thread] DEBUG PrimaryStageWindow   - Stage size: 1296.0 x 939.0
21:45:36.905 [FXGL Background Thread 1 ] DEBUG Engine               - Initializing environment variables
21:45:36.939 [FXGL Background Thread 1 ] DEBUG FXGLAssetLoaderServi - User app class for loading assets: class game.PlatformerApp
21:45:36.940 [FXGL Background Thread 1 ] DEBUG GameApplicationServi - Applying CSS: fxgl_dark.css
21:45:36.941 [FXGL Background Thread 1 ] DEBUG FXGLAssetLoaderServi - Loading from file system: jar:file:/D:/Lucca/Java-lib/fxgl/fxgl-17.1-uber.jar!/fxglassets/ui/css/fxgl_dark.css
21:45:36.974 [FXGL Background Thread 1 ] DEBUG GameApplicationServi - Initializing application scenes
21:45:37.032 [FXGL Background Thread 1 ] DEBUG GameWorld            - Game world initialized
21:45:37.069 [FXGL Background Thread 1 ] DEBUG PhysicsWorld         - Physics world initialized: appHeight=900, physics.ppm=50,0
21:45:37.070 [FXGL Background Thread 1 ] DEBUG PhysicsWorld         - Using strategy: BRUTE_FORCE
21:45:37.073 [FXGL Background Thread 1 ] DEBUG GameScene            - Game scene initialized: 1280x900
21:45:37.084 [FXGL Background Thread 1 ] DEBUG FXGL.DefaultMenu     - createMenuBodyGameMenu()
21:45:37.095 [FXGL Background Thread 1 ] DEBUG FXGL.DefaultMenu     - createOptionsMenu()
21:45:37.107 [FXGL Background Thread 1 ] DEBUG FXGLAssetLoaderServi - Loading from file system: jar:file:/D:/Lucca/Java-lib/fxgl/fxgl-17.1-uber.jar!/fxglassets/textures/particles/smoke.png
21:45:37.184 [FXGL Background Thread 1 ] DEBUG FXGLAssetLoaderServi - Loading from file system: jar:file:/D:/Lucca/Java-lib/fxgl/fxgl-17.1-uber.jar!/fxglassets/textures/particles/trace_horizontal.png
21:45:37.206 [FXGL Background Thread 1 ] DEBUG GameApplicationServi - Application scenes initialized
21:45:37.216 [FXGL Background Thread 1 ] DEBUG SystemBundleService  - Loading FXGL system data
21:45:37.220 [FXGL Background Thread 1 ] DEBUG FileSystemAccess     - Reading from: C:\Users\lucca\git\giocoInformatica3\system\fxgl.bundle
21:45:37.226 [FXGL Background Thread 1 ] DEBUG SystemBundleService  - Bundle FXGL: {}
21:45:37.226 [FXGL Background Thread 1 ] DEBUG UpdaterService       - Checking for updates
21:45:37.232 [FXGL Background Thread 1 ] DEBUG FXGLApplication      - Loading default localization
21:45:37.233 [FXGL Background Thread 1 ] DEBUG FXGLAssetLoaderServi - Loading from file system: jar:file:/D:/Lucca/Java-lib/fxgl/fxgl-17.1-uber.jar!/fxglassets/languages/english.lang
21:45:37.238 [FXGL Background Thread 4 ] DEBUG FXGLApplication      - Loading fonts
21:45:37.239 [FXGL Background Thread 4 ] DEBUG FXGLAssetLoaderServi - Loading from file system: jar:file:/D:/Lucca/Java-lib/fxgl/fxgl-17.1-uber.jar!/fxglassets/ui/fonts/VarelaRound-Regular.ttf
21:45:37.264 [FXGL Background Thread 1 ] INFO  FXGLApplication      - FXGL initialization took: 0,358 sec
21:45:37.273 [JavaFX Application Thread] DEBUG Input                - Registered new binding: Left - A
21:45:37.273 [JavaFX Application Thread] DEBUG Input                - Registered new binding: Right - D
21:45:37.273 [JavaFX Application Thread] DEBUG Input                - Registered new binding: Jump - Space
21:45:37.273 [JavaFX Application Thread] DEBUG Input                - Registered new binding: Attack - F
21:45:37.273 [JavaFX Application Thread] DEBUG FXGLAssetLoaderServi - Loading from file system: file:/C:/Users/lucca/git/giocoInformatica3/bin/assets/music/BGM_dash_runner.wav
21:45:37.355 [FXGL Background Thread 4 ] DEBUG FXGLAssetLoaderServi - Loading from file system: jar:file:/D:/Lucca/Java-lib/fxgl/fxgl-17.1-uber.jar!/fxglassets/ui/fonts/Abel-Regular.ttf
21:45:37.361 [FXGL Background Thread 4 ] DEBUG FXGLAssetLoaderServi - Loading from file system: jar:file:/D:/Lucca/Java-lib/fxgl/fxgl-17.1-uber.jar!/fxglassets/ui/fonts/TerminalLandMono-Regular.otf
21:45:37.368 [FXGL Background Thread 4 ] DEBUG FXGLAssetLoaderServi - Loading from file system: jar:file:/D:/Lucca/Java-lib/fxgl/fxgl-17.1-uber.jar!/fxglassets/ui/fonts/Courier-Prime.ttf
21:45:37.418 [JavaFX Application Thread] DEBUG AudioPlayer          - Playing music com.almasb.fxgl.audio.Music@2ccbe2d5
21:45:37.424 [JavaFX Application Thread] DEBUG FXGLAssetLoaderServi - Loading from file system: jar:file:/D:/Lucca/Java-lib/fxgl/fxgl-17.1-uber.jar!/fxglassets/textures/fxgl_icon.png
21:45:37.442 [JavaFX Application Thread] DEBUG FXGLAssetLoaderServi - Loading from file system: jar:file:/D:/Lucca/Java-lib/fxgl/fxgl-17.1-uber.jar!/fxglassets/textures/fxgl_default_cursor.png
21:45:37.446 [JavaFX Application Thread] DEBUG Input                - Registered new binding: Screenshot - CTRL+8
21:45:37.447 [JavaFX Application Thread] DEBUG Input                - Registered new binding: System info dump - CTRL+9
21:45:37.448 [JavaFX Application Thread] DEBUG Input                - Registered new binding: Restart - CTRL+R
21:45:37.448 [JavaFX Application Thread] DEBUG Input                - Registered new binding: Toggle Debug Camera - CTRL+7
21:45:37.451 [JavaFX Application Thread] DEBUG LoopRunner           - Starting loop
21:45:37.451 [JavaFX Application Thread] DEBUG LoopRunner           - Initializing JavaFX AnimationTimerLoop
21:45:37.453 [JavaFX Application Thread] DEBUG GameApplicationServi - Starting new game
21:45:37.454 [JavaFX Application Thread] DEBUG Input                - Clearing active input actions
21:45:37.462 [JavaFX Application Thread] DEBUG GameApplicationServi - Removing overlay from FXGLStartupScene and adding to FXGLLoadingScene
21:45:37.462 [JavaFX Application Thread] DEBUG PrimaryStageWindow   - FXGLStartupScene -> FXGLLoadingScene
21:45:37.463 [JavaFX Application Thread] DEBUG GameApplicationServi - Clearing previous game
21:45:37.463 [JavaFX Application Thread] DEBUG GameScene            - Clearing game scene
21:45:37.463 [JavaFX Application Thread] DEBUG GameWorld            - Clearing game world
21:45:37.463 [JavaFX Application Thread] DEBUG PhysicsWorld         - Clearing physics world
21:45:37.464 [FXGL Background Thread 4 ] DEBUG FXGLApplication      - Initializing game
21:45:37.465 [JavaFX Application Thread] DEBUG FXGLApplication      - Registering font factories with UI factory
21:45:37.519 [FXGL Background Thread 4 ] WARN  TMXLevelLoader       - TiledMap generated from 1.8.4. Supported version: 1.4.2. Some features may not be parsed fully.
21:45:37.557 [FXGL Background Thread 4 ] DEBUG TMXLevelLoader       - Parsed TiledMap: file:/C:/Users/lucca/git/giocoInformatica3/bin/assets/levels/tmx/level1.tmx
21:45:37.558 [FXGL Background Thread 4 ] DEBUG TMXLevelLoader       - Creating tile layer entities
21:45:37.560 [FXGL Background Thread 4 ] DEBUG TilesetLoader        - Loading view for layer Terreno
21:45:37.610 [FXGL Background Thread 4 ] DEBUG TilesetLoader        - Created buffer with size 4900.0x5600.0
21:45:37.626 [FXGL Background Thread 4 ] DEBUG TilesetLoader        - Loading view for layer Decorazioni
21:45:37.670 [FXGL Background Thread 4 ] DEBUG TilesetLoader        - Created buffer with size 4900.0x5600.0
21:45:37.677 [FXGL Background Thread 4 ] DEBUG TilesetLoader        - Loading view for layer Piattaforme
21:45:37.728 [FXGL Background Thread 4 ] DEBUG TilesetLoader        - Created buffer with size 4900.0x5600.0
21:45:37.736 [FXGL Background Thread 4 ] DEBUG TilesetLoader        - Loading view for layer Spine
21:45:37.792 [FXGL Background Thread 4 ] DEBUG TilesetLoader        - Created buffer with size 4900.0x5600.0
21:45:37.797 [FXGL Background Thread 4 ] DEBUG TMXLevelLoader       - Creating object layer entities
21:45:37.828 [FXGL Background Thread 4 ] DEBUG FXGLAssetLoaderServi - Loading from file system: file:/C:/Users/lucca/git/giocoInformatica3/bin/assets/textures/box.png
21:45:37.862 [FXGL Background Thread 4 ] DEBUG FXGLAssetLoaderServi - Loading from file system: file:/C:/Users/lucca/git/giocoInformatica3/bin/assets/textures/enemies/Skeleton/Idle.png
21:45:37.864 [FXGL Background Thread 4 ] DEBUG FXGLAssetLoaderServi - Loading from file system: file:/C:/Users/lucca/git/giocoInformatica3/bin/assets/textures/enemies/Skeleton/Walk.png
21:45:37.867 [FXGL Background Thread 4 ] DEBUG FXGLAssetLoaderServi - Loading from file system: file:/C:/Users/lucca/git/giocoInformatica3/bin/assets/textures/enemies/Skeleton/Attack.png
21:45:37.875 [FXGL Background Thread 4 ] DEBUG FXGLAssetLoaderServi - Loading from file system: file:/C:/Users/lucca/git/giocoInformatica3/bin/assets/textures/bonfire.png
21:45:37.876 [FXGL Background Thread 4 ] DEBUG FXGLAssetLoaderServi - Loading from file system: file:/C:/Users/lucca/git/giocoInformatica3/bin/assets/textures/bonfire_animation.png
21:45:37.880 [FXGL Background Thread 4 ] DEBUG GameWorld            - Clearing removable entities
21:45:37.880 [FXGL Background Thread 4 ] DEBUG GameWorld            - Setting level: com.almasb.fxgl.entity.level.Level@1ff3bf9a
21:45:37.894 [FXGL Background Thread 4 ] DEBUG FXGLAssetLoaderServi - Loading from file system: file:/C:/Users/lucca/git/giocoInformatica3/bin/assets/textures/player/_Idle.png
21:45:37.896 [FXGL Background Thread 4 ] DEBUG FXGLAssetLoaderServi - Loading from file system: file:/C:/Users/lucca/git/giocoInformatica3/bin/assets/textures/player/_Run.png
21:45:37.898 [FXGL Background Thread 4 ] DEBUG FXGLAssetLoaderServi - Loading from file system: file:/C:/Users/lucca/git/giocoInformatica3/bin/assets/textures/player/_Jump.png
21:45:37.899 [FXGL Background Thread 4 ] DEBUG FXGLAssetLoaderServi - Loading from file system: file:/C:/Users/lucca/git/giocoInformatica3/bin/assets/textures/player/_Fall.png
21:45:37.901 [FXGL Background Thread 4 ] DEBUG FXGLAssetLoaderServi - Loading from file system: file:/C:/Users/lucca/git/giocoInformatica3/bin/assets/textures/player/_WallSlide.png
21:45:37.903 [FXGL Background Thread 4 ] DEBUG FXGLAssetLoaderServi - Loading from file system: file:/C:/Users/lucca/git/giocoInformatica3/bin/assets/textures/player/_Attack.png
21:45:37.906 [FXGL Background Thread 4 ] DEBUG FXGLAssetLoaderServi - Loading from file system: file:/C:/Users/lucca/git/giocoInformatica3/bin/assets/textures/background/forest.png
21:45:37.923 [FXGL Background Thread 4 ] DEBUG FXGLAssetLoaderServi - Loading from file system: file:/C:/Users/lucca/git/giocoInformatica3/bin/assets/textures/health/full_health.png
21:45:37.924 [FXGL Background Thread 4 ] INFO  FXGLApplication      - Game initialization took: 0,459 sec
21:45:37.930 [JavaFX Application Thread] DEBUG Input                - Clearing active input actions
21:45:37.941 [JavaFX Application Thread] DEBUG GameApplicationServi - Removing overlay from FXGLLoadingScene and adding to GameScene
21:45:37.942 [JavaFX Application Thread] DEBUG PrimaryStageWindow   - FXGLLoadingScene -> GameScene
21:45:39.835 [JavaFX Application Thread] DEBUG LoopRunner           - Stopping loop
21:45:39.837 [JavaFX Application Thread] FATAL FXGLApplication      - Uncaught Exception:
java.lang.IllegalArgumentException: Component EnemyComponent not found!
	at com.almasb.fxgl.entity.Entity.getComponent(Entity.java:366)
	at game.entities.PlayerComponent.onUpdate(PlayerComponent.java:75)
	at com.almasb.fxgl.entity.Entity$ComponentMap.update(Entity.java:60)
	at com.almasb.fxgl.entity.Entity.update(Entity.java:248)
	at com.almasb.fxgl.entity.GameWorld.onUpdate(GameWorld.kt:177)
	at com.almasb.fxgl.app.scene.GameScene.step(GameScene.kt:224)
	at com.almasb.fxgl.app.scene.GameScene.onUpdate(GameScene.kt:220)
	at com.almasb.fxgl.scene.Scene.update(Scene.kt:105)
	at com.almasb.fxgl.app.MainWindow$update$1.invoke(MainWindow.kt:115)
	at com.almasb.fxgl.app.MainWindow$update$1.invoke(MainWindow.kt:115)
	at com.almasb.fxgl.core.fsm.StateMachine.runOnActiveStates(StateMachine.kt:69)
	at com.almasb.fxgl.app.MainWindow.update(MainWindow.kt:115)
	at com.almasb.fxgl.app.FXGLApplication$GameApplicationService.onUpdate(FXGLApplication.kt:426)
	at com.almasb.fxgl.app.Engine.loop(Engine.kt:134)
	at com.almasb.fxgl.app.Engine.access$loop(Engine.kt:24)
	at com.almasb.fxgl.app.Engine$loop$1.invoke(Engine.kt:28)
	at com.almasb.fxgl.app.Engine$loop$1.invoke(Engine.kt:28)
	at com.almasb.fxgl.app.LoopRunner.frame(LoopRunner.kt:103)
	at com.almasb.fxgl.app.LoopRunner.access$frame(LoopRunner.kt:23)
	at com.almasb.fxgl.app.LoopRunner$impl$2$1.onTick(LoopRunner.kt:57)
	at com.almasb.fxgl.app.AnimationTimerLoop$timer$1.handle(LoopRunner.kt:137)
	at javafx.animation.AnimationTimer$AnimationTimerReceiver.lambda$handle$0(AnimationTimer.java:58)
	at java.base/java.security.AccessController.doPrivileged(AccessController.java:399)
	at javafx.animation.AnimationTimer$AnimationTimerReceiver.handle(AnimationTimer.java:57)
	at com.sun.scenario.animation.AbstractPrimaryTimer.timePulseImpl(AbstractPrimaryTimer.java:356)
	at com.sun.scenario.animation.AbstractPrimaryTimer$MainLoop.run(AbstractPrimaryTimer.java:266)
	at com.sun.javafx.tk.quantum.QuantumToolkit.pulse(QuantumToolkit.java:571)
	at com.sun.javafx.tk.quantum.QuantumToolkit.pulse(QuantumToolkit.java:555)
	at com.sun.javafx.tk.quantum.QuantumToolkit.pulseFromQueue(QuantumToolkit.java:548)
	at com.sun.javafx.tk.quantum.QuantumToolkit.lambda$runToolkit$11(QuantumToolkit.java:352)
	at com.sun.glass.ui.InvokeLaterDispatcher$Future.run(InvokeLaterDispatcher.java:96)
	at com.sun.glass.ui.win.WinApplication._runLoop(Native Method)
	at com.sun.glass.ui.win.WinApplication.lambda$runLoop$3(WinApplication.java:184)
	at java.base/java.lang.Thread.run(Thread.java:833)

21:45:39.838 [JavaFX Application Thread] FATAL FXGLApplication      - Application will now exit
21:45:39.865 [JavaFX Application Thread] DEBUG PrimaryStageWindow   - Push state: ErrorSubScene
21:45:39.865 [JavaFX Application Thread] DEBUG Input                - Clearing active input actions
21:45:39.872 [JavaFX Application Thread] DEBUG GameApplicationServi - Removing overlay from GameScene and adding to ErrorSubScene
21:45:39.873 [JavaFX Application Thread] DEBUG PrimaryStageWindow   - GameScene -> ErrorSubScene
21:45:40.230 [FXGL Background Thread 3 ] DEBUG Engine               - Logging environment variables
21:45:40.230 [FXGL Background Thread 3 ] DEBUG Engine               - achievements: []
21:45:40.230 [FXGL Background Thread 3 ] DEBUG Engine               - actualHeight: 900.0
21:45:40.230 [FXGL Background Thread 3 ] DEBUG Engine               - actualHeightProperty: ReadOnlyDoubleProperty [value: 900.0]
21:45:40.230 [FXGL Background Thread 3 ] DEBUG Engine               - actualWidth: 1280.0
21:45:40.230 [FXGL Background Thread 3 ] DEBUG Engine               - actualWidthProperty: ReadOnlyDoubleProperty [value: 1280.0]
21:45:40.230 [FXGL Background Thread 3 ] DEBUG Engine               - appIcon: fxgl_icon.png
21:45:40.231 [FXGL Background Thread 3 ] DEBUG Engine               - applicationMode: DEVELOPER
21:45:40.231 [FXGL Background Thread 3 ] DEBUG Engine               - cSSList: [fxgl_dark.css]
21:45:40.231 [FXGL Background Thread 3 ] DEBUG Engine               - collisionDetectionStrategy: BRUTE_FORCE
21:45:40.231 [FXGL Background Thread 3 ] DEBUG Engine               - configClass: Optional.empty
21:45:40.231 [FXGL Background Thread 3 ] DEBUG Engine               - credits: []
21:45:40.231 [FXGL Background Thread 3 ] DEBUG Engine               - defaultCursor: CursorInfo(imageName=fxgl_default_cursor.png, hotspotX=7.0, hotspotY=6.0)
21:45:40.231 [FXGL Background Thread 3 ] DEBUG Engine               - devBBoxColorProperty: ObjectProperty [value: 0xff0000ff]
21:45:40.231 [FXGL Background Thread 3 ] DEBUG Engine               - devEnableDebugCameraProperty: BooleanProperty [value: false]
21:45:40.231 [FXGL Background Thread 3 ] DEBUG Engine               - devSensorColorProperty: ObjectProperty [value: 0xffff00ff]
21:45:40.232 [FXGL Background Thread 3 ] DEBUG Engine               - devShowBBoxProperty: BooleanProperty [value: false]
21:45:40.232 [FXGL Background Thread 3 ] DEBUG Engine               - devShowPositionProperty: BooleanProperty [value: false]
21:45:40.232 [FXGL Background Thread 3 ] DEBUG Engine               - enabledMenuItems: []
21:45:40.232 [FXGL Background Thread 3 ] DEBUG Engine               - engineServices: [class com.almasb.fxgl.app.services.FXGLAssetLoaderService, class com.almasb.fxgl.app.FXGLApplication$GameApplicationService, class com.almasb.fxgl.app.services.FXGLDialogService, class com.almasb.fxgl.app.services.IOTaskExecutorService, class com.almasb.fxgl.io.FileSystemService, class com.almasb.fxgl.localization.LocalizationService, class com.almasb.fxgl.app.services.SystemBundleService, class com.almasb.fxgl.profile.SaveLoadService, class com.almasb.fxgl.ui.FXGLUIFactoryServiceProvider, class com.almasb.fxgl.ui.FXGLDialogFactoryServiceProvider, class com.almasb.fxgl.audio.AudioPlayer, class com.almasb.fxgl.notification.impl.NotificationServiceProvider, class com.almasb.fxgl.achievement.AchievementService, class com.almasb.fxgl.cutscene.CutsceneService, class com.almasb.fxgl.minigames.MiniGameService, class com.almasb.fxgl.net.NetService, class com.almasb.fxgl.app.services.UpdaterService, class com.almasb.fxgl.dev.DevService]
21:45:40.232 [FXGL Background Thread 3 ] DEBUG Engine               - fontGame: Abel-Regular.ttf
21:45:40.232 [FXGL Background Thread 3 ] DEBUG Engine               - fontMono: TerminalLandMono-Regular.otf
21:45:40.232 [FXGL Background Thread 3 ] DEBUG Engine               - fontText: Courier-Prime.ttf
21:45:40.232 [FXGL Background Thread 3 ] DEBUG Engine               - fontUI: VarelaRound-Regular.ttf
21:45:40.232 [FXGL Background Thread 3 ] DEBUG Engine               - fullScreen: BooleanProperty [value: false]
21:45:40.232 [FXGL Background Thread 3 ] DEBUG Engine               - gameDifficulty: MEDIUM
21:45:40.232 [FXGL Background Thread 3 ] DEBUG Engine               - gameDifficultyProperty: ObjectProperty [value: MEDIUM]
21:45:40.233 [FXGL Background Thread 3 ] DEBUG Engine               - globalMusicVolume: 0.5
21:45:40.233 [FXGL Background Thread 3 ] DEBUG Engine               - globalMusicVolumeProperty: DoubleProperty [value: 0.25]
21:45:40.233 [FXGL Background Thread 3 ] DEBUG Engine               - globalSoundVolume: 0.5
21:45:40.233 [FXGL Background Thread 3 ] DEBUG Engine               - globalSoundVolumeProperty: DoubleProperty [value: 0.5]
21:45:40.233 [FXGL Background Thread 3 ] DEBUG Engine               - height: 900
21:45:40.233 [FXGL Background Thread 3 ] DEBUG Engine               - is3D: false
21:45:40.233 [FXGL Background Thread 3 ] DEBUG Engine               - isAndroid: false
21:45:40.233 [FXGL Background Thread 3 ] DEBUG Engine               - isBrowser: false
21:45:40.233 [FXGL Background Thread 3 ] DEBUG Engine               - isClickFeedbackEnabled: false
21:45:40.233 [FXGL Background Thread 3 ] DEBUG Engine               - isCloseConfirmation: false
21:45:40.233 [FXGL Background Thread 3 ] DEBUG Engine               - isDesktop: true
21:45:40.233 [FXGL Background Thread 3 ] DEBUG Engine               - isDeveloperMenuEnabled: false
21:45:40.233 [FXGL Background Thread 3 ] DEBUG Engine               - isEmbedded: false
21:45:40.233 [FXGL Background Thread 3 ] DEBUG Engine               - isEntityPreloadEnabled: true
21:45:40.233 [FXGL Background Thread 3 ] DEBUG Engine               - isExperimentalTiledLargeMap: false
21:45:40.234 [FXGL Background Thread 3 ] DEBUG Engine               - isFileSystemWriteAllowed: true
21:45:40.234 [FXGL Background Thread 3 ] DEBUG Engine               - isFullScreenAllowed: false
21:45:40.234 [FXGL Background Thread 3 ] DEBUG Engine               - isFullScreenFromStart: false
21:45:40.234 [FXGL Background Thread 3 ] DEBUG Engine               - isGameMenuEnabled: true
21:45:40.234 [FXGL Background Thread 3 ] DEBUG Engine               - isIOS: false
21:45:40.234 [FXGL Background Thread 3 ] DEBUG Engine               - isIntroEnabled: false
21:45:40.234 [FXGL Background Thread 3 ] DEBUG Engine               - isLinux: false
21:45:40.235 [FXGL Background Thread 3 ] DEBUG Engine               - isMac: false
21:45:40.235 [FXGL Background Thread 3 ] DEBUG Engine               - isMainMenuEnabled: false
21:45:40.235 [FXGL Background Thread 3 ] DEBUG Engine               - isManualResizeEnabled: false
21:45:40.235 [FXGL Background Thread 3 ] DEBUG Engine               - isMobile: false
21:45:40.235 [FXGL Background Thread 3 ] DEBUG Engine               - isNative: false
21:45:40.235 [FXGL Background Thread 3 ] DEBUG Engine               - isPauseMusicWhenMinimized: true
21:45:40.235 [FXGL Background Thread 3 ] DEBUG Engine               - isPreserveResizeRatio: false
21:45:40.235 [FXGL Background Thread 3 ] DEBUG Engine               - isProfilingEnabled: false
21:45:40.235 [FXGL Background Thread 3 ] DEBUG Engine               - isScaleAffectedOnResize: true
21:45:40.235 [FXGL Background Thread 3 ] DEBUG Engine               - isSingleStep: false
21:45:40.235 [FXGL Background Thread 3 ] DEBUG Engine               - isUserProfileEnabled: false
21:45:40.235 [FXGL Background Thread 3 ] DEBUG Engine               - isWindows: true
21:45:40.235 [FXGL Background Thread 3 ] DEBUG Engine               - language: ObjectProperty [value: ENGLISH]
21:45:40.235 [FXGL Background Thread 3 ] DEBUG Engine               - menuKey: ESCAPE
21:45:40.235 [FXGL Background Thread 3 ] DEBUG Engine               - mouseSensitivity: 0.2
21:45:40.235 [FXGL Background Thread 3 ] DEBUG Engine               - notificationViewClass: class com.almasb.fxgl.notification.view.XboxNotificationView
21:45:40.236 [FXGL Background Thread 3 ] DEBUG Engine               - pixelsPerMeter: 50.0
21:45:40.236 [FXGL Background Thread 3 ] DEBUG Engine               - platform: WINDOWS
21:45:40.236 [FXGL Background Thread 3 ] DEBUG Engine               - prefHeightProperty: ReadOnlyDoubleProperty [value: 900.0]
21:45:40.236 [FXGL Background Thread 3 ] DEBUG Engine               - prefWidthProperty: ReadOnlyDoubleProperty [value: 1280.0]
21:45:40.236 [FXGL Background Thread 3 ] DEBUG Engine               - profileDir: profiles/
21:45:40.236 [FXGL Background Thread 3 ] DEBUG Engine               - profileName: StringProperty [value: DEFAULT]
21:45:40.236 [FXGL Background Thread 3 ] DEBUG Engine               - randomSeed: -1
21:45:40.236 [FXGL Background Thread 3 ] DEBUG Engine               - runtimeInfo: RuntimeInfo(platform=WINDOWS, version=17.1, build=24.03.2022 17.39)
21:45:40.236 [FXGL Background Thread 3 ] DEBUG Engine               - saveFileExt: sav
21:45:40.236 [FXGL Background Thread 3 ] DEBUG Engine               - scaledHeightProp$fxgl: DoubleProperty [bound, value: 900.0]
21:45:40.237 [FXGL Background Thread 3 ] DEBUG Engine               - scaledWidthProp$fxgl: DoubleProperty [bound, value: 1280.0]
21:45:40.237 [FXGL Background Thread 3 ] DEBUG Engine               - sceneFactory: com.almasb.fxgl.app.scene.SceneFactory@1f54277c
21:45:40.237 [FXGL Background Thread 3 ] DEBUG Engine               - secondsIn24h: 60
21:45:40.237 [FXGL Background Thread 3 ] DEBUG Engine               - soundMenuBack: menu/back.wav
21:45:40.237 [FXGL Background Thread 3 ] DEBUG Engine               - soundMenuPress: menu/press.wav
21:45:40.237 [FXGL Background Thread 3 ] DEBUG Engine               - soundMenuSelect: menu/select.wav
21:45:40.237 [FXGL Background Thread 3 ] DEBUG Engine               - soundNotification: core/notification.wav
21:45:40.237 [FXGL Background Thread 3 ] DEBUG Engine               - stageStyle: DECORATED
21:45:40.237 [FXGL Background Thread 3 ] DEBUG Engine               - supportedLanguages: [ENGLISH, FRENCH, GERMAN, HUNGARIAN, RUSSIAN]
21:45:40.237 [FXGL Background Thread 3 ] DEBUG Engine               - ticksPerSecond: -1
21:45:40.237 [FXGL Background Thread 3 ] DEBUG Engine               - title: platformer
21:45:40.237 [FXGL Background Thread 3 ] DEBUG Engine               - urlGithub: https://github.com/AlmasB/FXGL
21:45:40.237 [FXGL Background Thread 3 ] DEBUG Engine               - urlLeaderboard: http://fxgl-top.herokuapp.com/
21:45:40.237 [FXGL Background Thread 3 ] DEBUG Engine               - urlPOM: https://raw.githubusercontent.com/AlmasB/FXGL/release/README.md
21:45:40.237 [FXGL Background Thread 3 ] DEBUG Engine               - userAppClass: class game.PlatformerApp
21:45:40.237 [FXGL Background Thread 3 ] DEBUG Engine               - version: 0.0
21:45:40.237 [FXGL Background Thread 3 ] DEBUG Engine               - versionCheckDays: 7
21:45:40.237 [FXGL Background Thread 3 ] DEBUG Engine               - width: 1280
21:45:40.238 [FXGL Background Thread 3 ] DEBUG Engine               - Logging services
21:45:40.238 [FXGL Background Thread 3 ] DEBUG Engine               - class com.almasb.fxgl.app.services.FXGLAssetLoaderService
21:45:40.238 [FXGL Background Thread 3 ] DEBUG Engine               - class com.almasb.fxgl.app.FXGLApplication$GameApplicationService
21:45:40.238 [FXGL Background Thread 3 ] DEBUG Engine               - class com.almasb.fxgl.app.services.FXGLDialogService
21:45:40.238 [FXGL Background Thread 3 ] DEBUG Engine               - class com.almasb.fxgl.app.services.IOTaskExecutorService
21:45:40.238 [FXGL Background Thread 3 ] DEBUG Engine               - class com.almasb.fxgl.io.FileSystemService
21:45:40.238 [FXGL Background Thread 3 ] DEBUG Engine               - class com.almasb.fxgl.localization.LocalizationService
21:45:40.238 [FXGL Background Thread 3 ] DEBUG Engine               - class com.almasb.fxgl.app.services.SystemBundleService
21:45:40.238 [FXGL Background Thread 3 ] DEBUG Engine               - class com.almasb.fxgl.profile.SaveLoadService
21:45:40.238 [FXGL Background Thread 3 ] DEBUG Engine               - class com.almasb.fxgl.ui.FXGLUIFactoryServiceProvider
21:45:40.238 [FXGL Background Thread 3 ] DEBUG Engine               - class com.almasb.fxgl.ui.FXGLDialogFactoryServiceProvider
21:45:40.238 [FXGL Background Thread 3 ] DEBUG Engine               - class com.almasb.fxgl.audio.AudioPlayer
21:45:40.238 [FXGL Background Thread 3 ] DEBUG Engine               - class com.almasb.fxgl.notification.impl.NotificationServiceProvider
21:45:40.238 [FXGL Background Thread 3 ] DEBUG Engine               - class com.almasb.fxgl.achievement.AchievementService
21:45:40.238 [FXGL Background Thread 3 ] DEBUG Engine               - class com.almasb.fxgl.cutscene.CutsceneService
21:45:40.239 [FXGL Background Thread 3 ] DEBUG Engine               - class com.almasb.fxgl.minigames.MiniGameService
21:45:40.239 [FXGL Background Thread 3 ] DEBUG Engine               - class com.almasb.fxgl.net.NetService
21:45:40.239 [FXGL Background Thread 3 ] DEBUG Engine               - class com.almasb.fxgl.app.services.UpdaterService
21:45:40.239 [FXGL Background Thread 3 ] DEBUG Engine               - class com.almasb.fxgl.dev.DevService
21:45:42.401 [JavaFX Application Thread] DEBUG FXGLApplication      - Exiting FXGL
21:45:42.401 [JavaFX Application Thread] DEBUG Async                - Shutting down background threads
21:45:42.401 [JavaFX Application Thread] DEBUG PrimaryStageWindow   - Closing main window
21:45:42.407 [JavaFX Application Thread] DEBUG Logger               - Closing Logger
