12:33:33.937 [main                     ] DEBUG Logger               - Configured Logger
12:33:33.996 [main                     ] DEBUG GameApplication      - Logging settings
Title: platformer
Version: 0.0
Width: 1280
Height: 900
Fullscreen: false
Intro: false
Profiling: false
Single step:false
App Mode: DEVELOPER
Menu Key: ESCAPE
Stage Style: DECORATED
Scene Factory: class com.almasb.fxgl.app.scene.SceneFactory

12:33:34.616 [JavaFX Application Thread] DEBUG FXGLApplication      - Initializing FXGL
12:33:34.626 [JavaFX Application Thread] INFO  Engine               - FXGL-17.1 (24.03.2022 17.39) on WINDOWS (J:17.0.1 FX:18)
12:33:34.627 [JavaFX Application Thread] DEBUG Engine               - JRE Vendor Name: Eclipse Adoptium
12:33:34.628 [JavaFX Application Thread] DEBUG Engine               - Running on OS: Windows 10 version 10.0
12:33:34.628 [JavaFX Application Thread] DEBUG Engine               - Architecture: amd64
12:33:34.628 [JavaFX Application Thread] INFO  Engine               - Source code and latest versions at: https://github.com/AlmasB/FXGL
12:33:34.629 [JavaFX Application Thread] INFO  Engine               -       Ask questions and discuss at: https://github.com/AlmasB/FXGL/discussions
12:33:34.629 [JavaFX Application Thread] INFO  Engine               -              Join the FXGL chat at: https://gitter.im/AlmasB/FXGL
12:33:34.800 [JavaFX Application Thread] DEBUG PrimaryStageWindow   - Creating a JavaFX scene
12:33:34.895 [JavaFX Application Thread] DEBUG PrimaryStageWindow   - Target settings size: 1280.0 x 900.0
12:33:34.896 [JavaFX Application Thread] DEBUG PrimaryStageWindow   - Scaled scene size:    1280.0 x 900.0
12:33:34.897 [JavaFX Application Thread] DEBUG PrimaryStageWindow   - Scaled ratio: (1.0, 1.0)
12:33:34.900 [JavaFX Application Thread] DEBUG PrimaryStageWindow   - Set initial scene to FXGLStartupScene
12:33:34.919 [JavaFX Application Thread] DEBUG PrimaryStageWindow   - Opening main window
12:33:35.068 [JavaFX Application Thread] DEBUG PrimaryStageWindow   - Window border size: (16.0, 39.0)
12:33:35.069 [JavaFX Application Thread] DEBUG PrimaryStageWindow   - Scaled size: 1280.0 x 900.0
12:33:35.069 [JavaFX Application Thread] DEBUG PrimaryStageWindow   - Scaled ratio: (1.0, 1.0)
12:33:35.070 [JavaFX Application Thread] DEBUG PrimaryStageWindow   - Scene size: 1280.0 x 900.0
12:33:35.070 [JavaFX Application Thread] DEBUG PrimaryStageWindow   - Stage size: 1296.0 x 939.0
12:33:35.083 [FXGL Background Thread 1 ] DEBUG Engine               - Initializing environment variables
12:33:35.137 [FXGL Background Thread 1 ] DEBUG FXGLAssetLoaderServi - User app class for loading assets: class game.PlatformerApp
12:33:35.137 [FXGL Background Thread 1 ] DEBUG GameApplicationServi - Applying CSS: fxgl_dark.css
12:33:35.138 [FXGL Background Thread 1 ] DEBUG FXGLAssetLoaderServi - Loading from file system: jar:file:/C:/Users/HP/Documents/fxgl/fxgl-17.1-uber.jar!/fxglassets/ui/css/fxgl_dark.css
12:33:35.191 [FXGL Background Thread 1 ] DEBUG GameApplicationServi - Initializing application scenes
12:33:35.251 [FXGL Background Thread 1 ] DEBUG GameWorld            - Game world initialized
12:33:35.325 [FXGL Background Thread 1 ] DEBUG PhysicsWorld         - Physics world initialized: appHeight=900, physics.ppm=50,0
12:33:35.326 [FXGL Background Thread 1 ] DEBUG PhysicsWorld         - Using strategy: BRUTE_FORCE
12:33:35.333 [FXGL Background Thread 1 ] DEBUG GameScene            - Game scene initialized: 1280x900
12:33:35.351 [FXGL Background Thread 1 ] DEBUG FXGL.DefaultMenu     - createMenuBodyGameMenu()
12:33:35.373 [FXGL Background Thread 1 ] DEBUG FXGL.DefaultMenu     - createOptionsMenu()
12:33:35.391 [FXGL Background Thread 1 ] DEBUG FXGLAssetLoaderServi - Loading from file system: jar:file:/C:/Users/HP/Documents/fxgl/fxgl-17.1-uber.jar!/fxglassets/textures/particles/smoke.png
12:33:35.520 [FXGL Background Thread 1 ] DEBUG FXGLAssetLoaderServi - Loading from file system: jar:file:/C:/Users/HP/Documents/fxgl/fxgl-17.1-uber.jar!/fxglassets/textures/particles/trace_horizontal.png
12:33:35.563 [FXGL Background Thread 1 ] DEBUG GameApplicationServi - Application scenes initialized
12:33:35.582 [FXGL Background Thread 1 ] DEBUG SystemBundleService  - Loading FXGL system data
12:33:35.589 [FXGL Background Thread 1 ] DEBUG FileSystemAccess     - Reading from: C:\Users\HP\git\giocoInformatica1\system\fxgl.bundle
12:33:35.598 [FXGL Background Thread 1 ] DEBUG SystemBundleService  - Bundle FXGL: {}
12:33:35.598 [FXGL Background Thread 1 ] DEBUG UpdaterService       - Checking for updates
12:33:35.605 [FXGL Background Thread 4 ] DEBUG FXGLApplication      - Loading fonts
12:33:35.606 [FXGL Background Thread 4 ] DEBUG FXGLAssetLoaderServi - Loading from file system: jar:file:/C:/Users/HP/Documents/fxgl/fxgl-17.1-uber.jar!/fxglassets/ui/fonts/VarelaRound-Regular.ttf
12:33:35.606 [FXGL Background Thread 1 ] DEBUG FXGLApplication      - Loading default localization
12:33:35.608 [FXGL Background Thread 1 ] DEBUG FXGLAssetLoaderServi - Loading from file system: jar:file:/C:/Users/HP/Documents/fxgl/fxgl-17.1-uber.jar!/fxglassets/languages/english.lang
12:33:35.648 [FXGL Background Thread 1 ] INFO  FXGLApplication      - FXGL initialization took: 0,564 sec
12:33:35.663 [JavaFX Application Thread] DEBUG Input                - Registered new binding: Left - A
12:33:35.663 [JavaFX Application Thread] DEBUG Input                - Registered new binding: Right - D
12:33:35.664 [JavaFX Application Thread] DEBUG Input                - Registered new binding: Jump - Space
12:33:35.664 [JavaFX Application Thread] DEBUG Input                - Registered new binding: Attack - F
12:33:35.665 [JavaFX Application Thread] DEBUG FXGLAssetLoaderServi - Loading from file system: file:/C:/Users/HP/git/giocoInformatica1/bin/assets/music/BGM_dash_runner.wav
12:33:35.737 [FXGL Background Thread 4 ] DEBUG FXGLAssetLoaderServi - Loading from file system: jar:file:/C:/Users/HP/Documents/fxgl/fxgl-17.1-uber.jar!/fxglassets/ui/fonts/Abel-Regular.ttf
12:33:35.751 [FXGL Background Thread 4 ] DEBUG FXGLAssetLoaderServi - Loading from file system: jar:file:/C:/Users/HP/Documents/fxgl/fxgl-17.1-uber.jar!/fxglassets/ui/fonts/TerminalLandMono-Regular.otf
12:33:35.763 [FXGL Background Thread 4 ] DEBUG FXGLAssetLoaderServi - Loading from file system: jar:file:/C:/Users/HP/Documents/fxgl/fxgl-17.1-uber.jar!/fxglassets/ui/fonts/Courier-Prime.ttf
12:33:35.858 [JavaFX Application Thread] DEBUG AudioPlayer          - Playing music com.almasb.fxgl.audio.Music@750c0353
12:33:35.859 [JavaFX Application Thread] DEBUG FXGLAssetLoaderServi - Loading from file system: jar:file:/C:/Users/HP/Documents/fxgl/fxgl-17.1-uber.jar!/fxglassets/textures/fxgl_icon.png
12:33:35.887 [JavaFX Application Thread] DEBUG FXGLAssetLoaderServi - Loading from file system: jar:file:/C:/Users/HP/Documents/fxgl/fxgl-17.1-uber.jar!/fxglassets/textures/fxgl_default_cursor.png
12:33:35.892 [JavaFX Application Thread] DEBUG Input                - Registered new binding: Screenshot - CTRL+8
12:33:35.893 [JavaFX Application Thread] DEBUG Input                - Registered new binding: System info dump - CTRL+9
12:33:35.894 [JavaFX Application Thread] DEBUG Input                - Registered new binding: Restart - CTRL+R
12:33:35.896 [JavaFX Application Thread] DEBUG Input                - Registered new binding: Toggle Debug Camera - CTRL+7
12:33:35.899 [JavaFX Application Thread] DEBUG LoopRunner           - Starting loop
12:33:35.899 [JavaFX Application Thread] DEBUG LoopRunner           - Initializing JavaFX AnimationTimerLoop
12:33:35.902 [JavaFX Application Thread] DEBUG GameApplicationServi - Starting new game
12:33:35.903 [JavaFX Application Thread] DEBUG Input                - Clearing active input actions
12:33:35.923 [JavaFX Application Thread] DEBUG GameApplicationServi - Removing overlay from FXGLStartupScene and adding to FXGLLoadingScene
12:33:35.924 [JavaFX Application Thread] DEBUG PrimaryStageWindow   - FXGLStartupScene -> FXGLLoadingScene
12:33:35.924 [JavaFX Application Thread] DEBUG GameApplicationServi - Clearing previous game
12:33:35.924 [JavaFX Application Thread] DEBUG GameScene            - Clearing game scene
12:33:35.924 [JavaFX Application Thread] DEBUG GameWorld            - Clearing game world
12:33:35.925 [JavaFX Application Thread] DEBUG PhysicsWorld         - Clearing physics world
12:33:35.927 [JavaFX Application Thread] DEBUG FXGLApplication      - Registering font factories with UI factory
12:33:35.927 [FXGL Background Thread 4 ] DEBUG FXGLApplication      - Initializing game
12:33:35.972 [FXGL Background Thread 4 ] WARN  TMXLevelLoader       - TiledMap generated from 1.8.4. Supported version: 1.4.2. Some features may not be parsed fully.
12:33:36.018 [FXGL Background Thread 4 ] DEBUG TMXLevelLoader       - Parsed TiledMap: file:/C:/Users/HP/git/giocoInformatica1/bin/assets/levels/tmx/level1.tmx
12:33:36.021 [FXGL Background Thread 4 ] DEBUG TMXLevelLoader       - Creating tile layer entities
12:33:36.023 [FXGL Background Thread 4 ] DEBUG TilesetLoader        - Loading view for layer Terreno
12:33:36.062 [FXGL Background Thread 4 ] DEBUG TilesetLoader        - Created buffer with size 4900.0x5600.0
12:33:36.083 [FXGL Background Thread 4 ] DEBUG TilesetLoader        - Loading view for layer Decorazioni
12:33:36.118 [FXGL Background Thread 4 ] DEBUG TilesetLoader        - Created buffer with size 4900.0x5600.0
12:33:36.128 [FXGL Background Thread 4 ] DEBUG TilesetLoader        - Loading view for layer Piattaforme
12:33:36.163 [FXGL Background Thread 4 ] DEBUG TilesetLoader        - Created buffer with size 4900.0x5600.0
12:33:36.167 [FXGL Background Thread 4 ] DEBUG TilesetLoader        - Loading view for layer Spine
12:33:36.201 [FXGL Background Thread 4 ] DEBUG TilesetLoader        - Created buffer with size 4900.0x5600.0
12:33:36.203 [FXGL Background Thread 4 ] DEBUG TMXLevelLoader       - Creating object layer entities
12:33:36.251 [FXGL Background Thread 4 ] DEBUG FXGLAssetLoaderServi - Loading from file system: file:/C:/Users/HP/git/giocoInformatica1/bin/assets/textures/box.png
12:33:36.299 [FXGL Background Thread 4 ] DEBUG FXGLAssetLoaderServi - Loading from file system: file:/C:/Users/HP/git/giocoInformatica1/bin/assets/textures/enemies/Skeleton/Idle.png
12:33:36.303 [FXGL Background Thread 4 ] DEBUG FXGLAssetLoaderServi - Loading from file system: file:/C:/Users/HP/git/giocoInformatica1/bin/assets/textures/enemies/Skeleton/Walk.png
12:33:36.307 [FXGL Background Thread 4 ] DEBUG FXGLAssetLoaderServi - Loading from file system: file:/C:/Users/HP/git/giocoInformatica1/bin/assets/textures/enemies/Skeleton/Attack.png
12:33:36.329 [FXGL Background Thread 4 ] DEBUG FXGLAssetLoaderServi - Loading from file system: file:/C:/Users/HP/git/giocoInformatica1/bin/assets/textures/bonfire.png
12:33:36.330 [FXGL Background Thread 4 ] DEBUG FXGLAssetLoaderServi - Loading from file system: file:/C:/Users/HP/git/giocoInformatica1/bin/assets/textures/bonfire_animation.png
12:33:36.334 [FXGL Background Thread 4 ] DEBUG GameWorld            - Clearing removable entities
12:33:36.335 [FXGL Background Thread 4 ] DEBUG GameWorld            - Setting level: com.almasb.fxgl.entity.level.Level@2679e848
12:33:36.365 [FXGL Background Thread 4 ] DEBUG FXGLAssetLoaderServi - Loading from file system: file:/C:/Users/HP/git/giocoInformatica1/bin/assets/textures/health/empty_health.png
12:33:36.366 [FXGL Background Thread 4 ] DEBUG FXGLAssetLoaderServi - Loading from file system: file:/C:/Users/HP/git/giocoInformatica1/bin/assets/textures/health/half_health.png
12:33:36.367 [FXGL Background Thread 4 ] DEBUG FXGLAssetLoaderServi - Loading from file system: file:/C:/Users/HP/git/giocoInformatica1/bin/assets/textures/health/full_health.png
12:33:36.373 [FXGL Background Thread 4 ] DEBUG FXGLAssetLoaderServi - Loading from file system: file:/C:/Users/HP/git/giocoInformatica1/bin/assets/textures/player/_Idle.png
12:33:36.381 [FXGL Background Thread 4 ] DEBUG FXGLAssetLoaderServi - Loading from file system: file:/C:/Users/HP/git/giocoInformatica1/bin/assets/textures/player/_Run.png
12:33:36.386 [FXGL Background Thread 4 ] DEBUG FXGLAssetLoaderServi - Loading from file system: file:/C:/Users/HP/git/giocoInformatica1/bin/assets/textures/player/_Jump.png
12:33:36.387 [FXGL Background Thread 4 ] DEBUG FXGLAssetLoaderServi - Loading from file system: file:/C:/Users/HP/git/giocoInformatica1/bin/assets/textures/player/_Fall.png
12:33:36.389 [FXGL Background Thread 4 ] DEBUG FXGLAssetLoaderServi - Loading from file system: file:/C:/Users/HP/git/giocoInformatica1/bin/assets/textures/player/_WallSlide.png
12:33:36.393 [FXGL Background Thread 4 ] DEBUG FXGLAssetLoaderServi - Loading from file system: file:/C:/Users/HP/git/giocoInformatica1/bin/assets/textures/player/_Attack.png
12:33:36.400 [FXGL Background Thread 4 ] DEBUG FXGLAssetLoaderServi - Loading from file system: file:/C:/Users/HP/git/giocoInformatica1/bin/assets/textures/background/forest.png
12:33:36.420 [FXGL Background Thread 4 ] DEBUG FXGLAssetLoaderServi - Loading from file system: file:/C:/Users/HP/git/giocoInformatica1/bin/assets/textures/background/Sfondo_castello.png
12:33:36.627 [FXGL Background Thread 4 ] INFO  FXGLApplication      - Game initialization took: 0,699 sec
12:33:37.254 [JavaFX Application Thread] DEBUG Input                - Clearing active input actions
12:33:37.268 [JavaFX Application Thread] DEBUG GameApplicationServi - Removing overlay from FXGLLoadingScene and adding to GameScene
12:33:37.268 [JavaFX Application Thread] DEBUG PrimaryStageWindow   - FXGLLoadingScene -> GameScene
12:33:38.605 [FXGL Background Thread 3 ] DEBUG Engine               - Logging environment variables
12:33:38.605 [FXGL Background Thread 3 ] DEBUG Engine               - achievements: []
12:33:38.605 [FXGL Background Thread 3 ] DEBUG Engine               - actualHeight: 900.0
12:33:38.606 [FXGL Background Thread 3 ] DEBUG Engine               - actualHeightProperty: ReadOnlyDoubleProperty [value: 900.0]
12:33:38.606 [FXGL Background Thread 3 ] DEBUG Engine               - actualWidth: 1280.0
12:33:38.606 [FXGL Background Thread 3 ] DEBUG Engine               - actualWidthProperty: ReadOnlyDoubleProperty [value: 1280.0]
12:33:38.607 [FXGL Background Thread 3 ] DEBUG Engine               - appIcon: fxgl_icon.png
12:33:38.607 [FXGL Background Thread 3 ] DEBUG Engine               - applicationMode: DEVELOPER
12:33:38.607 [FXGL Background Thread 3 ] DEBUG Engine               - cSSList: [fxgl_dark.css]
12:33:38.607 [FXGL Background Thread 3 ] DEBUG Engine               - collisionDetectionStrategy: BRUTE_FORCE
12:33:38.607 [FXGL Background Thread 3 ] DEBUG Engine               - configClass: Optional.empty
12:33:38.607 [FXGL Background Thread 3 ] DEBUG Engine               - credits: []
12:33:38.608 [FXGL Background Thread 3 ] DEBUG Engine               - defaultCursor: CursorInfo(imageName=fxgl_default_cursor.png, hotspotX=7.0, hotspotY=6.0)
12:33:38.608 [FXGL Background Thread 3 ] DEBUG Engine               - devBBoxColorProperty: ObjectProperty [value: 0xff0000ff]
12:33:38.608 [FXGL Background Thread 3 ] DEBUG Engine               - devEnableDebugCameraProperty: BooleanProperty [value: false]
12:33:38.608 [FXGL Background Thread 3 ] DEBUG Engine               - devSensorColorProperty: ObjectProperty [value: 0xffff00ff]
12:33:38.608 [FXGL Background Thread 3 ] DEBUG Engine               - devShowBBoxProperty: BooleanProperty [value: false]
12:33:38.608 [FXGL Background Thread 3 ] DEBUG Engine               - devShowPositionProperty: BooleanProperty [value: false]
12:33:38.608 [FXGL Background Thread 3 ] DEBUG Engine               - enabledMenuItems: []
12:33:38.608 [FXGL Background Thread 3 ] DEBUG Engine               - engineServices: [class com.almasb.fxgl.app.services.FXGLAssetLoaderService, class com.almasb.fxgl.app.FXGLApplication$GameApplicationService, class com.almasb.fxgl.app.services.FXGLDialogService, class com.almasb.fxgl.app.services.IOTaskExecutorService, class com.almasb.fxgl.io.FileSystemService, class com.almasb.fxgl.localization.LocalizationService, class com.almasb.fxgl.app.services.SystemBundleService, class com.almasb.fxgl.profile.SaveLoadService, class com.almasb.fxgl.ui.FXGLUIFactoryServiceProvider, class com.almasb.fxgl.ui.FXGLDialogFactoryServiceProvider, class com.almasb.fxgl.audio.AudioPlayer, class com.almasb.fxgl.notification.impl.NotificationServiceProvider, class com.almasb.fxgl.achievement.AchievementService, class com.almasb.fxgl.cutscene.CutsceneService, class com.almasb.fxgl.minigames.MiniGameService, class com.almasb.fxgl.net.NetService, class com.almasb.fxgl.app.services.UpdaterService, class com.almasb.fxgl.dev.DevService]
12:33:38.608 [FXGL Background Thread 3 ] DEBUG Engine               - fontGame: Abel-Regular.ttf
12:33:38.608 [FXGL Background Thread 3 ] DEBUG Engine               - fontMono: TerminalLandMono-Regular.otf
12:33:38.608 [FXGL Background Thread 3 ] DEBUG Engine               - fontText: Courier-Prime.ttf
12:33:38.608 [FXGL Background Thread 3 ] DEBUG Engine               - fontUI: VarelaRound-Regular.ttf
12:33:38.610 [FXGL Background Thread 3 ] DEBUG Engine               - fullScreen: BooleanProperty [value: false]
12:33:38.610 [FXGL Background Thread 3 ] DEBUG Engine               - gameDifficulty: MEDIUM
12:33:38.610 [FXGL Background Thread 3 ] DEBUG Engine               - gameDifficultyProperty: ObjectProperty [value: MEDIUM]
12:33:38.610 [FXGL Background Thread 3 ] DEBUG Engine               - globalMusicVolume: 0.5
12:33:38.611 [FXGL Background Thread 3 ] DEBUG Engine               - globalMusicVolumeProperty: DoubleProperty [value: 0.25]
12:33:38.611 [FXGL Background Thread 3 ] DEBUG Engine               - globalSoundVolume: 0.5
12:33:38.611 [FXGL Background Thread 3 ] DEBUG Engine               - globalSoundVolumeProperty: DoubleProperty [value: 0.5]
12:33:38.611 [FXGL Background Thread 3 ] DEBUG Engine               - height: 900
12:33:38.611 [FXGL Background Thread 3 ] DEBUG Engine               - is3D: false
12:33:38.611 [FXGL Background Thread 3 ] DEBUG Engine               - isAndroid: false
12:33:38.611 [FXGL Background Thread 3 ] DEBUG Engine               - isBrowser: false
12:33:38.612 [FXGL Background Thread 3 ] DEBUG Engine               - isClickFeedbackEnabled: false
12:33:38.612 [FXGL Background Thread 3 ] DEBUG Engine               - isCloseConfirmation: false
12:33:38.612 [FXGL Background Thread 3 ] DEBUG Engine               - isDesktop: true
12:33:38.612 [FXGL Background Thread 3 ] DEBUG Engine               - isDeveloperMenuEnabled: false
12:33:38.612 [FXGL Background Thread 3 ] DEBUG Engine               - isEmbedded: false
12:33:38.612 [FXGL Background Thread 3 ] DEBUG Engine               - isEntityPreloadEnabled: true
12:33:38.613 [FXGL Background Thread 3 ] DEBUG Engine               - isExperimentalTiledLargeMap: false
12:33:38.613 [FXGL Background Thread 3 ] DEBUG Engine               - isFileSystemWriteAllowed: true
12:33:38.613 [FXGL Background Thread 3 ] DEBUG Engine               - isFullScreenAllowed: false
12:33:38.613 [FXGL Background Thread 3 ] DEBUG Engine               - isFullScreenFromStart: false
12:33:38.613 [FXGL Background Thread 3 ] DEBUG Engine               - isGameMenuEnabled: true
12:33:38.613 [FXGL Background Thread 3 ] DEBUG Engine               - isIOS: false
12:33:38.613 [FXGL Background Thread 3 ] DEBUG Engine               - isIntroEnabled: false
12:33:38.613 [FXGL Background Thread 3 ] DEBUG Engine               - isLinux: false
12:33:38.613 [FXGL Background Thread 3 ] DEBUG Engine               - isMac: false
12:33:38.613 [FXGL Background Thread 3 ] DEBUG Engine               - isMainMenuEnabled: false
12:33:38.613 [FXGL Background Thread 3 ] DEBUG Engine               - isManualResizeEnabled: false
12:33:38.613 [FXGL Background Thread 3 ] DEBUG Engine               - isMobile: false
12:33:38.613 [FXGL Background Thread 3 ] DEBUG Engine               - isNative: false
12:33:38.614 [FXGL Background Thread 3 ] DEBUG Engine               - isPauseMusicWhenMinimized: true
12:33:38.614 [FXGL Background Thread 3 ] DEBUG Engine               - isPreserveResizeRatio: false
12:33:38.614 [FXGL Background Thread 3 ] DEBUG Engine               - isProfilingEnabled: false
12:33:38.614 [FXGL Background Thread 3 ] DEBUG Engine               - isScaleAffectedOnResize: true
12:33:38.614 [FXGL Background Thread 3 ] DEBUG Engine               - isSingleStep: false
12:33:38.614 [FXGL Background Thread 3 ] DEBUG Engine               - isUserProfileEnabled: false
12:33:38.614 [FXGL Background Thread 3 ] DEBUG Engine               - isWindows: true
12:33:38.614 [FXGL Background Thread 3 ] DEBUG Engine               - language: ObjectProperty [value: ENGLISH]
12:33:38.614 [FXGL Background Thread 3 ] DEBUG Engine               - menuKey: ESCAPE
12:33:38.614 [FXGL Background Thread 3 ] DEBUG Engine               - mouseSensitivity: 0.2
12:33:38.614 [FXGL Background Thread 3 ] DEBUG Engine               - notificationViewClass: class com.almasb.fxgl.notification.view.XboxNotificationView
12:33:38.615 [FXGL Background Thread 3 ] DEBUG Engine               - pixelsPerMeter: 50.0
12:33:38.615 [FXGL Background Thread 3 ] DEBUG Engine               - platform: WINDOWS
12:33:38.615 [FXGL Background Thread 3 ] DEBUG Engine               - prefHeightProperty: ReadOnlyDoubleProperty [value: 900.0]
12:33:38.616 [FXGL Background Thread 3 ] DEBUG Engine               - prefWidthProperty: ReadOnlyDoubleProperty [value: 1280.0]
12:33:38.616 [FXGL Background Thread 3 ] DEBUG Engine               - profileDir: profiles/
12:33:38.616 [FXGL Background Thread 3 ] DEBUG Engine               - profileName: StringProperty [value: DEFAULT]
12:33:38.616 [FXGL Background Thread 3 ] DEBUG Engine               - randomSeed: -1
12:33:38.617 [FXGL Background Thread 3 ] DEBUG Engine               - runtimeInfo: RuntimeInfo(platform=WINDOWS, version=17.1, build=24.03.2022 17.39)
12:33:38.617 [FXGL Background Thread 3 ] DEBUG Engine               - saveFileExt: sav
12:33:38.617 [FXGL Background Thread 3 ] DEBUG Engine               - scaledHeightProp$fxgl: DoubleProperty [bound, value: 900.0]
12:33:38.617 [FXGL Background Thread 3 ] DEBUG Engine               - scaledWidthProp$fxgl: DoubleProperty [bound, value: 1280.0]
12:33:38.617 [FXGL Background Thread 3 ] DEBUG Engine               - sceneFactory: com.almasb.fxgl.app.scene.SceneFactory@7be25d9e
12:33:38.617 [FXGL Background Thread 3 ] DEBUG Engine               - secondsIn24h: 60
12:33:38.618 [FXGL Background Thread 3 ] DEBUG Engine               - soundMenuBack: menu/back.wav
12:33:38.618 [FXGL Background Thread 3 ] DEBUG Engine               - soundMenuPress: menu/press.wav
12:33:38.618 [FXGL Background Thread 3 ] DEBUG Engine               - soundMenuSelect: menu/select.wav
12:33:38.618 [FXGL Background Thread 3 ] DEBUG Engine               - soundNotification: core/notification.wav
12:33:38.618 [FXGL Background Thread 3 ] DEBUG Engine               - stageStyle: DECORATED
12:33:38.618 [FXGL Background Thread 3 ] DEBUG Engine               - supportedLanguages: [ENGLISH, FRENCH, GERMAN, HUNGARIAN, RUSSIAN]
12:33:38.619 [FXGL Background Thread 3 ] DEBUG Engine               - ticksPerSecond: -1
12:33:38.619 [FXGL Background Thread 3 ] DEBUG Engine               - title: platformer
12:33:38.619 [FXGL Background Thread 3 ] DEBUG Engine               - urlGithub: https://github.com/AlmasB/FXGL
12:33:38.619 [FXGL Background Thread 3 ] DEBUG Engine               - urlLeaderboard: http://fxgl-top.herokuapp.com/
12:33:38.619 [FXGL Background Thread 3 ] DEBUG Engine               - urlPOM: https://raw.githubusercontent.com/AlmasB/FXGL/release/README.md
12:33:38.620 [FXGL Background Thread 3 ] DEBUG Engine               - userAppClass: class game.PlatformerApp
12:33:38.620 [FXGL Background Thread 3 ] DEBUG Engine               - version: 0.0
12:33:38.620 [FXGL Background Thread 3 ] DEBUG Engine               - versionCheckDays: 7
12:33:38.621 [FXGL Background Thread 3 ] DEBUG Engine               - width: 1280
12:33:38.621 [FXGL Background Thread 3 ] DEBUG Engine               - Logging services
12:33:38.621 [FXGL Background Thread 3 ] DEBUG Engine               - class com.almasb.fxgl.app.services.FXGLAssetLoaderService
12:33:38.622 [FXGL Background Thread 3 ] DEBUG Engine               - class com.almasb.fxgl.app.FXGLApplication$GameApplicationService
12:33:38.622 [FXGL Background Thread 3 ] DEBUG Engine               - class com.almasb.fxgl.app.services.FXGLDialogService
12:33:38.622 [FXGL Background Thread 3 ] DEBUG Engine               - class com.almasb.fxgl.app.services.IOTaskExecutorService
12:33:38.622 [FXGL Background Thread 3 ] DEBUG Engine               - class com.almasb.fxgl.io.FileSystemService
12:33:38.623 [FXGL Background Thread 3 ] DEBUG Engine               - class com.almasb.fxgl.localization.LocalizationService
12:33:38.623 [FXGL Background Thread 3 ] DEBUG Engine               - class com.almasb.fxgl.app.services.SystemBundleService
12:33:38.623 [FXGL Background Thread 3 ] DEBUG Engine               - class com.almasb.fxgl.profile.SaveLoadService
12:33:38.623 [FXGL Background Thread 3 ] DEBUG Engine               - class com.almasb.fxgl.ui.FXGLUIFactoryServiceProvider
12:33:38.623 [FXGL Background Thread 3 ] DEBUG Engine               - class com.almasb.fxgl.ui.FXGLDialogFactoryServiceProvider
12:33:38.624 [FXGL Background Thread 3 ] DEBUG Engine               - class com.almasb.fxgl.audio.AudioPlayer
12:33:38.624 [FXGL Background Thread 3 ] DEBUG Engine               - class com.almasb.fxgl.notification.impl.NotificationServiceProvider
12:33:38.624 [FXGL Background Thread 3 ] DEBUG Engine               - class com.almasb.fxgl.achievement.AchievementService
12:33:38.624 [FXGL Background Thread 3 ] DEBUG Engine               - class com.almasb.fxgl.cutscene.CutsceneService
12:33:38.624 [FXGL Background Thread 3 ] DEBUG Engine               - class com.almasb.fxgl.minigames.MiniGameService
12:33:38.625 [FXGL Background Thread 3 ] DEBUG Engine               - class com.almasb.fxgl.net.NetService
12:33:38.625 [FXGL Background Thread 3 ] DEBUG Engine               - class com.almasb.fxgl.app.services.UpdaterService
12:33:38.625 [FXGL Background Thread 3 ] DEBUG Engine               - class com.almasb.fxgl.dev.DevService
12:33:40.730 [JavaFX Application Thread] DEBUG FXGLApplication      - Exiting FXGL
12:33:40.730 [JavaFX Application Thread] DEBUG LoopRunner           - Stopping loop
12:33:40.730 [JavaFX Application Thread] DEBUG SystemBundleService  - Saving FXGL system data
12:33:40.733 [JavaFX Application Thread] DEBUG FileSystemAccess     - Writing to: C:\Users\HP\git\giocoInformatica1\system\fxgl.bundle
12:33:40.736 [JavaFX Application Thread] DEBUG Async                - Shutting down background threads
12:33:40.736 [JavaFX Application Thread] DEBUG PrimaryStageWindow   - Closing main window
12:33:40.748 [JavaFX Application Thread] DEBUG Logger               - Closing Logger
