18:24:52.331 [main                     ] DEBUG Logger               - Configured Logger
18:24:52.358 [main                     ] DEBUG GameApplication      - Logging settings
Title: platformer
Version: 0.0
Width: 1920
Height: 1080
Fullscreen: false
Intro: false
Profiling: false
Single step:false
App Mode: DEVELOPER
Menu Key: ESCAPE
Stage Style: DECORATED
Scene Factory: class game.PlatformerApp$1

18:24:52.688 [JavaFX Application Thread] DEBUG FXGLApplication      - Initializing FXGL
18:24:52.693 [JavaFX Application Thread] INFO  Engine               - FXGL-17.1 (24.03.2022 17.39) on WINDOWS (J:17.0.1 FX:18)
18:24:52.693 [JavaFX Application Thread] DEBUG Engine               - JRE Vendor Name: Eclipse Adoptium
18:24:52.694 [JavaFX Application Thread] DEBUG Engine               - Running on OS: Windows 10 version 10.0
18:24:52.694 [JavaFX Application Thread] DEBUG Engine               - Architecture: amd64
18:24:52.694 [JavaFX Application Thread] INFO  Engine               - Source code and latest versions at: https://github.com/AlmasB/FXGL
18:24:52.694 [JavaFX Application Thread] INFO  Engine               -       Ask questions and discuss at: https://github.com/AlmasB/FXGL/discussions
18:24:52.694 [JavaFX Application Thread] INFO  Engine               -              Join the FXGL chat at: https://gitter.im/AlmasB/FXGL
18:24:52.786 [JavaFX Application Thread] DEBUG PrimaryStageWindow   - Creating a JavaFX scene
18:24:52.826 [JavaFX Application Thread] DEBUG PrimaryStageWindow   - Target settings size: 1920.0 x 1080.0
18:24:52.827 [JavaFX Application Thread] DEBUG PrimaryStageWindow   - Scaled scene size:    1920.0 x 1080.0
18:24:52.827 [JavaFX Application Thread] DEBUG PrimaryStageWindow   - Scaled ratio: (1.0, 1.0)
18:24:52.828 [JavaFX Application Thread] DEBUG PrimaryStageWindow   - Set initial scene to FXGLStartupScene
18:24:52.835 [JavaFX Application Thread] DEBUG PrimaryStageWindow   - Opening main window
18:24:52.924 [JavaFX Application Thread] DEBUG PrimaryStageWindow   - Window border size: (16.0, 39.0)
18:24:52.924 [JavaFX Application Thread] DEBUG PrimaryStageWindow   - Scaled size: 1920.0 x 1080.0
18:24:52.924 [JavaFX Application Thread] DEBUG PrimaryStageWindow   - Scaled ratio: (1.0, 1.0)
18:24:52.925 [JavaFX Application Thread] DEBUG PrimaryStageWindow   - Scene size: 1920.0 x 1080.0
18:24:52.925 [JavaFX Application Thread] DEBUG PrimaryStageWindow   - Stage size: 1936.0 x 1119.0
18:24:52.933 [FXGL Background Thread 1 ] DEBUG Engine               - Initializing environment variables
18:24:52.969 [FXGL Background Thread 1 ] DEBUG FXGLAssetLoaderServi - User app class for loading assets: class game.PlatformerApp
18:24:52.969 [FXGL Background Thread 1 ] DEBUG GameApplicationServi - Applying CSS: fxgl_dark.css
18:24:52.970 [FXGL Background Thread 1 ] DEBUG FXGLAssetLoaderServi - Loading from file system: jar:file:/C:/Users/HP/Documents/fxgl/fxgl-17.1-uber.jar!/fxglassets/ui/css/fxgl_dark.css
18:24:53.005 [FXGL Background Thread 1 ] DEBUG GameApplicationServi - Initializing application scenes
18:24:53.047 [FXGL Background Thread 1 ] DEBUG GameWorld            - Game world initialized
18:24:53.098 [FXGL Background Thread 1 ] DEBUG PhysicsWorld         - Physics world initialized: appHeight=1080, physics.ppm=50,0
18:24:53.098 [FXGL Background Thread 1 ] DEBUG PhysicsWorld         - Using strategy: BRUTE_FORCE
18:24:53.102 [FXGL Background Thread 1 ] DEBUG GameScene            - Game scene initialized: 1920x1080
18:24:53.166 [FXGL Background Thread 1 ] DEBUG GameApplicationServi - Application scenes initialized
18:24:53.188 [FXGL Background Thread 1 ] DEBUG SystemBundleService  - Loading FXGL system data
18:24:53.193 [FXGL Background Thread 1 ] DEBUG FileSystemAccess     - Reading from: C:\Users\HP\git\giocoInformatica10111\system\fxgl.bundle
18:24:53.199 [FXGL Background Thread 1 ] DEBUG SystemBundleService  - Bundle FXGL: {}
18:24:53.200 [FXGL Background Thread 1 ] DEBUG UpdaterService       - Checking for updates
18:24:53.232 [FXGL Background Thread 4 ] DEBUG FXGLApplication      - Loading fonts
18:24:53.232 [FXGL Background Thread 4 ] DEBUG FXGLAssetLoaderServi - Loading from file system: jar:file:/C:/Users/HP/Documents/fxgl/fxgl-17.1-uber.jar!/fxglassets/ui/fonts/VarelaRound-Regular.ttf
18:24:53.232 [FXGL Background Thread 1 ] DEBUG FXGLApplication      - Loading default localization
18:24:53.233 [FXGL Background Thread 1 ] DEBUG FXGLAssetLoaderServi - Loading from file system: jar:file:/C:/Users/HP/Documents/fxgl/fxgl-17.1-uber.jar!/fxglassets/languages/english.lang
18:24:53.253 [FXGL Background Thread 1 ] INFO  FXGLApplication      - FXGL initialization took: 0,319 sec
18:24:53.261 [JavaFX Application Thread] DEBUG Input                - Registered new binding: Left - A
18:24:53.261 [JavaFX Application Thread] DEBUG Input                - Registered new binding: Right - D
18:24:53.261 [JavaFX Application Thread] DEBUG Input                - Registered new binding: Jump - Space
18:24:53.261 [JavaFX Application Thread] DEBUG Input                - Registered new binding: Attack - F
18:24:53.262 [JavaFX Application Thread] DEBUG FXGLAssetLoaderServi - Loading from file system: file:/C:/Users/HP/git/giocoInformatica10111/bin/assets/music/BGM_dash_runner.wav
18:24:53.302 [FXGL Background Thread 4 ] DEBUG FXGLAssetLoaderServi - Loading from file system: jar:file:/C:/Users/HP/Documents/fxgl/fxgl-17.1-uber.jar!/fxglassets/ui/fonts/Abel-Regular.ttf
18:24:53.309 [FXGL Background Thread 4 ] DEBUG FXGLAssetLoaderServi - Loading from file system: jar:file:/C:/Users/HP/Documents/fxgl/fxgl-17.1-uber.jar!/fxglassets/ui/fonts/TerminalLandMono-Regular.otf
18:24:53.318 [FXGL Background Thread 4 ] DEBUG FXGLAssetLoaderServi - Loading from file system: jar:file:/C:/Users/HP/Documents/fxgl/fxgl-17.1-uber.jar!/fxglassets/ui/fonts/Courier-Prime.ttf
18:24:53.392 [JavaFX Application Thread] DEBUG AudioPlayer          - Playing music com.almasb.fxgl.audio.Music@1c9424eb
18:24:53.393 [JavaFX Application Thread] DEBUG FXGLAssetLoaderServi - Loading from file system: jar:file:/C:/Users/HP/Documents/fxgl/fxgl-17.1-uber.jar!/fxglassets/textures/fxgl_icon.png
18:24:53.422 [JavaFX Application Thread] DEBUG FXGLAssetLoaderServi - Loading from file system: jar:file:/C:/Users/HP/Documents/fxgl/fxgl-17.1-uber.jar!/fxglassets/textures/fxgl_default_cursor.png
18:24:53.424 [JavaFX Application Thread] DEBUG Input                - Registered new binding: Screenshot - CTRL+8
18:24:53.425 [JavaFX Application Thread] DEBUG Input                - Registered new binding: Dev Options - 1
18:24:53.425 [JavaFX Application Thread] DEBUG Input                - Registered new binding: Dev Console - 2
18:24:53.426 [JavaFX Application Thread] DEBUG Input                - Registered new binding: System info dump - CTRL+9
18:24:53.426 [JavaFX Application Thread] DEBUG Input                - Registered new binding: Restart - CTRL+R
18:24:53.427 [JavaFX Application Thread] DEBUG Input                - Registered new binding: Toggle Debug Camera - CTRL+7
18:24:53.430 [JavaFX Application Thread] DEBUG LoopRunner           - Starting loop
18:24:53.448 [JavaFX Application Thread] DEBUG LoopRunner           - Initializing JavaFX AnimationTimerLoop
18:24:53.450 [JavaFX Application Thread] DEBUG Input                - Clearing active input actions
18:24:53.456 [JavaFX Application Thread] DEBUG GameApplicationServi - Removing overlay from FXGLStartupScene and adding to FXGLMainMenuDummyScene
18:24:53.462 [JavaFX Application Thread] DEBUG PrimaryStageWindow   - FXGLStartupScene -> FXGLMainMenuDummyScene
18:24:53.462 [JavaFX Application Thread] DEBUG PrimaryStageWindow   - Push state: PlatformerMainMenu
18:24:53.462 [JavaFX Application Thread] DEBUG Input                - Clearing active input actions
18:24:53.466 [JavaFX Application Thread] DEBUG GameApplicationServi - Removing overlay from FXGLMainMenuDummyScene and adding to PlatformerMainMenu
18:24:53.468 [JavaFX Application Thread] DEBUG PrimaryStageWindow   - FXGLMainMenuDummyScene -> PlatformerMainMenu
18:24:53.468 [JavaFX Application Thread] DEBUG FXGLApplication      - Registering font factories with UI factory
18:24:54.789 [JavaFX Application Thread] DEBUG Menu                 - fireNewGame()
18:24:54.789 [JavaFX Application Thread] DEBUG GameApplicationServi - Starting new game
18:24:54.790 [JavaFX Application Thread] DEBUG PrimaryStageWindow   - Pop state: PlatformerMainMenu
18:24:54.790 [JavaFX Application Thread] DEBUG Input                - Clearing active input actions
18:24:54.791 [JavaFX Application Thread] DEBUG GameApplicationServi - Removing overlay from PlatformerMainMenu and adding to FXGLMainMenuDummyScene
18:24:54.793 [JavaFX Application Thread] DEBUG PrimaryStageWindow   - FXGLMainMenuDummyScene <- PlatformerMainMenu
18:24:54.793 [JavaFX Application Thread] DEBUG Input                - Clearing active input actions
18:24:54.797 [JavaFX Application Thread] DEBUG GameApplicationServi - Removing overlay from FXGLMainMenuDummyScene and adding to FXGLLoadingScene
18:24:54.797 [JavaFX Application Thread] DEBUG PrimaryStageWindow   - FXGLMainMenuDummyScene -> FXGLLoadingScene
18:24:54.798 [JavaFX Application Thread] DEBUG GameApplicationServi - Clearing previous game
18:24:54.798 [JavaFX Application Thread] DEBUG GameScene            - Clearing game scene
18:24:54.798 [JavaFX Application Thread] DEBUG GameWorld            - Clearing game world
18:24:54.798 [JavaFX Application Thread] DEBUG PhysicsWorld         - Clearing physics world
18:24:54.801 [FXGL Background Thread 2 ] DEBUG FXGLApplication      - Initializing game
18:24:54.838 [FXGL Background Thread 2 ] WARN  TMXLevelLoader       - TiledMap generated from 1.8.4. Supported version: 1.4.2. Some features may not be parsed fully.
18:24:54.870 [FXGL Background Thread 2 ] DEBUG TMXLevelLoader       - Parsed TiledMap: file:/C:/Users/HP/git/giocoInformatica10111/bin/assets/levels/tmx/level1.tmx
18:24:54.872 [FXGL Background Thread 2 ] DEBUG TMXLevelLoader       - Creating tile layer entities
18:24:54.874 [FXGL Background Thread 2 ] DEBUG TilesetLoader        - Loading view for layer wall 2
18:24:54.882 [FXGL Background Thread 2 ] DEBUG TilesetLoader        - Created buffer with size 2240.0x2560.0
18:24:54.966 [FXGL Background Thread 2 ] WARN  TilesetLoader        - Diagonally flipped tiles are not currently supported
18:24:54.976 [FXGL Background Thread 2 ] WARN  TilesetLoader        - Diagonally flipped tiles are not currently supported
18:24:54.977 [FXGL Background Thread 2 ] WARN  TilesetLoader        - Diagonally flipped tiles are not currently supported
18:24:55.009 [FXGL Background Thread 2 ] WARN  TilesetLoader        - Diagonally flipped tiles are not currently supported
18:24:55.026 [FXGL Background Thread 2 ] WARN  TilesetLoader        - Diagonally flipped tiles are not currently supported
18:24:55.028 [FXGL Background Thread 2 ] DEBUG TilesetLoader        - Loading view for layer wall 1
18:24:55.033 [FXGL Background Thread 2 ] DEBUG TilesetLoader        - Created buffer with size 2240.0x2560.0
18:24:55.048 [FXGL Background Thread 2 ] DEBUG TilesetLoader        - Loading view for layer platforms
18:24:55.056 [FXGL Background Thread 2 ] DEBUG TilesetLoader        - Created buffer with size 2240.0x2560.0
18:24:55.080 [FXGL Background Thread 2 ] DEBUG TilesetLoader        - Loading view for layer spike
18:24:55.085 [FXGL Background Thread 2 ] DEBUG TilesetLoader        - Created buffer with size 2240.0x2560.0
18:24:55.088 [FXGL Background Thread 2 ] DEBUG TilesetLoader        - Loading view for layer ground
18:24:55.089 [FXGL Background Thread 2 ] DEBUG TilesetLoader        - Created buffer with size 2240.0x2560.0
18:24:55.098 [FXGL Background Thread 2 ] DEBUG TMXLevelLoader       - Creating object layer entities
18:24:55.113 [FXGL Background Thread 2 ] DEBUG FXGLAssetLoaderServi - Loading from file system: file:/C:/Users/HP/git/giocoInformatica10111/bin/assets/textures/enemies/Skeleton/Idle.png
18:24:55.114 [FXGL Background Thread 2 ] DEBUG FXGLAssetLoaderServi - Loading from file system: file:/C:/Users/HP/git/giocoInformatica10111/bin/assets/textures/enemies/Skeleton/Walk.png
18:24:55.115 [FXGL Background Thread 2 ] DEBUG FXGLAssetLoaderServi - Loading from file system: file:/C:/Users/HP/git/giocoInformatica10111/bin/assets/textures/enemies/Skeleton/Attack.png
18:24:55.116 [FXGL Background Thread 2 ] DEBUG FXGLAssetLoaderServi - Loading from file system: file:/C:/Users/HP/git/giocoInformatica10111/bin/assets/textures/enemies/Skeleton/Take%20Hit.png
18:24:55.137 [FXGL Background Thread 2 ] DEBUG FXGLAssetLoaderServi - Loading from file system: file:/C:/Users/HP/git/giocoInformatica10111/bin/assets/textures/box.png
18:24:55.151 [FXGL Background Thread 2 ] DEBUG FXGLAssetLoaderServi - Loading from file system: file:/C:/Users/HP/git/giocoInformatica10111/bin/assets/textures/bonfire.png
18:24:55.152 [FXGL Background Thread 2 ] DEBUG FXGLAssetLoaderServi - Loading from file system: file:/C:/Users/HP/git/giocoInformatica10111/bin/assets/textures/bonfire_animation.png
18:24:55.157 [FXGL Background Thread 2 ] DEBUG GameWorld            - Clearing removable entities
18:24:55.157 [FXGL Background Thread 2 ] DEBUG GameWorld            - Setting level: com.almasb.fxgl.entity.level.Level@25f9cc73
18:24:55.168 [FXGL Background Thread 2 ] DEBUG FXGLAssetLoaderServi - Loading from file system: file:/C:/Users/HP/git/giocoInformatica10111/bin/assets/textures/health/empty_health.png
18:24:55.170 [FXGL Background Thread 2 ] DEBUG FXGLAssetLoaderServi - Loading from file system: file:/C:/Users/HP/git/giocoInformatica10111/bin/assets/textures/health/half_health.png
18:24:55.171 [FXGL Background Thread 2 ] DEBUG FXGLAssetLoaderServi - Loading from file system: file:/C:/Users/HP/git/giocoInformatica10111/bin/assets/textures/health/full_health.png
18:24:55.174 [FXGL Background Thread 2 ] DEBUG FXGLAssetLoaderServi - Loading from file system: file:/C:/Users/HP/git/giocoInformatica10111/bin/assets/textures/player/_Idle.png
18:24:55.175 [FXGL Background Thread 2 ] DEBUG FXGLAssetLoaderServi - Loading from file system: file:/C:/Users/HP/git/giocoInformatica10111/bin/assets/textures/player/_Run.png
18:24:55.176 [FXGL Background Thread 2 ] DEBUG FXGLAssetLoaderServi - Loading from file system: file:/C:/Users/HP/git/giocoInformatica10111/bin/assets/textures/player/_Jump.png
18:24:55.177 [FXGL Background Thread 2 ] DEBUG FXGLAssetLoaderServi - Loading from file system: file:/C:/Users/HP/git/giocoInformatica10111/bin/assets/textures/player/_Fall.png
18:24:55.177 [FXGL Background Thread 2 ] DEBUG FXGLAssetLoaderServi - Loading from file system: file:/C:/Users/HP/git/giocoInformatica10111/bin/assets/textures/player/_WallSlide.png
18:24:55.178 [FXGL Background Thread 2 ] DEBUG FXGLAssetLoaderServi - Loading from file system: file:/C:/Users/HP/git/giocoInformatica10111/bin/assets/textures/player/_Attack.png
18:24:55.179 [FXGL Background Thread 2 ] DEBUG FXGLAssetLoaderServi - Loading from file system: file:/C:/Users/HP/git/giocoInformatica10111/bin/assets/textures/player/_TurnAround.png
18:24:55.179 [FXGL Background Thread 2 ] DEBUG FXGLAssetLoaderServi - Loading from file system: file:/C:/Users/HP/git/giocoInformatica10111/bin/assets/textures/player/_Hit.png
18:24:55.180 [FXGL Background Thread 2 ] DEBUG FXGLAssetLoaderServi - Loading from file system: file:/C:/Users/HP/git/giocoInformatica10111/bin/assets/textures/player/_Death.png
18:24:55.183 [FXGL Background Thread 2 ] DEBUG FXGLAssetLoaderServi - Loading from file system: file:/C:/Users/HP/git/giocoInformatica10111/bin/assets/textures/background/background.png
18:24:55.306 [FXGL Background Thread 2 ] INFO  FXGLApplication      - Game initialization took: 0,506 sec
18:24:55.308 [JavaFX Application Thread] DEBUG Input                - Clearing active input actions
18:24:55.313 [JavaFX Application Thread] DEBUG GameApplicationServi - Removing overlay from FXGLLoadingScene and adding to GameScene
18:24:55.315 [JavaFX Application Thread] DEBUG PrimaryStageWindow   - FXGLLoadingScene -> GameScene
18:24:56.231 [FXGL Background Thread 3 ] DEBUG Engine               - Logging environment variables
18:24:56.231 [FXGL Background Thread 3 ] DEBUG Engine               - achievements: []
18:24:56.232 [FXGL Background Thread 3 ] DEBUG Engine               - actualHeight: 1080.0
18:24:56.232 [FXGL Background Thread 3 ] DEBUG Engine               - actualHeightProperty: ReadOnlyDoubleProperty [value: 1080.0]
18:24:56.233 [FXGL Background Thread 3 ] DEBUG Engine               - actualWidth: 1920.0
18:24:56.233 [FXGL Background Thread 3 ] DEBUG Engine               - actualWidthProperty: ReadOnlyDoubleProperty [value: 1920.0]
18:24:56.233 [FXGL Background Thread 3 ] DEBUG Engine               - appIcon: fxgl_icon.png
18:24:56.233 [FXGL Background Thread 3 ] DEBUG Engine               - applicationMode: DEVELOPER
18:24:56.233 [FXGL Background Thread 3 ] DEBUG Engine               - cSSList: [fxgl_dark.css]
18:24:56.233 [FXGL Background Thread 3 ] DEBUG Engine               - collisionDetectionStrategy: BRUTE_FORCE
18:24:56.233 [FXGL Background Thread 3 ] DEBUG Engine               - configClass: Optional.empty
18:24:56.233 [FXGL Background Thread 3 ] DEBUG Engine               - credits: []
18:24:56.234 [FXGL Background Thread 3 ] DEBUG Engine               - defaultCursor: CursorInfo(imageName=fxgl_default_cursor.png, hotspotX=7.0, hotspotY=6.0)
18:24:56.234 [FXGL Background Thread 3 ] DEBUG Engine               - devBBoxColorProperty: ObjectProperty [value: 0xff0000ff]
18:24:56.234 [FXGL Background Thread 3 ] DEBUG Engine               - devEnableDebugCameraProperty: BooleanProperty [value: false]
18:24:56.234 [FXGL Background Thread 3 ] DEBUG Engine               - devSensorColorProperty: ObjectProperty [value: 0xffff00ff]
18:24:56.235 [FXGL Background Thread 3 ] DEBUG Engine               - devShowBBoxProperty: BooleanProperty [value: false]
18:24:56.235 [FXGL Background Thread 3 ] DEBUG Engine               - devShowPositionProperty: BooleanProperty [value: false]
18:24:56.235 [FXGL Background Thread 3 ] DEBUG Engine               - enabledMenuItems: []
18:24:56.235 [FXGL Background Thread 3 ] DEBUG Engine               - engineServices: [class com.almasb.fxgl.app.services.FXGLAssetLoaderService, class com.almasb.fxgl.app.FXGLApplication$GameApplicationService, class com.almasb.fxgl.app.services.FXGLDialogService, class com.almasb.fxgl.app.services.IOTaskExecutorService, class com.almasb.fxgl.io.FileSystemService, class com.almasb.fxgl.localization.LocalizationService, class com.almasb.fxgl.app.services.SystemBundleService, class com.almasb.fxgl.profile.SaveLoadService, class com.almasb.fxgl.ui.FXGLUIFactoryServiceProvider, class com.almasb.fxgl.ui.FXGLDialogFactoryServiceProvider, class com.almasb.fxgl.audio.AudioPlayer, class com.almasb.fxgl.notification.impl.NotificationServiceProvider, class com.almasb.fxgl.achievement.AchievementService, class com.almasb.fxgl.cutscene.CutsceneService, class com.almasb.fxgl.minigames.MiniGameService, class com.almasb.fxgl.net.NetService, class com.almasb.fxgl.app.services.UpdaterService, class com.almasb.fxgl.dev.DevService]
18:24:56.235 [FXGL Background Thread 3 ] DEBUG Engine               - fontGame: Abel-Regular.ttf
18:24:56.235 [FXGL Background Thread 3 ] DEBUG Engine               - fontMono: TerminalLandMono-Regular.otf
18:24:56.235 [FXGL Background Thread 3 ] DEBUG Engine               - fontText: Courier-Prime.ttf
18:24:56.235 [FXGL Background Thread 3 ] DEBUG Engine               - fontUI: VarelaRound-Regular.ttf
18:24:56.235 [FXGL Background Thread 3 ] DEBUG Engine               - fullScreen: BooleanProperty [value: false]
18:24:56.235 [FXGL Background Thread 3 ] DEBUG Engine               - gameDifficulty: MEDIUM
18:24:56.235 [FXGL Background Thread 3 ] DEBUG Engine               - gameDifficultyProperty: ObjectProperty [value: MEDIUM]
18:24:56.235 [FXGL Background Thread 3 ] DEBUG Engine               - globalMusicVolume: 0.5
18:24:56.236 [FXGL Background Thread 3 ] DEBUG Engine               - globalMusicVolumeProperty: DoubleProperty [value: 0.0]
18:24:56.236 [FXGL Background Thread 3 ] DEBUG Engine               - globalSoundVolume: 0.5
18:24:56.236 [FXGL Background Thread 3 ] DEBUG Engine               - globalSoundVolumeProperty: DoubleProperty [value: 0.5]
18:24:56.236 [FXGL Background Thread 3 ] DEBUG Engine               - height: 1080
18:24:56.236 [FXGL Background Thread 3 ] DEBUG Engine               - is3D: false
18:24:56.236 [FXGL Background Thread 3 ] DEBUG Engine               - isAndroid: false
18:24:56.237 [FXGL Background Thread 3 ] DEBUG Engine               - isBrowser: false
18:24:56.237 [FXGL Background Thread 3 ] DEBUG Engine               - isClickFeedbackEnabled: false
18:24:56.237 [FXGL Background Thread 3 ] DEBUG Engine               - isCloseConfirmation: false
18:24:56.237 [FXGL Background Thread 3 ] DEBUG Engine               - isDesktop: true
18:24:56.237 [FXGL Background Thread 3 ] DEBUG Engine               - isDeveloperMenuEnabled: true
18:24:56.237 [FXGL Background Thread 3 ] DEBUG Engine               - isEmbedded: false
18:24:56.237 [FXGL Background Thread 3 ] DEBUG Engine               - isEntityPreloadEnabled: true
18:24:56.237 [FXGL Background Thread 3 ] DEBUG Engine               - isExperimentalTiledLargeMap: false
18:24:56.237 [FXGL Background Thread 3 ] DEBUG Engine               - isFileSystemWriteAllowed: true
18:24:56.237 [FXGL Background Thread 3 ] DEBUG Engine               - isFullScreenAllowed: false
18:24:56.237 [FXGL Background Thread 3 ] DEBUG Engine               - isFullScreenFromStart: false
18:24:56.237 [FXGL Background Thread 3 ] DEBUG Engine               - isGameMenuEnabled: true
18:24:56.237 [FXGL Background Thread 3 ] DEBUG Engine               - isIOS: false
18:24:56.237 [FXGL Background Thread 3 ] DEBUG Engine               - isIntroEnabled: false
18:24:56.238 [FXGL Background Thread 3 ] DEBUG Engine               - isLinux: false
18:24:56.238 [FXGL Background Thread 3 ] DEBUG Engine               - isMac: false
18:24:56.238 [FXGL Background Thread 3 ] DEBUG Engine               - isMainMenuEnabled: true
18:24:56.238 [FXGL Background Thread 3 ] DEBUG Engine               - isManualResizeEnabled: false
18:24:56.238 [FXGL Background Thread 3 ] DEBUG Engine               - isMobile: false
18:24:56.238 [FXGL Background Thread 3 ] DEBUG Engine               - isNative: false
18:24:56.238 [FXGL Background Thread 3 ] DEBUG Engine               - isPauseMusicWhenMinimized: true
18:24:56.238 [FXGL Background Thread 3 ] DEBUG Engine               - isPreserveResizeRatio: false
18:24:56.238 [FXGL Background Thread 3 ] DEBUG Engine               - isProfilingEnabled: false
18:24:56.238 [FXGL Background Thread 3 ] DEBUG Engine               - isScaleAffectedOnResize: true
18:24:56.238 [FXGL Background Thread 3 ] DEBUG Engine               - isSingleStep: false
18:24:56.238 [FXGL Background Thread 3 ] DEBUG Engine               - isUserProfileEnabled: false
18:24:56.238 [FXGL Background Thread 3 ] DEBUG Engine               - isWindows: true
18:24:56.238 [FXGL Background Thread 3 ] DEBUG Engine               - language: ObjectProperty [value: ENGLISH]
18:24:56.238 [FXGL Background Thread 3 ] DEBUG Engine               - menuKey: ESCAPE
18:24:56.239 [FXGL Background Thread 3 ] DEBUG Engine               - mouseSensitivity: 0.2
18:24:56.239 [FXGL Background Thread 3 ] DEBUG Engine               - notificationViewClass: class com.almasb.fxgl.notification.view.XboxNotificationView
18:24:56.239 [FXGL Background Thread 3 ] DEBUG Engine               - pixelsPerMeter: 50.0
18:24:56.239 [FXGL Background Thread 3 ] DEBUG Engine               - platform: WINDOWS
18:24:56.239 [FXGL Background Thread 3 ] DEBUG Engine               - prefHeightProperty: ReadOnlyDoubleProperty [value: 1080.0]
18:24:56.239 [FXGL Background Thread 3 ] DEBUG Engine               - prefWidthProperty: ReadOnlyDoubleProperty [value: 1920.0]
18:24:56.239 [FXGL Background Thread 3 ] DEBUG Engine               - profileDir: profiles/
18:24:56.239 [FXGL Background Thread 3 ] DEBUG Engine               - profileName: StringProperty [value: DEFAULT]
18:24:56.239 [FXGL Background Thread 3 ] DEBUG Engine               - randomSeed: -1
18:24:56.239 [FXGL Background Thread 3 ] DEBUG Engine               - runtimeInfo: RuntimeInfo(platform=WINDOWS, version=17.1, build=24.03.2022 17.39)
18:24:56.239 [FXGL Background Thread 3 ] DEBUG Engine               - saveFileExt: sav
18:24:56.240 [FXGL Background Thread 3 ] DEBUG Engine               - scaledHeightProp$fxgl: DoubleProperty [bound, value: 1080.0]
18:24:56.240 [FXGL Background Thread 3 ] DEBUG Engine               - scaledWidthProp$fxgl: DoubleProperty [bound, value: 1920.0]
18:24:56.240 [FXGL Background Thread 3 ] DEBUG Engine               - sceneFactory: game.PlatformerApp$1@5d72f30c
18:24:56.240 [FXGL Background Thread 3 ] DEBUG Engine               - secondsIn24h: 60
18:24:56.240 [FXGL Background Thread 3 ] DEBUG Engine               - soundMenuBack: menu/back.wav
18:24:56.240 [FXGL Background Thread 3 ] DEBUG Engine               - soundMenuPress: menu/press.wav
18:24:56.240 [FXGL Background Thread 3 ] DEBUG Engine               - soundMenuSelect: menu/select.wav
18:24:56.240 [FXGL Background Thread 3 ] DEBUG Engine               - soundNotification: core/notification.wav
18:24:56.240 [FXGL Background Thread 3 ] DEBUG Engine               - stageStyle: DECORATED
18:24:56.240 [FXGL Background Thread 3 ] DEBUG Engine               - supportedLanguages: [ENGLISH, FRENCH, GERMAN, HUNGARIAN, RUSSIAN]
18:24:56.240 [FXGL Background Thread 3 ] DEBUG Engine               - ticksPerSecond: -1
18:24:56.240 [FXGL Background Thread 3 ] DEBUG Engine               - title: platformer
18:24:56.241 [FXGL Background Thread 3 ] DEBUG Engine               - urlGithub: https://github.com/AlmasB/FXGL
18:24:56.241 [FXGL Background Thread 3 ] DEBUG Engine               - urlLeaderboard: http://fxgl-top.herokuapp.com/
18:24:56.241 [FXGL Background Thread 3 ] DEBUG Engine               - urlPOM: https://raw.githubusercontent.com/AlmasB/FXGL/release/README.md
18:24:56.241 [FXGL Background Thread 3 ] DEBUG Engine               - userAppClass: class game.PlatformerApp
18:24:56.241 [FXGL Background Thread 3 ] DEBUG Engine               - version: 0.0
18:24:56.241 [FXGL Background Thread 3 ] DEBUG Engine               - versionCheckDays: 7
18:24:56.241 [FXGL Background Thread 3 ] DEBUG Engine               - width: 1920
18:24:56.241 [FXGL Background Thread 3 ] DEBUG Engine               - Logging services
18:24:56.241 [FXGL Background Thread 3 ] DEBUG Engine               - class com.almasb.fxgl.app.services.FXGLAssetLoaderService
18:24:56.241 [FXGL Background Thread 3 ] DEBUG Engine               - class com.almasb.fxgl.app.FXGLApplication$GameApplicationService
18:24:56.241 [FXGL Background Thread 3 ] DEBUG Engine               - class com.almasb.fxgl.app.services.FXGLDialogService
18:24:56.241 [FXGL Background Thread 3 ] DEBUG Engine               - class com.almasb.fxgl.app.services.IOTaskExecutorService
18:24:56.241 [FXGL Background Thread 3 ] DEBUG Engine               - class com.almasb.fxgl.io.FileSystemService
18:24:56.241 [FXGL Background Thread 3 ] DEBUG Engine               - class com.almasb.fxgl.localization.LocalizationService
18:24:56.241 [FXGL Background Thread 3 ] DEBUG Engine               - class com.almasb.fxgl.app.services.SystemBundleService
18:24:56.241 [FXGL Background Thread 3 ] DEBUG Engine               - class com.almasb.fxgl.profile.SaveLoadService
18:24:56.241 [FXGL Background Thread 3 ] DEBUG Engine               - class com.almasb.fxgl.ui.FXGLUIFactoryServiceProvider
18:24:56.241 [FXGL Background Thread 3 ] DEBUG Engine               - class com.almasb.fxgl.ui.FXGLDialogFactoryServiceProvider
18:24:56.241 [FXGL Background Thread 3 ] DEBUG Engine               - class com.almasb.fxgl.audio.AudioPlayer
18:24:56.242 [FXGL Background Thread 3 ] DEBUG Engine               - class com.almasb.fxgl.notification.impl.NotificationServiceProvider
18:24:56.242 [FXGL Background Thread 3 ] DEBUG Engine               - class com.almasb.fxgl.achievement.AchievementService
18:24:56.242 [FXGL Background Thread 3 ] DEBUG Engine               - class com.almasb.fxgl.cutscene.CutsceneService
18:24:56.242 [FXGL Background Thread 3 ] DEBUG Engine               - class com.almasb.fxgl.minigames.MiniGameService
18:24:56.242 [FXGL Background Thread 3 ] DEBUG Engine               - class com.almasb.fxgl.net.NetService
18:24:56.242 [FXGL Background Thread 3 ] DEBUG Engine               - class com.almasb.fxgl.app.services.UpdaterService
18:24:56.242 [FXGL Background Thread 3 ] DEBUG Engine               - class com.almasb.fxgl.dev.DevService
18:25:07.477 [JavaFX Application Thread] DEBUG FXGLApplication      - Exiting FXGL
18:25:07.477 [JavaFX Application Thread] DEBUG LoopRunner           - Stopping loop
18:25:07.477 [JavaFX Application Thread] DEBUG SystemBundleService  - Saving FXGL system data
18:25:07.479 [JavaFX Application Thread] DEBUG FileSystemAccess     - Writing to: C:\Users\HP\git\giocoInformatica10111\system\fxgl.bundle
18:25:07.480 [JavaFX Application Thread] DEBUG Async                - Shutting down background threads
18:25:07.480 [JavaFX Application Thread] DEBUG PrimaryStageWindow   - Closing main window
18:25:07.492 [JavaFX Application Thread] DEBUG Logger               - Closing Logger
