11:10:08.100 [main                     ] DEBUG Logger               - Configured Logger
11:10:08.128 [main                     ] DEBUG GameApplication      - Logging settings
Title: platformer
Version: 0.0
Width: 1920
Height: 1080
Fullscreen: false
Intro: false
Profiling: false
Single step:false
App Mode: DEVELOPER
Menu Key: ESCAPE
Stage Style: DECORATED
Scene Factory: class game.PlatformerApp$1

11:10:08.431 [JavaFX Application Thread] DEBUG FXGLApplication      - Initializing FXGL
11:10:08.439 [JavaFX Application Thread] INFO  Engine               - FXGL-17.1 (24.03.2022 17.39) on WINDOWS (J:17.0.1 FX:18)
11:10:08.439 [JavaFX Application Thread] DEBUG Engine               - JRE Vendor Name: Eclipse Adoptium
11:10:08.439 [JavaFX Application Thread] DEBUG Engine               - Running on OS: Windows 10 version 10.0
11:10:08.439 [JavaFX Application Thread] DEBUG Engine               - Architecture: amd64
11:10:08.440 [JavaFX Application Thread] INFO  Engine               - Source code and latest versions at: https://github.com/AlmasB/FXGL
11:10:08.440 [JavaFX Application Thread] INFO  Engine               -       Ask questions and discuss at: https://github.com/AlmasB/FXGL/discussions
11:10:08.440 [JavaFX Application Thread] INFO  Engine               -              Join the FXGL chat at: https://gitter.im/AlmasB/FXGL
11:10:08.506 [JavaFX Application Thread] DEBUG PrimaryStageWindow   - Creating a JavaFX scene
11:10:08.536 [JavaFX Application Thread] DEBUG PrimaryStageWindow   - Target settings size: 1920.0 x 1080.0
11:10:08.536 [JavaFX Application Thread] DEBUG PrimaryStageWindow   - Scaled scene size:    1920.0 x 1080.0
11:10:08.536 [JavaFX Application Thread] DEBUG PrimaryStageWindow   - Scaled ratio: (1.0, 1.0)
11:10:08.537 [JavaFX Application Thread] DEBUG PrimaryStageWindow   - Set initial scene to FXGLStartupScene
11:10:08.544 [JavaFX Application Thread] DEBUG PrimaryStageWindow   - Opening main window
11:10:08.639 [JavaFX Application Thread] DEBUG PrimaryStageWindow   - Window border size: (16.0, 39.0)
11:10:08.639 [JavaFX Application Thread] DEBUG PrimaryStageWindow   - Scaled size: 1920.0 x 1080.0
11:10:08.640 [JavaFX Application Thread] DEBUG PrimaryStageWindow   - Scaled ratio: (1.0, 1.0)
11:10:08.640 [JavaFX Application Thread] DEBUG PrimaryStageWindow   - Scene size: 1920.0 x 1080.0
11:10:08.640 [JavaFX Application Thread] DEBUG PrimaryStageWindow   - Stage size: 1936.0 x 1119.0
11:10:08.649 [FXGL Background Thread 1 ] DEBUG Engine               - Initializing environment variables
11:10:08.683 [FXGL Background Thread 1 ] DEBUG FXGLAssetLoaderServi - User app class for loading assets: class game.PlatformerApp
11:10:08.683 [FXGL Background Thread 1 ] DEBUG GameApplicationServi - Applying CSS: fxgl_dark.css
11:10:08.684 [FXGL Background Thread 1 ] DEBUG FXGLAssetLoaderServi - Loading from file system: jar:file:/C:/Users/HP/Documents/fxgl/fxgl-17.1-uber.jar!/fxglassets/ui/css/fxgl_dark.css
11:10:08.713 [FXGL Background Thread 1 ] DEBUG GameApplicationServi - Initializing application scenes
11:10:08.751 [FXGL Background Thread 1 ] DEBUG GameWorld            - Game world initialized
11:10:08.792 [FXGL Background Thread 1 ] DEBUG PhysicsWorld         - Physics world initialized: appHeight=1080, physics.ppm=50,0
11:10:08.792 [FXGL Background Thread 1 ] DEBUG PhysicsWorld         - Using strategy: BRUTE_FORCE
11:10:08.797 [FXGL Background Thread 1 ] DEBUG GameScene            - Game scene initialized: 1920x1080
11:10:08.854 [FXGL Background Thread 1 ] DEBUG GameApplicationServi - Application scenes initialized
11:10:08.870 [FXGL Background Thread 1 ] DEBUG SystemBundleService  - Loading FXGL system data
11:10:08.877 [FXGL Background Thread 1 ] DEBUG FileSystemAccess     - Reading from: C:\Users\HP\git\giocoInformatica4\system\fxgl.bundle
11:10:08.884 [FXGL Background Thread 1 ] DEBUG SystemBundleService  - Bundle FXGL: {}
11:10:08.884 [FXGL Background Thread 1 ] DEBUG UpdaterService       - Checking for updates
11:10:08.912 [FXGL Background Thread 4 ] DEBUG FXGLApplication      - Loading fonts
11:10:08.912 [FXGL Background Thread 1 ] DEBUG FXGLApplication      - Loading default localization
11:10:08.913 [FXGL Background Thread 4 ] DEBUG FXGLAssetLoaderServi - Loading from file system: jar:file:/C:/Users/HP/Documents/fxgl/fxgl-17.1-uber.jar!/fxglassets/ui/fonts/VarelaRound-Regular.ttf
11:10:08.913 [FXGL Background Thread 1 ] DEBUG FXGLAssetLoaderServi - Loading from file system: jar:file:/C:/Users/HP/Documents/fxgl/fxgl-17.1-uber.jar!/fxglassets/languages/english.lang
11:10:08.935 [FXGL Background Thread 1 ] INFO  FXGLApplication      - FXGL initialization took: 0,285 sec
11:10:08.944 [JavaFX Application Thread] DEBUG Input                - Registered new binding: Left - A
11:10:08.944 [JavaFX Application Thread] DEBUG Input                - Registered new binding: Right - D
11:10:08.944 [JavaFX Application Thread] DEBUG Input                - Registered new binding: Jump - Space
11:10:08.945 [JavaFX Application Thread] DEBUG Input                - Registered new binding: Attack - F
11:10:08.945 [JavaFX Application Thread] DEBUG Input                - Registered new binding: menu dev - P
11:10:08.946 [JavaFX Application Thread] DEBUG FXGLAssetLoaderServi - Loading from file system: file:/C:/Users/HP/git/giocoInformatica4/bin/assets/music/BGM_dash_runner.wav
11:10:08.979 [FXGL Background Thread 4 ] DEBUG FXGLAssetLoaderServi - Loading from file system: jar:file:/C:/Users/HP/Documents/fxgl/fxgl-17.1-uber.jar!/fxglassets/ui/fonts/Abel-Regular.ttf
11:10:08.985 [FXGL Background Thread 4 ] DEBUG FXGLAssetLoaderServi - Loading from file system: jar:file:/C:/Users/HP/Documents/fxgl/fxgl-17.1-uber.jar!/fxglassets/ui/fonts/TerminalLandMono-Regular.otf
11:10:08.994 [FXGL Background Thread 4 ] DEBUG FXGLAssetLoaderServi - Loading from file system: jar:file:/C:/Users/HP/Documents/fxgl/fxgl-17.1-uber.jar!/fxglassets/ui/fonts/Courier-Prime.ttf
11:10:09.066 [JavaFX Application Thread] DEBUG AudioPlayer          - Playing music com.almasb.fxgl.audio.Music@f29c789
11:10:09.067 [JavaFX Application Thread] DEBUG FXGLAssetLoaderServi - Loading from file system: jar:file:/C:/Users/HP/Documents/fxgl/fxgl-17.1-uber.jar!/fxglassets/textures/fxgl_icon.png
11:10:09.093 [JavaFX Application Thread] DEBUG FXGLAssetLoaderServi - Loading from file system: jar:file:/C:/Users/HP/Documents/fxgl/fxgl-17.1-uber.jar!/fxglassets/textures/fxgl_default_cursor.png
11:10:09.095 [JavaFX Application Thread] DEBUG Input                - Registered new binding: Screenshot - CTRL+8
11:10:09.096 [JavaFX Application Thread] DEBUG Input                - Registered new binding: Dev Options - 1
11:10:09.096 [JavaFX Application Thread] DEBUG Input                - Registered new binding: Dev Console - 2
11:10:09.096 [JavaFX Application Thread] DEBUG Input                - Registered new binding: System info dump - CTRL+9
11:10:09.097 [JavaFX Application Thread] DEBUG Input                - Registered new binding: Restart - CTRL+R
11:10:09.097 [JavaFX Application Thread] DEBUG Input                - Registered new binding: Toggle Debug Camera - CTRL+7
11:10:09.101 [JavaFX Application Thread] DEBUG LoopRunner           - Starting loop
11:10:09.114 [JavaFX Application Thread] DEBUG LoopRunner           - Initializing JavaFX AnimationTimerLoop
11:10:09.116 [JavaFX Application Thread] DEBUG Input                - Clearing active input actions
11:10:09.122 [JavaFX Application Thread] DEBUG GameApplicationServi - Removing overlay from FXGLStartupScene and adding to FXGLMainMenuDummyScene
11:10:09.125 [JavaFX Application Thread] DEBUG PrimaryStageWindow   - FXGLStartupScene -> FXGLMainMenuDummyScene
11:10:09.126 [JavaFX Application Thread] DEBUG PrimaryStageWindow   - Push state: PlatformerMainMenu
11:10:09.126 [JavaFX Application Thread] DEBUG Input                - Clearing active input actions
11:10:09.129 [JavaFX Application Thread] DEBUG GameApplicationServi - Removing overlay from FXGLMainMenuDummyScene and adding to PlatformerMainMenu
11:10:09.129 [JavaFX Application Thread] DEBUG PrimaryStageWindow   - FXGLMainMenuDummyScene -> PlatformerMainMenu
11:10:09.130 [JavaFX Application Thread] DEBUG FXGLApplication      - Registering font factories with UI factory
11:10:11.231 [JavaFX Application Thread] DEBUG Menu                 - fireNewGame()
11:10:11.231 [JavaFX Application Thread] DEBUG GameApplicationServi - Starting new game
11:10:11.231 [JavaFX Application Thread] DEBUG PrimaryStageWindow   - Pop state: PlatformerMainMenu
11:10:11.231 [JavaFX Application Thread] DEBUG Input                - Clearing active input actions
11:10:11.233 [JavaFX Application Thread] DEBUG GameApplicationServi - Removing overlay from PlatformerMainMenu and adding to FXGLMainMenuDummyScene
11:10:11.234 [JavaFX Application Thread] DEBUG PrimaryStageWindow   - FXGLMainMenuDummyScene <- PlatformerMainMenu
11:10:11.235 [JavaFX Application Thread] DEBUG Input                - Clearing active input actions
11:10:11.239 [JavaFX Application Thread] DEBUG GameApplicationServi - Removing overlay from FXGLMainMenuDummyScene and adding to FXGLLoadingScene
11:10:11.239 [JavaFX Application Thread] DEBUG PrimaryStageWindow   - FXGLMainMenuDummyScene -> FXGLLoadingScene
11:10:11.240 [JavaFX Application Thread] DEBUG GameApplicationServi - Clearing previous game
11:10:11.240 [JavaFX Application Thread] DEBUG GameScene            - Clearing game scene
11:10:11.240 [JavaFX Application Thread] DEBUG GameWorld            - Clearing game world
11:10:11.240 [JavaFX Application Thread] DEBUG PhysicsWorld         - Clearing physics world
11:10:11.242 [FXGL Background Thread 2 ] DEBUG FXGLApplication      - Initializing game
11:10:11.275 [FXGL Background Thread 2 ] WARN  TMXLevelLoader       - TiledMap generated from 1.8.4. Supported version: 1.4.2. Some features may not be parsed fully.
11:10:11.301 [FXGL Background Thread 2 ] DEBUG TMXLevelLoader       - Parsed TiledMap: file:/C:/Users/HP/git/giocoInformatica4/bin/assets/levels/tmx/level1.tmx
11:10:11.303 [FXGL Background Thread 2 ] DEBUG TMXLevelLoader       - Creating tile layer entities
11:10:11.305 [FXGL Background Thread 2 ] DEBUG TilesetLoader        - Loading view for layer wall 2
11:10:11.313 [FXGL Background Thread 2 ] DEBUG TilesetLoader        - Created buffer with size 2240.0x2560.0
11:10:11.372 [FXGL Background Thread 2 ] WARN  TilesetLoader        - Diagonally flipped tiles are not currently supported
11:10:11.381 [FXGL Background Thread 2 ] WARN  TilesetLoader        - Diagonally flipped tiles are not currently supported
11:10:11.381 [FXGL Background Thread 2 ] WARN  TilesetLoader        - Diagonally flipped tiles are not currently supported
11:10:11.414 [FXGL Background Thread 2 ] WARN  TilesetLoader        - Diagonally flipped tiles are not currently supported
11:10:11.430 [FXGL Background Thread 2 ] WARN  TilesetLoader        - Diagonally flipped tiles are not currently supported
11:10:11.431 [FXGL Background Thread 2 ] DEBUG TilesetLoader        - Loading view for layer wall 1
11:10:11.437 [FXGL Background Thread 2 ] DEBUG TilesetLoader        - Created buffer with size 2240.0x2560.0
11:10:11.457 [FXGL Background Thread 2 ] DEBUG TilesetLoader        - Loading view for layer platforms
11:10:11.461 [FXGL Background Thread 2 ] DEBUG TilesetLoader        - Created buffer with size 2240.0x2560.0
11:10:11.487 [FXGL Background Thread 2 ] DEBUG TilesetLoader        - Loading view for layer spike
11:10:11.492 [FXGL Background Thread 2 ] DEBUG TilesetLoader        - Created buffer with size 2240.0x2560.0
11:10:11.496 [FXGL Background Thread 2 ] DEBUG TilesetLoader        - Loading view for layer ground
11:10:11.502 [FXGL Background Thread 2 ] DEBUG TilesetLoader        - Created buffer with size 2240.0x2560.0
11:10:11.512 [FXGL Background Thread 2 ] DEBUG TMXLevelLoader       - Creating object layer entities
11:10:11.527 [FXGL Background Thread 2 ] DEBUG FXGLAssetLoaderServi - Loading from file system: file:/C:/Users/HP/git/giocoInformatica4/bin/assets/textures/enemies/Skeleton/Idle.png
11:10:11.527 [FXGL Background Thread 2 ] DEBUG FXGLAssetLoaderServi - Loading from file system: file:/C:/Users/HP/git/giocoInformatica4/bin/assets/textures/enemies/Skeleton/Walk.png
11:10:11.528 [FXGL Background Thread 2 ] DEBUG FXGLAssetLoaderServi - Loading from file system: file:/C:/Users/HP/git/giocoInformatica4/bin/assets/textures/enemies/Skeleton/Attack.png
11:10:11.529 [FXGL Background Thread 2 ] DEBUG FXGLAssetLoaderServi - Loading from file system: file:/C:/Users/HP/git/giocoInformatica4/bin/assets/textures/enemies/Skeleton/Take%20Hit.png
11:10:11.530 [FXGL Background Thread 2 ] DEBUG FXGLAssetLoaderServi - Loading from file system: file:/C:/Users/HP/git/giocoInformatica4/bin/assets/textures/enemies/Skeleton/Death.png
11:10:11.531 [FXGL Background Thread 2 ] DEBUG FXGLAssetLoaderServi - Loading from file system: file:/C:/Users/HP/git/giocoInformatica4/bin/assets/textures/enemies/Skeleton/Shield.png
11:10:11.547 [FXGL Background Thread 2 ] DEBUG FXGLAssetLoaderServi - Loading from file system: file:/C:/Users/HP/git/giocoInformatica4/bin/assets/textures/box.png
11:10:11.560 [FXGL Background Thread 2 ] DEBUG FXGLAssetLoaderServi - Loading from file system: file:/C:/Users/HP/git/giocoInformatica4/bin/assets/textures/bonfire.png
11:10:11.561 [FXGL Background Thread 2 ] DEBUG FXGLAssetLoaderServi - Loading from file system: file:/C:/Users/HP/git/giocoInformatica4/bin/assets/textures/bonfire_animation.png
11:10:11.567 [FXGL Background Thread 2 ] DEBUG FXGLAssetLoaderServi - Loading from file system: file:/C:/Users/HP/git/giocoInformatica4/bin/assets/textures/enemies/Flying%20eye/Flight.png
11:10:11.568 [FXGL Background Thread 2 ] DEBUG FXGLAssetLoaderServi - Loading from file system: file:/C:/Users/HP/git/giocoInformatica4/bin/assets/textures/enemies/Flying%20eye/Attack.png
11:10:11.572 [FXGL Background Thread 2 ] DEBUG FXGLAssetLoaderServi - Loading from file system: file:/C:/Users/HP/git/giocoInformatica4/bin/assets/textures/enemies/Flying%20eye/Take%20Hit.png
11:10:11.573 [FXGL Background Thread 2 ] DEBUG FXGLAssetLoaderServi - Loading from file system: file:/C:/Users/HP/git/giocoInformatica4/bin/assets/textures/enemies/Flying%20eye/Death.png
11:10:11.576 [FXGL Background Thread 2 ] DEBUG GameWorld            - Clearing removable entities
11:10:11.577 [FXGL Background Thread 2 ] DEBUG GameWorld            - Setting level: com.almasb.fxgl.entity.level.Level@7b070fd8
11:10:11.587 [FXGL Background Thread 2 ] DEBUG FXGLAssetLoaderServi - Loading from file system: file:/C:/Users/HP/git/giocoInformatica4/bin/assets/textures/health/empty_health.png
11:10:11.587 [FXGL Background Thread 2 ] DEBUG FXGLAssetLoaderServi - Loading from file system: file:/C:/Users/HP/git/giocoInformatica4/bin/assets/textures/health/half_health.png
11:10:11.588 [FXGL Background Thread 2 ] DEBUG FXGLAssetLoaderServi - Loading from file system: file:/C:/Users/HP/git/giocoInformatica4/bin/assets/textures/health/full_health.png
11:10:11.591 [FXGL Background Thread 2 ] DEBUG FXGLAssetLoaderServi - Loading from file system: file:/C:/Users/HP/git/giocoInformatica4/bin/assets/textures/player/_Idle.png
11:10:11.592 [FXGL Background Thread 2 ] DEBUG FXGLAssetLoaderServi - Loading from file system: file:/C:/Users/HP/git/giocoInformatica4/bin/assets/textures/player/_Run.png
11:10:11.593 [FXGL Background Thread 2 ] DEBUG FXGLAssetLoaderServi - Loading from file system: file:/C:/Users/HP/git/giocoInformatica4/bin/assets/textures/player/_Jump.png
11:10:11.594 [FXGL Background Thread 2 ] DEBUG FXGLAssetLoaderServi - Loading from file system: file:/C:/Users/HP/git/giocoInformatica4/bin/assets/textures/player/_Fall.png
11:10:11.594 [FXGL Background Thread 2 ] DEBUG FXGLAssetLoaderServi - Loading from file system: file:/C:/Users/HP/git/giocoInformatica4/bin/assets/textures/player/_WallSlide.png
11:10:11.595 [FXGL Background Thread 2 ] DEBUG FXGLAssetLoaderServi - Loading from file system: file:/C:/Users/HP/git/giocoInformatica4/bin/assets/textures/player/_Attack.png
11:10:11.596 [FXGL Background Thread 2 ] DEBUG FXGLAssetLoaderServi - Loading from file system: file:/C:/Users/HP/git/giocoInformatica4/bin/assets/textures/player/_TurnAround.png
11:10:11.596 [FXGL Background Thread 2 ] DEBUG FXGLAssetLoaderServi - Loading from file system: file:/C:/Users/HP/git/giocoInformatica4/bin/assets/textures/player/_Hit.png
11:10:11.597 [FXGL Background Thread 2 ] DEBUG FXGLAssetLoaderServi - Loading from file system: file:/C:/Users/HP/git/giocoInformatica4/bin/assets/textures/player/_Death.png
11:10:11.602 [FXGL Background Thread 2 ] DEBUG FXGLAssetLoaderServi - Loading from file system: file:/C:/Users/HP/git/giocoInformatica4/bin/assets/textures/background/background.png
11:10:11.722 [FXGL Background Thread 2 ] DEBUG FXGLAssetLoaderServi - Loading from file system: file:/C:/Users/HP/git/giocoInformatica4/bin/assets/textures/background/castelBackgound.png
11:10:11.778 [FXGL Background Thread 2 ] INFO  FXGLApplication      - Game initialization took: 0,537 sec
11:10:11.779 [JavaFX Application Thread] DEBUG Input                - Clearing active input actions
11:10:11.785 [JavaFX Application Thread] DEBUG GameApplicationServi - Removing overlay from FXGLLoadingScene and adding to GameScene
11:10:11.787 [JavaFX Application Thread] DEBUG PrimaryStageWindow   - FXGLLoadingScene -> GameScene
11:10:11.911 [FXGL Background Thread 3 ] DEBUG Engine               - Logging environment variables
11:10:11.911 [FXGL Background Thread 3 ] DEBUG Engine               - achievements: []
11:10:11.911 [FXGL Background Thread 3 ] DEBUG Engine               - actualHeight: 1080.0
11:10:11.911 [FXGL Background Thread 3 ] DEBUG Engine               - actualHeightProperty: ReadOnlyDoubleProperty [value: 1080.0]
11:10:11.911 [FXGL Background Thread 3 ] DEBUG Engine               - actualWidth: 1920.0
11:10:11.911 [FXGL Background Thread 3 ] DEBUG Engine               - actualWidthProperty: ReadOnlyDoubleProperty [value: 1920.0]
11:10:11.911 [FXGL Background Thread 3 ] DEBUG Engine               - appIcon: fxgl_icon.png
11:10:11.911 [FXGL Background Thread 3 ] DEBUG Engine               - applicationMode: DEVELOPER
11:10:11.911 [FXGL Background Thread 3 ] DEBUG Engine               - cSSList: [fxgl_dark.css]
11:10:11.912 [FXGL Background Thread 3 ] DEBUG Engine               - collisionDetectionStrategy: BRUTE_FORCE
11:10:11.912 [FXGL Background Thread 3 ] DEBUG Engine               - configClass: Optional.empty
11:10:11.912 [FXGL Background Thread 3 ] DEBUG Engine               - credits: []
11:10:11.913 [FXGL Background Thread 3 ] DEBUG Engine               - defaultCursor: CursorInfo(imageName=fxgl_default_cursor.png, hotspotX=7.0, hotspotY=6.0)
11:10:11.913 [FXGL Background Thread 3 ] DEBUG Engine               - devBBoxColorProperty: ObjectProperty [value: 0xff0000ff]
11:10:11.913 [FXGL Background Thread 3 ] DEBUG Engine               - devEnableDebugCameraProperty: BooleanProperty [value: false]
11:10:11.913 [FXGL Background Thread 3 ] DEBUG Engine               - devSensorColorProperty: ObjectProperty [value: 0xffff00ff]
11:10:11.913 [FXGL Background Thread 3 ] DEBUG Engine               - devShowBBoxProperty: BooleanProperty [value: false]
11:10:11.913 [FXGL Background Thread 3 ] DEBUG Engine               - devShowPositionProperty: BooleanProperty [value: false]
11:10:11.913 [FXGL Background Thread 3 ] DEBUG Engine               - enabledMenuItems: []
11:10:11.914 [FXGL Background Thread 3 ] DEBUG Engine               - engineServices: [class com.almasb.fxgl.app.services.FXGLAssetLoaderService, class com.almasb.fxgl.app.FXGLApplication$GameApplicationService, class com.almasb.fxgl.app.services.FXGLDialogService, class com.almasb.fxgl.app.services.IOTaskExecutorService, class com.almasb.fxgl.io.FileSystemService, class com.almasb.fxgl.localization.LocalizationService, class com.almasb.fxgl.app.services.SystemBundleService, class com.almasb.fxgl.profile.SaveLoadService, class com.almasb.fxgl.ui.FXGLUIFactoryServiceProvider, class com.almasb.fxgl.ui.FXGLDialogFactoryServiceProvider, class com.almasb.fxgl.audio.AudioPlayer, class com.almasb.fxgl.notification.impl.NotificationServiceProvider, class com.almasb.fxgl.achievement.AchievementService, class com.almasb.fxgl.cutscene.CutsceneService, class com.almasb.fxgl.minigames.MiniGameService, class com.almasb.fxgl.net.NetService, class com.almasb.fxgl.app.services.UpdaterService, class com.almasb.fxgl.dev.DevService]
11:10:11.914 [FXGL Background Thread 3 ] DEBUG Engine               - fontGame: Abel-Regular.ttf
11:10:11.914 [FXGL Background Thread 3 ] DEBUG Engine               - fontMono: TerminalLandMono-Regular.otf
11:10:11.914 [FXGL Background Thread 3 ] DEBUG Engine               - fontText: Courier-Prime.ttf
11:10:11.914 [FXGL Background Thread 3 ] DEBUG Engine               - fontUI: VarelaRound-Regular.ttf
11:10:11.914 [FXGL Background Thread 3 ] DEBUG Engine               - fullScreen: BooleanProperty [value: false]
11:10:11.914 [FXGL Background Thread 3 ] DEBUG Engine               - gameDifficulty: MEDIUM
11:10:11.914 [FXGL Background Thread 3 ] DEBUG Engine               - gameDifficultyProperty: ObjectProperty [value: MEDIUM]
11:10:11.914 [FXGL Background Thread 3 ] DEBUG Engine               - globalMusicVolume: 0.5
11:10:11.914 [FXGL Background Thread 3 ] DEBUG Engine               - globalMusicVolumeProperty: DoubleProperty [value: 0.0]
11:10:11.914 [FXGL Background Thread 3 ] DEBUG Engine               - globalSoundVolume: 0.5
11:10:11.914 [FXGL Background Thread 3 ] DEBUG Engine               - globalSoundVolumeProperty: DoubleProperty [value: 0.5]
11:10:11.914 [FXGL Background Thread 3 ] DEBUG Engine               - height: 1080
11:10:11.914 [FXGL Background Thread 3 ] DEBUG Engine               - is3D: false
11:10:11.914 [FXGL Background Thread 3 ] DEBUG Engine               - isAndroid: false
11:10:11.915 [FXGL Background Thread 3 ] DEBUG Engine               - isBrowser: false
11:10:11.915 [FXGL Background Thread 3 ] DEBUG Engine               - isClickFeedbackEnabled: false
11:10:11.915 [FXGL Background Thread 3 ] DEBUG Engine               - isCloseConfirmation: false
11:10:11.915 [FXGL Background Thread 3 ] DEBUG Engine               - isDesktop: true
11:10:11.915 [FXGL Background Thread 3 ] DEBUG Engine               - isDeveloperMenuEnabled: true
11:10:11.915 [FXGL Background Thread 3 ] DEBUG Engine               - isEmbedded: false
11:10:11.915 [FXGL Background Thread 3 ] DEBUG Engine               - isEntityPreloadEnabled: true
11:10:11.915 [FXGL Background Thread 3 ] DEBUG Engine               - isExperimentalTiledLargeMap: false
11:10:11.915 [FXGL Background Thread 3 ] DEBUG Engine               - isFileSystemWriteAllowed: true
11:10:11.915 [FXGL Background Thread 3 ] DEBUG Engine               - isFullScreenAllowed: false
11:10:11.915 [FXGL Background Thread 3 ] DEBUG Engine               - isFullScreenFromStart: false
11:10:11.915 [FXGL Background Thread 3 ] DEBUG Engine               - isGameMenuEnabled: true
11:10:11.915 [FXGL Background Thread 3 ] DEBUG Engine               - isIOS: false
11:10:11.915 [FXGL Background Thread 3 ] DEBUG Engine               - isIntroEnabled: false
11:10:11.916 [FXGL Background Thread 3 ] DEBUG Engine               - isLinux: false
11:10:11.916 [FXGL Background Thread 3 ] DEBUG Engine               - isMac: false
11:10:11.916 [FXGL Background Thread 3 ] DEBUG Engine               - isMainMenuEnabled: true
11:10:11.916 [FXGL Background Thread 3 ] DEBUG Engine               - isManualResizeEnabled: false
11:10:11.916 [FXGL Background Thread 3 ] DEBUG Engine               - isMobile: false
11:10:11.916 [FXGL Background Thread 3 ] DEBUG Engine               - isNative: false
11:10:11.916 [FXGL Background Thread 3 ] DEBUG Engine               - isPauseMusicWhenMinimized: true
11:10:11.916 [FXGL Background Thread 3 ] DEBUG Engine               - isPreserveResizeRatio: false
11:10:11.916 [FXGL Background Thread 3 ] DEBUG Engine               - isProfilingEnabled: false
11:10:11.916 [FXGL Background Thread 3 ] DEBUG Engine               - isScaleAffectedOnResize: true
11:10:11.916 [FXGL Background Thread 3 ] DEBUG Engine               - isSingleStep: false
11:10:11.916 [FXGL Background Thread 3 ] DEBUG Engine               - isUserProfileEnabled: false
11:10:11.916 [FXGL Background Thread 3 ] DEBUG Engine               - isWindows: true
11:10:11.916 [FXGL Background Thread 3 ] DEBUG Engine               - language: ObjectProperty [value: ENGLISH]
11:10:11.916 [FXGL Background Thread 3 ] DEBUG Engine               - menuKey: ESCAPE
11:10:11.916 [FXGL Background Thread 3 ] DEBUG Engine               - mouseSensitivity: 0.2
11:10:11.917 [FXGL Background Thread 3 ] DEBUG Engine               - notificationViewClass: class com.almasb.fxgl.notification.view.XboxNotificationView
11:10:11.917 [FXGL Background Thread 3 ] DEBUG Engine               - pixelsPerMeter: 50.0
11:10:11.917 [FXGL Background Thread 3 ] DEBUG Engine               - platform: WINDOWS
11:10:11.917 [FXGL Background Thread 3 ] DEBUG Engine               - prefHeightProperty: ReadOnlyDoubleProperty [value: 1080.0]
11:10:11.917 [FXGL Background Thread 3 ] DEBUG Engine               - prefWidthProperty: ReadOnlyDoubleProperty [value: 1920.0]
11:10:11.917 [FXGL Background Thread 3 ] DEBUG Engine               - profileDir: profiles/
11:10:11.917 [FXGL Background Thread 3 ] DEBUG Engine               - profileName: StringProperty [value: DEFAULT]
11:10:11.917 [FXGL Background Thread 3 ] DEBUG Engine               - randomSeed: -1
11:10:11.918 [FXGL Background Thread 3 ] DEBUG Engine               - runtimeInfo: RuntimeInfo(platform=WINDOWS, version=17.1, build=24.03.2022 17.39)
11:10:11.918 [FXGL Background Thread 3 ] DEBUG Engine               - saveFileExt: sav
11:10:11.919 [FXGL Background Thread 3 ] DEBUG Engine               - scaledHeightProp$fxgl: DoubleProperty [bound, value: 1080.0]
11:10:11.919 [FXGL Background Thread 3 ] DEBUG Engine               - scaledWidthProp$fxgl: DoubleProperty [bound, value: 1920.0]
11:10:11.919 [FXGL Background Thread 3 ] DEBUG Engine               - sceneFactory: game.PlatformerApp$1@2051aef
11:10:11.919 [FXGL Background Thread 3 ] DEBUG Engine               - secondsIn24h: 60
11:10:11.919 [FXGL Background Thread 3 ] DEBUG Engine               - soundMenuBack: menu/back.wav
11:10:11.919 [FXGL Background Thread 3 ] DEBUG Engine               - soundMenuPress: menu/press.wav
11:10:11.919 [FXGL Background Thread 3 ] DEBUG Engine               - soundMenuSelect: menu/select.wav
11:10:11.919 [FXGL Background Thread 3 ] DEBUG Engine               - soundNotification: core/notification.wav
11:10:11.919 [FXGL Background Thread 3 ] DEBUG Engine               - stageStyle: DECORATED
11:10:11.919 [FXGL Background Thread 3 ] DEBUG Engine               - supportedLanguages: [ENGLISH, FRENCH, GERMAN, HUNGARIAN, RUSSIAN]
11:10:11.919 [FXGL Background Thread 3 ] DEBUG Engine               - ticksPerSecond: -1
11:10:11.919 [FXGL Background Thread 3 ] DEBUG Engine               - title: platformer
11:10:11.920 [FXGL Background Thread 3 ] DEBUG Engine               - urlGithub: https://github.com/AlmasB/FXGL
11:10:11.920 [FXGL Background Thread 3 ] DEBUG Engine               - urlLeaderboard: http://fxgl-top.herokuapp.com/
11:10:11.920 [FXGL Background Thread 3 ] DEBUG Engine               - urlPOM: https://raw.githubusercontent.com/AlmasB/FXGL/release/README.md
11:10:11.920 [FXGL Background Thread 3 ] DEBUG Engine               - userAppClass: class game.PlatformerApp
11:10:11.920 [FXGL Background Thread 3 ] DEBUG Engine               - version: 0.0
11:10:11.920 [FXGL Background Thread 3 ] DEBUG Engine               - versionCheckDays: 7
11:10:11.920 [FXGL Background Thread 3 ] DEBUG Engine               - width: 1920
11:10:11.920 [FXGL Background Thread 3 ] DEBUG Engine               - Logging services
11:10:11.920 [FXGL Background Thread 3 ] DEBUG Engine               - class com.almasb.fxgl.app.services.FXGLAssetLoaderService
11:10:11.920 [FXGL Background Thread 3 ] DEBUG Engine               - class com.almasb.fxgl.app.FXGLApplication$GameApplicationService
11:10:11.920 [FXGL Background Thread 3 ] DEBUG Engine               - class com.almasb.fxgl.app.services.FXGLDialogService
11:10:11.920 [FXGL Background Thread 3 ] DEBUG Engine               - class com.almasb.fxgl.app.services.IOTaskExecutorService
11:10:11.920 [FXGL Background Thread 3 ] DEBUG Engine               - class com.almasb.fxgl.io.FileSystemService
11:10:11.921 [FXGL Background Thread 3 ] DEBUG Engine               - class com.almasb.fxgl.localization.LocalizationService
11:10:11.921 [FXGL Background Thread 3 ] DEBUG Engine               - class com.almasb.fxgl.app.services.SystemBundleService
11:10:11.921 [FXGL Background Thread 3 ] DEBUG Engine               - class com.almasb.fxgl.profile.SaveLoadService
11:10:11.921 [FXGL Background Thread 3 ] DEBUG Engine               - class com.almasb.fxgl.ui.FXGLUIFactoryServiceProvider
11:10:11.921 [FXGL Background Thread 3 ] DEBUG Engine               - class com.almasb.fxgl.ui.FXGLDialogFactoryServiceProvider
11:10:11.921 [FXGL Background Thread 3 ] DEBUG Engine               - class com.almasb.fxgl.audio.AudioPlayer
11:10:11.921 [FXGL Background Thread 3 ] DEBUG Engine               - class com.almasb.fxgl.notification.impl.NotificationServiceProvider
11:10:11.921 [FXGL Background Thread 3 ] DEBUG Engine               - class com.almasb.fxgl.achievement.AchievementService
11:10:11.921 [FXGL Background Thread 3 ] DEBUG Engine               - class com.almasb.fxgl.cutscene.CutsceneService
11:10:11.921 [FXGL Background Thread 3 ] DEBUG Engine               - class com.almasb.fxgl.minigames.MiniGameService
11:10:11.921 [FXGL Background Thread 3 ] DEBUG Engine               - class com.almasb.fxgl.net.NetService
11:10:11.921 [FXGL Background Thread 3 ] DEBUG Engine               - class com.almasb.fxgl.app.services.UpdaterService
11:10:11.921 [FXGL Background Thread 3 ] DEBUG Engine               - class com.almasb.fxgl.dev.DevService
11:10:14.689 [JavaFX Application Thread] DEBUG FXGLApplication      - Exiting FXGL
11:10:14.689 [JavaFX Application Thread] DEBUG LoopRunner           - Stopping loop
11:10:14.689 [JavaFX Application Thread] DEBUG SystemBundleService  - Saving FXGL system data
11:10:14.691 [JavaFX Application Thread] DEBUG FileSystemAccess     - Writing to: C:\Users\HP\git\giocoInformatica4\system\fxgl.bundle
11:10:14.692 [JavaFX Application Thread] DEBUG Async                - Shutting down background threads
11:10:14.693 [JavaFX Application Thread] DEBUG PrimaryStageWindow   - Closing main window
11:10:14.703 [JavaFX Application Thread] DEBUG Logger               - Closing Logger
