11:11:20.030 [main                     ] DEBUG Logger               - Configured Logger
11:11:20.057 [main                     ] DEBUG GameApplication      - Logging settings
Title: platformer
Version: 0.0
Width: 1920
Height: 1080
Fullscreen: false
Intro: false
Profiling: false
Single step:false
App Mode: DEVELOPER
Menu Key: ESCAPE
Stage Style: DECORATED
Scene Factory: class game.PlatformerApp$1

11:11:20.371 [JavaFX Application Thread] DEBUG FXGLApplication      - Initializing FXGL
11:11:20.379 [JavaFX Application Thread] INFO  Engine               - FXGL-17.1 (24.03.2022 17.39) on WINDOWS (J:17.0.1 FX:18)
11:11:20.379 [JavaFX Application Thread] DEBUG Engine               - JRE Vendor Name: Eclipse Adoptium
11:11:20.380 [JavaFX Application Thread] DEBUG Engine               - Running on OS: Windows 10 version 10.0
11:11:20.380 [JavaFX Application Thread] DEBUG Engine               - Architecture: amd64
11:11:20.380 [JavaFX Application Thread] INFO  Engine               - Source code and latest versions at: https://github.com/AlmasB/FXGL
11:11:20.380 [JavaFX Application Thread] INFO  Engine               -       Ask questions and discuss at: https://github.com/AlmasB/FXGL/discussions
11:11:20.380 [JavaFX Application Thread] INFO  Engine               -              Join the FXGL chat at: https://gitter.im/AlmasB/FXGL
11:11:20.445 [JavaFX Application Thread] DEBUG PrimaryStageWindow   - Creating a JavaFX scene
11:11:20.474 [JavaFX Application Thread] DEBUG PrimaryStageWindow   - Target settings size: 1920.0 x 1080.0
11:11:20.474 [JavaFX Application Thread] DEBUG PrimaryStageWindow   - Scaled scene size:    1920.0 x 1080.0
11:11:20.474 [JavaFX Application Thread] DEBUG PrimaryStageWindow   - Scaled ratio: (1.0, 1.0)
11:11:20.475 [JavaFX Application Thread] DEBUG PrimaryStageWindow   - Set initial scene to FXGLStartupScene
11:11:20.481 [JavaFX Application Thread] DEBUG PrimaryStageWindow   - Opening main window
11:11:20.564 [JavaFX Application Thread] DEBUG PrimaryStageWindow   - Window border size: (16.0, 39.0)
11:11:20.564 [JavaFX Application Thread] DEBUG PrimaryStageWindow   - Scaled size: 1920.0 x 1080.0
11:11:20.565 [JavaFX Application Thread] DEBUG PrimaryStageWindow   - Scaled ratio: (1.0, 1.0)
11:11:20.565 [JavaFX Application Thread] DEBUG PrimaryStageWindow   - Scene size: 1920.0 x 1080.0
11:11:20.565 [JavaFX Application Thread] DEBUG PrimaryStageWindow   - Stage size: 1936.0 x 1119.0
11:11:20.573 [FXGL Background Thread 1 ] DEBUG Engine               - Initializing environment variables
11:11:20.605 [FXGL Background Thread 1 ] DEBUG FXGLAssetLoaderServi - User app class for loading assets: class game.PlatformerApp
11:11:20.605 [FXGL Background Thread 1 ] DEBUG GameApplicationServi - Applying CSS: fxgl_dark.css
11:11:20.606 [FXGL Background Thread 1 ] DEBUG FXGLAssetLoaderServi - Loading from file system: jar:file:/C:/Users/HP/Documents/fxgl/fxgl-17.1-uber.jar!/fxglassets/ui/css/fxgl_dark.css
11:11:20.637 [FXGL Background Thread 1 ] DEBUG GameApplicationServi - Initializing application scenes
11:11:20.672 [FXGL Background Thread 1 ] DEBUG GameWorld            - Game world initialized
11:11:20.715 [FXGL Background Thread 1 ] DEBUG PhysicsWorld         - Physics world initialized: appHeight=1080, physics.ppm=50,0
11:11:20.715 [FXGL Background Thread 1 ] DEBUG PhysicsWorld         - Using strategy: BRUTE_FORCE
11:11:20.720 [FXGL Background Thread 1 ] DEBUG GameScene            - Game scene initialized: 1920x1080
11:11:20.784 [FXGL Background Thread 1 ] DEBUG GameApplicationServi - Application scenes initialized
11:11:20.801 [FXGL Background Thread 1 ] DEBUG SystemBundleService  - Loading FXGL system data
11:11:20.806 [FXGL Background Thread 1 ] DEBUG FileSystemAccess     - Reading from: C:\Users\HP\git\giocoInformatica4\system\fxgl.bundle
11:11:20.814 [FXGL Background Thread 1 ] DEBUG SystemBundleService  - Bundle FXGL: {}
11:11:20.814 [FXGL Background Thread 1 ] DEBUG UpdaterService       - Checking for updates
11:11:20.838 [FXGL Background Thread 4 ] DEBUG FXGLApplication      - Loading fonts
11:11:20.839 [FXGL Background Thread 1 ] DEBUG FXGLApplication      - Loading default localization
11:11:20.839 [FXGL Background Thread 4 ] DEBUG FXGLAssetLoaderServi - Loading from file system: jar:file:/C:/Users/HP/Documents/fxgl/fxgl-17.1-uber.jar!/fxglassets/ui/fonts/VarelaRound-Regular.ttf
11:11:20.839 [FXGL Background Thread 1 ] DEBUG FXGLAssetLoaderServi - Loading from file system: jar:file:/C:/Users/HP/Documents/fxgl/fxgl-17.1-uber.jar!/fxglassets/languages/english.lang
11:11:20.853 [FXGL Background Thread 1 ] INFO  FXGLApplication      - FXGL initialization took: 0,281 sec
11:11:20.870 [JavaFX Application Thread] DEBUG Input                - Registered new binding: Left - A
11:11:20.871 [JavaFX Application Thread] DEBUG Input                - Registered new binding: Right - D
11:11:20.871 [JavaFX Application Thread] DEBUG Input                - Registered new binding: Jump - Space
11:11:20.871 [JavaFX Application Thread] DEBUG Input                - Registered new binding: Attack - F
11:11:20.871 [JavaFX Application Thread] DEBUG Input                - Registered new binding: menu dev - P
11:11:20.872 [JavaFX Application Thread] DEBUG FXGLAssetLoaderServi - Loading from file system: file:/C:/Users/HP/git/giocoInformatica4/bin/assets/music/BGM_dash_runner.wav
11:11:20.906 [FXGL Background Thread 4 ] DEBUG FXGLAssetLoaderServi - Loading from file system: jar:file:/C:/Users/HP/Documents/fxgl/fxgl-17.1-uber.jar!/fxglassets/ui/fonts/Abel-Regular.ttf
11:11:20.914 [FXGL Background Thread 4 ] DEBUG FXGLAssetLoaderServi - Loading from file system: jar:file:/C:/Users/HP/Documents/fxgl/fxgl-17.1-uber.jar!/fxglassets/ui/fonts/TerminalLandMono-Regular.otf
11:11:20.923 [FXGL Background Thread 4 ] DEBUG FXGLAssetLoaderServi - Loading from file system: jar:file:/C:/Users/HP/Documents/fxgl/fxgl-17.1-uber.jar!/fxglassets/ui/fonts/Courier-Prime.ttf
11:11:20.995 [JavaFX Application Thread] DEBUG AudioPlayer          - Playing music com.almasb.fxgl.audio.Music@71dbad44
11:11:20.996 [JavaFX Application Thread] DEBUG FXGLAssetLoaderServi - Loading from file system: jar:file:/C:/Users/HP/Documents/fxgl/fxgl-17.1-uber.jar!/fxglassets/textures/fxgl_icon.png
11:11:21.025 [JavaFX Application Thread] DEBUG FXGLAssetLoaderServi - Loading from file system: jar:file:/C:/Users/HP/Documents/fxgl/fxgl-17.1-uber.jar!/fxglassets/textures/fxgl_default_cursor.png
11:11:21.028 [JavaFX Application Thread] DEBUG Input                - Registered new binding: Screenshot - CTRL+8
11:11:21.029 [JavaFX Application Thread] DEBUG Input                - Registered new binding: Dev Options - 1
11:11:21.029 [JavaFX Application Thread] DEBUG Input                - Registered new binding: Dev Console - 2
11:11:21.030 [JavaFX Application Thread] DEBUG Input                - Registered new binding: System info dump - CTRL+9
11:11:21.031 [JavaFX Application Thread] DEBUG Input                - Registered new binding: Restart - CTRL+R
11:11:21.032 [JavaFX Application Thread] DEBUG Input                - Registered new binding: Toggle Debug Camera - CTRL+7
11:11:21.035 [JavaFX Application Thread] DEBUG LoopRunner           - Starting loop
11:11:21.050 [JavaFX Application Thread] DEBUG LoopRunner           - Initializing JavaFX AnimationTimerLoop
11:11:21.052 [JavaFX Application Thread] DEBUG Input                - Clearing active input actions
11:11:21.058 [JavaFX Application Thread] DEBUG GameApplicationServi - Removing overlay from FXGLStartupScene and adding to FXGLMainMenuDummyScene
11:11:21.062 [JavaFX Application Thread] DEBUG PrimaryStageWindow   - FXGLStartupScene -> FXGLMainMenuDummyScene
11:11:21.062 [JavaFX Application Thread] DEBUG PrimaryStageWindow   - Push state: PlatformerMainMenu
11:11:21.063 [JavaFX Application Thread] DEBUG Input                - Clearing active input actions
11:11:21.065 [JavaFX Application Thread] DEBUG GameApplicationServi - Removing overlay from FXGLMainMenuDummyScene and adding to PlatformerMainMenu
11:11:21.066 [JavaFX Application Thread] DEBUG PrimaryStageWindow   - FXGLMainMenuDummyScene -> PlatformerMainMenu
11:11:21.066 [JavaFX Application Thread] DEBUG FXGLApplication      - Registering font factories with UI factory
11:11:23.521 [JavaFX Application Thread] DEBUG Menu                 - fireNewGame()
11:11:23.521 [JavaFX Application Thread] DEBUG GameApplicationServi - Starting new game
11:11:23.521 [JavaFX Application Thread] DEBUG PrimaryStageWindow   - Pop state: PlatformerMainMenu
11:11:23.521 [JavaFX Application Thread] DEBUG Input                - Clearing active input actions
11:11:23.522 [JavaFX Application Thread] DEBUG GameApplicationServi - Removing overlay from PlatformerMainMenu and adding to FXGLMainMenuDummyScene
11:11:23.523 [JavaFX Application Thread] DEBUG PrimaryStageWindow   - FXGLMainMenuDummyScene <- PlatformerMainMenu
11:11:23.523 [JavaFX Application Thread] DEBUG Input                - Clearing active input actions
11:11:23.528 [JavaFX Application Thread] DEBUG GameApplicationServi - Removing overlay from FXGLMainMenuDummyScene and adding to FXGLLoadingScene
11:11:23.529 [JavaFX Application Thread] DEBUG PrimaryStageWindow   - FXGLMainMenuDummyScene -> FXGLLoadingScene
11:11:23.529 [JavaFX Application Thread] DEBUG GameApplicationServi - Clearing previous game
11:11:23.529 [JavaFX Application Thread] DEBUG GameScene            - Clearing game scene
11:11:23.529 [JavaFX Application Thread] DEBUG GameWorld            - Clearing game world
11:11:23.529 [JavaFX Application Thread] DEBUG PhysicsWorld         - Clearing physics world
11:11:23.531 [FXGL Background Thread 4 ] DEBUG FXGLApplication      - Initializing game
11:11:23.565 [FXGL Background Thread 4 ] WARN  TMXLevelLoader       - TiledMap generated from 1.8.4. Supported version: 1.4.2. Some features may not be parsed fully.
11:11:23.595 [FXGL Background Thread 4 ] DEBUG TMXLevelLoader       - Parsed TiledMap: file:/C:/Users/HP/git/giocoInformatica4/bin/assets/levels/tmx/level1.tmx
11:11:23.597 [FXGL Background Thread 4 ] DEBUG TMXLevelLoader       - Creating tile layer entities
11:11:23.599 [FXGL Background Thread 4 ] DEBUG TilesetLoader        - Loading view for layer wall 2
11:11:23.605 [FXGL Background Thread 4 ] DEBUG TilesetLoader        - Created buffer with size 2240.0x2560.0
11:11:23.672 [FXGL Background Thread 4 ] WARN  TilesetLoader        - Diagonally flipped tiles are not currently supported
11:11:23.682 [FXGL Background Thread 4 ] WARN  TilesetLoader        - Diagonally flipped tiles are not currently supported
11:11:23.683 [FXGL Background Thread 4 ] WARN  TilesetLoader        - Diagonally flipped tiles are not currently supported
11:11:23.713 [FXGL Background Thread 4 ] WARN  TilesetLoader        - Diagonally flipped tiles are not currently supported
11:11:23.729 [FXGL Background Thread 4 ] WARN  TilesetLoader        - Diagonally flipped tiles are not currently supported
11:11:23.731 [FXGL Background Thread 4 ] DEBUG TilesetLoader        - Loading view for layer wall 1
11:11:23.736 [FXGL Background Thread 4 ] DEBUG TilesetLoader        - Created buffer with size 2240.0x2560.0
11:11:23.754 [FXGL Background Thread 4 ] DEBUG TilesetLoader        - Loading view for layer platforms
11:11:23.759 [FXGL Background Thread 4 ] DEBUG TilesetLoader        - Created buffer with size 2240.0x2560.0
11:11:23.784 [FXGL Background Thread 4 ] DEBUG TilesetLoader        - Loading view for layer spike
11:11:23.787 [FXGL Background Thread 4 ] DEBUG TilesetLoader        - Created buffer with size 2240.0x2560.0
11:11:23.789 [FXGL Background Thread 4 ] DEBUG TilesetLoader        - Loading view for layer ground
11:11:23.795 [FXGL Background Thread 4 ] DEBUG TilesetLoader        - Created buffer with size 2240.0x2560.0
11:11:23.804 [FXGL Background Thread 4 ] DEBUG TMXLevelLoader       - Creating object layer entities
11:11:23.820 [FXGL Background Thread 4 ] DEBUG FXGLAssetLoaderServi - Loading from file system: file:/C:/Users/HP/git/giocoInformatica4/bin/assets/textures/enemies/Skeleton/Idle.png
11:11:23.821 [FXGL Background Thread 4 ] DEBUG FXGLAssetLoaderServi - Loading from file system: file:/C:/Users/HP/git/giocoInformatica4/bin/assets/textures/enemies/Skeleton/Walk.png
11:11:23.821 [FXGL Background Thread 4 ] DEBUG FXGLAssetLoaderServi - Loading from file system: file:/C:/Users/HP/git/giocoInformatica4/bin/assets/textures/enemies/Skeleton/Attack.png
11:11:23.822 [FXGL Background Thread 4 ] DEBUG FXGLAssetLoaderServi - Loading from file system: file:/C:/Users/HP/git/giocoInformatica4/bin/assets/textures/enemies/Skeleton/Take%20Hit.png
11:11:23.823 [FXGL Background Thread 4 ] DEBUG FXGLAssetLoaderServi - Loading from file system: file:/C:/Users/HP/git/giocoInformatica4/bin/assets/textures/enemies/Skeleton/Death.png
11:11:23.824 [FXGL Background Thread 4 ] DEBUG FXGLAssetLoaderServi - Loading from file system: file:/C:/Users/HP/git/giocoInformatica4/bin/assets/textures/enemies/Skeleton/Shield.png
11:11:23.838 [FXGL Background Thread 3 ] DEBUG Engine               - Logging environment variables
11:11:23.838 [FXGL Background Thread 3 ] DEBUG Engine               - achievements: []
11:11:23.838 [FXGL Background Thread 3 ] DEBUG Engine               - actualHeight: 1080.0
11:11:23.838 [FXGL Background Thread 3 ] DEBUG Engine               - actualHeightProperty: ReadOnlyDoubleProperty [value: 1080.0]
11:11:23.838 [FXGL Background Thread 3 ] DEBUG Engine               - actualWidth: 1920.0
11:11:23.839 [FXGL Background Thread 3 ] DEBUG Engine               - actualWidthProperty: ReadOnlyDoubleProperty [value: 1920.0]
11:11:23.839 [FXGL Background Thread 3 ] DEBUG Engine               - appIcon: fxgl_icon.png
11:11:23.839 [FXGL Background Thread 3 ] DEBUG Engine               - applicationMode: DEVELOPER
11:11:23.839 [FXGL Background Thread 3 ] DEBUG Engine               - cSSList: [fxgl_dark.css]
11:11:23.839 [FXGL Background Thread 3 ] DEBUG Engine               - collisionDetectionStrategy: BRUTE_FORCE
11:11:23.839 [FXGL Background Thread 3 ] DEBUG Engine               - configClass: Optional.empty
11:11:23.839 [FXGL Background Thread 3 ] DEBUG Engine               - credits: []
11:11:23.841 [FXGL Background Thread 3 ] DEBUG Engine               - defaultCursor: CursorInfo(imageName=fxgl_default_cursor.png, hotspotX=7.0, hotspotY=6.0)
11:11:23.841 [FXGL Background Thread 3 ] DEBUG Engine               - devBBoxColorProperty: ObjectProperty [value: 0xff0000ff]
11:11:23.841 [FXGL Background Thread 3 ] DEBUG Engine               - devEnableDebugCameraProperty: BooleanProperty [value: false]
11:11:23.842 [FXGL Background Thread 3 ] DEBUG Engine               - devSensorColorProperty: ObjectProperty [value: 0xffff00ff]
11:11:23.842 [FXGL Background Thread 3 ] DEBUG Engine               - devShowBBoxProperty: BooleanProperty [value: false]
11:11:23.842 [FXGL Background Thread 3 ] DEBUG Engine               - devShowPositionProperty: BooleanProperty [value: false]
11:11:23.842 [FXGL Background Thread 3 ] DEBUG Engine               - enabledMenuItems: []
11:11:23.842 [FXGL Background Thread 3 ] DEBUG Engine               - engineServices: [class com.almasb.fxgl.app.services.FXGLAssetLoaderService, class com.almasb.fxgl.app.FXGLApplication$GameApplicationService, class com.almasb.fxgl.app.services.FXGLDialogService, class com.almasb.fxgl.app.services.IOTaskExecutorService, class com.almasb.fxgl.io.FileSystemService, class com.almasb.fxgl.localization.LocalizationService, class com.almasb.fxgl.app.services.SystemBundleService, class com.almasb.fxgl.profile.SaveLoadService, class com.almasb.fxgl.ui.FXGLUIFactoryServiceProvider, class com.almasb.fxgl.ui.FXGLDialogFactoryServiceProvider, class com.almasb.fxgl.audio.AudioPlayer, class com.almasb.fxgl.notification.impl.NotificationServiceProvider, class com.almasb.fxgl.achievement.AchievementService, class com.almasb.fxgl.cutscene.CutsceneService, class com.almasb.fxgl.minigames.MiniGameService, class com.almasb.fxgl.net.NetService, class com.almasb.fxgl.app.services.UpdaterService, class com.almasb.fxgl.dev.DevService]
11:11:23.842 [FXGL Background Thread 3 ] DEBUG Engine               - fontGame: Abel-Regular.ttf
11:11:23.843 [FXGL Background Thread 3 ] DEBUG Engine               - fontMono: TerminalLandMono-Regular.otf
11:11:23.843 [FXGL Background Thread 3 ] DEBUG Engine               - fontText: Courier-Prime.ttf
11:11:23.843 [FXGL Background Thread 3 ] DEBUG Engine               - fontUI: VarelaRound-Regular.ttf
11:11:23.843 [FXGL Background Thread 3 ] DEBUG Engine               - fullScreen: BooleanProperty [value: false]
11:11:23.843 [FXGL Background Thread 3 ] DEBUG Engine               - gameDifficulty: MEDIUM
11:11:23.843 [FXGL Background Thread 3 ] DEBUG Engine               - gameDifficultyProperty: ObjectProperty [value: MEDIUM]
11:11:23.844 [FXGL Background Thread 3 ] DEBUG Engine               - globalMusicVolume: 0.5
11:11:23.844 [FXGL Background Thread 3 ] DEBUG Engine               - globalMusicVolumeProperty: DoubleProperty [value: 0.0]
11:11:23.844 [FXGL Background Thread 3 ] DEBUG Engine               - globalSoundVolume: 0.5
11:11:23.844 [FXGL Background Thread 3 ] DEBUG Engine               - globalSoundVolumeProperty: DoubleProperty [value: 0.5]
11:11:23.844 [FXGL Background Thread 3 ] DEBUG Engine               - height: 1080
11:11:23.844 [FXGL Background Thread 3 ] DEBUG Engine               - is3D: false
11:11:23.844 [FXGL Background Thread 3 ] DEBUG Engine               - isAndroid: false
11:11:23.844 [FXGL Background Thread 3 ] DEBUG Engine               - isBrowser: false
11:11:23.844 [FXGL Background Thread 3 ] DEBUG Engine               - isClickFeedbackEnabled: false
11:11:23.844 [FXGL Background Thread 3 ] DEBUG Engine               - isCloseConfirmation: false
11:11:23.844 [FXGL Background Thread 3 ] DEBUG Engine               - isDesktop: true
11:11:23.844 [FXGL Background Thread 3 ] DEBUG Engine               - isDeveloperMenuEnabled: true
11:11:23.844 [FXGL Background Thread 3 ] DEBUG Engine               - isEmbedded: false
11:11:23.844 [FXGL Background Thread 3 ] DEBUG Engine               - isEntityPreloadEnabled: true
11:11:23.845 [FXGL Background Thread 3 ] DEBUG Engine               - isExperimentalTiledLargeMap: false
11:11:23.845 [FXGL Background Thread 3 ] DEBUG Engine               - isFileSystemWriteAllowed: true
11:11:23.845 [FXGL Background Thread 3 ] DEBUG Engine               - isFullScreenAllowed: false
11:11:23.845 [FXGL Background Thread 3 ] DEBUG Engine               - isFullScreenFromStart: false
11:11:23.845 [FXGL Background Thread 3 ] DEBUG Engine               - isGameMenuEnabled: true
11:11:23.845 [FXGL Background Thread 3 ] DEBUG Engine               - isIOS: false
11:11:23.845 [FXGL Background Thread 3 ] DEBUG Engine               - isIntroEnabled: false
11:11:23.845 [FXGL Background Thread 3 ] DEBUG Engine               - isLinux: false
11:11:23.845 [FXGL Background Thread 3 ] DEBUG Engine               - isMac: false
11:11:23.845 [FXGL Background Thread 3 ] DEBUG Engine               - isMainMenuEnabled: true
11:11:23.845 [FXGL Background Thread 3 ] DEBUG Engine               - isManualResizeEnabled: false
11:11:23.845 [FXGL Background Thread 3 ] DEBUG Engine               - isMobile: false
11:11:23.845 [FXGL Background Thread 3 ] DEBUG Engine               - isNative: false
11:11:23.845 [FXGL Background Thread 3 ] DEBUG Engine               - isPauseMusicWhenMinimized: true
11:11:23.845 [FXGL Background Thread 3 ] DEBUG Engine               - isPreserveResizeRatio: false
11:11:23.845 [FXGL Background Thread 3 ] DEBUG Engine               - isProfilingEnabled: false
11:11:23.846 [FXGL Background Thread 3 ] DEBUG Engine               - isScaleAffectedOnResize: true
11:11:23.846 [FXGL Background Thread 3 ] DEBUG Engine               - isSingleStep: false
11:11:23.846 [FXGL Background Thread 3 ] DEBUG Engine               - isUserProfileEnabled: false
11:11:23.846 [FXGL Background Thread 3 ] DEBUG Engine               - isWindows: true
11:11:23.846 [FXGL Background Thread 3 ] DEBUG Engine               - language: ObjectProperty [value: ENGLISH]
11:11:23.846 [FXGL Background Thread 3 ] DEBUG Engine               - menuKey: ESCAPE
11:11:23.846 [FXGL Background Thread 3 ] DEBUG Engine               - mouseSensitivity: 0.2
11:11:23.846 [FXGL Background Thread 3 ] DEBUG Engine               - notificationViewClass: class com.almasb.fxgl.notification.view.XboxNotificationView
11:11:23.846 [FXGL Background Thread 4 ] DEBUG FXGLAssetLoaderServi - Loading from file system: file:/C:/Users/HP/git/giocoInformatica4/bin/assets/textures/box.png
11:11:23.846 [FXGL Background Thread 3 ] DEBUG Engine               - pixelsPerMeter: 50.0
11:11:23.846 [FXGL Background Thread 3 ] DEBUG Engine               - platform: WINDOWS
11:11:23.847 [FXGL Background Thread 3 ] DEBUG Engine               - prefHeightProperty: ReadOnlyDoubleProperty [value: 1080.0]
11:11:23.847 [FXGL Background Thread 3 ] DEBUG Engine               - prefWidthProperty: ReadOnlyDoubleProperty [value: 1920.0]
11:11:23.847 [FXGL Background Thread 3 ] DEBUG Engine               - profileDir: profiles/
11:11:23.847 [FXGL Background Thread 3 ] DEBUG Engine               - profileName: StringProperty [value: DEFAULT]
11:11:23.847 [FXGL Background Thread 3 ] DEBUG Engine               - randomSeed: -1
11:11:23.847 [FXGL Background Thread 3 ] DEBUG Engine               - runtimeInfo: RuntimeInfo(platform=WINDOWS, version=17.1, build=24.03.2022 17.39)
11:11:23.847 [FXGL Background Thread 3 ] DEBUG Engine               - saveFileExt: sav
11:11:23.847 [FXGL Background Thread 3 ] DEBUG Engine               - scaledHeightProp$fxgl: DoubleProperty [bound, value: 1080.0]
11:11:23.848 [FXGL Background Thread 3 ] DEBUG Engine               - scaledWidthProp$fxgl: DoubleProperty [bound, value: 1920.0]
11:11:23.848 [FXGL Background Thread 3 ] DEBUG Engine               - sceneFactory: game.PlatformerApp$1@2de6fd19
11:11:23.848 [FXGL Background Thread 3 ] DEBUG Engine               - secondsIn24h: 60
11:11:23.848 [FXGL Background Thread 3 ] DEBUG Engine               - soundMenuBack: menu/back.wav
11:11:23.848 [FXGL Background Thread 3 ] DEBUG Engine               - soundMenuPress: menu/press.wav
11:11:23.848 [FXGL Background Thread 3 ] DEBUG Engine               - soundMenuSelect: menu/select.wav
11:11:23.848 [FXGL Background Thread 3 ] DEBUG Engine               - soundNotification: core/notification.wav
11:11:23.848 [FXGL Background Thread 3 ] DEBUG Engine               - stageStyle: DECORATED
11:11:23.848 [FXGL Background Thread 3 ] DEBUG Engine               - supportedLanguages: [ENGLISH, FRENCH, GERMAN, HUNGARIAN, RUSSIAN]
11:11:23.848 [FXGL Background Thread 3 ] DEBUG Engine               - ticksPerSecond: -1
11:11:23.848 [FXGL Background Thread 3 ] DEBUG Engine               - title: platformer
11:11:23.848 [FXGL Background Thread 3 ] DEBUG Engine               - urlGithub: https://github.com/AlmasB/FXGL
11:11:23.848 [FXGL Background Thread 3 ] DEBUG Engine               - urlLeaderboard: http://fxgl-top.herokuapp.com/
11:11:23.848 [FXGL Background Thread 3 ] DEBUG Engine               - urlPOM: https://raw.githubusercontent.com/AlmasB/FXGL/release/README.md
11:11:23.849 [FXGL Background Thread 3 ] DEBUG Engine               - userAppClass: class game.PlatformerApp
11:11:23.849 [FXGL Background Thread 3 ] DEBUG Engine               - version: 0.0
11:11:23.849 [FXGL Background Thread 3 ] DEBUG Engine               - versionCheckDays: 7
11:11:23.849 [FXGL Background Thread 3 ] DEBUG Engine               - width: 1920
11:11:23.849 [FXGL Background Thread 3 ] DEBUG Engine               - Logging services
11:11:23.849 [FXGL Background Thread 3 ] DEBUG Engine               - class com.almasb.fxgl.app.services.FXGLAssetLoaderService
11:11:23.849 [FXGL Background Thread 3 ] DEBUG Engine               - class com.almasb.fxgl.app.FXGLApplication$GameApplicationService
11:11:23.849 [FXGL Background Thread 3 ] DEBUG Engine               - class com.almasb.fxgl.app.services.FXGLDialogService
11:11:23.849 [FXGL Background Thread 3 ] DEBUG Engine               - class com.almasb.fxgl.app.services.IOTaskExecutorService
11:11:23.849 [FXGL Background Thread 3 ] DEBUG Engine               - class com.almasb.fxgl.io.FileSystemService
11:11:23.850 [FXGL Background Thread 3 ] DEBUG Engine               - class com.almasb.fxgl.localization.LocalizationService
11:11:23.850 [FXGL Background Thread 3 ] DEBUG Engine               - class com.almasb.fxgl.app.services.SystemBundleService
11:11:23.850 [FXGL Background Thread 3 ] DEBUG Engine               - class com.almasb.fxgl.profile.SaveLoadService
11:11:23.850 [FXGL Background Thread 3 ] DEBUG Engine               - class com.almasb.fxgl.ui.FXGLUIFactoryServiceProvider
11:11:23.850 [FXGL Background Thread 3 ] DEBUG Engine               - class com.almasb.fxgl.ui.FXGLDialogFactoryServiceProvider
11:11:23.850 [FXGL Background Thread 3 ] DEBUG Engine               - class com.almasb.fxgl.audio.AudioPlayer
11:11:23.850 [FXGL Background Thread 3 ] DEBUG Engine               - class com.almasb.fxgl.notification.impl.NotificationServiceProvider
11:11:23.850 [FXGL Background Thread 3 ] DEBUG Engine               - class com.almasb.fxgl.achievement.AchievementService
11:11:23.850 [FXGL Background Thread 3 ] DEBUG Engine               - class com.almasb.fxgl.cutscene.CutsceneService
11:11:23.850 [FXGL Background Thread 3 ] DEBUG Engine               - class com.almasb.fxgl.minigames.MiniGameService
11:11:23.850 [FXGL Background Thread 3 ] DEBUG Engine               - class com.almasb.fxgl.net.NetService
11:11:23.850 [FXGL Background Thread 3 ] DEBUG Engine               - class com.almasb.fxgl.app.services.UpdaterService
11:11:23.850 [FXGL Background Thread 3 ] DEBUG Engine               - class com.almasb.fxgl.dev.DevService
11:11:23.861 [FXGL Background Thread 4 ] DEBUG FXGLAssetLoaderServi - Loading from file system: file:/C:/Users/HP/git/giocoInformatica4/bin/assets/textures/bonfire.png
11:11:23.862 [FXGL Background Thread 4 ] DEBUG FXGLAssetLoaderServi - Loading from file system: file:/C:/Users/HP/git/giocoInformatica4/bin/assets/textures/bonfire_animation.png
11:11:23.869 [FXGL Background Thread 4 ] DEBUG FXGLAssetLoaderServi - Loading from file system: file:/C:/Users/HP/git/giocoInformatica4/bin/assets/textures/enemies/Flying%20eye/Flight.png
11:11:23.870 [FXGL Background Thread 4 ] DEBUG FXGLAssetLoaderServi - Loading from file system: file:/C:/Users/HP/git/giocoInformatica4/bin/assets/textures/enemies/Flying%20eye/Attack.png
11:11:23.874 [FXGL Background Thread 4 ] DEBUG FXGLAssetLoaderServi - Loading from file system: file:/C:/Users/HP/git/giocoInformatica4/bin/assets/textures/enemies/Flying%20eye/Take%20Hit.png
11:11:23.875 [FXGL Background Thread 4 ] DEBUG FXGLAssetLoaderServi - Loading from file system: file:/C:/Users/HP/git/giocoInformatica4/bin/assets/textures/enemies/Flying%20eye/Death.png
11:11:23.879 [FXGL Background Thread 4 ] DEBUG GameWorld            - Clearing removable entities
11:11:23.880 [FXGL Background Thread 4 ] DEBUG GameWorld            - Setting level: com.almasb.fxgl.entity.level.Level@4a93cf57
11:11:23.891 [FXGL Background Thread 4 ] DEBUG FXGLAssetLoaderServi - Loading from file system: file:/C:/Users/HP/git/giocoInformatica4/bin/assets/textures/health/empty_health.png
11:11:23.892 [FXGL Background Thread 4 ] DEBUG FXGLAssetLoaderServi - Loading from file system: file:/C:/Users/HP/git/giocoInformatica4/bin/assets/textures/health/half_health.png
11:11:23.893 [FXGL Background Thread 4 ] DEBUG FXGLAssetLoaderServi - Loading from file system: file:/C:/Users/HP/git/giocoInformatica4/bin/assets/textures/health/full_health.png
11:11:23.896 [FXGL Background Thread 4 ] DEBUG FXGLAssetLoaderServi - Loading from file system: file:/C:/Users/HP/git/giocoInformatica4/bin/assets/textures/player/_Idle.png
11:11:23.898 [FXGL Background Thread 4 ] DEBUG FXGLAssetLoaderServi - Loading from file system: file:/C:/Users/HP/git/giocoInformatica4/bin/assets/textures/player/_Run.png
11:11:23.899 [FXGL Background Thread 4 ] DEBUG FXGLAssetLoaderServi - Loading from file system: file:/C:/Users/HP/git/giocoInformatica4/bin/assets/textures/player/_Jump.png
11:11:23.899 [FXGL Background Thread 4 ] DEBUG FXGLAssetLoaderServi - Loading from file system: file:/C:/Users/HP/git/giocoInformatica4/bin/assets/textures/player/_Fall.png
11:11:23.900 [FXGL Background Thread 4 ] DEBUG FXGLAssetLoaderServi - Loading from file system: file:/C:/Users/HP/git/giocoInformatica4/bin/assets/textures/player/_WallSlide.png
11:11:23.901 [FXGL Background Thread 4 ] DEBUG FXGLAssetLoaderServi - Loading from file system: file:/C:/Users/HP/git/giocoInformatica4/bin/assets/textures/player/_Attack.png
11:11:23.902 [FXGL Background Thread 4 ] DEBUG FXGLAssetLoaderServi - Loading from file system: file:/C:/Users/HP/git/giocoInformatica4/bin/assets/textures/player/_TurnAround.png
11:11:23.903 [FXGL Background Thread 4 ] DEBUG FXGLAssetLoaderServi - Loading from file system: file:/C:/Users/HP/git/giocoInformatica4/bin/assets/textures/player/_Hit.png
11:11:23.904 [FXGL Background Thread 4 ] DEBUG FXGLAssetLoaderServi - Loading from file system: file:/C:/Users/HP/git/giocoInformatica4/bin/assets/textures/player/_Death.png
11:11:23.907 [FXGL Background Thread 4 ] DEBUG FXGLAssetLoaderServi - Loading from file system: file:/C:/Users/HP/git/giocoInformatica4/bin/assets/textures/background/background.png
11:11:24.025 [FXGL Background Thread 4 ] DEBUG FXGLAssetLoaderServi - Loading from file system: file:/C:/Users/HP/git/giocoInformatica4/bin/assets/textures/background/castelBackgound.png
11:11:24.078 [FXGL Background Thread 4 ] INFO  FXGLApplication      - Game initialization took: 0,546 sec
11:11:24.081 [JavaFX Application Thread] DEBUG Input                - Clearing active input actions
11:11:24.086 [JavaFX Application Thread] DEBUG GameApplicationServi - Removing overlay from FXGLLoadingScene and adding to GameScene
11:11:24.088 [JavaFX Application Thread] DEBUG PrimaryStageWindow   - FXGLLoadingScene -> GameScene
11:12:29.991 [JavaFX Application Thread] DEBUG FXGLApplication      - Exiting FXGL
11:12:29.991 [JavaFX Application Thread] DEBUG LoopRunner           - Stopping loop
11:12:29.991 [JavaFX Application Thread] DEBUG SystemBundleService  - Saving FXGL system data
11:12:29.994 [JavaFX Application Thread] DEBUG FileSystemAccess     - Writing to: C:\Users\HP\git\giocoInformatica4\system\fxgl.bundle
11:12:29.995 [JavaFX Application Thread] DEBUG Async                - Shutting down background threads
11:12:29.995 [JavaFX Application Thread] DEBUG PrimaryStageWindow   - Closing main window
11:12:30.003 [JavaFX Application Thread] DEBUG Logger               - Closing Logger
