17:21:50.536 [main                     ] DEBUG Logger               - Configured Logger
17:21:50.616 [main                     ] DEBUG GameApplication      - Logging settings
Title: platformer
Version: 0.0
Width: 1920
Height: 1080
Fullscreen: false
Intro: false
Profiling: false
Single step:false
App Mode: DEVELOPER
Menu Key: ESCAPE
Stage Style: DECORATED
Scene Factory: class game.PlatformerApp$1

17:21:51.412 [JavaFX Application Thread] DEBUG FXGLApplication      - Initializing FXGL
17:21:51.425 [JavaFX Application Thread] INFO  Engine               - FXGL-17.1 (24.03.2022 17.39) on WINDOWS (J:17.0.2 FX:18)
17:21:51.426 [JavaFX Application Thread] DEBUG Engine               - JRE Vendor Name: Eclipse Adoptium
17:21:51.427 [JavaFX Application Thread] DEBUG Engine               - Running on OS: Windows 10 version 10.0
17:21:51.427 [JavaFX Application Thread] DEBUG Engine               - Architecture: amd64
17:21:51.427 [JavaFX Application Thread] INFO  Engine               - Source code and latest versions at: https://github.com/AlmasB/FXGL
17:21:51.427 [JavaFX Application Thread] INFO  Engine               -       Ask questions and discuss at: https://github.com/AlmasB/FXGL/discussions
17:21:51.428 [JavaFX Application Thread] INFO  Engine               -              Join the FXGL chat at: https://gitter.im/AlmasB/FXGL
17:21:51.605 [JavaFX Application Thread] DEBUG PrimaryStageWindow   - Creating a JavaFX scene
17:21:51.605 [JavaFX Application Thread] DEBUG PrimaryStageWindow   - Target size > screen size
17:21:51.677 [JavaFX Application Thread] DEBUG PrimaryStageWindow   - Target settings size: 1920.0 x 1080.0
17:21:51.677 [JavaFX Application Thread] DEBUG PrimaryStageWindow   - Scaled scene size:    1269.0 x 727.0
17:21:51.678 [JavaFX Application Thread] DEBUG PrimaryStageWindow   - Scaled ratio: (0.6609375, 0.6731481481481482)
17:21:51.680 [JavaFX Application Thread] DEBUG PrimaryStageWindow   - Set initial scene to FXGLStartupScene
17:21:51.696 [JavaFX Application Thread] DEBUG PrimaryStageWindow   - Opening main window
17:21:51.874 [JavaFX Application Thread] DEBUG PrimaryStageWindow   - Window border size: (16.0, 39.0)
17:21:51.874 [JavaFX Application Thread] DEBUG PrimaryStageWindow   - Scaled size: 1269.0 x 727.0
17:21:51.875 [JavaFX Application Thread] DEBUG PrimaryStageWindow   - Scaled ratio: (0.6609375, 0.6731481481481482)
17:21:51.875 [JavaFX Application Thread] DEBUG PrimaryStageWindow   - Scene size: 1269.0 x 727.0
17:21:51.876 [JavaFX Application Thread] DEBUG PrimaryStageWindow   - Stage size: 1285.0 x 766.0
17:21:51.961 [FXGL Background Thread 1 ] DEBUG Engine               - Initializing environment variables
17:21:52.091 [FXGL Background Thread 1 ] DEBUG FXGLAssetLoaderServi - User app class for loading assets: class game.PlatformerApp
17:21:52.091 [FXGL Background Thread 1 ] DEBUG GameApplicationServi - Applying CSS: fxgl_dark.css
17:21:52.093 [FXGL Background Thread 1 ] DEBUG FXGLAssetLoaderServi - Loading from file system: jar:file:/C:/jav/fxgl-17.1-uber.jar!/fxglassets/ui/css/fxgl_dark.css
17:21:52.191 [FXGL Background Thread 1 ] DEBUG GameApplicationServi - Initializing application scenes
17:21:52.409 [FXGL Background Thread 1 ] DEBUG GameWorld            - Game world initialized
17:21:52.505 [FXGL Background Thread 1 ] DEBUG PhysicsWorld         - Physics world initialized: appHeight=1080, physics.ppm=50,0
17:21:52.506 [FXGL Background Thread 1 ] DEBUG PhysicsWorld         - Using strategy: BRUTE_FORCE
17:21:52.518 [FXGL Background Thread 1 ] DEBUG GameScene            - Game scene initialized: 1920x1080
17:21:52.649 [FXGL Background Thread 1 ] DEBUG GameApplicationServi - Application scenes initialized
17:21:52.679 [FXGL Background Thread 1 ] DEBUG SystemBundleService  - Loading FXGL system data
17:21:52.709 [FXGL Background Thread 1 ] DEBUG FileSystemAccess     - Reading from: C:\Users\G\git\giocoInformatica_final_sulSerio\system\fxgl.bundle
17:21:52.729 [FXGL Background Thread 1 ] DEBUG SystemBundleService  - Bundle FXGL: {}
17:21:52.729 [FXGL Background Thread 1 ] DEBUG UpdaterService       - Checking for updates
17:21:52.830 [FXGL Background Thread 1 ] DEBUG FXGLApplication      - Loading default localization
17:21:52.831 [FXGL Background Thread 1 ] DEBUG FXGLAssetLoaderServi - Loading from file system: jar:file:/C:/jav/fxgl-17.1-uber.jar!/fxglassets/languages/english.lang
17:21:52.864 [FXGL Background Thread 1 ] INFO  FXGLApplication      - FXGL initialization took: 0,901 sec
17:21:52.879 [JavaFX Application Thread] DEBUG Input                - Registered new binding: Left - A
17:21:52.880 [JavaFX Application Thread] DEBUG Input                - Registered new binding: Right - D
17:21:52.880 [JavaFX Application Thread] DEBUG Input                - Registered new binding: Jump - Space
17:21:52.880 [JavaFX Application Thread] DEBUG Input                - Registered new binding: Attack - F
17:21:52.882 [JavaFX Application Thread] DEBUG Input                - Registered new binding: menu dev - P
17:21:52.882 [JavaFX Application Thread] DEBUG Input                - Registered new binding: interact - E
17:21:52.886 [JavaFX Application Thread] DEBUG FXGLAssetLoaderServi - Loading from file system: file:/C:/Users/G/git/giocoInformatica_final_sulSerio/bin/assets/music/BGM_dash_runner.wav
17:21:52.985 [FXGL Background Thread 4 ] DEBUG FXGLApplication      - Loading fonts
17:21:52.991 [FXGL Background Thread 4 ] DEBUG FXGLAssetLoaderServi - Loading from file system: jar:file:/C:/jav/fxgl-17.1-uber.jar!/fxglassets/ui/fonts/VarelaRound-Regular.ttf
17:21:53.362 [JavaFX Application Thread] DEBUG AudioPlayer          - Playing music com.almasb.fxgl.audio.Music@10a4dcc
17:21:53.363 [JavaFX Application Thread] DEBUG PhysicsWorld         - Clearing physics world
17:21:53.365 [JavaFX Application Thread] DEBUG FXGLAssetLoaderServi - Loading from file system: jar:file:/C:/jav/fxgl-17.1-uber.jar!/fxglassets/textures/fxgl_icon.png
17:21:53.522 [JavaFX Application Thread] DEBUG FXGLAssetLoaderServi - Loading from file system: jar:file:/C:/jav/fxgl-17.1-uber.jar!/fxglassets/textures/fxgl_default_cursor.png
17:21:53.528 [JavaFX Application Thread] DEBUG Input                - Registered new binding: Screenshot - CTRL+8
17:21:53.529 [JavaFX Application Thread] DEBUG Input                - Registered new binding: Dev Options - 1
17:21:53.529 [JavaFX Application Thread] DEBUG Input                - Registered new binding: Dev Console - 2
17:21:53.530 [JavaFX Application Thread] DEBUG Input                - Registered new binding: System info dump - CTRL+9
17:21:53.531 [JavaFX Application Thread] DEBUG Input                - Registered new binding: Restart - CTRL+R
17:21:53.532 [JavaFX Application Thread] DEBUG Input                - Registered new binding: Toggle Debug Camera - CTRL+7
17:21:53.538 [JavaFX Application Thread] DEBUG LoopRunner           - Starting loop
17:21:53.561 [JavaFX Application Thread] DEBUG LoopRunner           - Initializing JavaFX AnimationTimerLoop
17:21:53.565 [JavaFX Application Thread] DEBUG Input                - Clearing active input actions
17:21:53.603 [JavaFX Application Thread] DEBUG GameApplicationServi - Removing overlay from FXGLStartupScene and adding to FXGLMainMenuDummyScene
17:21:53.610 [JavaFX Application Thread] DEBUG PrimaryStageWindow   - FXGLStartupScene -> FXGLMainMenuDummyScene
17:21:53.612 [JavaFX Application Thread] DEBUG PrimaryStageWindow   - Push state: PlatformerMainMenu
17:21:53.615 [JavaFX Application Thread] DEBUG Input                - Clearing active input actions
17:21:53.632 [JavaFX Application Thread] DEBUG GameApplicationServi - Removing overlay from FXGLMainMenuDummyScene and adding to PlatformerMainMenu
17:21:53.634 [JavaFX Application Thread] DEBUG PrimaryStageWindow   - FXGLMainMenuDummyScene -> PlatformerMainMenu
17:21:54.090 [FXGL Background Thread 4 ] DEBUG FXGLAssetLoaderServi - Loading from file system: jar:file:/C:/jav/fxgl-17.1-uber.jar!/fxglassets/ui/fonts/Abel-Regular.ttf
17:21:54.116 [FXGL Background Thread 4 ] DEBUG FXGLAssetLoaderServi - Loading from file system: jar:file:/C:/jav/fxgl-17.1-uber.jar!/fxglassets/ui/fonts/TerminalLandMono-Regular.otf
17:21:54.131 [FXGL Background Thread 4 ] DEBUG FXGLAssetLoaderServi - Loading from file system: jar:file:/C:/jav/fxgl-17.1-uber.jar!/fxglassets/ui/fonts/Courier-Prime.ttf
17:21:54.494 [JavaFX Application Thread] DEBUG FXGLApplication      - Registering font factories with UI factory
17:21:55.827 [FXGL Background Thread 3 ] DEBUG Engine               - Logging environment variables
17:21:55.833 [FXGL Background Thread 3 ] DEBUG Engine               - achievements: []
17:21:55.837 [FXGL Background Thread 3 ] DEBUG Engine               - actualHeight: 727.0
17:21:55.844 [FXGL Background Thread 3 ] DEBUG Engine               - actualHeightProperty: ReadOnlyDoubleProperty [value: 727.0]
17:21:55.847 [FXGL Background Thread 3 ] DEBUG Engine               - actualWidth: 1269.0
17:21:55.853 [FXGL Background Thread 3 ] DEBUG Engine               - actualWidthProperty: ReadOnlyDoubleProperty [value: 1269.0]
17:21:55.853 [FXGL Background Thread 3 ] DEBUG Engine               - appIcon: fxgl_icon.png
17:21:55.862 [FXGL Background Thread 3 ] DEBUG Engine               - applicationMode: DEVELOPER
17:21:55.862 [FXGL Background Thread 3 ] DEBUG Engine               - cSSList: [fxgl_dark.css]
17:21:55.863 [FXGL Background Thread 3 ] DEBUG Engine               - collisionDetectionStrategy: BRUTE_FORCE
17:21:55.868 [FXGL Background Thread 3 ] DEBUG Engine               - configClass: Optional.empty
17:21:55.868 [FXGL Background Thread 3 ] DEBUG Engine               - credits: []
17:21:55.877 [FXGL Background Thread 3 ] DEBUG Engine               - defaultCursor: CursorInfo(imageName=fxgl_default_cursor.png, hotspotX=7.0, hotspotY=6.0)
17:21:55.879 [FXGL Background Thread 3 ] DEBUG Engine               - devBBoxColorProperty: ObjectProperty [value: 0xff0000ff]
17:21:55.880 [FXGL Background Thread 3 ] DEBUG Engine               - devEnableDebugCameraProperty: BooleanProperty [value: false]
17:21:55.885 [FXGL Background Thread 3 ] DEBUG Engine               - devSensorColorProperty: ObjectProperty [value: 0xffff00ff]
17:21:55.886 [FXGL Background Thread 3 ] DEBUG Engine               - devShowBBoxProperty: BooleanProperty [value: false]
17:21:55.886 [FXGL Background Thread 3 ] DEBUG Engine               - devShowPositionProperty: BooleanProperty [value: false]
17:21:55.886 [FXGL Background Thread 3 ] DEBUG Engine               - enabledMenuItems: []
17:21:55.886 [FXGL Background Thread 3 ] DEBUG Engine               - engineServices: [class com.almasb.fxgl.app.services.FXGLAssetLoaderService, class com.almasb.fxgl.app.FXGLApplication$GameApplicationService, class com.almasb.fxgl.app.services.FXGLDialogService, class com.almasb.fxgl.app.services.IOTaskExecutorService, class com.almasb.fxgl.io.FileSystemService, class com.almasb.fxgl.localization.LocalizationService, class com.almasb.fxgl.app.services.SystemBundleService, class com.almasb.fxgl.profile.SaveLoadService, class com.almasb.fxgl.ui.FXGLUIFactoryServiceProvider, class com.almasb.fxgl.ui.FXGLDialogFactoryServiceProvider, class com.almasb.fxgl.audio.AudioPlayer, class com.almasb.fxgl.notification.impl.NotificationServiceProvider, class com.almasb.fxgl.achievement.AchievementService, class com.almasb.fxgl.cutscene.CutsceneService, class com.almasb.fxgl.minigames.MiniGameService, class com.almasb.fxgl.net.NetService, class com.almasb.fxgl.app.services.UpdaterService, class com.almasb.fxgl.dev.DevService]
17:21:55.886 [FXGL Background Thread 3 ] DEBUG Engine               - fontGame: Abel-Regular.ttf
17:21:55.886 [FXGL Background Thread 3 ] DEBUG Engine               - fontMono: TerminalLandMono-Regular.otf
17:21:55.887 [FXGL Background Thread 3 ] DEBUG Engine               - fontText: Courier-Prime.ttf
17:21:55.887 [FXGL Background Thread 3 ] DEBUG Engine               - fontUI: VarelaRound-Regular.ttf
17:21:55.887 [FXGL Background Thread 3 ] DEBUG Engine               - fullScreen: BooleanProperty [value: false]
17:21:55.887 [FXGL Background Thread 3 ] DEBUG Engine               - gameDifficulty: MEDIUM
17:21:55.887 [FXGL Background Thread 3 ] DEBUG Engine               - gameDifficultyProperty: ObjectProperty [value: MEDIUM]
17:21:55.888 [FXGL Background Thread 3 ] DEBUG Engine               - globalMusicVolume: 0.5
17:21:55.888 [FXGL Background Thread 3 ] DEBUG Engine               - globalMusicVolumeProperty: DoubleProperty [value: 0.25]
17:21:55.888 [FXGL Background Thread 3 ] DEBUG Engine               - globalSoundVolume: 0.5
17:21:55.889 [FXGL Background Thread 3 ] DEBUG Engine               - globalSoundVolumeProperty: DoubleProperty [value: 0.5]
17:21:55.889 [FXGL Background Thread 3 ] DEBUG Engine               - height: 1080
17:21:55.889 [FXGL Background Thread 3 ] DEBUG Engine               - is3D: false
17:21:55.889 [FXGL Background Thread 3 ] DEBUG Engine               - isAndroid: false
17:21:55.890 [FXGL Background Thread 3 ] DEBUG Engine               - isBrowser: false
17:21:55.890 [FXGL Background Thread 3 ] DEBUG Engine               - isClickFeedbackEnabled: false
17:21:55.890 [FXGL Background Thread 3 ] DEBUG Engine               - isCloseConfirmation: false
17:21:55.913 [FXGL Background Thread 3 ] DEBUG Engine               - isDesktop: true
17:21:55.913 [FXGL Background Thread 3 ] DEBUG Engine               - isDeveloperMenuEnabled: true
17:21:55.913 [FXGL Background Thread 3 ] DEBUG Engine               - isEmbedded: false
17:21:55.914 [FXGL Background Thread 3 ] DEBUG Engine               - isEntityPreloadEnabled: true
17:21:55.915 [FXGL Background Thread 3 ] DEBUG Engine               - isExperimentalTiledLargeMap: false
17:21:55.915 [FXGL Background Thread 3 ] DEBUG Engine               - isFileSystemWriteAllowed: true
17:21:55.915 [FXGL Background Thread 3 ] DEBUG Engine               - isFullScreenAllowed: false
17:21:55.916 [FXGL Background Thread 3 ] DEBUG Engine               - isFullScreenFromStart: false
17:21:55.916 [FXGL Background Thread 3 ] DEBUG Engine               - isGameMenuEnabled: true
17:21:55.916 [FXGL Background Thread 3 ] DEBUG Engine               - isIOS: false
17:21:55.916 [FXGL Background Thread 3 ] DEBUG Engine               - isIntroEnabled: false
17:21:55.917 [FXGL Background Thread 3 ] DEBUG Engine               - isLinux: false
17:21:55.917 [FXGL Background Thread 3 ] DEBUG Engine               - isMac: false
17:21:55.920 [FXGL Background Thread 3 ] DEBUG Engine               - isMainMenuEnabled: true
17:21:55.920 [FXGL Background Thread 3 ] DEBUG Engine               - isManualResizeEnabled: false
17:21:55.922 [FXGL Background Thread 3 ] DEBUG Engine               - isMobile: false
17:21:55.922 [FXGL Background Thread 3 ] DEBUG Engine               - isNative: false
17:21:55.923 [FXGL Background Thread 3 ] DEBUG Engine               - isPauseMusicWhenMinimized: true
17:21:55.923 [FXGL Background Thread 3 ] DEBUG Engine               - isPreserveResizeRatio: false
17:21:55.936 [FXGL Background Thread 3 ] DEBUG Engine               - isProfilingEnabled: false
17:21:55.939 [FXGL Background Thread 3 ] DEBUG Engine               - isScaleAffectedOnResize: true
17:21:55.939 [FXGL Background Thread 3 ] DEBUG Engine               - isSingleStep: false
17:21:55.939 [FXGL Background Thread 3 ] DEBUG Engine               - isUserProfileEnabled: false
17:21:55.940 [FXGL Background Thread 3 ] DEBUG Engine               - isWindows: true
17:21:55.940 [FXGL Background Thread 3 ] DEBUG Engine               - language: ObjectProperty [value: ENGLISH]
17:21:55.940 [FXGL Background Thread 3 ] DEBUG Engine               - menuKey: ESCAPE
17:21:55.940 [FXGL Background Thread 3 ] DEBUG Engine               - mouseSensitivity: 0.2
17:21:55.940 [FXGL Background Thread 3 ] DEBUG Engine               - notificationViewClass: class com.almasb.fxgl.notification.view.XboxNotificationView
17:21:55.940 [FXGL Background Thread 3 ] DEBUG Engine               - pixelsPerMeter: 50.0
17:21:55.941 [FXGL Background Thread 3 ] DEBUG Engine               - platform: WINDOWS
17:21:55.941 [FXGL Background Thread 3 ] DEBUG Engine               - prefHeightProperty: ReadOnlyDoubleProperty [value: 1080.0]
17:21:55.941 [FXGL Background Thread 3 ] DEBUG Engine               - prefWidthProperty: ReadOnlyDoubleProperty [value: 1920.0]
17:21:55.941 [FXGL Background Thread 3 ] DEBUG Engine               - profileDir: profiles/
17:21:55.942 [FXGL Background Thread 3 ] DEBUG Engine               - profileName: StringProperty [value: DEFAULT]
17:21:55.942 [FXGL Background Thread 3 ] DEBUG Engine               - randomSeed: -1
17:21:55.943 [FXGL Background Thread 3 ] DEBUG Engine               - runtimeInfo: RuntimeInfo(platform=WINDOWS, version=17.1, build=24.03.2022 17.39)
17:21:55.943 [FXGL Background Thread 3 ] DEBUG Engine               - saveFileExt: sav
17:21:55.944 [FXGL Background Thread 3 ] DEBUG Engine               - scaledHeightProp$fxgl: DoubleProperty [bound, value: 727.0]
17:21:55.944 [FXGL Background Thread 3 ] DEBUG Engine               - scaledWidthProp$fxgl: DoubleProperty [bound, value: 1269.0]
17:21:55.944 [FXGL Background Thread 3 ] DEBUG Engine               - sceneFactory: game.PlatformerApp$1@7520a07c
17:21:55.944 [FXGL Background Thread 3 ] DEBUG Engine               - secondsIn24h: 60
17:21:55.944 [FXGL Background Thread 3 ] DEBUG Engine               - soundMenuBack: menu/back.wav
17:21:55.944 [FXGL Background Thread 3 ] DEBUG Engine               - soundMenuPress: menu/press.wav
17:21:55.945 [FXGL Background Thread 3 ] DEBUG Engine               - soundMenuSelect: menu/select.wav
17:21:55.945 [FXGL Background Thread 3 ] DEBUG Engine               - soundNotification: core/notification.wav
17:21:55.945 [FXGL Background Thread 3 ] DEBUG Engine               - stageStyle: DECORATED
17:21:55.957 [FXGL Background Thread 3 ] DEBUG Engine               - supportedLanguages: [ENGLISH, FRENCH, GERMAN, HUNGARIAN, RUSSIAN]
17:21:55.957 [FXGL Background Thread 3 ] DEBUG Engine               - ticksPerSecond: -1
17:21:55.957 [FXGL Background Thread 3 ] DEBUG Engine               - title: platformer
17:21:55.957 [FXGL Background Thread 3 ] DEBUG Engine               - urlGithub: https://github.com/AlmasB/FXGL
17:21:55.957 [FXGL Background Thread 3 ] DEBUG Engine               - urlLeaderboard: http://fxgl-top.herokuapp.com/
17:21:55.958 [FXGL Background Thread 3 ] DEBUG Engine               - urlPOM: https://raw.githubusercontent.com/AlmasB/FXGL/release/README.md
17:21:55.958 [FXGL Background Thread 3 ] DEBUG Engine               - userAppClass: class game.PlatformerApp
17:21:55.958 [FXGL Background Thread 3 ] DEBUG Engine               - version: 0.0
17:21:55.958 [FXGL Background Thread 3 ] DEBUG Engine               - versionCheckDays: 7
17:21:55.959 [FXGL Background Thread 3 ] DEBUG Engine               - width: 1920
17:21:55.960 [FXGL Background Thread 3 ] DEBUG Engine               - Logging services
17:21:55.960 [FXGL Background Thread 3 ] DEBUG Engine               - class com.almasb.fxgl.app.services.FXGLAssetLoaderService
17:21:55.960 [FXGL Background Thread 3 ] DEBUG Engine               - class com.almasb.fxgl.app.FXGLApplication$GameApplicationService
17:21:55.960 [FXGL Background Thread 3 ] DEBUG Engine               - class com.almasb.fxgl.app.services.FXGLDialogService
17:21:55.960 [FXGL Background Thread 3 ] DEBUG Engine               - class com.almasb.fxgl.app.services.IOTaskExecutorService
17:21:55.960 [FXGL Background Thread 3 ] DEBUG Engine               - class com.almasb.fxgl.io.FileSystemService
17:21:55.960 [FXGL Background Thread 3 ] DEBUG Engine               - class com.almasb.fxgl.localization.LocalizationService
17:21:55.961 [FXGL Background Thread 3 ] DEBUG Engine               - class com.almasb.fxgl.app.services.SystemBundleService
17:21:55.961 [FXGL Background Thread 3 ] DEBUG Engine               - class com.almasb.fxgl.profile.SaveLoadService
17:21:55.961 [FXGL Background Thread 3 ] DEBUG Engine               - class com.almasb.fxgl.ui.FXGLUIFactoryServiceProvider
17:21:55.961 [FXGL Background Thread 3 ] DEBUG Engine               - class com.almasb.fxgl.ui.FXGLDialogFactoryServiceProvider
17:21:55.962 [FXGL Background Thread 3 ] DEBUG Engine               - class com.almasb.fxgl.audio.AudioPlayer
17:21:55.962 [FXGL Background Thread 3 ] DEBUG Engine               - class com.almasb.fxgl.notification.impl.NotificationServiceProvider
17:21:55.963 [FXGL Background Thread 3 ] DEBUG Engine               - class com.almasb.fxgl.achievement.AchievementService
17:21:55.963 [FXGL Background Thread 3 ] DEBUG Engine               - class com.almasb.fxgl.cutscene.CutsceneService
17:21:55.963 [FXGL Background Thread 3 ] DEBUG Engine               - class com.almasb.fxgl.minigames.MiniGameService
17:21:55.964 [FXGL Background Thread 3 ] DEBUG Engine               - class com.almasb.fxgl.net.NetService
17:21:55.964 [FXGL Background Thread 3 ] DEBUG Engine               - class com.almasb.fxgl.app.services.UpdaterService
17:21:55.964 [FXGL Background Thread 3 ] DEBUG Engine               - class com.almasb.fxgl.dev.DevService
17:22:13.320 [JavaFX Application Thread] DEBUG PrimaryStageWindow   - Push state: DialogSubScene
17:22:13.321 [JavaFX Application Thread] DEBUG Input                - Clearing active input actions
17:22:13.327 [JavaFX Application Thread] DEBUG GameApplicationServi - Removing overlay from PlatformerMainMenu and adding to DialogSubScene
17:22:13.350 [JavaFX Application Thread] DEBUG PrimaryStageWindow   - PlatformerMainMenu -> DialogSubScene
17:22:14.890 [JavaFX Application Thread] DEBUG PrimaryStageWindow   - Pop state: DialogSubScene
17:22:14.890 [JavaFX Application Thread] DEBUG Input                - Clearing active input actions
17:22:14.892 [JavaFX Application Thread] DEBUG GameApplicationServi - Removing overlay from DialogSubScene and adding to PlatformerMainMenu
17:22:14.906 [JavaFX Application Thread] DEBUG PrimaryStageWindow   - PlatformerMainMenu <- DialogSubScene
17:22:14.910 [JavaFX Application Thread] DEBUG Menu                 - fireNewGame()
17:22:14.910 [JavaFX Application Thread] DEBUG GameApplicationServi - Starting new game
17:22:14.910 [JavaFX Application Thread] DEBUG PrimaryStageWindow   - Pop state: PlatformerMainMenu
17:22:14.910 [JavaFX Application Thread] DEBUG Input                - Clearing active input actions
17:22:14.912 [JavaFX Application Thread] DEBUG GameApplicationServi - Removing overlay from PlatformerMainMenu and adding to FXGLMainMenuDummyScene
17:22:14.914 [JavaFX Application Thread] DEBUG PrimaryStageWindow   - FXGLMainMenuDummyScene <- PlatformerMainMenu
17:22:14.915 [JavaFX Application Thread] DEBUG Input                - Clearing active input actions
17:22:14.939 [JavaFX Application Thread] DEBUG GameApplicationServi - Removing overlay from FXGLMainMenuDummyScene and adding to FXGLLoadingScene
17:22:14.950 [JavaFX Application Thread] DEBUG PrimaryStageWindow   - FXGLMainMenuDummyScene -> FXGLLoadingScene
17:22:14.950 [JavaFX Application Thread] DEBUG GameApplicationServi - Clearing previous game
17:22:14.950 [JavaFX Application Thread] DEBUG GameScene            - Clearing game scene
17:22:14.951 [JavaFX Application Thread] DEBUG GameWorld            - Clearing game world
17:22:14.951 [JavaFX Application Thread] DEBUG PhysicsWorld         - Clearing physics world
17:22:14.953 [FXGL Background Thread 2 ] DEBUG FXGLApplication      - Initializing game
17:22:15.031 [FXGL Background Thread 2 ] WARN  TMXLevelLoader       - TiledMap generated from 1.8.4. Supported version: 1.4.2. Some features may not be parsed fully.
17:22:15.191 [FXGL Background Thread 2 ] DEBUG TMXLevelLoader       - Parsed TiledMap: file:/C:/Users/G/git/giocoInformatica_final_sulSerio/bin/assets/levels/tmx/level1.tmx
17:22:15.193 [FXGL Background Thread 2 ] DEBUG TMXLevelLoader       - Creating tile layer entities
17:22:15.195 [FXGL Background Thread 2 ] DEBUG TilesetLoader        - Loading view for layer wall 2
17:22:15.286 [FXGL Background Thread 2 ] DEBUG TilesetLoader        - Created buffer with size 2240.0x2560.0
17:22:15.568 [FXGL Background Thread 2 ] WARN  TilesetLoader        - Diagonally flipped tiles are not currently supported
17:22:15.625 [FXGL Background Thread 2 ] WARN  TilesetLoader        - Diagonally flipped tiles are not currently supported
17:22:15.629 [FXGL Background Thread 2 ] WARN  TilesetLoader        - Diagonally flipped tiles are not currently supported
17:22:15.786 [FXGL Background Thread 2 ] WARN  TilesetLoader        - Diagonally flipped tiles are not currently supported
17:22:15.830 [FXGL Background Thread 2 ] WARN  TilesetLoader        - Diagonally flipped tiles are not currently supported
17:22:15.843 [FXGL Background Thread 2 ] DEBUG TilesetLoader        - Loading view for layer wall 1
17:22:15.883 [FXGL Background Thread 2 ] DEBUG TilesetLoader        - Created buffer with size 2240.0x2560.0
17:22:16.037 [FXGL Background Thread 2 ] DEBUG TilesetLoader        - Loading view for layer platforms
17:22:16.056 [FXGL Background Thread 2 ] DEBUG TilesetLoader        - Created buffer with size 2240.0x2560.0
17:22:16.237 [FXGL Background Thread 2 ] DEBUG TilesetLoader        - Loading view for layer spike
17:22:16.274 [FXGL Background Thread 2 ] DEBUG TilesetLoader        - Created buffer with size 2240.0x2560.0
17:22:16.282 [FXGL Background Thread 2 ] DEBUG TilesetLoader        - Loading view for layer ground
17:22:16.333 [FXGL Background Thread 2 ] DEBUG TilesetLoader        - Created buffer with size 2240.0x2560.0
17:22:16.380 [FXGL Background Thread 2 ] DEBUG TMXLevelLoader       - Creating object layer entities
17:22:16.423 [FXGL Background Thread 2 ] DEBUG FXGLAssetLoaderServi - Loading from file system: file:/C:/Users/G/git/giocoInformatica_final_sulSerio/bin/assets/textures/enemies/Skeleton/Idle.png
17:22:16.425 [FXGL Background Thread 2 ] DEBUG FXGLAssetLoaderServi - Loading from file system: file:/C:/Users/G/git/giocoInformatica_final_sulSerio/bin/assets/textures/enemies/Skeleton/Walk.png
17:22:16.428 [FXGL Background Thread 2 ] DEBUG FXGLAssetLoaderServi - Loading from file system: file:/C:/Users/G/git/giocoInformatica_final_sulSerio/bin/assets/textures/enemies/Skeleton/Attack.png
17:22:16.447 [FXGL Background Thread 2 ] DEBUG FXGLAssetLoaderServi - Loading from file system: file:/C:/Users/G/git/giocoInformatica_final_sulSerio/bin/assets/textures/enemies/Skeleton/Take%20Hit.png
17:22:16.451 [FXGL Background Thread 2 ] DEBUG FXGLAssetLoaderServi - Loading from file system: file:/C:/Users/G/git/giocoInformatica_final_sulSerio/bin/assets/textures/enemies/Skeleton/Death.png
17:22:16.454 [FXGL Background Thread 2 ] DEBUG FXGLAssetLoaderServi - Loading from file system: file:/C:/Users/G/git/giocoInformatica_final_sulSerio/bin/assets/textures/enemies/Skeleton/Shield.png
17:22:16.521 [FXGL Background Thread 2 ] DEBUG FXGLAssetLoaderServi - Loading from file system: file:/C:/Users/G/git/giocoInformatica_final_sulSerio/bin/assets/textures/box.png
17:22:16.570 [FXGL Background Thread 2 ] DEBUG FXGLAssetLoaderServi - Loading from file system: file:/C:/Users/G/git/giocoInformatica_final_sulSerio/bin/assets/textures/bonfire.png
17:22:16.572 [FXGL Background Thread 2 ] DEBUG FXGLAssetLoaderServi - Loading from file system: file:/C:/Users/G/git/giocoInformatica_final_sulSerio/bin/assets/textures/bonfire_animation.png
17:22:16.601 [FXGL Background Thread 2 ] DEBUG FXGLAssetLoaderServi - Loading from file system: file:/C:/Users/G/git/giocoInformatica_final_sulSerio/bin/assets/textures/enemies/Flying%20eye/Flight.png
17:22:16.604 [FXGL Background Thread 2 ] DEBUG FXGLAssetLoaderServi - Loading from file system: file:/C:/Users/G/git/giocoInformatica_final_sulSerio/bin/assets/textures/enemies/Flying%20eye/Attack.png
17:22:16.676 [FXGL Background Thread 2 ] DEBUG FXGLAssetLoaderServi - Loading from file system: file:/C:/Users/G/git/giocoInformatica_final_sulSerio/bin/assets/textures/enemies/Flying%20eye/Take%20Hit.png
17:22:16.680 [FXGL Background Thread 2 ] DEBUG FXGLAssetLoaderServi - Loading from file system: file:/C:/Users/G/git/giocoInformatica_final_sulSerio/bin/assets/textures/enemies/Flying%20eye/Death.png
17:22:16.703 [FXGL Background Thread 2 ] DEBUG FXGLAssetLoaderServi - Loading from file system: file:/C:/Users/G/git/giocoInformatica_final_sulSerio/bin/assets/textures/enemies/Goblin/Idle.png
17:22:16.707 [FXGL Background Thread 2 ] DEBUG FXGLAssetLoaderServi - Loading from file system: file:/C:/Users/G/git/giocoInformatica_final_sulSerio/bin/assets/textures/enemies/Goblin/Run.png
17:22:16.710 [FXGL Background Thread 2 ] DEBUG FXGLAssetLoaderServi - Loading from file system: file:/C:/Users/G/git/giocoInformatica_final_sulSerio/bin/assets/textures/enemies/Goblin/Attack.png
17:22:16.712 [FXGL Background Thread 2 ] DEBUG FXGLAssetLoaderServi - Loading from file system: file:/C:/Users/G/git/giocoInformatica_final_sulSerio/bin/assets/textures/enemies/Goblin/Take%20Hit.png
17:22:16.715 [FXGL Background Thread 2 ] DEBUG FXGLAssetLoaderServi - Loading from file system: file:/C:/Users/G/git/giocoInformatica_final_sulSerio/bin/assets/textures/enemies/Goblin/Death.png
17:22:16.730 [FXGL Background Thread 2 ] DEBUG FXGLAssetLoaderServi - Loading from file system: file:/C:/Users/G/git/giocoInformatica_final_sulSerio/bin/assets/textures/npc/Meomartino/Idle.png
17:22:16.736 [FXGL Background Thread 2 ] DEBUG GameWorld            - Clearing removable entities
17:22:16.737 [FXGL Background Thread 2 ] DEBUG GameWorld            - Setting level: com.almasb.fxgl.entity.level.Level@d763daf
17:22:16.793 [FXGL Background Thread 2 ] DEBUG FXGLAssetLoaderServi - Loading from file system: file:/C:/Users/G/git/giocoInformatica_final_sulSerio/bin/assets/textures/health/empty_health.png
17:22:16.795 [FXGL Background Thread 2 ] DEBUG FXGLAssetLoaderServi - Loading from file system: file:/C:/Users/G/git/giocoInformatica_final_sulSerio/bin/assets/textures/health/half_health.png
17:22:16.797 [FXGL Background Thread 2 ] DEBUG FXGLAssetLoaderServi - Loading from file system: file:/C:/Users/G/git/giocoInformatica_final_sulSerio/bin/assets/textures/health/full_health.png
17:22:16.809 [FXGL Background Thread 2 ] DEBUG FXGLAssetLoaderServi - Loading from file system: file:/C:/Users/G/git/giocoInformatica_final_sulSerio/bin/assets/textures/player/_Idle.png
17:22:16.831 [FXGL Background Thread 2 ] DEBUG FXGLAssetLoaderServi - Loading from file system: file:/C:/Users/G/git/giocoInformatica_final_sulSerio/bin/assets/textures/player/_Run.png
17:22:16.834 [FXGL Background Thread 2 ] DEBUG FXGLAssetLoaderServi - Loading from file system: file:/C:/Users/G/git/giocoInformatica_final_sulSerio/bin/assets/textures/player/_Jump.png
17:22:16.839 [FXGL Background Thread 2 ] DEBUG FXGLAssetLoaderServi - Loading from file system: file:/C:/Users/G/git/giocoInformatica_final_sulSerio/bin/assets/textures/player/_Fall.png
17:22:16.842 [FXGL Background Thread 2 ] DEBUG FXGLAssetLoaderServi - Loading from file system: file:/C:/Users/G/git/giocoInformatica_final_sulSerio/bin/assets/textures/player/_WallSlide.png
17:22:16.845 [FXGL Background Thread 2 ] DEBUG FXGLAssetLoaderServi - Loading from file system: file:/C:/Users/G/git/giocoInformatica_final_sulSerio/bin/assets/textures/player/_Attack.png
17:22:16.849 [FXGL Background Thread 2 ] DEBUG FXGLAssetLoaderServi - Loading from file system: file:/C:/Users/G/git/giocoInformatica_final_sulSerio/bin/assets/textures/player/_TurnAround.png
17:22:16.855 [FXGL Background Thread 2 ] DEBUG FXGLAssetLoaderServi - Loading from file system: file:/C:/Users/G/git/giocoInformatica_final_sulSerio/bin/assets/textures/player/_Hit.png
17:22:16.873 [FXGL Background Thread 2 ] DEBUG FXGLAssetLoaderServi - Loading from file system: file:/C:/Users/G/git/giocoInformatica_final_sulSerio/bin/assets/textures/player/_Death.png
17:22:16.919 [FXGL Background Thread 2 ] DEBUG FXGLAssetLoaderServi - Loading from file system: file:/C:/Users/G/git/giocoInformatica_final_sulSerio/bin/assets/textures/background/background.png
17:22:17.351 [FXGL Background Thread 2 ] DEBUG FXGLAssetLoaderServi - Loading from file system: file:/C:/Users/G/git/giocoInformatica_final_sulSerio/bin/assets/textures/background/castleBackgound.png
17:22:17.622 [FXGL Background Thread 2 ] INFO  FXGLApplication      - Game initialization took: 2,669 sec
17:22:17.633 [JavaFX Application Thread] DEBUG Input                - Clearing active input actions
17:22:17.653 [JavaFX Application Thread] DEBUG GameApplicationServi - Removing overlay from FXGLLoadingScene and adding to GameScene
17:22:17.658 [JavaFX Application Thread] DEBUG PrimaryStageWindow   - FXGLLoadingScene -> GameScene
17:22:26.732 [JavaFX Application Thread] DEBUG FXGLAssetLoaderServi - Loading from file system: file:/C:/Users/G/git/giocoInformatica_final_sulSerio/bin/assets/textures/button.png
17:22:27.547 [JavaFX Application Thread] DEBUG FXGLAssetLoaderServi - Loading from file system: file:/C:/Users/G/git/giocoInformatica_final_sulSerio/bin/assets/text/cutscene.txt
17:22:27.565 [JavaFX Application Thread] DEBUG Input                - Registered new binding: Next RPG Line - Enter
17:22:27.567 [JavaFX Application Thread] DEBUG FXGLAssetLoaderServi - Loading from file system: file:/C:/Users/G/git/giocoInformatica_final_sulSerio/bin/assets/textures/meo.png
17:22:27.569 [JavaFX Application Thread] DEBUG PrimaryStageWindow   - Push state: CutsceneScene
17:22:27.571 [JavaFX Application Thread] DEBUG Input                - Clearing active input actions
17:22:27.573 [JavaFX Application Thread] DEBUG GameApplicationServi - Removing overlay from GameScene and adding to CutsceneScene
17:22:27.577 [JavaFX Application Thread] DEBUG PrimaryStageWindow   - GameScene -> CutsceneScene
17:22:35.943 [JavaFX Application Thread] DEBUG PrimaryStageWindow   - Pop state: CutsceneScene
17:22:35.943 [JavaFX Application Thread] DEBUG Input                - Clearing active input actions
17:22:35.944 [JavaFX Application Thread] DEBUG GameApplicationServi - Removing overlay from CutsceneScene and adding to GameScene
17:22:35.946 [JavaFX Application Thread] DEBUG PrimaryStageWindow   - GameScene <- CutsceneScene
17:22:43.146 [JavaFX Application Thread] DEBUG FXGLApplication      - Exiting FXGL
17:22:43.147 [JavaFX Application Thread] DEBUG LoopRunner           - Stopping loop
17:22:43.147 [JavaFX Application Thread] DEBUG SystemBundleService  - Saving FXGL system data
17:22:43.150 [JavaFX Application Thread] DEBUG FileSystemAccess     - Writing to: C:\Users\G\git\giocoInformatica_final_sulSerio\system\fxgl.bundle
17:22:43.154 [JavaFX Application Thread] DEBUG Async                - Shutting down background threads
17:22:43.155 [JavaFX Application Thread] DEBUG PrimaryStageWindow   - Closing main window
17:22:43.230 [JavaFX Application Thread] DEBUG Logger               - Closing Logger
