12:34:44.441 [main                     ] DEBUG Logger               - Configured Logger
12:34:44.502 [main                     ] DEBUG GameApplication      - Logging settings
Title: platformer
Version: 0.0
Width: 1280
Height: 900
Fullscreen: false
Intro: false
Profiling: false
Single step:false
App Mode: DEVELOPER
Menu Key: ESCAPE
Stage Style: DECORATED
Scene Factory: class com.almasb.fxgl.app.scene.SceneFactory

12:34:45.152 [JavaFX Application Thread] DEBUG FXGLApplication      - Initializing FXGL
12:34:45.162 [JavaFX Application Thread] INFO  Engine               - FXGL-17.1 (24.03.2022 17.39) on WINDOWS (J:17.0.1 FX:18)
12:34:45.162 [JavaFX Application Thread] DEBUG Engine               - JRE Vendor Name: Eclipse Adoptium
12:34:45.163 [JavaFX Application Thread] DEBUG Engine               - Running on OS: Windows 10 version 10.0
12:34:45.163 [JavaFX Application Thread] DEBUG Engine               - Architecture: amd64
12:34:45.163 [JavaFX Application Thread] INFO  Engine               - Source code and latest versions at: https://github.com/AlmasB/FXGL
12:34:45.163 [JavaFX Application Thread] INFO  Engine               -       Ask questions and discuss at: https://github.com/AlmasB/FXGL/discussions
12:34:45.164 [JavaFX Application Thread] INFO  Engine               -              Join the FXGL chat at: https://gitter.im/AlmasB/FXGL
12:34:45.337 [JavaFX Application Thread] DEBUG PrimaryStageWindow   - Creating a JavaFX scene
12:34:45.409 [JavaFX Application Thread] DEBUG PrimaryStageWindow   - Target settings size: 1280.0 x 900.0
12:34:45.410 [JavaFX Application Thread] DEBUG PrimaryStageWindow   - Scaled scene size:    1280.0 x 900.0
12:34:45.411 [JavaFX Application Thread] DEBUG PrimaryStageWindow   - Scaled ratio: (1.0, 1.0)
12:34:45.413 [JavaFX Application Thread] DEBUG PrimaryStageWindow   - Set initial scene to FXGLStartupScene
12:34:45.426 [JavaFX Application Thread] DEBUG PrimaryStageWindow   - Opening main window
12:34:45.573 [JavaFX Application Thread] DEBUG PrimaryStageWindow   - Window border size: (16.0, 39.0)
12:34:45.574 [JavaFX Application Thread] DEBUG PrimaryStageWindow   - Scaled size: 1280.0 x 900.0
12:34:45.574 [JavaFX Application Thread] DEBUG PrimaryStageWindow   - Scaled ratio: (1.0, 1.0)
12:34:45.575 [JavaFX Application Thread] DEBUG PrimaryStageWindow   - Scene size: 1280.0 x 900.0
12:34:45.575 [JavaFX Application Thread] DEBUG PrimaryStageWindow   - Stage size: 1296.0 x 939.0
12:34:45.592 [FXGL Background Thread 1 ] DEBUG Engine               - Initializing environment variables
12:34:45.660 [FXGL Background Thread 1 ] DEBUG FXGLAssetLoaderServi - User app class for loading assets: class game.PlatformerApp
12:34:45.660 [FXGL Background Thread 1 ] DEBUG GameApplicationServi - Applying CSS: fxgl_dark.css
12:34:45.662 [FXGL Background Thread 1 ] DEBUG FXGLAssetLoaderServi - Loading from file system: jar:file:/C:/Users/HP/Documents/fxgl/fxgl-17.1-uber.jar!/fxglassets/ui/css/fxgl_dark.css
12:34:45.725 [FXGL Background Thread 1 ] DEBUG GameApplicationServi - Initializing application scenes
12:34:45.803 [FXGL Background Thread 1 ] DEBUG GameWorld            - Game world initialized
12:34:45.884 [FXGL Background Thread 1 ] DEBUG PhysicsWorld         - Physics world initialized: appHeight=900, physics.ppm=50,0
12:34:45.885 [FXGL Background Thread 1 ] DEBUG PhysicsWorld         - Using strategy: BRUTE_FORCE
12:34:45.894 [FXGL Background Thread 1 ] DEBUG GameScene            - Game scene initialized: 1280x900
12:34:45.917 [FXGL Background Thread 1 ] DEBUG FXGL.DefaultMenu     - createMenuBodyGameMenu()
12:34:45.946 [FXGL Background Thread 1 ] DEBUG FXGL.DefaultMenu     - createOptionsMenu()
12:34:45.970 [FXGL Background Thread 1 ] DEBUG FXGLAssetLoaderServi - Loading from file system: jar:file:/C:/Users/HP/Documents/fxgl/fxgl-17.1-uber.jar!/fxglassets/textures/particles/smoke.png
12:34:46.115 [FXGL Background Thread 1 ] DEBUG FXGLAssetLoaderServi - Loading from file system: jar:file:/C:/Users/HP/Documents/fxgl/fxgl-17.1-uber.jar!/fxglassets/textures/particles/trace_horizontal.png
12:34:46.157 [FXGL Background Thread 1 ] DEBUG GameApplicationServi - Application scenes initialized
12:34:46.178 [FXGL Background Thread 1 ] DEBUG SystemBundleService  - Loading FXGL system data
12:34:46.187 [FXGL Background Thread 1 ] DEBUG FileSystemAccess     - Reading from: C:\Users\HP\git\giocoInformatica1\system\fxgl.bundle
12:34:46.196 [FXGL Background Thread 1 ] DEBUG SystemBundleService  - Bundle FXGL: {}
12:34:46.197 [FXGL Background Thread 1 ] DEBUG UpdaterService       - Checking for updates
12:34:46.203 [FXGL Background Thread 4 ] DEBUG FXGLApplication      - Loading fonts
12:34:46.204 [FXGL Background Thread 4 ] DEBUG FXGLAssetLoaderServi - Loading from file system: jar:file:/C:/Users/HP/Documents/fxgl/fxgl-17.1-uber.jar!/fxglassets/ui/fonts/VarelaRound-Regular.ttf
12:34:46.205 [FXGL Background Thread 1 ] DEBUG FXGLApplication      - Loading default localization
12:34:46.206 [FXGL Background Thread 1 ] DEBUG FXGLAssetLoaderServi - Loading from file system: jar:file:/C:/Users/HP/Documents/fxgl/fxgl-17.1-uber.jar!/fxglassets/languages/english.lang
12:34:46.248 [FXGL Background Thread 1 ] INFO  FXGLApplication      - FXGL initialization took: 0,656 sec
12:34:46.265 [JavaFX Application Thread] DEBUG Input                - Registered new binding: Left - A
12:34:46.265 [JavaFX Application Thread] DEBUG Input                - Registered new binding: Right - D
12:34:46.266 [JavaFX Application Thread] DEBUG Input                - Registered new binding: Jump - Space
12:34:46.267 [JavaFX Application Thread] DEBUG Input                - Registered new binding: Attack - F
12:34:46.267 [JavaFX Application Thread] DEBUG FXGLAssetLoaderServi - Loading from file system: file:/C:/Users/HP/git/giocoInformatica1/bin/assets/music/BGM_dash_runner.wav
12:34:46.295 [FXGL Background Thread 4 ] DEBUG FXGLAssetLoaderServi - Loading from file system: jar:file:/C:/Users/HP/Documents/fxgl/fxgl-17.1-uber.jar!/fxglassets/ui/fonts/Abel-Regular.ttf
12:34:46.306 [FXGL Background Thread 4 ] DEBUG FXGLAssetLoaderServi - Loading from file system: jar:file:/C:/Users/HP/Documents/fxgl/fxgl-17.1-uber.jar!/fxglassets/ui/fonts/TerminalLandMono-Regular.otf
12:34:46.319 [FXGL Background Thread 4 ] DEBUG FXGLAssetLoaderServi - Loading from file system: jar:file:/C:/Users/HP/Documents/fxgl/fxgl-17.1-uber.jar!/fxglassets/ui/fonts/Courier-Prime.ttf
12:34:46.464 [JavaFX Application Thread] DEBUG AudioPlayer          - Playing music com.almasb.fxgl.audio.Music@39066444
12:34:46.465 [JavaFX Application Thread] DEBUG FXGLAssetLoaderServi - Loading from file system: jar:file:/C:/Users/HP/Documents/fxgl/fxgl-17.1-uber.jar!/fxglassets/textures/fxgl_icon.png
12:34:46.490 [JavaFX Application Thread] DEBUG FXGLAssetLoaderServi - Loading from file system: jar:file:/C:/Users/HP/Documents/fxgl/fxgl-17.1-uber.jar!/fxglassets/textures/fxgl_default_cursor.png
12:34:46.493 [JavaFX Application Thread] DEBUG Input                - Registered new binding: Screenshot - CTRL+8
12:34:46.494 [JavaFX Application Thread] DEBUG Input                - Registered new binding: System info dump - CTRL+9
12:34:46.495 [JavaFX Application Thread] DEBUG Input                - Registered new binding: Restart - CTRL+R
12:34:46.497 [JavaFX Application Thread] DEBUG Input                - Registered new binding: Toggle Debug Camera - CTRL+7
12:34:46.501 [JavaFX Application Thread] DEBUG LoopRunner           - Starting loop
12:34:46.501 [JavaFX Application Thread] DEBUG LoopRunner           - Initializing JavaFX AnimationTimerLoop
12:34:46.504 [JavaFX Application Thread] DEBUG GameApplicationServi - Starting new game
12:34:46.505 [JavaFX Application Thread] DEBUG Input                - Clearing active input actions
12:34:46.525 [JavaFX Application Thread] DEBUG GameApplicationServi - Removing overlay from FXGLStartupScene and adding to FXGLLoadingScene
12:34:46.525 [JavaFX Application Thread] DEBUG PrimaryStageWindow   - FXGLStartupScene -> FXGLLoadingScene
12:34:46.525 [JavaFX Application Thread] DEBUG GameApplicationServi - Clearing previous game
12:34:46.526 [JavaFX Application Thread] DEBUG GameScene            - Clearing game scene
12:34:46.526 [JavaFX Application Thread] DEBUG GameWorld            - Clearing game world
12:34:46.527 [JavaFX Application Thread] DEBUG PhysicsWorld         - Clearing physics world
12:34:46.528 [JavaFX Application Thread] DEBUG FXGLApplication      - Registering font factories with UI factory
12:34:46.528 [FXGL Background Thread 4 ] DEBUG FXGLApplication      - Initializing game
12:34:46.577 [FXGL Background Thread 4 ] WARN  TMXLevelLoader       - TiledMap generated from 1.8.4. Supported version: 1.4.2. Some features may not be parsed fully.
12:34:46.624 [FXGL Background Thread 4 ] DEBUG TMXLevelLoader       - Parsed TiledMap: file:/C:/Users/HP/git/giocoInformatica1/bin/assets/levels/tmx/level1.tmx
12:34:46.625 [FXGL Background Thread 4 ] DEBUG TMXLevelLoader       - Creating tile layer entities
12:34:46.627 [FXGL Background Thread 4 ] DEBUG TilesetLoader        - Loading view for layer Terreno
12:34:46.660 [FXGL Background Thread 4 ] DEBUG TilesetLoader        - Created buffer with size 4900.0x5600.0
12:34:46.682 [FXGL Background Thread 4 ] DEBUG TilesetLoader        - Loading view for layer Decorazioni
12:34:46.717 [FXGL Background Thread 4 ] DEBUG TilesetLoader        - Created buffer with size 4900.0x5600.0
12:34:46.729 [FXGL Background Thread 4 ] DEBUG TilesetLoader        - Loading view for layer Piattaforme
12:34:46.762 [FXGL Background Thread 4 ] DEBUG TilesetLoader        - Created buffer with size 4900.0x5600.0
12:34:46.767 [FXGL Background Thread 4 ] DEBUG TilesetLoader        - Loading view for layer Spine
12:34:46.800 [FXGL Background Thread 4 ] DEBUG TilesetLoader        - Created buffer with size 4900.0x5600.0
12:34:46.802 [FXGL Background Thread 4 ] DEBUG TMXLevelLoader       - Creating object layer entities
12:34:46.842 [FXGL Background Thread 4 ] DEBUG FXGLAssetLoaderServi - Loading from file system: file:/C:/Users/HP/git/giocoInformatica1/bin/assets/textures/box.png
12:34:46.881 [FXGL Background Thread 4 ] DEBUG FXGLAssetLoaderServi - Loading from file system: file:/C:/Users/HP/git/giocoInformatica1/bin/assets/textures/enemies/Skeleton/Idle.png
12:34:46.885 [FXGL Background Thread 4 ] DEBUG FXGLAssetLoaderServi - Loading from file system: file:/C:/Users/HP/git/giocoInformatica1/bin/assets/textures/enemies/Skeleton/Walk.png
12:34:46.890 [FXGL Background Thread 4 ] DEBUG FXGLAssetLoaderServi - Loading from file system: file:/C:/Users/HP/git/giocoInformatica1/bin/assets/textures/enemies/Skeleton/Attack.png
12:34:46.923 [FXGL Background Thread 4 ] DEBUG FXGLAssetLoaderServi - Loading from file system: file:/C:/Users/HP/git/giocoInformatica1/bin/assets/textures/bonfire.png
12:34:46.923 [FXGL Background Thread 4 ] DEBUG FXGLAssetLoaderServi - Loading from file system: file:/C:/Users/HP/git/giocoInformatica1/bin/assets/textures/bonfire_animation.png
12:34:46.928 [FXGL Background Thread 4 ] DEBUG GameWorld            - Clearing removable entities
12:34:46.929 [FXGL Background Thread 4 ] DEBUG GameWorld            - Setting level: com.almasb.fxgl.entity.level.Level@3419ce01
12:34:46.967 [FXGL Background Thread 4 ] DEBUG FXGLAssetLoaderServi - Loading from file system: file:/C:/Users/HP/git/giocoInformatica1/bin/assets/textures/health/empty_health.png
12:34:46.968 [FXGL Background Thread 4 ] DEBUG FXGLAssetLoaderServi - Loading from file system: file:/C:/Users/HP/git/giocoInformatica1/bin/assets/textures/health/half_health.png
12:34:46.969 [FXGL Background Thread 4 ] DEBUG FXGLAssetLoaderServi - Loading from file system: file:/C:/Users/HP/git/giocoInformatica1/bin/assets/textures/health/full_health.png
12:34:46.974 [FXGL Background Thread 4 ] DEBUG FXGLAssetLoaderServi - Loading from file system: file:/C:/Users/HP/git/giocoInformatica1/bin/assets/textures/player/_Idle.png
12:34:46.978 [FXGL Background Thread 4 ] DEBUG FXGLAssetLoaderServi - Loading from file system: file:/C:/Users/HP/git/giocoInformatica1/bin/assets/textures/player/_Run.png
12:34:46.980 [FXGL Background Thread 4 ] DEBUG FXGLAssetLoaderServi - Loading from file system: file:/C:/Users/HP/git/giocoInformatica1/bin/assets/textures/player/_Jump.png
12:34:46.981 [FXGL Background Thread 4 ] DEBUG FXGLAssetLoaderServi - Loading from file system: file:/C:/Users/HP/git/giocoInformatica1/bin/assets/textures/player/_Fall.png
12:34:46.982 [FXGL Background Thread 4 ] DEBUG FXGLAssetLoaderServi - Loading from file system: file:/C:/Users/HP/git/giocoInformatica1/bin/assets/textures/player/_WallSlide.png
12:34:46.983 [FXGL Background Thread 4 ] DEBUG FXGLAssetLoaderServi - Loading from file system: file:/C:/Users/HP/git/giocoInformatica1/bin/assets/textures/player/_Attack.png
12:34:46.988 [FXGL Background Thread 4 ] DEBUG FXGLAssetLoaderServi - Loading from file system: file:/C:/Users/HP/git/giocoInformatica1/bin/assets/textures/background/forest.png
12:34:47.017 [FXGL Background Thread 4 ] DEBUG FXGLAssetLoaderServi - Loading from file system: file:/C:/Users/HP/git/giocoInformatica1/bin/assets/textures/background/Sfondo_castello.png
12:34:47.232 [FXGL Background Thread 4 ] INFO  FXGLApplication      - Game initialization took: 0,702 sec
12:34:47.649 [JavaFX Application Thread] DEBUG Input                - Clearing active input actions
12:34:47.664 [JavaFX Application Thread] DEBUG GameApplicationServi - Removing overlay from FXGLLoadingScene and adding to GameScene
12:34:47.664 [JavaFX Application Thread] DEBUG PrimaryStageWindow   - FXGLLoadingScene -> GameScene
12:34:49.203 [FXGL Background Thread 3 ] DEBUG Engine               - Logging environment variables
12:34:49.204 [FXGL Background Thread 3 ] DEBUG Engine               - achievements: []
12:34:49.204 [FXGL Background Thread 3 ] DEBUG Engine               - actualHeight: 900.0
12:34:49.204 [FXGL Background Thread 3 ] DEBUG Engine               - actualHeightProperty: ReadOnlyDoubleProperty [value: 900.0]
12:34:49.204 [FXGL Background Thread 3 ] DEBUG Engine               - actualWidth: 1280.0
12:34:49.205 [FXGL Background Thread 3 ] DEBUG Engine               - actualWidthProperty: ReadOnlyDoubleProperty [value: 1280.0]
12:34:49.205 [FXGL Background Thread 3 ] DEBUG Engine               - appIcon: fxgl_icon.png
12:34:49.205 [FXGL Background Thread 3 ] DEBUG Engine               - applicationMode: DEVELOPER
12:34:49.205 [FXGL Background Thread 3 ] DEBUG Engine               - cSSList: [fxgl_dark.css]
12:34:49.205 [FXGL Background Thread 3 ] DEBUG Engine               - collisionDetectionStrategy: BRUTE_FORCE
12:34:49.205 [FXGL Background Thread 3 ] DEBUG Engine               - configClass: Optional.empty
12:34:49.205 [FXGL Background Thread 3 ] DEBUG Engine               - credits: []
12:34:49.206 [FXGL Background Thread 3 ] DEBUG Engine               - defaultCursor: CursorInfo(imageName=fxgl_default_cursor.png, hotspotX=7.0, hotspotY=6.0)
12:34:49.206 [FXGL Background Thread 3 ] DEBUG Engine               - devBBoxColorProperty: ObjectProperty [value: 0xff0000ff]
12:34:49.206 [FXGL Background Thread 3 ] DEBUG Engine               - devEnableDebugCameraProperty: BooleanProperty [value: false]
12:34:49.207 [FXGL Background Thread 3 ] DEBUG Engine               - devSensorColorProperty: ObjectProperty [value: 0xffff00ff]
12:34:49.207 [FXGL Background Thread 3 ] DEBUG Engine               - devShowBBoxProperty: BooleanProperty [value: false]
12:34:49.207 [FXGL Background Thread 3 ] DEBUG Engine               - devShowPositionProperty: BooleanProperty [value: false]
12:34:49.207 [FXGL Background Thread 3 ] DEBUG Engine               - enabledMenuItems: []
12:34:49.208 [FXGL Background Thread 3 ] DEBUG Engine               - engineServices: [class com.almasb.fxgl.app.services.FXGLAssetLoaderService, class com.almasb.fxgl.app.FXGLApplication$GameApplicationService, class com.almasb.fxgl.app.services.FXGLDialogService, class com.almasb.fxgl.app.services.IOTaskExecutorService, class com.almasb.fxgl.io.FileSystemService, class com.almasb.fxgl.localization.LocalizationService, class com.almasb.fxgl.app.services.SystemBundleService, class com.almasb.fxgl.profile.SaveLoadService, class com.almasb.fxgl.ui.FXGLUIFactoryServiceProvider, class com.almasb.fxgl.ui.FXGLDialogFactoryServiceProvider, class com.almasb.fxgl.audio.AudioPlayer, class com.almasb.fxgl.notification.impl.NotificationServiceProvider, class com.almasb.fxgl.achievement.AchievementService, class com.almasb.fxgl.cutscene.CutsceneService, class com.almasb.fxgl.minigames.MiniGameService, class com.almasb.fxgl.net.NetService, class com.almasb.fxgl.app.services.UpdaterService, class com.almasb.fxgl.dev.DevService]
12:34:49.208 [FXGL Background Thread 3 ] DEBUG Engine               - fontGame: Abel-Regular.ttf
12:34:49.208 [FXGL Background Thread 3 ] DEBUG Engine               - fontMono: TerminalLandMono-Regular.otf
12:34:49.209 [FXGL Background Thread 3 ] DEBUG Engine               - fontText: Courier-Prime.ttf
12:34:49.209 [FXGL Background Thread 3 ] DEBUG Engine               - fontUI: VarelaRound-Regular.ttf
12:34:49.209 [FXGL Background Thread 3 ] DEBUG Engine               - fullScreen: BooleanProperty [value: false]
12:34:49.209 [FXGL Background Thread 3 ] DEBUG Engine               - gameDifficulty: MEDIUM
12:34:49.209 [FXGL Background Thread 3 ] DEBUG Engine               - gameDifficultyProperty: ObjectProperty [value: MEDIUM]
12:34:49.209 [FXGL Background Thread 3 ] DEBUG Engine               - globalMusicVolume: 0.5
12:34:49.209 [FXGL Background Thread 3 ] DEBUG Engine               - globalMusicVolumeProperty: DoubleProperty [value: 0.25]
12:34:49.210 [FXGL Background Thread 3 ] DEBUG Engine               - globalSoundVolume: 0.5
12:34:49.210 [FXGL Background Thread 3 ] DEBUG Engine               - globalSoundVolumeProperty: DoubleProperty [value: 0.5]
12:34:49.210 [FXGL Background Thread 3 ] DEBUG Engine               - height: 900
12:34:49.210 [FXGL Background Thread 3 ] DEBUG Engine               - is3D: false
12:34:49.210 [FXGL Background Thread 3 ] DEBUG Engine               - isAndroid: false
12:34:49.210 [FXGL Background Thread 3 ] DEBUG Engine               - isBrowser: false
12:34:49.210 [FXGL Background Thread 3 ] DEBUG Engine               - isClickFeedbackEnabled: false
12:34:49.210 [FXGL Background Thread 3 ] DEBUG Engine               - isCloseConfirmation: false
12:34:49.210 [FXGL Background Thread 3 ] DEBUG Engine               - isDesktop: true
12:34:49.210 [FXGL Background Thread 3 ] DEBUG Engine               - isDeveloperMenuEnabled: false
12:34:49.210 [FXGL Background Thread 3 ] DEBUG Engine               - isEmbedded: false
12:34:49.211 [FXGL Background Thread 3 ] DEBUG Engine               - isEntityPreloadEnabled: true
12:34:49.211 [FXGL Background Thread 3 ] DEBUG Engine               - isExperimentalTiledLargeMap: false
12:34:49.211 [FXGL Background Thread 3 ] DEBUG Engine               - isFileSystemWriteAllowed: true
12:34:49.211 [FXGL Background Thread 3 ] DEBUG Engine               - isFullScreenAllowed: false
12:34:49.211 [FXGL Background Thread 3 ] DEBUG Engine               - isFullScreenFromStart: false
12:34:49.211 [FXGL Background Thread 3 ] DEBUG Engine               - isGameMenuEnabled: true
12:34:49.211 [FXGL Background Thread 3 ] DEBUG Engine               - isIOS: false
12:34:49.211 [FXGL Background Thread 3 ] DEBUG Engine               - isIntroEnabled: false
12:34:49.211 [FXGL Background Thread 3 ] DEBUG Engine               - isLinux: false
12:34:49.211 [FXGL Background Thread 3 ] DEBUG Engine               - isMac: false
12:34:49.211 [FXGL Background Thread 3 ] DEBUG Engine               - isMainMenuEnabled: false
12:34:49.211 [FXGL Background Thread 3 ] DEBUG Engine               - isManualResizeEnabled: false
12:34:49.211 [FXGL Background Thread 3 ] DEBUG Engine               - isMobile: false
12:34:49.212 [FXGL Background Thread 3 ] DEBUG Engine               - isNative: false
12:34:49.212 [FXGL Background Thread 3 ] DEBUG Engine               - isPauseMusicWhenMinimized: true
12:34:49.212 [FXGL Background Thread 3 ] DEBUG Engine               - isPreserveResizeRatio: false
12:34:49.212 [FXGL Background Thread 3 ] DEBUG Engine               - isProfilingEnabled: false
12:34:49.212 [FXGL Background Thread 3 ] DEBUG Engine               - isScaleAffectedOnResize: true
12:34:49.212 [FXGL Background Thread 3 ] DEBUG Engine               - isSingleStep: false
12:34:49.212 [FXGL Background Thread 3 ] DEBUG Engine               - isUserProfileEnabled: false
12:34:49.212 [FXGL Background Thread 3 ] DEBUG Engine               - isWindows: true
12:34:49.213 [FXGL Background Thread 3 ] DEBUG Engine               - language: ObjectProperty [value: ENGLISH]
12:34:49.213 [FXGL Background Thread 3 ] DEBUG Engine               - menuKey: ESCAPE
12:34:49.213 [FXGL Background Thread 3 ] DEBUG Engine               - mouseSensitivity: 0.2
12:34:49.213 [FXGL Background Thread 3 ] DEBUG Engine               - notificationViewClass: class com.almasb.fxgl.notification.view.XboxNotificationView
12:34:49.213 [FXGL Background Thread 3 ] DEBUG Engine               - pixelsPerMeter: 50.0
12:34:49.213 [FXGL Background Thread 3 ] DEBUG Engine               - platform: WINDOWS
12:34:49.213 [FXGL Background Thread 3 ] DEBUG Engine               - prefHeightProperty: ReadOnlyDoubleProperty [value: 900.0]
12:34:49.213 [FXGL Background Thread 3 ] DEBUG Engine               - prefWidthProperty: ReadOnlyDoubleProperty [value: 1280.0]
12:34:49.213 [FXGL Background Thread 3 ] DEBUG Engine               - profileDir: profiles/
12:34:49.213 [FXGL Background Thread 3 ] DEBUG Engine               - profileName: StringProperty [value: DEFAULT]
12:34:49.214 [FXGL Background Thread 3 ] DEBUG Engine               - randomSeed: -1
12:34:49.214 [FXGL Background Thread 3 ] DEBUG Engine               - runtimeInfo: RuntimeInfo(platform=WINDOWS, version=17.1, build=24.03.2022 17.39)
12:34:49.214 [FXGL Background Thread 3 ] DEBUG Engine               - saveFileExt: sav
12:34:49.214 [FXGL Background Thread 3 ] DEBUG Engine               - scaledHeightProp$fxgl: DoubleProperty [bound, value: 900.0]
12:34:49.214 [FXGL Background Thread 3 ] DEBUG Engine               - scaledWidthProp$fxgl: DoubleProperty [bound, value: 1280.0]
12:34:49.214 [FXGL Background Thread 3 ] DEBUG Engine               - sceneFactory: com.almasb.fxgl.app.scene.SceneFactory@48e8ae8b
12:34:49.214 [FXGL Background Thread 3 ] DEBUG Engine               - secondsIn24h: 60
12:34:49.214 [FXGL Background Thread 3 ] DEBUG Engine               - soundMenuBack: menu/back.wav
12:34:49.215 [FXGL Background Thread 3 ] DEBUG Engine               - soundMenuPress: menu/press.wav
12:34:49.215 [FXGL Background Thread 3 ] DEBUG Engine               - soundMenuSelect: menu/select.wav
12:34:49.215 [FXGL Background Thread 3 ] DEBUG Engine               - soundNotification: core/notification.wav
12:34:49.215 [FXGL Background Thread 3 ] DEBUG Engine               - stageStyle: DECORATED
12:34:49.215 [FXGL Background Thread 3 ] DEBUG Engine               - supportedLanguages: [ENGLISH, FRENCH, GERMAN, HUNGARIAN, RUSSIAN]
12:34:49.215 [FXGL Background Thread 3 ] DEBUG Engine               - ticksPerSecond: -1
12:34:49.215 [FXGL Background Thread 3 ] DEBUG Engine               - title: platformer
12:34:49.216 [FXGL Background Thread 3 ] DEBUG Engine               - urlGithub: https://github.com/AlmasB/FXGL
12:34:49.216 [FXGL Background Thread 3 ] DEBUG Engine               - urlLeaderboard: http://fxgl-top.herokuapp.com/
12:34:49.216 [FXGL Background Thread 3 ] DEBUG Engine               - urlPOM: https://raw.githubusercontent.com/AlmasB/FXGL/release/README.md
12:34:49.216 [FXGL Background Thread 3 ] DEBUG Engine               - userAppClass: class game.PlatformerApp
12:34:49.216 [FXGL Background Thread 3 ] DEBUG Engine               - version: 0.0
12:34:49.217 [FXGL Background Thread 3 ] DEBUG Engine               - versionCheckDays: 7
12:34:49.217 [FXGL Background Thread 3 ] DEBUG Engine               - width: 1280
12:34:49.217 [FXGL Background Thread 3 ] DEBUG Engine               - Logging services
12:34:49.217 [FXGL Background Thread 3 ] DEBUG Engine               - class com.almasb.fxgl.app.services.FXGLAssetLoaderService
12:34:49.217 [FXGL Background Thread 3 ] DEBUG Engine               - class com.almasb.fxgl.app.FXGLApplication$GameApplicationService
12:34:49.217 [FXGL Background Thread 3 ] DEBUG Engine               - class com.almasb.fxgl.app.services.FXGLDialogService
12:34:49.218 [FXGL Background Thread 3 ] DEBUG Engine               - class com.almasb.fxgl.app.services.IOTaskExecutorService
12:34:49.218 [FXGL Background Thread 3 ] DEBUG Engine               - class com.almasb.fxgl.io.FileSystemService
12:34:49.218 [FXGL Background Thread 3 ] DEBUG Engine               - class com.almasb.fxgl.localization.LocalizationService
12:34:49.218 [FXGL Background Thread 3 ] DEBUG Engine               - class com.almasb.fxgl.app.services.SystemBundleService
12:34:49.218 [FXGL Background Thread 3 ] DEBUG Engine               - class com.almasb.fxgl.profile.SaveLoadService
12:34:49.218 [FXGL Background Thread 3 ] DEBUG Engine               - class com.almasb.fxgl.ui.FXGLUIFactoryServiceProvider
12:34:49.219 [FXGL Background Thread 3 ] DEBUG Engine               - class com.almasb.fxgl.ui.FXGLDialogFactoryServiceProvider
12:34:49.219 [FXGL Background Thread 3 ] DEBUG Engine               - class com.almasb.fxgl.audio.AudioPlayer
12:34:49.219 [FXGL Background Thread 3 ] DEBUG Engine               - class com.almasb.fxgl.notification.impl.NotificationServiceProvider
12:34:49.219 [FXGL Background Thread 3 ] DEBUG Engine               - class com.almasb.fxgl.achievement.AchievementService
12:34:49.219 [FXGL Background Thread 3 ] DEBUG Engine               - class com.almasb.fxgl.cutscene.CutsceneService
12:34:49.220 [FXGL Background Thread 3 ] DEBUG Engine               - class com.almasb.fxgl.minigames.MiniGameService
12:34:49.220 [FXGL Background Thread 3 ] DEBUG Engine               - class com.almasb.fxgl.net.NetService
12:34:49.220 [FXGL Background Thread 3 ] DEBUG Engine               - class com.almasb.fxgl.app.services.UpdaterService
12:34:49.220 [FXGL Background Thread 3 ] DEBUG Engine               - class com.almasb.fxgl.dev.DevService
12:35:13.121 [JavaFX Application Thread] DEBUG FXGLApplication      - Exiting FXGL
12:35:13.121 [JavaFX Application Thread] DEBUG LoopRunner           - Stopping loop
12:35:13.121 [JavaFX Application Thread] DEBUG SystemBundleService  - Saving FXGL system data
12:35:13.124 [JavaFX Application Thread] DEBUG FileSystemAccess     - Writing to: C:\Users\HP\git\giocoInformatica1\system\fxgl.bundle
12:35:13.127 [JavaFX Application Thread] DEBUG Async                - Shutting down background threads
12:35:13.127 [JavaFX Application Thread] DEBUG PrimaryStageWindow   - Closing main window
12:35:13.144 [JavaFX Application Thread] DEBUG Logger               - Closing Logger
