14:48:41.497 [main                     ] DEBUG Logger               - Configured Logger
14:48:41.548 [main                     ] DEBUG GameApplication      - Logging settings
Title: platformer
Version: 0.0
Width: 1280
Height: 900
Fullscreen: false
Intro: false
Profiling: false
Single step:false
App Mode: DEVELOPER
Menu Key: ESCAPE
Stage Style: DECORATED
Scene Factory: class com.almasb.fxgl.app.scene.SceneFactory

14:48:42.096 [JavaFX Application Thread] DEBUG FXGLApplication      - Initializing FXGL
14:48:42.131 [JavaFX Application Thread] INFO  Engine               - FXGL-17.1 (24.03.2022 17.39) on WINDOWS (J:17.0.2 FX:18)
14:48:42.132 [JavaFX Application Thread] DEBUG Engine               - JRE Vendor Name: Eclipse Adoptium
14:48:42.134 [JavaFX Application Thread] DEBUG Engine               - Running on OS: Windows 10 version 10.0
14:48:42.135 [JavaFX Application Thread] DEBUG Engine               - Architecture: amd64
14:48:42.135 [JavaFX Application Thread] INFO  Engine               - Source code and latest versions at: https://github.com/AlmasB/FXGL
14:48:42.136 [JavaFX Application Thread] INFO  Engine               -       Ask questions and discuss at: https://github.com/AlmasB/FXGL/discussions
14:48:42.136 [JavaFX Application Thread] INFO  Engine               -              Join the FXGL chat at: https://gitter.im/AlmasB/FXGL
14:48:42.428 [JavaFX Application Thread] DEBUG PrimaryStageWindow   - Creating a JavaFX scene
14:48:42.499 [JavaFX Application Thread] DEBUG PrimaryStageWindow   - Target settings size: 1280.0 x 900.0
14:48:42.500 [JavaFX Application Thread] DEBUG PrimaryStageWindow   - Scaled scene size:    1280.0 x 900.0
14:48:42.500 [JavaFX Application Thread] DEBUG PrimaryStageWindow   - Scaled ratio: (1.0, 1.0)
14:48:42.502 [JavaFX Application Thread] DEBUG PrimaryStageWindow   - Set initial scene to FXGLStartupScene
14:48:42.512 [JavaFX Application Thread] DEBUG PrimaryStageWindow   - Opening main window
14:48:42.708 [JavaFX Application Thread] DEBUG PrimaryStageWindow   - Window border size: (16.0, 39.0)
14:48:42.711 [JavaFX Application Thread] DEBUG PrimaryStageWindow   - Scaled size: 1280.0 x 900.0
14:48:42.713 [JavaFX Application Thread] DEBUG PrimaryStageWindow   - Scaled ratio: (1.0, 1.0)
14:48:42.718 [JavaFX Application Thread] DEBUG PrimaryStageWindow   - Scene size: 1280.0 x 900.0
14:48:42.719 [JavaFX Application Thread] DEBUG PrimaryStageWindow   - Stage size: 1296.0 x 939.0
14:48:42.755 [FXGL Background Thread 1 ] DEBUG Engine               - Initializing environment variables
14:48:42.846 [FXGL Background Thread 1 ] DEBUG FXGLAssetLoaderServi - User app class for loading assets: class game.PlatformerApp
14:48:42.847 [FXGL Background Thread 1 ] DEBUG GameApplicationServi - Applying CSS: fxgl_dark.css
14:48:42.849 [FXGL Background Thread 1 ] DEBUG FXGLAssetLoaderServi - Loading from file system: jar:file:/C:/Users/framo/Downloads/fxgl-17.1-uber%20(1).jar!/fxglassets/ui/css/fxgl_dark.css
14:48:42.923 [FXGL Background Thread 1 ] DEBUG GameApplicationServi - Initializing application scenes
14:48:43.036 [FXGL Background Thread 1 ] DEBUG GameWorld            - Game world initialized
14:48:43.118 [FXGL Background Thread 1 ] DEBUG PhysicsWorld         - Physics world initialized: appHeight=900, physics.ppm=50,0
14:48:43.118 [FXGL Background Thread 1 ] DEBUG PhysicsWorld         - Using strategy: BRUTE_FORCE
14:48:43.123 [FXGL Background Thread 1 ] DEBUG GameScene            - Game scene initialized: 1280x900
14:48:43.139 [FXGL Background Thread 1 ] DEBUG FXGL.DefaultMenu     - createMenuBodyGameMenu()
14:48:43.168 [FXGL Background Thread 1 ] DEBUG FXGL.DefaultMenu     - createOptionsMenu()
14:48:43.186 [FXGL Background Thread 1 ] DEBUG FXGLAssetLoaderServi - Loading from file system: jar:file:/C:/Users/framo/Downloads/fxgl-17.1-uber%20(1).jar!/fxglassets/textures/particles/smoke.png
14:48:43.347 [FXGL Background Thread 1 ] DEBUG FXGLAssetLoaderServi - Loading from file system: jar:file:/C:/Users/framo/Downloads/fxgl-17.1-uber%20(1).jar!/fxglassets/textures/particles/trace_horizontal.png
14:48:43.404 [FXGL Background Thread 1 ] DEBUG GameApplicationServi - Application scenes initialized
14:48:43.426 [FXGL Background Thread 1 ] DEBUG SystemBundleService  - Loading FXGL system data
14:48:43.435 [FXGL Background Thread 1 ] DEBUG FileSystemAccess     - Reading from: C:\Users\framo\git\giocoInformatica\system\fxgl.bundle
14:48:43.452 [FXGL Background Thread 1 ] DEBUG SystemBundleService  - Bundle FXGL: {}
14:48:43.453 [FXGL Background Thread 1 ] DEBUG UpdaterService       - Checking for updates
14:48:43.464 [FXGL Background Thread 1 ] DEBUG FXGLApplication      - Loading default localization
14:48:43.466 [FXGL Background Thread 4 ] DEBUG FXGLApplication      - Loading fonts
14:48:43.467 [FXGL Background Thread 1 ] DEBUG FXGLAssetLoaderServi - Loading from file system: jar:file:/C:/Users/framo/Downloads/fxgl-17.1-uber%20(1).jar!/fxglassets/languages/english.lang
14:48:43.472 [FXGL Background Thread 4 ] DEBUG FXGLAssetLoaderServi - Loading from file system: jar:file:/C:/Users/framo/Downloads/fxgl-17.1-uber%20(1).jar!/fxglassets/ui/fonts/VarelaRound-Regular.ttf
14:48:43.518 [FXGL Background Thread 1 ] INFO  FXGLApplication      - FXGL initialization took: 0,763 sec
14:48:43.537 [JavaFX Application Thread] DEBUG Input                - Registered new binding: Left - A
14:48:43.538 [JavaFX Application Thread] DEBUG Input                - Registered new binding: Right - D
14:48:43.538 [JavaFX Application Thread] DEBUG Input                - Registered new binding: Jump - Space
14:48:43.538 [JavaFX Application Thread] DEBUG Input                - Registered new binding: Attack - F
14:48:43.539 [JavaFX Application Thread] DEBUG FXGLAssetLoaderServi - Loading from file system: file:/C:/Users/framo/git/giocoInformatica/bin/assets/music/BGM_dash_runner.wav
14:48:43.755 [FXGL Background Thread 4 ] DEBUG FXGLAssetLoaderServi - Loading from file system: jar:file:/C:/Users/framo/Downloads/fxgl-17.1-uber%20(1).jar!/fxglassets/ui/fonts/Abel-Regular.ttf
14:48:43.769 [FXGL Background Thread 4 ] DEBUG FXGLAssetLoaderServi - Loading from file system: jar:file:/C:/Users/framo/Downloads/fxgl-17.1-uber%20(1).jar!/fxglassets/ui/fonts/TerminalLandMono-Regular.otf
14:48:43.785 [FXGL Background Thread 4 ] DEBUG FXGLAssetLoaderServi - Loading from file system: jar:file:/C:/Users/framo/Downloads/fxgl-17.1-uber%20(1).jar!/fxglassets/ui/fonts/Courier-Prime.ttf
14:48:43.796 [JavaFX Application Thread] DEBUG AudioPlayer          - Playing music com.almasb.fxgl.audio.Music@59cb50a
14:48:43.798 [JavaFX Application Thread] DEBUG FXGLAssetLoaderServi - Loading from file system: jar:file:/C:/Users/framo/Downloads/fxgl-17.1-uber%20(1).jar!/fxglassets/textures/fxgl_icon.png
14:48:43.834 [JavaFX Application Thread] DEBUG FXGLAssetLoaderServi - Loading from file system: jar:file:/C:/Users/framo/Downloads/fxgl-17.1-uber%20(1).jar!/fxglassets/textures/fxgl_default_cursor.png
14:48:43.840 [JavaFX Application Thread] DEBUG Input                - Registered new binding: Screenshot - CTRL+8
14:48:43.840 [JavaFX Application Thread] DEBUG Input                - Registered new binding: System info dump - CTRL+9
14:48:43.841 [JavaFX Application Thread] DEBUG Input                - Registered new binding: Restart - CTRL+R
14:48:43.842 [JavaFX Application Thread] DEBUG Input                - Registered new binding: Toggle Debug Camera - CTRL+7
14:48:43.845 [JavaFX Application Thread] DEBUG LoopRunner           - Starting loop
14:48:43.846 [JavaFX Application Thread] DEBUG LoopRunner           - Initializing JavaFX AnimationTimerLoop
14:48:43.849 [JavaFX Application Thread] DEBUG GameApplicationServi - Starting new game
14:48:43.850 [JavaFX Application Thread] DEBUG Input                - Clearing active input actions
14:48:43.874 [JavaFX Application Thread] DEBUG GameApplicationServi - Removing overlay from FXGLStartupScene and adding to FXGLLoadingScene
14:48:43.875 [JavaFX Application Thread] DEBUG PrimaryStageWindow   - FXGLStartupScene -> FXGLLoadingScene
14:48:43.875 [JavaFX Application Thread] DEBUG GameApplicationServi - Clearing previous game
14:48:43.875 [JavaFX Application Thread] DEBUG GameScene            - Clearing game scene
14:48:43.875 [JavaFX Application Thread] DEBUG GameWorld            - Clearing game world
14:48:43.875 [JavaFX Application Thread] DEBUG PhysicsWorld         - Clearing physics world
14:48:43.878 [FXGL Background Thread 4 ] DEBUG FXGLApplication      - Initializing game
14:48:43.885 [JavaFX Application Thread] DEBUG FXGLApplication      - Registering font factories with UI factory
14:48:44.068 [FXGL Background Thread 4 ] WARN  TMXLevelLoader       - TiledMap generated from 1.8.4. Supported version: 1.4.2. Some features may not be parsed fully.
14:48:44.180 [FXGL Background Thread 4 ] DEBUG TMXLevelLoader       - Parsed TiledMap: file:/C:/Users/framo/git/giocoInformatica/bin/assets/levels/tmx/level1.tmx
14:48:44.184 [FXGL Background Thread 4 ] DEBUG TMXLevelLoader       - Creating tile layer entities
14:48:44.188 [FXGL Background Thread 4 ] DEBUG TilesetLoader        - Loading view for layer Terreno
14:48:44.287 [FXGL Background Thread 4 ] DEBUG TilesetLoader        - Created buffer with size 4900.0x5600.0
14:48:44.317 [FXGL Background Thread 4 ] DEBUG TilesetLoader        - Loading view for layer Decorazioni
14:48:44.431 [FXGL Background Thread 4 ] DEBUG TilesetLoader        - Created buffer with size 4900.0x5600.0
14:48:44.442 [FXGL Background Thread 4 ] DEBUG TilesetLoader        - Loading view for layer Piattaforme
14:48:44.525 [FXGL Background Thread 4 ] DEBUG TilesetLoader        - Created buffer with size 4900.0x5600.0
14:48:44.531 [FXGL Background Thread 4 ] DEBUG TilesetLoader        - Loading view for layer Spine
14:48:44.607 [FXGL Background Thread 4 ] DEBUG TilesetLoader        - Created buffer with size 4900.0x5600.0
14:48:44.612 [FXGL Background Thread 4 ] DEBUG TMXLevelLoader       - Creating object layer entities
14:48:44.659 [FXGL Background Thread 4 ] DEBUG FXGLAssetLoaderServi - Loading from file system: file:/C:/Users/framo/git/giocoInformatica/bin/assets/textures/box.png
14:48:44.709 [FXGL Background Thread 4 ] DEBUG FXGLAssetLoaderServi - Loading from file system: file:/C:/Users/framo/git/giocoInformatica/bin/assets/textures/enemies/Skeleton/Idle.png
14:48:44.713 [FXGL Background Thread 4 ] DEBUG FXGLAssetLoaderServi - Loading from file system: file:/C:/Users/framo/git/giocoInformatica/bin/assets/textures/enemies/Skeleton/Walk.png
14:48:44.721 [FXGL Background Thread 4 ] DEBUG FXGLAssetLoaderServi - Loading from file system: file:/C:/Users/framo/git/giocoInformatica/bin/assets/textures/enemies/Skeleton/Attack.png
14:48:44.743 [FXGL Background Thread 4 ] DEBUG FXGLAssetLoaderServi - Loading from file system: file:/C:/Users/framo/git/giocoInformatica/bin/assets/textures/bonfire.png
14:48:44.744 [FXGL Background Thread 4 ] DEBUG FXGLAssetLoaderServi - Loading from file system: file:/C:/Users/framo/git/giocoInformatica/bin/assets/textures/bonfire_animation.png
14:48:44.749 [FXGL Background Thread 4 ] DEBUG GameWorld            - Clearing removable entities
14:48:44.750 [FXGL Background Thread 4 ] DEBUG GameWorld            - Setting level: com.almasb.fxgl.entity.level.Level@6ac9a437
14:48:44.775 [FXGL Background Thread 4 ] DEBUG FXGLAssetLoaderServi - Loading from file system: file:/C:/Users/framo/git/giocoInformatica/bin/assets/textures/health/empty_health.png
14:48:44.776 [FXGL Background Thread 4 ] DEBUG FXGLAssetLoaderServi - Loading from file system: file:/C:/Users/framo/git/giocoInformatica/bin/assets/textures/health/half_health.png
14:48:44.776 [FXGL Background Thread 4 ] DEBUG FXGLAssetLoaderServi - Loading from file system: file:/C:/Users/framo/git/giocoInformatica/bin/assets/textures/health/full_health.png
14:48:44.784 [FXGL Background Thread 4 ] DEBUG FXGLAssetLoaderServi - Loading from file system: file:/C:/Users/framo/git/giocoInformatica/bin/assets/textures/player/_Idle.png
14:48:44.790 [FXGL Background Thread 4 ] DEBUG FXGLAssetLoaderServi - Loading from file system: file:/C:/Users/framo/git/giocoInformatica/bin/assets/textures/player/_Run.png
14:48:44.792 [FXGL Background Thread 4 ] DEBUG FXGLAssetLoaderServi - Loading from file system: file:/C:/Users/framo/git/giocoInformatica/bin/assets/textures/player/_Jump.png
14:48:44.795 [FXGL Background Thread 4 ] DEBUG FXGLAssetLoaderServi - Loading from file system: file:/C:/Users/framo/git/giocoInformatica/bin/assets/textures/player/_Fall.png
14:48:44.796 [FXGL Background Thread 4 ] DEBUG FXGLAssetLoaderServi - Loading from file system: file:/C:/Users/framo/git/giocoInformatica/bin/assets/textures/player/_WallSlide.png
14:48:44.798 [FXGL Background Thread 4 ] DEBUG FXGLAssetLoaderServi - Loading from file system: file:/C:/Users/framo/git/giocoInformatica/bin/assets/textures/player/_Attack.png
14:48:44.806 [FXGL Background Thread 4 ] DEBUG FXGLAssetLoaderServi - Loading from file system: file:/C:/Users/framo/git/giocoInformatica/bin/assets/textures/background/forest.png
14:48:44.830 [FXGL Background Thread 4 ] DEBUG FXGLAssetLoaderServi - Loading from file system: file:/C:/Users/framo/git/giocoInformatica/bin/assets/textures/background/Sfondo_castello.png
14:48:45.233 [FXGL Background Thread 4 ] INFO  FXGLApplication      - Game initialization took: 1,355 sec
14:48:45.234 [JavaFX Application Thread] DEBUG Input                - Clearing active input actions
14:48:45.255 [JavaFX Application Thread] DEBUG GameApplicationServi - Removing overlay from FXGLLoadingScene and adding to GameScene
14:48:45.256 [JavaFX Application Thread] DEBUG PrimaryStageWindow   - FXGLLoadingScene -> GameScene
14:48:46.459 [FXGL Background Thread 3 ] DEBUG Engine               - Logging environment variables
14:48:46.459 [FXGL Background Thread 3 ] DEBUG Engine               - achievements: []
14:48:46.459 [FXGL Background Thread 3 ] DEBUG Engine               - actualHeight: 900.0
14:48:46.460 [FXGL Background Thread 3 ] DEBUG Engine               - actualHeightProperty: ReadOnlyDoubleProperty [value: 900.0]
14:48:46.460 [FXGL Background Thread 3 ] DEBUG Engine               - actualWidth: 1280.0
14:48:46.460 [FXGL Background Thread 3 ] DEBUG Engine               - actualWidthProperty: ReadOnlyDoubleProperty [value: 1280.0]
14:48:46.460 [FXGL Background Thread 3 ] DEBUG Engine               - appIcon: fxgl_icon.png
14:48:46.460 [FXGL Background Thread 3 ] DEBUG Engine               - applicationMode: DEVELOPER
14:48:46.460 [FXGL Background Thread 3 ] DEBUG Engine               - cSSList: [fxgl_dark.css]
14:48:46.460 [FXGL Background Thread 3 ] DEBUG Engine               - collisionDetectionStrategy: BRUTE_FORCE
14:48:46.460 [FXGL Background Thread 3 ] DEBUG Engine               - configClass: Optional.empty
14:48:46.461 [FXGL Background Thread 3 ] DEBUG Engine               - credits: []
14:48:46.462 [FXGL Background Thread 3 ] DEBUG Engine               - defaultCursor: CursorInfo(imageName=fxgl_default_cursor.png, hotspotX=7.0, hotspotY=6.0)
14:48:46.462 [FXGL Background Thread 3 ] DEBUG Engine               - devBBoxColorProperty: ObjectProperty [value: 0xff0000ff]
14:48:46.462 [FXGL Background Thread 3 ] DEBUG Engine               - devEnableDebugCameraProperty: BooleanProperty [value: false]
14:48:46.462 [FXGL Background Thread 3 ] DEBUG Engine               - devSensorColorProperty: ObjectProperty [value: 0xffff00ff]
14:48:46.462 [FXGL Background Thread 3 ] DEBUG Engine               - devShowBBoxProperty: BooleanProperty [value: false]
14:48:46.463 [FXGL Background Thread 3 ] DEBUG Engine               - devShowPositionProperty: BooleanProperty [value: false]
14:48:46.463 [FXGL Background Thread 3 ] DEBUG Engine               - enabledMenuItems: []
14:48:46.463 [FXGL Background Thread 3 ] DEBUG Engine               - engineServices: [class com.almasb.fxgl.app.services.FXGLAssetLoaderService, class com.almasb.fxgl.app.FXGLApplication$GameApplicationService, class com.almasb.fxgl.app.services.FXGLDialogService, class com.almasb.fxgl.app.services.IOTaskExecutorService, class com.almasb.fxgl.io.FileSystemService, class com.almasb.fxgl.localization.LocalizationService, class com.almasb.fxgl.app.services.SystemBundleService, class com.almasb.fxgl.profile.SaveLoadService, class com.almasb.fxgl.ui.FXGLUIFactoryServiceProvider, class com.almasb.fxgl.ui.FXGLDialogFactoryServiceProvider, class com.almasb.fxgl.audio.AudioPlayer, class com.almasb.fxgl.notification.impl.NotificationServiceProvider, class com.almasb.fxgl.achievement.AchievementService, class com.almasb.fxgl.cutscene.CutsceneService, class com.almasb.fxgl.minigames.MiniGameService, class com.almasb.fxgl.net.NetService, class com.almasb.fxgl.app.services.UpdaterService, class com.almasb.fxgl.dev.DevService]
14:48:46.463 [FXGL Background Thread 3 ] DEBUG Engine               - fontGame: Abel-Regular.ttf
14:48:46.463 [FXGL Background Thread 3 ] DEBUG Engine               - fontMono: TerminalLandMono-Regular.otf
14:48:46.464 [FXGL Background Thread 3 ] DEBUG Engine               - fontText: Courier-Prime.ttf
14:48:46.464 [FXGL Background Thread 3 ] DEBUG Engine               - fontUI: VarelaRound-Regular.ttf
14:48:46.464 [FXGL Background Thread 3 ] DEBUG Engine               - fullScreen: BooleanProperty [value: false]
14:48:46.464 [FXGL Background Thread 3 ] DEBUG Engine               - gameDifficulty: MEDIUM
14:48:46.464 [FXGL Background Thread 3 ] DEBUG Engine               - gameDifficultyProperty: ObjectProperty [value: MEDIUM]
14:48:46.464 [FXGL Background Thread 3 ] DEBUG Engine               - globalMusicVolume: 0.5
14:48:46.464 [FXGL Background Thread 3 ] DEBUG Engine               - globalMusicVolumeProperty: DoubleProperty [value: 0.25]
14:48:46.465 [FXGL Background Thread 3 ] DEBUG Engine               - globalSoundVolume: 0.5
14:48:46.465 [FXGL Background Thread 3 ] DEBUG Engine               - globalSoundVolumeProperty: DoubleProperty [value: 0.5]
14:48:46.465 [FXGL Background Thread 3 ] DEBUG Engine               - height: 900
14:48:46.465 [FXGL Background Thread 3 ] DEBUG Engine               - is3D: false
14:48:46.465 [FXGL Background Thread 3 ] DEBUG Engine               - isAndroid: false
14:48:46.465 [FXGL Background Thread 3 ] DEBUG Engine               - isBrowser: false
14:48:46.465 [FXGL Background Thread 3 ] DEBUG Engine               - isClickFeedbackEnabled: false
14:48:46.465 [FXGL Background Thread 3 ] DEBUG Engine               - isCloseConfirmation: false
14:48:46.465 [FXGL Background Thread 3 ] DEBUG Engine               - isDesktop: true
14:48:46.465 [FXGL Background Thread 3 ] DEBUG Engine               - isDeveloperMenuEnabled: false
14:48:46.466 [FXGL Background Thread 3 ] DEBUG Engine               - isEmbedded: false
14:48:46.466 [FXGL Background Thread 3 ] DEBUG Engine               - isEntityPreloadEnabled: true
14:48:46.466 [FXGL Background Thread 3 ] DEBUG Engine               - isExperimentalTiledLargeMap: false
14:48:46.466 [FXGL Background Thread 3 ] DEBUG Engine               - isFileSystemWriteAllowed: true
14:48:46.466 [FXGL Background Thread 3 ] DEBUG Engine               - isFullScreenAllowed: false
14:48:46.466 [FXGL Background Thread 3 ] DEBUG Engine               - isFullScreenFromStart: false
14:48:46.466 [FXGL Background Thread 3 ] DEBUG Engine               - isGameMenuEnabled: true
14:48:46.466 [FXGL Background Thread 3 ] DEBUG Engine               - isIOS: false
14:48:46.467 [FXGL Background Thread 3 ] DEBUG Engine               - isIntroEnabled: false
14:48:46.467 [FXGL Background Thread 3 ] DEBUG Engine               - isLinux: false
14:48:46.467 [FXGL Background Thread 3 ] DEBUG Engine               - isMac: false
14:48:46.467 [FXGL Background Thread 3 ] DEBUG Engine               - isMainMenuEnabled: false
14:48:46.467 [FXGL Background Thread 3 ] DEBUG Engine               - isManualResizeEnabled: false
14:48:46.467 [FXGL Background Thread 3 ] DEBUG Engine               - isMobile: false
14:48:46.467 [FXGL Background Thread 3 ] DEBUG Engine               - isNative: false
14:48:46.468 [FXGL Background Thread 3 ] DEBUG Engine               - isPauseMusicWhenMinimized: true
14:48:46.468 [FXGL Background Thread 3 ] DEBUG Engine               - isPreserveResizeRatio: false
14:48:46.468 [FXGL Background Thread 3 ] DEBUG Engine               - isProfilingEnabled: false
14:48:46.468 [FXGL Background Thread 3 ] DEBUG Engine               - isScaleAffectedOnResize: true
14:48:46.468 [FXGL Background Thread 3 ] DEBUG Engine               - isSingleStep: false
14:48:46.468 [FXGL Background Thread 3 ] DEBUG Engine               - isUserProfileEnabled: false
14:48:46.469 [FXGL Background Thread 3 ] DEBUG Engine               - isWindows: true
14:48:46.469 [FXGL Background Thread 3 ] DEBUG Engine               - language: ObjectProperty [value: ENGLISH]
14:48:46.470 [FXGL Background Thread 3 ] DEBUG Engine               - menuKey: ESCAPE
14:48:46.470 [FXGL Background Thread 3 ] DEBUG Engine               - mouseSensitivity: 0.2
14:48:46.470 [FXGL Background Thread 3 ] DEBUG Engine               - notificationViewClass: class com.almasb.fxgl.notification.view.XboxNotificationView
14:48:46.470 [FXGL Background Thread 3 ] DEBUG Engine               - pixelsPerMeter: 50.0
14:48:46.470 [FXGL Background Thread 3 ] DEBUG Engine               - platform: WINDOWS
14:48:46.470 [FXGL Background Thread 3 ] DEBUG Engine               - prefHeightProperty: ReadOnlyDoubleProperty [value: 900.0]
14:48:46.471 [FXGL Background Thread 3 ] DEBUG Engine               - prefWidthProperty: ReadOnlyDoubleProperty [value: 1280.0]
14:48:46.471 [FXGL Background Thread 3 ] DEBUG Engine               - profileDir: profiles/
14:48:46.471 [FXGL Background Thread 3 ] DEBUG Engine               - profileName: StringProperty [value: DEFAULT]
14:48:46.471 [FXGL Background Thread 3 ] DEBUG Engine               - randomSeed: -1
14:48:46.472 [FXGL Background Thread 3 ] DEBUG Engine               - runtimeInfo: RuntimeInfo(platform=WINDOWS, version=17.1, build=24.03.2022 17.39)
14:48:46.472 [FXGL Background Thread 3 ] DEBUG Engine               - saveFileExt: sav
14:48:46.472 [FXGL Background Thread 3 ] DEBUG Engine               - scaledHeightProp$fxgl: DoubleProperty [bound, value: 900.0]
14:48:46.472 [FXGL Background Thread 3 ] DEBUG Engine               - scaledWidthProp$fxgl: DoubleProperty [bound, value: 1280.0]
14:48:46.472 [FXGL Background Thread 3 ] DEBUG Engine               - sceneFactory: com.almasb.fxgl.app.scene.SceneFactory@673e3729
14:48:46.472 [FXGL Background Thread 3 ] DEBUG Engine               - secondsIn24h: 60
14:48:46.472 [FXGL Background Thread 3 ] DEBUG Engine               - soundMenuBack: menu/back.wav
14:48:46.472 [FXGL Background Thread 3 ] DEBUG Engine               - soundMenuPress: menu/press.wav
14:48:46.472 [FXGL Background Thread 3 ] DEBUG Engine               - soundMenuSelect: menu/select.wav
14:48:46.472 [FXGL Background Thread 3 ] DEBUG Engine               - soundNotification: core/notification.wav
14:48:46.473 [FXGL Background Thread 3 ] DEBUG Engine               - stageStyle: DECORATED
14:48:46.473 [FXGL Background Thread 3 ] DEBUG Engine               - supportedLanguages: [ENGLISH, FRENCH, GERMAN, HUNGARIAN, RUSSIAN]
14:48:46.473 [FXGL Background Thread 3 ] DEBUG Engine               - ticksPerSecond: -1
14:48:46.473 [FXGL Background Thread 3 ] DEBUG Engine               - title: platformer
14:48:46.473 [FXGL Background Thread 3 ] DEBUG Engine               - urlGithub: https://github.com/AlmasB/FXGL
14:48:46.473 [FXGL Background Thread 3 ] DEBUG Engine               - urlLeaderboard: http://fxgl-top.herokuapp.com/
14:48:46.473 [FXGL Background Thread 3 ] DEBUG Engine               - urlPOM: https://raw.githubusercontent.com/AlmasB/FXGL/release/README.md
14:48:46.473 [FXGL Background Thread 3 ] DEBUG Engine               - userAppClass: class game.PlatformerApp
14:48:46.474 [FXGL Background Thread 3 ] DEBUG Engine               - version: 0.0
14:48:46.474 [FXGL Background Thread 3 ] DEBUG Engine               - versionCheckDays: 7
14:48:46.474 [FXGL Background Thread 3 ] DEBUG Engine               - width: 1280
14:48:46.474 [FXGL Background Thread 3 ] DEBUG Engine               - Logging services
14:48:46.474 [FXGL Background Thread 3 ] DEBUG Engine               - class com.almasb.fxgl.app.services.FXGLAssetLoaderService
14:48:46.474 [FXGL Background Thread 3 ] DEBUG Engine               - class com.almasb.fxgl.app.FXGLApplication$GameApplicationService
14:48:46.474 [FXGL Background Thread 3 ] DEBUG Engine               - class com.almasb.fxgl.app.services.FXGLDialogService
14:48:46.474 [FXGL Background Thread 3 ] DEBUG Engine               - class com.almasb.fxgl.app.services.IOTaskExecutorService
14:48:46.474 [FXGL Background Thread 3 ] DEBUG Engine               - class com.almasb.fxgl.io.FileSystemService
14:48:46.475 [FXGL Background Thread 3 ] DEBUG Engine               - class com.almasb.fxgl.localization.LocalizationService
14:48:46.475 [FXGL Background Thread 3 ] DEBUG Engine               - class com.almasb.fxgl.app.services.SystemBundleService
14:48:46.475 [FXGL Background Thread 3 ] DEBUG Engine               - class com.almasb.fxgl.profile.SaveLoadService
14:48:46.475 [FXGL Background Thread 3 ] DEBUG Engine               - class com.almasb.fxgl.ui.FXGLUIFactoryServiceProvider
14:48:46.475 [FXGL Background Thread 3 ] DEBUG Engine               - class com.almasb.fxgl.ui.FXGLDialogFactoryServiceProvider
14:48:46.475 [FXGL Background Thread 3 ] DEBUG Engine               - class com.almasb.fxgl.audio.AudioPlayer
14:48:46.475 [FXGL Background Thread 3 ] DEBUG Engine               - class com.almasb.fxgl.notification.impl.NotificationServiceProvider
14:48:46.475 [FXGL Background Thread 3 ] DEBUG Engine               - class com.almasb.fxgl.achievement.AchievementService
14:48:46.475 [FXGL Background Thread 3 ] DEBUG Engine               - class com.almasb.fxgl.cutscene.CutsceneService
14:48:46.475 [FXGL Background Thread 3 ] DEBUG Engine               - class com.almasb.fxgl.minigames.MiniGameService
14:48:46.476 [FXGL Background Thread 3 ] DEBUG Engine               - class com.almasb.fxgl.net.NetService
14:48:46.476 [FXGL Background Thread 3 ] DEBUG Engine               - class com.almasb.fxgl.app.services.UpdaterService
14:48:46.476 [FXGL Background Thread 3 ] DEBUG Engine               - class com.almasb.fxgl.dev.DevService
14:57:43.047 [JavaFX Application Thread] DEBUG FXGLApplication      - Exiting FXGL
14:57:43.048 [JavaFX Application Thread] DEBUG LoopRunner           - Stopping loop
14:57:43.048 [JavaFX Application Thread] DEBUG SystemBundleService  - Saving FXGL system data
14:57:43.050 [JavaFX Application Thread] DEBUG FileSystemAccess     - Writing to: C:\Users\framo\git\giocoInformatica\system\fxgl.bundle
14:57:43.053 [JavaFX Application Thread] DEBUG Async                - Shutting down background threads
14:57:43.053 [JavaFX Application Thread] DEBUG PrimaryStageWindow   - Closing main window
14:57:43.069 [JavaFX Application Thread] DEBUG Logger               - Closing Logger
