21:46:18.465 [main                     ] DEBUG Logger               - Configured Logger
21:46:18.493 [main                     ] DEBUG GameApplication      - Logging settings
Title: platformer
Version: 0.0
Width: 1280
Height: 900
Fullscreen: false
Intro: false
Profiling: false
Single step:false
App Mode: DEVELOPER
Menu Key: ESCAPE
Stage Style: DECORATED
Scene Factory: class com.almasb.fxgl.app.scene.SceneFactory

21:46:18.782 [JavaFX Application Thread] DEBUG FXGLApplication      - Initializing FXGL
21:46:18.787 [JavaFX Application Thread] INFO  Engine               - FXGL-17.1 (24.03.2022 17.39) on WINDOWS (J:17.0.2 FX:18)
21:46:18.787 [JavaFX Application Thread] DEBUG Engine               - JRE Vendor Name: Eclipse Adoptium
21:46:18.787 [JavaFX Application Thread] DEBUG Engine               - Running on OS: Windows 11 version 10.0
21:46:18.787 [JavaFX Application Thread] DEBUG Engine               - Architecture: amd64
21:46:18.787 [JavaFX Application Thread] INFO  Engine               - Source code and latest versions at: https://github.com/AlmasB/FXGL
21:46:18.787 [JavaFX Application Thread] INFO  Engine               -       Ask questions and discuss at: https://github.com/AlmasB/FXGL/discussions
21:46:18.787 [JavaFX Application Thread] INFO  Engine               -              Join the FXGL chat at: https://gitter.im/AlmasB/FXGL
21:46:18.863 [JavaFX Application Thread] DEBUG PrimaryStageWindow   - Creating a JavaFX scene
21:46:18.892 [JavaFX Application Thread] DEBUG PrimaryStageWindow   - Target settings size: 1280.0 x 900.0
21:46:18.893 [JavaFX Application Thread] DEBUG PrimaryStageWindow   - Scaled scene size:    1280.0 x 900.0
21:46:18.893 [JavaFX Application Thread] DEBUG PrimaryStageWindow   - Scaled ratio: (1.0, 1.0)
21:46:18.893 [JavaFX Application Thread] DEBUG PrimaryStageWindow   - Set initial scene to FXGLStartupScene
21:46:18.899 [JavaFX Application Thread] DEBUG PrimaryStageWindow   - Opening main window
21:46:18.974 [JavaFX Application Thread] DEBUG PrimaryStageWindow   - Window border size: (16.0, 39.0)
21:46:18.974 [JavaFX Application Thread] DEBUG PrimaryStageWindow   - Scaled size: 1280.0 x 900.0
21:46:18.974 [JavaFX Application Thread] DEBUG PrimaryStageWindow   - Scaled ratio: (1.0, 1.0)
21:46:18.974 [JavaFX Application Thread] DEBUG PrimaryStageWindow   - Scene size: 1280.0 x 900.0
21:46:18.975 [JavaFX Application Thread] DEBUG PrimaryStageWindow   - Stage size: 1296.0 x 939.0
21:46:18.985 [FXGL Background Thread 1 ] DEBUG Engine               - Initializing environment variables
21:46:19.021 [FXGL Background Thread 1 ] DEBUG FXGLAssetLoaderServi - User app class for loading assets: class game.PlatformerApp
21:46:19.021 [FXGL Background Thread 1 ] DEBUG GameApplicationServi - Applying CSS: fxgl_dark.css
21:46:19.022 [FXGL Background Thread 1 ] DEBUG FXGLAssetLoaderServi - Loading from file system: jar:file:/D:/Lucca/Java-lib/fxgl/fxgl-17.1-uber.jar!/fxglassets/ui/css/fxgl_dark.css
21:46:19.055 [FXGL Background Thread 1 ] DEBUG GameApplicationServi - Initializing application scenes
21:46:19.111 [FXGL Background Thread 1 ] DEBUG GameWorld            - Game world initialized
21:46:19.149 [FXGL Background Thread 1 ] DEBUG PhysicsWorld         - Physics world initialized: appHeight=900, physics.ppm=50,0
21:46:19.149 [FXGL Background Thread 1 ] DEBUG PhysicsWorld         - Using strategy: BRUTE_FORCE
21:46:19.152 [FXGL Background Thread 1 ] DEBUG GameScene            - Game scene initialized: 1280x900
21:46:19.163 [FXGL Background Thread 1 ] DEBUG FXGL.DefaultMenu     - createMenuBodyGameMenu()
21:46:19.175 [FXGL Background Thread 1 ] DEBUG FXGL.DefaultMenu     - createOptionsMenu()
21:46:19.185 [FXGL Background Thread 1 ] DEBUG FXGLAssetLoaderServi - Loading from file system: jar:file:/D:/Lucca/Java-lib/fxgl/fxgl-17.1-uber.jar!/fxglassets/textures/particles/smoke.png
21:46:19.262 [FXGL Background Thread 1 ] DEBUG FXGLAssetLoaderServi - Loading from file system: jar:file:/D:/Lucca/Java-lib/fxgl/fxgl-17.1-uber.jar!/fxglassets/textures/particles/trace_horizontal.png
21:46:19.284 [FXGL Background Thread 1 ] DEBUG GameApplicationServi - Application scenes initialized
21:46:19.297 [FXGL Background Thread 1 ] DEBUG SystemBundleService  - Loading FXGL system data
21:46:19.301 [FXGL Background Thread 1 ] DEBUG FileSystemAccess     - Reading from: C:\Users\lucca\git\giocoInformatica3\system\fxgl.bundle
21:46:19.308 [FXGL Background Thread 1 ] DEBUG SystemBundleService  - Bundle FXGL: {}
21:46:19.309 [FXGL Background Thread 1 ] DEBUG UpdaterService       - Checking for updates
21:46:19.313 [FXGL Background Thread 1 ] DEBUG FXGLApplication      - Loading default localization
21:46:19.314 [FXGL Background Thread 1 ] DEBUG FXGLAssetLoaderServi - Loading from file system: jar:file:/D:/Lucca/Java-lib/fxgl/fxgl-17.1-uber.jar!/fxglassets/languages/english.lang
21:46:19.332 [FXGL Background Thread 4 ] DEBUG FXGLApplication      - Loading fonts
21:46:19.332 [FXGL Background Thread 4 ] DEBUG FXGLAssetLoaderServi - Loading from file system: jar:file:/D:/Lucca/Java-lib/fxgl/fxgl-17.1-uber.jar!/fxglassets/ui/fonts/VarelaRound-Regular.ttf
21:46:19.358 [FXGL Background Thread 1 ] INFO  FXGLApplication      - FXGL initialization took: 0,373 sec
21:46:19.366 [JavaFX Application Thread] DEBUG Input                - Registered new binding: Left - A
21:46:19.367 [JavaFX Application Thread] DEBUG Input                - Registered new binding: Right - D
21:46:19.367 [JavaFX Application Thread] DEBUG Input                - Registered new binding: Jump - Space
21:46:19.367 [JavaFX Application Thread] DEBUG Input                - Registered new binding: Attack - F
21:46:19.367 [JavaFX Application Thread] DEBUG FXGLAssetLoaderServi - Loading from file system: file:/C:/Users/lucca/git/giocoInformatica3/bin/assets/music/BGM_dash_runner.wav
21:46:19.432 [FXGL Background Thread 4 ] DEBUG FXGLAssetLoaderServi - Loading from file system: jar:file:/D:/Lucca/Java-lib/fxgl/fxgl-17.1-uber.jar!/fxglassets/ui/fonts/Abel-Regular.ttf
21:46:19.440 [FXGL Background Thread 4 ] DEBUG FXGLAssetLoaderServi - Loading from file system: jar:file:/D:/Lucca/Java-lib/fxgl/fxgl-17.1-uber.jar!/fxglassets/ui/fonts/TerminalLandMono-Regular.otf
21:46:19.447 [FXGL Background Thread 4 ] DEBUG FXGLAssetLoaderServi - Loading from file system: jar:file:/D:/Lucca/Java-lib/fxgl/fxgl-17.1-uber.jar!/fxglassets/ui/fonts/Courier-Prime.ttf
21:46:19.509 [JavaFX Application Thread] DEBUG AudioPlayer          - Playing music com.almasb.fxgl.audio.Music@6b10ecc9
21:46:19.510 [JavaFX Application Thread] DEBUG FXGLAssetLoaderServi - Loading from file system: jar:file:/D:/Lucca/Java-lib/fxgl/fxgl-17.1-uber.jar!/fxglassets/textures/fxgl_icon.png
21:46:19.533 [JavaFX Application Thread] DEBUG FXGLAssetLoaderServi - Loading from file system: jar:file:/D:/Lucca/Java-lib/fxgl/fxgl-17.1-uber.jar!/fxglassets/textures/fxgl_default_cursor.png
21:46:19.536 [JavaFX Application Thread] DEBUG Input                - Registered new binding: Screenshot - CTRL+8
21:46:19.536 [JavaFX Application Thread] DEBUG Input                - Registered new binding: System info dump - CTRL+9
21:46:19.537 [JavaFX Application Thread] DEBUG Input                - Registered new binding: Restart - CTRL+R
21:46:19.538 [JavaFX Application Thread] DEBUG Input                - Registered new binding: Toggle Debug Camera - CTRL+7
21:46:19.542 [JavaFX Application Thread] DEBUG LoopRunner           - Starting loop
21:46:19.542 [JavaFX Application Thread] DEBUG LoopRunner           - Initializing JavaFX AnimationTimerLoop
21:46:19.544 [JavaFX Application Thread] DEBUG GameApplicationServi - Starting new game
21:46:19.545 [JavaFX Application Thread] DEBUG Input                - Clearing active input actions
21:46:19.554 [JavaFX Application Thread] DEBUG GameApplicationServi - Removing overlay from FXGLStartupScene and adding to FXGLLoadingScene
21:46:19.555 [JavaFX Application Thread] DEBUG PrimaryStageWindow   - FXGLStartupScene -> FXGLLoadingScene
21:46:19.555 [JavaFX Application Thread] DEBUG GameApplicationServi - Clearing previous game
21:46:19.555 [JavaFX Application Thread] DEBUG GameScene            - Clearing game scene
21:46:19.555 [JavaFX Application Thread] DEBUG GameWorld            - Clearing game world
21:46:19.555 [JavaFX Application Thread] DEBUG PhysicsWorld         - Clearing physics world
21:46:19.558 [FXGL Background Thread 4 ] DEBUG FXGLApplication      - Initializing game
21:46:19.602 [FXGL Background Thread 4 ] WARN  TMXLevelLoader       - TiledMap generated from 1.8.4. Supported version: 1.4.2. Some features may not be parsed fully.
21:46:19.631 [FXGL Background Thread 4 ] DEBUG TMXLevelLoader       - Parsed TiledMap: file:/C:/Users/lucca/git/giocoInformatica3/bin/assets/levels/tmx/level1.tmx
21:46:19.632 [FXGL Background Thread 4 ] DEBUG TMXLevelLoader       - Creating tile layer entities
21:46:19.633 [FXGL Background Thread 4 ] DEBUG TilesetLoader        - Loading view for layer Terreno
21:46:19.697 [FXGL Background Thread 4 ] DEBUG TilesetLoader        - Created buffer with size 4900.0x5600.0
21:46:19.732 [FXGL Background Thread 4 ] DEBUG TilesetLoader        - Loading view for layer Decorazioni
21:46:19.775 [FXGL Background Thread 4 ] DEBUG TilesetLoader        - Created buffer with size 4900.0x5600.0
21:46:19.781 [FXGL Background Thread 4 ] DEBUG TilesetLoader        - Loading view for layer Piattaforme
21:46:19.834 [FXGL Background Thread 4 ] DEBUG TilesetLoader        - Created buffer with size 4900.0x5600.0
21:46:19.848 [FXGL Background Thread 4 ] DEBUG TilesetLoader        - Loading view for layer Spine
21:46:19.906 [FXGL Background Thread 4 ] DEBUG TilesetLoader        - Created buffer with size 4900.0x5600.0
21:46:19.914 [FXGL Background Thread 4 ] DEBUG TMXLevelLoader       - Creating object layer entities
21:46:19.939 [FXGL Background Thread 4 ] DEBUG FXGLAssetLoaderServi - Loading from file system: file:/C:/Users/lucca/git/giocoInformatica3/bin/assets/textures/box.png
21:46:19.967 [FXGL Background Thread 4 ] DEBUG FXGLAssetLoaderServi - Loading from file system: file:/C:/Users/lucca/git/giocoInformatica3/bin/assets/textures/enemies/Skeleton/Idle.png
21:46:19.969 [FXGL Background Thread 4 ] DEBUG FXGLAssetLoaderServi - Loading from file system: file:/C:/Users/lucca/git/giocoInformatica3/bin/assets/textures/enemies/Skeleton/Walk.png
21:46:19.972 [FXGL Background Thread 4 ] DEBUG FXGLAssetLoaderServi - Loading from file system: file:/C:/Users/lucca/git/giocoInformatica3/bin/assets/textures/enemies/Skeleton/Attack.png
21:46:19.985 [FXGL Background Thread 4 ] DEBUG FXGLAssetLoaderServi - Loading from file system: file:/C:/Users/lucca/git/giocoInformatica3/bin/assets/textures/bonfire.png
21:46:19.987 [FXGL Background Thread 4 ] DEBUG FXGLAssetLoaderServi - Loading from file system: file:/C:/Users/lucca/git/giocoInformatica3/bin/assets/textures/bonfire_animation.png
21:46:19.991 [FXGL Background Thread 4 ] DEBUG GameWorld            - Clearing removable entities
21:46:19.992 [FXGL Background Thread 4 ] DEBUG GameWorld            - Setting level: com.almasb.fxgl.entity.level.Level@1a17e6c9
21:46:20.008 [FXGL Background Thread 4 ] DEBUG FXGLAssetLoaderServi - Loading from file system: file:/C:/Users/lucca/git/giocoInformatica3/bin/assets/textures/player/_Idle.png
21:46:20.011 [FXGL Background Thread 4 ] DEBUG FXGLAssetLoaderServi - Loading from file system: file:/C:/Users/lucca/git/giocoInformatica3/bin/assets/textures/player/_Run.png
21:46:20.013 [FXGL Background Thread 4 ] DEBUG FXGLAssetLoaderServi - Loading from file system: file:/C:/Users/lucca/git/giocoInformatica3/bin/assets/textures/player/_Jump.png
21:46:20.014 [FXGL Background Thread 4 ] DEBUG FXGLAssetLoaderServi - Loading from file system: file:/C:/Users/lucca/git/giocoInformatica3/bin/assets/textures/player/_Fall.png
21:46:20.015 [FXGL Background Thread 4 ] DEBUG FXGLAssetLoaderServi - Loading from file system: file:/C:/Users/lucca/git/giocoInformatica3/bin/assets/textures/player/_WallSlide.png
21:46:20.016 [FXGL Background Thread 4 ] DEBUG FXGLAssetLoaderServi - Loading from file system: file:/C:/Users/lucca/git/giocoInformatica3/bin/assets/textures/player/_Attack.png
21:46:20.019 [FXGL Background Thread 4 ] DEBUG FXGLAssetLoaderServi - Loading from file system: file:/C:/Users/lucca/git/giocoInformatica3/bin/assets/textures/background/forest.png
21:46:20.039 [FXGL Background Thread 4 ] DEBUG FXGLAssetLoaderServi - Loading from file system: file:/C:/Users/lucca/git/giocoInformatica3/bin/assets/textures/health/full_health.png
21:46:20.040 [FXGL Background Thread 4 ] INFO  FXGLApplication      - Game initialization took: 0,482 sec
21:46:20.050 [JavaFX Application Thread] DEBUG Input                - Clearing active input actions
21:46:20.059 [JavaFX Application Thread] DEBUG GameApplicationServi - Removing overlay from FXGLLoadingScene and adding to GameScene
21:46:20.059 [JavaFX Application Thread] DEBUG PrimaryStageWindow   - FXGLLoadingScene -> GameScene
21:46:22.313 [FXGL Background Thread 3 ] DEBUG Engine               - Logging environment variables
21:46:22.313 [FXGL Background Thread 3 ] DEBUG Engine               - achievements: []
21:46:22.314 [FXGL Background Thread 3 ] DEBUG Engine               - actualHeight: 900.0
21:46:22.314 [FXGL Background Thread 3 ] DEBUG Engine               - actualHeightProperty: ReadOnlyDoubleProperty [value: 900.0]
21:46:22.314 [FXGL Background Thread 3 ] DEBUG Engine               - actualWidth: 1280.0
21:46:22.314 [FXGL Background Thread 3 ] DEBUG Engine               - actualWidthProperty: ReadOnlyDoubleProperty [value: 1280.0]
21:46:22.314 [FXGL Background Thread 3 ] DEBUG Engine               - appIcon: fxgl_icon.png
21:46:22.314 [FXGL Background Thread 3 ] DEBUG Engine               - applicationMode: DEVELOPER
21:46:22.314 [FXGL Background Thread 3 ] DEBUG Engine               - cSSList: [fxgl_dark.css]
21:46:22.315 [FXGL Background Thread 3 ] DEBUG Engine               - collisionDetectionStrategy: BRUTE_FORCE
21:46:22.315 [FXGL Background Thread 3 ] DEBUG Engine               - configClass: Optional.empty
21:46:22.315 [FXGL Background Thread 3 ] DEBUG Engine               - credits: []
21:46:22.315 [FXGL Background Thread 3 ] DEBUG Engine               - defaultCursor: CursorInfo(imageName=fxgl_default_cursor.png, hotspotX=7.0, hotspotY=6.0)
21:46:22.316 [FXGL Background Thread 3 ] DEBUG Engine               - devBBoxColorProperty: ObjectProperty [value: 0xff0000ff]
21:46:22.316 [FXGL Background Thread 3 ] DEBUG Engine               - devEnableDebugCameraProperty: BooleanProperty [value: false]
21:46:22.316 [FXGL Background Thread 3 ] DEBUG Engine               - devSensorColorProperty: ObjectProperty [value: 0xffff00ff]
21:46:22.316 [FXGL Background Thread 3 ] DEBUG Engine               - devShowBBoxProperty: BooleanProperty [value: false]
21:46:22.318 [FXGL Background Thread 3 ] DEBUG Engine               - devShowPositionProperty: BooleanProperty [value: false]
21:46:22.318 [FXGL Background Thread 3 ] DEBUG Engine               - enabledMenuItems: []
21:46:22.318 [FXGL Background Thread 3 ] DEBUG Engine               - engineServices: [class com.almasb.fxgl.app.services.FXGLAssetLoaderService, class com.almasb.fxgl.app.FXGLApplication$GameApplicationService, class com.almasb.fxgl.app.services.FXGLDialogService, class com.almasb.fxgl.app.services.IOTaskExecutorService, class com.almasb.fxgl.io.FileSystemService, class com.almasb.fxgl.localization.LocalizationService, class com.almasb.fxgl.app.services.SystemBundleService, class com.almasb.fxgl.profile.SaveLoadService, class com.almasb.fxgl.ui.FXGLUIFactoryServiceProvider, class com.almasb.fxgl.ui.FXGLDialogFactoryServiceProvider, class com.almasb.fxgl.audio.AudioPlayer, class com.almasb.fxgl.notification.impl.NotificationServiceProvider, class com.almasb.fxgl.achievement.AchievementService, class com.almasb.fxgl.cutscene.CutsceneService, class com.almasb.fxgl.minigames.MiniGameService, class com.almasb.fxgl.net.NetService, class com.almasb.fxgl.app.services.UpdaterService, class com.almasb.fxgl.dev.DevService]
21:46:22.318 [FXGL Background Thread 3 ] DEBUG Engine               - fontGame: Abel-Regular.ttf
21:46:22.318 [FXGL Background Thread 3 ] DEBUG Engine               - fontMono: TerminalLandMono-Regular.otf
21:46:22.319 [FXGL Background Thread 3 ] DEBUG Engine               - fontText: Courier-Prime.ttf
21:46:22.319 [FXGL Background Thread 3 ] DEBUG Engine               - fontUI: VarelaRound-Regular.ttf
21:46:22.319 [FXGL Background Thread 3 ] DEBUG Engine               - fullScreen: BooleanProperty [value: false]
21:46:22.319 [FXGL Background Thread 3 ] DEBUG Engine               - gameDifficulty: MEDIUM
21:46:22.319 [FXGL Background Thread 3 ] DEBUG Engine               - gameDifficultyProperty: ObjectProperty [value: MEDIUM]
21:46:22.319 [FXGL Background Thread 3 ] DEBUG Engine               - globalMusicVolume: 0.5
21:46:22.319 [FXGL Background Thread 3 ] DEBUG Engine               - globalMusicVolumeProperty: DoubleProperty [value: 0.25]
21:46:22.319 [FXGL Background Thread 3 ] DEBUG Engine               - globalSoundVolume: 0.5
21:46:22.320 [FXGL Background Thread 3 ] DEBUG Engine               - globalSoundVolumeProperty: DoubleProperty [value: 0.5]
21:46:22.320 [FXGL Background Thread 3 ] DEBUG Engine               - height: 900
21:46:22.320 [FXGL Background Thread 3 ] DEBUG Engine               - is3D: false
21:46:22.320 [FXGL Background Thread 3 ] DEBUG Engine               - isAndroid: false
21:46:22.320 [FXGL Background Thread 3 ] DEBUG Engine               - isBrowser: false
21:46:22.320 [FXGL Background Thread 3 ] DEBUG Engine               - isClickFeedbackEnabled: false
21:46:22.321 [FXGL Background Thread 3 ] DEBUG Engine               - isCloseConfirmation: false
21:46:22.321 [FXGL Background Thread 3 ] DEBUG Engine               - isDesktop: true
21:46:22.321 [FXGL Background Thread 3 ] DEBUG Engine               - isDeveloperMenuEnabled: false
21:46:22.321 [FXGL Background Thread 3 ] DEBUG Engine               - isEmbedded: false
21:46:22.321 [FXGL Background Thread 3 ] DEBUG Engine               - isEntityPreloadEnabled: true
21:46:22.321 [FXGL Background Thread 3 ] DEBUG Engine               - isExperimentalTiledLargeMap: false
21:46:22.321 [FXGL Background Thread 3 ] DEBUG Engine               - isFileSystemWriteAllowed: true
21:46:22.321 [FXGL Background Thread 3 ] DEBUG Engine               - isFullScreenAllowed: false
21:46:22.321 [FXGL Background Thread 3 ] DEBUG Engine               - isFullScreenFromStart: false
21:46:22.322 [FXGL Background Thread 3 ] DEBUG Engine               - isGameMenuEnabled: true
21:46:22.322 [FXGL Background Thread 3 ] DEBUG Engine               - isIOS: false
21:46:22.322 [FXGL Background Thread 3 ] DEBUG Engine               - isIntroEnabled: false
21:46:22.322 [FXGL Background Thread 3 ] DEBUG Engine               - isLinux: false
21:46:22.322 [FXGL Background Thread 3 ] DEBUG Engine               - isMac: false
21:46:22.322 [FXGL Background Thread 3 ] DEBUG Engine               - isMainMenuEnabled: false
21:46:22.322 [FXGL Background Thread 3 ] DEBUG Engine               - isManualResizeEnabled: false
21:46:22.322 [FXGL Background Thread 3 ] DEBUG Engine               - isMobile: false
21:46:22.322 [FXGL Background Thread 3 ] DEBUG Engine               - isNative: false
21:46:22.322 [FXGL Background Thread 3 ] DEBUG Engine               - isPauseMusicWhenMinimized: true
21:46:22.323 [FXGL Background Thread 3 ] DEBUG Engine               - isPreserveResizeRatio: false
21:46:22.323 [FXGL Background Thread 3 ] DEBUG Engine               - isProfilingEnabled: false
21:46:22.323 [FXGL Background Thread 3 ] DEBUG Engine               - isScaleAffectedOnResize: true
21:46:22.323 [FXGL Background Thread 3 ] DEBUG Engine               - isSingleStep: false
21:46:22.323 [FXGL Background Thread 3 ] DEBUG Engine               - isUserProfileEnabled: false
21:46:22.323 [FXGL Background Thread 3 ] DEBUG Engine               - isWindows: true
21:46:22.323 [FXGL Background Thread 3 ] DEBUG Engine               - language: ObjectProperty [value: ENGLISH]
21:46:22.323 [FXGL Background Thread 3 ] DEBUG Engine               - menuKey: ESCAPE
21:46:22.323 [FXGL Background Thread 3 ] DEBUG Engine               - mouseSensitivity: 0.2
21:46:22.324 [FXGL Background Thread 3 ] DEBUG Engine               - notificationViewClass: class com.almasb.fxgl.notification.view.XboxNotificationView
21:46:22.324 [FXGL Background Thread 3 ] DEBUG Engine               - pixelsPerMeter: 50.0
21:46:22.324 [FXGL Background Thread 3 ] DEBUG Engine               - platform: WINDOWS
21:46:22.324 [FXGL Background Thread 3 ] DEBUG Engine               - prefHeightProperty: ReadOnlyDoubleProperty [value: 900.0]
21:46:22.324 [FXGL Background Thread 3 ] DEBUG Engine               - prefWidthProperty: ReadOnlyDoubleProperty [value: 1280.0]
21:46:22.324 [FXGL Background Thread 3 ] DEBUG Engine               - profileDir: profiles/
21:46:22.324 [FXGL Background Thread 3 ] DEBUG Engine               - profileName: StringProperty [value: DEFAULT]
21:46:22.324 [FXGL Background Thread 3 ] DEBUG Engine               - randomSeed: -1
21:46:22.325 [FXGL Background Thread 3 ] DEBUG Engine               - runtimeInfo: RuntimeInfo(platform=WINDOWS, version=17.1, build=24.03.2022 17.39)
21:46:22.325 [FXGL Background Thread 3 ] DEBUG Engine               - saveFileExt: sav
21:46:22.325 [FXGL Background Thread 3 ] DEBUG Engine               - scaledHeightProp$fxgl: DoubleProperty [bound, value: 900.0]
21:46:22.325 [FXGL Background Thread 3 ] DEBUG Engine               - scaledWidthProp$fxgl: DoubleProperty [bound, value: 1280.0]
21:46:22.325 [FXGL Background Thread 3 ] DEBUG Engine               - sceneFactory: com.almasb.fxgl.app.scene.SceneFactory@70b28445
21:46:22.325 [FXGL Background Thread 3 ] DEBUG Engine               - secondsIn24h: 60
21:46:22.325 [FXGL Background Thread 3 ] DEBUG Engine               - soundMenuBack: menu/back.wav
21:46:22.325 [FXGL Background Thread 3 ] DEBUG Engine               - soundMenuPress: menu/press.wav
21:46:22.325 [FXGL Background Thread 3 ] DEBUG Engine               - soundMenuSelect: menu/select.wav
21:46:22.325 [FXGL Background Thread 3 ] DEBUG Engine               - soundNotification: core/notification.wav
21:46:22.325 [FXGL Background Thread 3 ] DEBUG Engine               - stageStyle: DECORATED
21:46:22.326 [FXGL Background Thread 3 ] DEBUG Engine               - supportedLanguages: [ENGLISH, FRENCH, GERMAN, HUNGARIAN, RUSSIAN]
21:46:22.326 [FXGL Background Thread 3 ] DEBUG Engine               - ticksPerSecond: -1
21:46:22.326 [FXGL Background Thread 3 ] DEBUG Engine               - title: platformer
21:46:22.326 [FXGL Background Thread 3 ] DEBUG Engine               - urlGithub: https://github.com/AlmasB/FXGL
21:46:22.326 [FXGL Background Thread 3 ] DEBUG Engine               - urlLeaderboard: http://fxgl-top.herokuapp.com/
21:46:22.326 [FXGL Background Thread 3 ] DEBUG Engine               - urlPOM: https://raw.githubusercontent.com/AlmasB/FXGL/release/README.md
21:46:22.326 [FXGL Background Thread 3 ] DEBUG Engine               - userAppClass: class game.PlatformerApp
21:46:22.326 [FXGL Background Thread 3 ] DEBUG Engine               - version: 0.0
21:46:22.326 [FXGL Background Thread 3 ] DEBUG Engine               - versionCheckDays: 7
21:46:22.326 [FXGL Background Thread 3 ] DEBUG Engine               - width: 1280
21:46:22.327 [FXGL Background Thread 3 ] DEBUG Engine               - Logging services
21:46:22.327 [FXGL Background Thread 3 ] DEBUG Engine               - class com.almasb.fxgl.app.services.FXGLAssetLoaderService
21:46:22.327 [FXGL Background Thread 3 ] DEBUG Engine               - class com.almasb.fxgl.app.FXGLApplication$GameApplicationService
21:46:22.327 [FXGL Background Thread 3 ] DEBUG Engine               - class com.almasb.fxgl.app.services.FXGLDialogService
21:46:22.327 [FXGL Background Thread 3 ] DEBUG Engine               - class com.almasb.fxgl.app.services.IOTaskExecutorService
21:46:22.327 [FXGL Background Thread 3 ] DEBUG Engine               - class com.almasb.fxgl.io.FileSystemService
21:46:22.327 [FXGL Background Thread 3 ] DEBUG Engine               - class com.almasb.fxgl.localization.LocalizationService
21:46:22.327 [FXGL Background Thread 3 ] DEBUG Engine               - class com.almasb.fxgl.app.services.SystemBundleService
21:46:22.327 [FXGL Background Thread 3 ] DEBUG Engine               - class com.almasb.fxgl.profile.SaveLoadService
21:46:22.327 [FXGL Background Thread 3 ] DEBUG Engine               - class com.almasb.fxgl.ui.FXGLUIFactoryServiceProvider
21:46:22.327 [FXGL Background Thread 3 ] DEBUG Engine               - class com.almasb.fxgl.ui.FXGLDialogFactoryServiceProvider
21:46:22.327 [FXGL Background Thread 3 ] DEBUG Engine               - class com.almasb.fxgl.audio.AudioPlayer
21:46:22.327 [FXGL Background Thread 3 ] DEBUG Engine               - class com.almasb.fxgl.notification.impl.NotificationServiceProvider
21:46:22.327 [FXGL Background Thread 3 ] DEBUG Engine               - class com.almasb.fxgl.achievement.AchievementService
21:46:22.328 [FXGL Background Thread 3 ] DEBUG Engine               - class com.almasb.fxgl.cutscene.CutsceneService
21:46:22.328 [FXGL Background Thread 3 ] DEBUG Engine               - class com.almasb.fxgl.minigames.MiniGameService
21:46:22.328 [FXGL Background Thread 3 ] DEBUG Engine               - class com.almasb.fxgl.net.NetService
21:46:22.328 [FXGL Background Thread 3 ] DEBUG Engine               - class com.almasb.fxgl.app.services.UpdaterService
21:46:22.328 [FXGL Background Thread 3 ] DEBUG Engine               - class com.almasb.fxgl.dev.DevService
21:46:23.557 [JavaFX Application Thread] DEBUG FXGLApplication      - Exiting FXGL
21:46:23.557 [JavaFX Application Thread] DEBUG LoopRunner           - Stopping loop
21:46:23.557 [JavaFX Application Thread] DEBUG SystemBundleService  - Saving FXGL system data
21:46:23.559 [JavaFX Application Thread] DEBUG FileSystemAccess     - Writing to: C:\Users\lucca\git\giocoInformatica3\system\fxgl.bundle
21:46:23.560 [JavaFX Application Thread] DEBUG Async                - Shutting down background threads
21:46:23.560 [JavaFX Application Thread] DEBUG PrimaryStageWindow   - Closing main window
21:46:23.568 [JavaFX Application Thread] DEBUG Logger               - Closing Logger
