12:17:20.742 [main                     ] DEBUG Logger               - Configured Logger
12:17:20.798 [main                     ] DEBUG GameApplication      - Logging settings
Title: platformer
Version: 0.0
Width: 1920
Height: 1080
Fullscreen: false
Intro: false
Profiling: false
Single step:false
App Mode: DEVELOPER
Menu Key: ESCAPE
Stage Style: DECORATED
Scene Factory: class game.PlatformerApp$1

12:17:21.413 [JavaFX Application Thread] DEBUG FXGLApplication      - Initializing FXGL
12:17:21.422 [JavaFX Application Thread] INFO  Engine               - FXGL-17.1 (24.03.2022 17.39) on WINDOWS (J:17.0.1 FX:18)
12:17:21.422 [JavaFX Application Thread] DEBUG Engine               - JRE Vendor Name: Eclipse Adoptium
12:17:21.423 [JavaFX Application Thread] DEBUG Engine               - Running on OS: Windows 10 version 10.0
12:17:21.423 [JavaFX Application Thread] DEBUG Engine               - Architecture: amd64
12:17:21.423 [JavaFX Application Thread] INFO  Engine               - Source code and latest versions at: https://github.com/AlmasB/FXGL
12:17:21.423 [JavaFX Application Thread] INFO  Engine               -       Ask questions and discuss at: https://github.com/AlmasB/FXGL/discussions
12:17:21.423 [JavaFX Application Thread] INFO  Engine               -              Join the FXGL chat at: https://gitter.im/AlmasB/FXGL
12:17:21.578 [JavaFX Application Thread] DEBUG PrimaryStageWindow   - Creating a JavaFX scene
12:17:21.646 [JavaFX Application Thread] DEBUG PrimaryStageWindow   - Target settings size: 1920.0 x 1080.0
12:17:21.646 [JavaFX Application Thread] DEBUG PrimaryStageWindow   - Scaled scene size:    1920.0 x 1080.0
12:17:21.647 [JavaFX Application Thread] DEBUG PrimaryStageWindow   - Scaled ratio: (1.0, 1.0)
12:17:21.649 [JavaFX Application Thread] DEBUG PrimaryStageWindow   - Set initial scene to FXGLStartupScene
12:17:21.661 [JavaFX Application Thread] DEBUG PrimaryStageWindow   - Opening main window
12:17:21.787 [JavaFX Application Thread] DEBUG PrimaryStageWindow   - Window border size: (16.0, 39.0)
12:17:21.788 [JavaFX Application Thread] DEBUG PrimaryStageWindow   - Scaled size: 1920.0 x 1080.0
12:17:21.788 [JavaFX Application Thread] DEBUG PrimaryStageWindow   - Scaled ratio: (1.0, 1.0)
12:17:21.789 [JavaFX Application Thread] DEBUG PrimaryStageWindow   - Scene size: 1920.0 x 1080.0
12:17:21.789 [JavaFX Application Thread] DEBUG PrimaryStageWindow   - Stage size: 1936.0 x 1119.0
12:17:21.805 [FXGL Background Thread 1 ] DEBUG Engine               - Initializing environment variables
12:17:21.862 [FXGL Background Thread 1 ] DEBUG FXGLAssetLoaderServi - User app class for loading assets: class game.PlatformerApp
12:17:21.862 [FXGL Background Thread 1 ] DEBUG GameApplicationServi - Applying CSS: fxgl_dark.css
12:17:21.863 [FXGL Background Thread 1 ] DEBUG FXGLAssetLoaderServi - Loading from file system: jar:file:/C:/Users/HP/Documents/fxgl/fxgl-17.1-uber.jar!/fxglassets/ui/css/fxgl_dark.css
12:17:21.924 [FXGL Background Thread 1 ] DEBUG GameApplicationServi - Initializing application scenes
12:17:21.986 [FXGL Background Thread 1 ] DEBUG GameWorld            - Game world initialized
12:17:22.057 [FXGL Background Thread 1 ] DEBUG PhysicsWorld         - Physics world initialized: appHeight=1080, physics.ppm=50,0
12:17:22.058 [FXGL Background Thread 1 ] DEBUG PhysicsWorld         - Using strategy: BRUTE_FORCE
12:17:22.063 [FXGL Background Thread 1 ] DEBUG GameScene            - Game scene initialized: 1920x1080
12:17:22.149 [FXGL Background Thread 1 ] DEBUG GameApplicationServi - Application scenes initialized
12:17:22.174 [FXGL Background Thread 1 ] DEBUG SystemBundleService  - Loading FXGL system data
12:17:22.182 [FXGL Background Thread 1 ] DEBUG FileSystemAccess     - Reading from: C:\Users\HP\git\giocoInformatica10111\system\fxgl.bundle
12:17:22.193 [FXGL Background Thread 1 ] DEBUG SystemBundleService  - Bundle FXGL: {}
12:17:22.193 [FXGL Background Thread 1 ] DEBUG UpdaterService       - Checking for updates
12:17:22.246 [FXGL Background Thread 4 ] DEBUG FXGLApplication      - Loading fonts
12:17:22.248 [FXGL Background Thread 4 ] DEBUG FXGLAssetLoaderServi - Loading from file system: jar:file:/C:/Users/HP/Documents/fxgl/fxgl-17.1-uber.jar!/fxglassets/ui/fonts/VarelaRound-Regular.ttf
12:17:22.248 [FXGL Background Thread 1 ] DEBUG FXGLApplication      - Loading default localization
12:17:22.249 [FXGL Background Thread 1 ] DEBUG FXGLAssetLoaderServi - Loading from file system: jar:file:/C:/Users/HP/Documents/fxgl/fxgl-17.1-uber.jar!/fxglassets/languages/english.lang
12:17:22.277 [FXGL Background Thread 1 ] INFO  FXGLApplication      - FXGL initialization took: 0,472 sec
12:17:22.290 [JavaFX Application Thread] DEBUG Input                - Registered new binding: Left - A
12:17:22.291 [JavaFX Application Thread] DEBUG Input                - Registered new binding: Right - D
12:17:22.291 [JavaFX Application Thread] DEBUG Input                - Registered new binding: Jump - Space
12:17:22.292 [JavaFX Application Thread] DEBUG Input                - Registered new binding: Attack - F
12:17:22.293 [JavaFX Application Thread] DEBUG FXGLAssetLoaderServi - Loading from file system: file:/C:/Users/HP/git/giocoInformatica10111/bin/assets/music/BGM_dash_runner.wav
12:17:22.343 [FXGL Background Thread 4 ] DEBUG FXGLAssetLoaderServi - Loading from file system: jar:file:/C:/Users/HP/Documents/fxgl/fxgl-17.1-uber.jar!/fxglassets/ui/fonts/Abel-Regular.ttf
12:17:22.357 [FXGL Background Thread 4 ] DEBUG FXGLAssetLoaderServi - Loading from file system: jar:file:/C:/Users/HP/Documents/fxgl/fxgl-17.1-uber.jar!/fxglassets/ui/fonts/TerminalLandMono-Regular.otf
12:17:22.375 [FXGL Background Thread 4 ] DEBUG FXGLAssetLoaderServi - Loading from file system: jar:file:/C:/Users/HP/Documents/fxgl/fxgl-17.1-uber.jar!/fxglassets/ui/fonts/Courier-Prime.ttf
12:17:22.483 [JavaFX Application Thread] DEBUG AudioPlayer          - Playing music com.almasb.fxgl.audio.Music@76f084b3
12:17:22.484 [JavaFX Application Thread] DEBUG FXGLAssetLoaderServi - Loading from file system: jar:file:/C:/Users/HP/Documents/fxgl/fxgl-17.1-uber.jar!/fxglassets/textures/fxgl_icon.png
12:17:22.526 [JavaFX Application Thread] DEBUG FXGLAssetLoaderServi - Loading from file system: jar:file:/C:/Users/HP/Documents/fxgl/fxgl-17.1-uber.jar!/fxglassets/textures/fxgl_default_cursor.png
12:17:22.529 [JavaFX Application Thread] DEBUG Input                - Registered new binding: Screenshot - CTRL+8
12:17:22.530 [JavaFX Application Thread] DEBUG Input                - Registered new binding: Dev Options - 1
12:17:22.530 [JavaFX Application Thread] DEBUG Input                - Registered new binding: Dev Console - 2
12:17:22.531 [JavaFX Application Thread] DEBUG Input                - Registered new binding: System info dump - CTRL+9
12:17:22.532 [JavaFX Application Thread] DEBUG Input                - Registered new binding: Restart - CTRL+R
12:17:22.533 [JavaFX Application Thread] DEBUG Input                - Registered new binding: Toggle Debug Camera - CTRL+7
12:17:22.536 [JavaFX Application Thread] DEBUG LoopRunner           - Starting loop
12:17:22.558 [JavaFX Application Thread] DEBUG LoopRunner           - Initializing JavaFX AnimationTimerLoop
12:17:22.561 [JavaFX Application Thread] DEBUG Input                - Clearing active input actions
12:17:22.570 [JavaFX Application Thread] DEBUG GameApplicationServi - Removing overlay from FXGLStartupScene and adding to FXGLMainMenuDummyScene
12:17:22.581 [JavaFX Application Thread] DEBUG PrimaryStageWindow   - FXGLStartupScene -> FXGLMainMenuDummyScene
12:17:22.581 [JavaFX Application Thread] DEBUG PrimaryStageWindow   - Push state: PlatformerMainMenu
12:17:22.582 [JavaFX Application Thread] DEBUG Input                - Clearing active input actions
12:17:22.587 [JavaFX Application Thread] DEBUG GameApplicationServi - Removing overlay from FXGLMainMenuDummyScene and adding to PlatformerMainMenu
12:17:22.587 [JavaFX Application Thread] DEBUG PrimaryStageWindow   - FXGLMainMenuDummyScene -> PlatformerMainMenu
12:17:22.598 [JavaFX Application Thread] DEBUG FXGLApplication      - Registering font factories with UI factory
12:17:23.988 [JavaFX Application Thread] DEBUG Menu                 - fireNewGame()
12:17:23.989 [JavaFX Application Thread] DEBUG GameApplicationServi - Starting new game
12:17:23.989 [JavaFX Application Thread] DEBUG PrimaryStageWindow   - Pop state: PlatformerMainMenu
12:17:23.990 [JavaFX Application Thread] DEBUG Input                - Clearing active input actions
12:17:23.992 [JavaFX Application Thread] DEBUG GameApplicationServi - Removing overlay from PlatformerMainMenu and adding to FXGLMainMenuDummyScene
12:17:23.997 [JavaFX Application Thread] DEBUG PrimaryStageWindow   - FXGLMainMenuDummyScene <- PlatformerMainMenu
12:17:23.998 [JavaFX Application Thread] DEBUG Input                - Clearing active input actions
12:17:24.012 [JavaFX Application Thread] DEBUG GameApplicationServi - Removing overlay from FXGLMainMenuDummyScene and adding to FXGLLoadingScene
12:17:24.014 [JavaFX Application Thread] DEBUG PrimaryStageWindow   - FXGLMainMenuDummyScene -> FXGLLoadingScene
12:17:24.014 [JavaFX Application Thread] DEBUG GameApplicationServi - Clearing previous game
12:17:24.014 [JavaFX Application Thread] DEBUG GameScene            - Clearing game scene
12:17:24.015 [JavaFX Application Thread] DEBUG GameWorld            - Clearing game world
12:17:24.015 [JavaFX Application Thread] DEBUG PhysicsWorld         - Clearing physics world
12:17:24.019 [FXGL Background Thread 2 ] DEBUG FXGLApplication      - Initializing game
12:17:24.071 [FXGL Background Thread 2 ] WARN  TMXLevelLoader       - TiledMap generated from 1.8.4. Supported version: 1.4.2. Some features may not be parsed fully.
12:17:24.123 [FXGL Background Thread 2 ] DEBUG TMXLevelLoader       - Parsed TiledMap: file:/C:/Users/HP/git/giocoInformatica10111/bin/assets/levels/tmx/level1.tmx
12:17:24.125 [FXGL Background Thread 2 ] DEBUG TMXLevelLoader       - Creating tile layer entities
12:17:24.128 [FXGL Background Thread 2 ] DEBUG TilesetLoader        - Loading view for layer wall 2
12:17:24.137 [FXGL Background Thread 2 ] DEBUG TilesetLoader        - Created buffer with size 2240.0x2560.0
12:17:24.262 [FXGL Background Thread 2 ] WARN  TilesetLoader        - Diagonally flipped tiles are not currently supported
12:17:24.279 [FXGL Background Thread 2 ] WARN  TilesetLoader        - Diagonally flipped tiles are not currently supported
12:17:24.280 [FXGL Background Thread 2 ] WARN  TilesetLoader        - Diagonally flipped tiles are not currently supported
12:17:24.333 [FXGL Background Thread 2 ] WARN  TilesetLoader        - Diagonally flipped tiles are not currently supported
12:17:24.358 [FXGL Background Thread 2 ] WARN  TilesetLoader        - Diagonally flipped tiles are not currently supported
12:17:24.360 [FXGL Background Thread 2 ] DEBUG TilesetLoader        - Loading view for layer wall 1
12:17:24.372 [FXGL Background Thread 2 ] DEBUG TilesetLoader        - Created buffer with size 2240.0x2560.0
12:17:24.394 [FXGL Background Thread 2 ] DEBUG TilesetLoader        - Loading view for layer platforms
12:17:24.399 [FXGL Background Thread 2 ] DEBUG TilesetLoader        - Created buffer with size 2240.0x2560.0
12:17:24.439 [FXGL Background Thread 2 ] DEBUG TilesetLoader        - Loading view for layer spike
12:17:24.445 [FXGL Background Thread 2 ] DEBUG TilesetLoader        - Created buffer with size 2240.0x2560.0
12:17:24.449 [FXGL Background Thread 2 ] DEBUG TilesetLoader        - Loading view for layer ground
12:17:24.452 [FXGL Background Thread 2 ] DEBUG TilesetLoader        - Created buffer with size 2240.0x2560.0
12:17:24.467 [FXGL Background Thread 2 ] DEBUG TMXLevelLoader       - Creating object layer entities
12:17:24.488 [FXGL Background Thread 2 ] DEBUG FXGLAssetLoaderServi - Loading from file system: file:/C:/Users/HP/git/giocoInformatica10111/bin/assets/textures/enemies/Skeleton/Idle.png
12:17:24.489 [FXGL Background Thread 2 ] DEBUG FXGLAssetLoaderServi - Loading from file system: file:/C:/Users/HP/git/giocoInformatica10111/bin/assets/textures/enemies/Skeleton/Walk.png
12:17:24.491 [FXGL Background Thread 2 ] DEBUG FXGLAssetLoaderServi - Loading from file system: file:/C:/Users/HP/git/giocoInformatica10111/bin/assets/textures/enemies/Skeleton/Attack.png
12:17:24.493 [FXGL Background Thread 2 ] DEBUG FXGLAssetLoaderServi - Loading from file system: file:/C:/Users/HP/git/giocoInformatica10111/bin/assets/textures/enemies/Skeleton/Take%20Hit.png
12:17:24.520 [FXGL Background Thread 2 ] DEBUG FXGLAssetLoaderServi - Loading from file system: file:/C:/Users/HP/git/giocoInformatica10111/bin/assets/textures/box.png
12:17:24.543 [FXGL Background Thread 2 ] DEBUG FXGLAssetLoaderServi - Loading from file system: file:/C:/Users/HP/git/giocoInformatica10111/bin/assets/textures/bonfire.png
12:17:24.544 [FXGL Background Thread 2 ] DEBUG FXGLAssetLoaderServi - Loading from file system: file:/C:/Users/HP/git/giocoInformatica10111/bin/assets/textures/bonfire_animation.png
12:17:24.551 [FXGL Background Thread 2 ] DEBUG GameWorld            - Clearing removable entities
12:17:24.551 [FXGL Background Thread 2 ] DEBUG GameWorld            - Setting level: com.almasb.fxgl.entity.level.Level@6c95bf2f
12:17:24.568 [FXGL Background Thread 2 ] DEBUG FXGLAssetLoaderServi - Loading from file system: file:/C:/Users/HP/git/giocoInformatica10111/bin/assets/textures/health/empty_health.png
12:17:24.570 [FXGL Background Thread 2 ] DEBUG FXGLAssetLoaderServi - Loading from file system: file:/C:/Users/HP/git/giocoInformatica10111/bin/assets/textures/health/half_health.png
12:17:24.571 [FXGL Background Thread 2 ] DEBUG FXGLAssetLoaderServi - Loading from file system: file:/C:/Users/HP/git/giocoInformatica10111/bin/assets/textures/health/full_health.png
12:17:24.576 [FXGL Background Thread 2 ] DEBUG FXGLAssetLoaderServi - Loading from file system: file:/C:/Users/HP/git/giocoInformatica10111/bin/assets/textures/player/_Idle.png
12:17:24.577 [FXGL Background Thread 2 ] DEBUG FXGLAssetLoaderServi - Loading from file system: file:/C:/Users/HP/git/giocoInformatica10111/bin/assets/textures/player/_Run.png
12:17:24.578 [FXGL Background Thread 2 ] DEBUG FXGLAssetLoaderServi - Loading from file system: file:/C:/Users/HP/git/giocoInformatica10111/bin/assets/textures/player/_Jump.png
12:17:24.580 [FXGL Background Thread 2 ] DEBUG FXGLAssetLoaderServi - Loading from file system: file:/C:/Users/HP/git/giocoInformatica10111/bin/assets/textures/player/_Fall.png
12:17:24.581 [FXGL Background Thread 2 ] DEBUG FXGLAssetLoaderServi - Loading from file system: file:/C:/Users/HP/git/giocoInformatica10111/bin/assets/textures/player/_WallSlide.png
12:17:24.582 [FXGL Background Thread 2 ] DEBUG FXGLAssetLoaderServi - Loading from file system: file:/C:/Users/HP/git/giocoInformatica10111/bin/assets/textures/player/_Attack.png
12:17:24.583 [FXGL Background Thread 2 ] DEBUG FXGLAssetLoaderServi - Loading from file system: file:/C:/Users/HP/git/giocoInformatica10111/bin/assets/textures/player/_TurnAround.png
12:17:24.585 [FXGL Background Thread 2 ] DEBUG FXGLAssetLoaderServi - Loading from file system: file:/C:/Users/HP/git/giocoInformatica10111/bin/assets/textures/player/_Hit.png
12:17:24.589 [FXGL Background Thread 2 ] DEBUG FXGLAssetLoaderServi - Loading from file system: file:/C:/Users/HP/git/giocoInformatica10111/bin/assets/textures/background/background.png
12:17:24.793 [FXGL Background Thread 2 ] INFO  FXGLApplication      - Game initialization took: 0,772 sec
12:17:24.796 [JavaFX Application Thread] DEBUG Input                - Clearing active input actions
12:17:24.809 [JavaFX Application Thread] DEBUG GameApplicationServi - Removing overlay from FXGLLoadingScene and adding to GameScene
12:17:24.814 [JavaFX Application Thread] DEBUG PrimaryStageWindow   - FXGLLoadingScene -> GameScene
12:17:25.240 [FXGL Background Thread 3 ] DEBUG Engine               - Logging environment variables
12:17:25.240 [FXGL Background Thread 3 ] DEBUG Engine               - achievements: []
12:17:25.241 [FXGL Background Thread 3 ] DEBUG Engine               - actualHeight: 1080.0
12:17:25.241 [FXGL Background Thread 3 ] DEBUG Engine               - actualHeightProperty: ReadOnlyDoubleProperty [value: 1080.0]
12:17:25.241 [FXGL Background Thread 3 ] DEBUG Engine               - actualWidth: 1920.0
12:17:25.241 [FXGL Background Thread 3 ] DEBUG Engine               - actualWidthProperty: ReadOnlyDoubleProperty [value: 1920.0]
12:17:25.241 [FXGL Background Thread 3 ] DEBUG Engine               - appIcon: fxgl_icon.png
12:17:25.241 [FXGL Background Thread 3 ] DEBUG Engine               - applicationMode: DEVELOPER
12:17:25.241 [FXGL Background Thread 3 ] DEBUG Engine               - cSSList: [fxgl_dark.css]
12:17:25.242 [FXGL Background Thread 3 ] DEBUG Engine               - collisionDetectionStrategy: BRUTE_FORCE
12:17:25.242 [FXGL Background Thread 3 ] DEBUG Engine               - configClass: Optional.empty
12:17:25.242 [FXGL Background Thread 3 ] DEBUG Engine               - credits: []
12:17:25.243 [FXGL Background Thread 3 ] DEBUG Engine               - defaultCursor: CursorInfo(imageName=fxgl_default_cursor.png, hotspotX=7.0, hotspotY=6.0)
12:17:25.245 [FXGL Background Thread 3 ] DEBUG Engine               - devBBoxColorProperty: ObjectProperty [value: 0xff0000ff]
12:17:25.245 [FXGL Background Thread 3 ] DEBUG Engine               - devEnableDebugCameraProperty: BooleanProperty [value: false]
12:17:25.245 [FXGL Background Thread 3 ] DEBUG Engine               - devSensorColorProperty: ObjectProperty [value: 0xffff00ff]
12:17:25.246 [FXGL Background Thread 3 ] DEBUG Engine               - devShowBBoxProperty: BooleanProperty [value: false]
12:17:25.246 [FXGL Background Thread 3 ] DEBUG Engine               - devShowPositionProperty: BooleanProperty [value: false]
12:17:25.246 [FXGL Background Thread 3 ] DEBUG Engine               - enabledMenuItems: []
12:17:25.246 [FXGL Background Thread 3 ] DEBUG Engine               - engineServices: [class com.almasb.fxgl.app.services.FXGLAssetLoaderService, class com.almasb.fxgl.app.FXGLApplication$GameApplicationService, class com.almasb.fxgl.app.services.FXGLDialogService, class com.almasb.fxgl.app.services.IOTaskExecutorService, class com.almasb.fxgl.io.FileSystemService, class com.almasb.fxgl.localization.LocalizationService, class com.almasb.fxgl.app.services.SystemBundleService, class com.almasb.fxgl.profile.SaveLoadService, class com.almasb.fxgl.ui.FXGLUIFactoryServiceProvider, class com.almasb.fxgl.ui.FXGLDialogFactoryServiceProvider, class com.almasb.fxgl.audio.AudioPlayer, class com.almasb.fxgl.notification.impl.NotificationServiceProvider, class com.almasb.fxgl.achievement.AchievementService, class com.almasb.fxgl.cutscene.CutsceneService, class com.almasb.fxgl.minigames.MiniGameService, class com.almasb.fxgl.net.NetService, class com.almasb.fxgl.app.services.UpdaterService, class com.almasb.fxgl.dev.DevService]
12:17:25.246 [FXGL Background Thread 3 ] DEBUG Engine               - fontGame: Abel-Regular.ttf
12:17:25.247 [FXGL Background Thread 3 ] DEBUG Engine               - fontMono: TerminalLandMono-Regular.otf
12:17:25.247 [FXGL Background Thread 3 ] DEBUG Engine               - fontText: Courier-Prime.ttf
12:17:25.247 [FXGL Background Thread 3 ] DEBUG Engine               - fontUI: VarelaRound-Regular.ttf
12:17:25.247 [FXGL Background Thread 3 ] DEBUG Engine               - fullScreen: BooleanProperty [value: false]
12:17:25.247 [FXGL Background Thread 3 ] DEBUG Engine               - gameDifficulty: MEDIUM
12:17:25.248 [FXGL Background Thread 3 ] DEBUG Engine               - gameDifficultyProperty: ObjectProperty [value: MEDIUM]
12:17:25.248 [FXGL Background Thread 3 ] DEBUG Engine               - globalMusicVolume: 0.5
12:17:25.248 [FXGL Background Thread 3 ] DEBUG Engine               - globalMusicVolumeProperty: DoubleProperty [value: 0.0]
12:17:25.248 [FXGL Background Thread 3 ] DEBUG Engine               - globalSoundVolume: 0.5
12:17:25.249 [FXGL Background Thread 3 ] DEBUG Engine               - globalSoundVolumeProperty: DoubleProperty [value: 0.5]
12:17:25.249 [FXGL Background Thread 3 ] DEBUG Engine               - height: 1080
12:17:25.249 [FXGL Background Thread 3 ] DEBUG Engine               - is3D: false
12:17:25.249 [FXGL Background Thread 3 ] DEBUG Engine               - isAndroid: false
12:17:25.249 [FXGL Background Thread 3 ] DEBUG Engine               - isBrowser: false
12:17:25.249 [FXGL Background Thread 3 ] DEBUG Engine               - isClickFeedbackEnabled: false
12:17:25.249 [FXGL Background Thread 3 ] DEBUG Engine               - isCloseConfirmation: false
12:17:25.250 [FXGL Background Thread 3 ] DEBUG Engine               - isDesktop: true
12:17:25.250 [FXGL Background Thread 3 ] DEBUG Engine               - isDeveloperMenuEnabled: true
12:17:25.250 [FXGL Background Thread 3 ] DEBUG Engine               - isEmbedded: false
12:17:25.250 [FXGL Background Thread 3 ] DEBUG Engine               - isEntityPreloadEnabled: true
12:17:25.250 [FXGL Background Thread 3 ] DEBUG Engine               - isExperimentalTiledLargeMap: false
12:17:25.250 [FXGL Background Thread 3 ] DEBUG Engine               - isFileSystemWriteAllowed: true
12:17:25.250 [FXGL Background Thread 3 ] DEBUG Engine               - isFullScreenAllowed: false
12:17:25.250 [FXGL Background Thread 3 ] DEBUG Engine               - isFullScreenFromStart: false
12:17:25.250 [FXGL Background Thread 3 ] DEBUG Engine               - isGameMenuEnabled: true
12:17:25.250 [FXGL Background Thread 3 ] DEBUG Engine               - isIOS: false
12:17:25.250 [FXGL Background Thread 3 ] DEBUG Engine               - isIntroEnabled: false
12:17:25.251 [FXGL Background Thread 3 ] DEBUG Engine               - isLinux: false
12:17:25.251 [FXGL Background Thread 3 ] DEBUG Engine               - isMac: false
12:17:25.251 [FXGL Background Thread 3 ] DEBUG Engine               - isMainMenuEnabled: true
12:17:25.251 [FXGL Background Thread 3 ] DEBUG Engine               - isManualResizeEnabled: false
12:17:25.251 [FXGL Background Thread 3 ] DEBUG Engine               - isMobile: false
12:17:25.251 [FXGL Background Thread 3 ] DEBUG Engine               - isNative: false
12:17:25.251 [FXGL Background Thread 3 ] DEBUG Engine               - isPauseMusicWhenMinimized: true
12:17:25.251 [FXGL Background Thread 3 ] DEBUG Engine               - isPreserveResizeRatio: false
12:17:25.251 [FXGL Background Thread 3 ] DEBUG Engine               - isProfilingEnabled: false
12:17:25.251 [FXGL Background Thread 3 ] DEBUG Engine               - isScaleAffectedOnResize: true
12:17:25.251 [FXGL Background Thread 3 ] DEBUG Engine               - isSingleStep: false
12:17:25.252 [FXGL Background Thread 3 ] DEBUG Engine               - isUserProfileEnabled: false
12:17:25.252 [FXGL Background Thread 3 ] DEBUG Engine               - isWindows: true
12:17:25.252 [FXGL Background Thread 3 ] DEBUG Engine               - language: ObjectProperty [value: ENGLISH]
12:17:25.252 [FXGL Background Thread 3 ] DEBUG Engine               - menuKey: ESCAPE
12:17:25.252 [FXGL Background Thread 3 ] DEBUG Engine               - mouseSensitivity: 0.2
12:17:25.252 [FXGL Background Thread 3 ] DEBUG Engine               - notificationViewClass: class com.almasb.fxgl.notification.view.XboxNotificationView
12:17:25.252 [FXGL Background Thread 3 ] DEBUG Engine               - pixelsPerMeter: 50.0
12:17:25.253 [FXGL Background Thread 3 ] DEBUG Engine               - platform: WINDOWS
12:17:25.253 [FXGL Background Thread 3 ] DEBUG Engine               - prefHeightProperty: ReadOnlyDoubleProperty [value: 1080.0]
12:17:25.253 [FXGL Background Thread 3 ] DEBUG Engine               - prefWidthProperty: ReadOnlyDoubleProperty [value: 1920.0]
12:17:25.253 [FXGL Background Thread 3 ] DEBUG Engine               - profileDir: profiles/
12:17:25.253 [FXGL Background Thread 3 ] DEBUG Engine               - profileName: StringProperty [value: DEFAULT]
12:17:25.253 [FXGL Background Thread 3 ] DEBUG Engine               - randomSeed: -1
12:17:25.253 [FXGL Background Thread 3 ] DEBUG Engine               - runtimeInfo: RuntimeInfo(platform=WINDOWS, version=17.1, build=24.03.2022 17.39)
12:17:25.254 [FXGL Background Thread 3 ] DEBUG Engine               - saveFileExt: sav
12:17:25.254 [FXGL Background Thread 3 ] DEBUG Engine               - scaledHeightProp$fxgl: DoubleProperty [bound, value: 1080.0]
12:17:25.254 [FXGL Background Thread 3 ] DEBUG Engine               - scaledWidthProp$fxgl: DoubleProperty [bound, value: 1920.0]
12:17:25.254 [FXGL Background Thread 3 ] DEBUG Engine               - sceneFactory: game.PlatformerApp$1@7a4a9928
12:17:25.254 [FXGL Background Thread 3 ] DEBUG Engine               - secondsIn24h: 60
12:17:25.254 [FXGL Background Thread 3 ] DEBUG Engine               - soundMenuBack: menu/back.wav
12:17:25.254 [FXGL Background Thread 3 ] DEBUG Engine               - soundMenuPress: menu/press.wav
12:17:25.254 [FXGL Background Thread 3 ] DEBUG Engine               - soundMenuSelect: menu/select.wav
12:17:25.254 [FXGL Background Thread 3 ] DEBUG Engine               - soundNotification: core/notification.wav
12:17:25.255 [FXGL Background Thread 3 ] DEBUG Engine               - stageStyle: DECORATED
12:17:25.255 [FXGL Background Thread 3 ] DEBUG Engine               - supportedLanguages: [ENGLISH, FRENCH, GERMAN, HUNGARIAN, RUSSIAN]
12:17:25.255 [FXGL Background Thread 3 ] DEBUG Engine               - ticksPerSecond: -1
12:17:25.255 [FXGL Background Thread 3 ] DEBUG Engine               - title: platformer
12:17:25.255 [FXGL Background Thread 3 ] DEBUG Engine               - urlGithub: https://github.com/AlmasB/FXGL
12:17:25.255 [FXGL Background Thread 3 ] DEBUG Engine               - urlLeaderboard: http://fxgl-top.herokuapp.com/
12:17:25.255 [FXGL Background Thread 3 ] DEBUG Engine               - urlPOM: https://raw.githubusercontent.com/AlmasB/FXGL/release/README.md
12:17:25.256 [FXGL Background Thread 3 ] DEBUG Engine               - userAppClass: class game.PlatformerApp
12:17:25.256 [FXGL Background Thread 3 ] DEBUG Engine               - version: 0.0
12:17:25.256 [FXGL Background Thread 3 ] DEBUG Engine               - versionCheckDays: 7
12:17:25.257 [FXGL Background Thread 3 ] DEBUG Engine               - width: 1920
12:17:25.257 [FXGL Background Thread 3 ] DEBUG Engine               - Logging services
12:17:25.257 [FXGL Background Thread 3 ] DEBUG Engine               - class com.almasb.fxgl.app.services.FXGLAssetLoaderService
12:17:25.257 [FXGL Background Thread 3 ] DEBUG Engine               - class com.almasb.fxgl.app.FXGLApplication$GameApplicationService
12:17:25.257 [FXGL Background Thread 3 ] DEBUG Engine               - class com.almasb.fxgl.app.services.FXGLDialogService
12:17:25.257 [FXGL Background Thread 3 ] DEBUG Engine               - class com.almasb.fxgl.app.services.IOTaskExecutorService
12:17:25.257 [FXGL Background Thread 3 ] DEBUG Engine               - class com.almasb.fxgl.io.FileSystemService
12:17:25.258 [FXGL Background Thread 3 ] DEBUG Engine               - class com.almasb.fxgl.localization.LocalizationService
12:17:25.258 [FXGL Background Thread 3 ] DEBUG Engine               - class com.almasb.fxgl.app.services.SystemBundleService
12:17:25.258 [FXGL Background Thread 3 ] DEBUG Engine               - class com.almasb.fxgl.profile.SaveLoadService
12:17:25.258 [FXGL Background Thread 3 ] DEBUG Engine               - class com.almasb.fxgl.ui.FXGLUIFactoryServiceProvider
12:17:25.258 [FXGL Background Thread 3 ] DEBUG Engine               - class com.almasb.fxgl.ui.FXGLDialogFactoryServiceProvider
12:17:25.258 [FXGL Background Thread 3 ] DEBUG Engine               - class com.almasb.fxgl.audio.AudioPlayer
12:17:25.259 [FXGL Background Thread 3 ] DEBUG Engine               - class com.almasb.fxgl.notification.impl.NotificationServiceProvider
12:17:25.259 [FXGL Background Thread 3 ] DEBUG Engine               - class com.almasb.fxgl.achievement.AchievementService
12:17:25.259 [FXGL Background Thread 3 ] DEBUG Engine               - class com.almasb.fxgl.cutscene.CutsceneService
12:17:25.259 [FXGL Background Thread 3 ] DEBUG Engine               - class com.almasb.fxgl.minigames.MiniGameService
12:17:25.259 [FXGL Background Thread 3 ] DEBUG Engine               - class com.almasb.fxgl.net.NetService
12:17:25.259 [FXGL Background Thread 3 ] DEBUG Engine               - class com.almasb.fxgl.app.services.UpdaterService
12:17:25.259 [FXGL Background Thread 3 ] DEBUG Engine               - class com.almasb.fxgl.dev.DevService
12:17:30.511 [JavaFX Application Thread] DEBUG FXGLApplication      - Exiting FXGL
12:17:30.511 [JavaFX Application Thread] DEBUG LoopRunner           - Stopping loop
12:17:30.512 [JavaFX Application Thread] DEBUG SystemBundleService  - Saving FXGL system data
12:17:30.516 [JavaFX Application Thread] DEBUG FileSystemAccess     - Writing to: C:\Users\HP\git\giocoInformatica10111\system\fxgl.bundle
12:17:30.519 [JavaFX Application Thread] DEBUG Async                - Shutting down background threads
12:17:30.520 [JavaFX Application Thread] DEBUG PrimaryStageWindow   - Closing main window
12:17:30.543 [JavaFX Application Thread] DEBUG Logger               - Closing Logger
