12:17:32.974 [main                     ] DEBUG Logger               - Configured Logger
12:17:33.038 [main                     ] DEBUG GameApplication      - Logging settings
Title: platformer
Version: 0.0
Width: 1920
Height: 1080
Fullscreen: false
Intro: false
Profiling: false
Single step:false
App Mode: DEVELOPER
Menu Key: ESCAPE
Stage Style: DECORATED
Scene Factory: class game.PlatformerApp$1

12:17:33.671 [JavaFX Application Thread] DEBUG FXGLApplication      - Initializing FXGL
12:17:33.680 [JavaFX Application Thread] INFO  Engine               - FXGL-17.1 (24.03.2022 17.39) on WINDOWS (J:17.0.1 FX:18)
12:17:33.680 [JavaFX Application Thread] DEBUG Engine               - JRE Vendor Name: Eclipse Adoptium
12:17:33.681 [JavaFX Application Thread] DEBUG Engine               - Running on OS: Windows 10 version 10.0
12:17:33.681 [JavaFX Application Thread] DEBUG Engine               - Architecture: amd64
12:17:33.681 [JavaFX Application Thread] INFO  Engine               - Source code and latest versions at: https://github.com/AlmasB/FXGL
12:17:33.682 [JavaFX Application Thread] INFO  Engine               -       Ask questions and discuss at: https://github.com/AlmasB/FXGL/discussions
12:17:33.682 [JavaFX Application Thread] INFO  Engine               -              Join the FXGL chat at: https://gitter.im/AlmasB/FXGL
12:17:33.830 [JavaFX Application Thread] DEBUG PrimaryStageWindow   - Creating a JavaFX scene
12:17:33.892 [JavaFX Application Thread] DEBUG PrimaryStageWindow   - Target settings size: 1920.0 x 1080.0
12:17:33.892 [JavaFX Application Thread] DEBUG PrimaryStageWindow   - Scaled scene size:    1920.0 x 1080.0
12:17:33.893 [JavaFX Application Thread] DEBUG PrimaryStageWindow   - Scaled ratio: (1.0, 1.0)
12:17:33.894 [JavaFX Application Thread] DEBUG PrimaryStageWindow   - Set initial scene to FXGLStartupScene
12:17:33.906 [JavaFX Application Thread] DEBUG PrimaryStageWindow   - Opening main window
12:17:34.033 [JavaFX Application Thread] DEBUG PrimaryStageWindow   - Window border size: (16.0, 39.0)
12:17:34.034 [JavaFX Application Thread] DEBUG PrimaryStageWindow   - Scaled size: 1920.0 x 1080.0
12:17:34.035 [JavaFX Application Thread] DEBUG PrimaryStageWindow   - Scaled ratio: (1.0, 1.0)
12:17:34.035 [JavaFX Application Thread] DEBUG PrimaryStageWindow   - Scene size: 1920.0 x 1080.0
12:17:34.036 [JavaFX Application Thread] DEBUG PrimaryStageWindow   - Stage size: 1936.0 x 1119.0
12:17:34.049 [FXGL Background Thread 1 ] DEBUG Engine               - Initializing environment variables
12:17:34.104 [FXGL Background Thread 1 ] DEBUG FXGLAssetLoaderServi - User app class for loading assets: class game.PlatformerApp
12:17:34.104 [FXGL Background Thread 1 ] DEBUG GameApplicationServi - Applying CSS: fxgl_dark.css
12:17:34.106 [FXGL Background Thread 1 ] DEBUG FXGLAssetLoaderServi - Loading from file system: jar:file:/C:/Users/HP/Documents/fxgl/fxgl-17.1-uber.jar!/fxglassets/ui/css/fxgl_dark.css
12:17:34.158 [FXGL Background Thread 1 ] DEBUG GameApplicationServi - Initializing application scenes
12:17:34.223 [FXGL Background Thread 1 ] DEBUG GameWorld            - Game world initialized
12:17:34.298 [FXGL Background Thread 1 ] DEBUG PhysicsWorld         - Physics world initialized: appHeight=1080, physics.ppm=50,0
12:17:34.298 [FXGL Background Thread 1 ] DEBUG PhysicsWorld         - Using strategy: BRUTE_FORCE
12:17:34.304 [FXGL Background Thread 1 ] DEBUG GameScene            - Game scene initialized: 1920x1080
12:17:34.393 [FXGL Background Thread 1 ] DEBUG GameApplicationServi - Application scenes initialized
12:17:34.420 [FXGL Background Thread 1 ] DEBUG SystemBundleService  - Loading FXGL system data
12:17:34.428 [FXGL Background Thread 1 ] DEBUG FileSystemAccess     - Reading from: C:\Users\HP\git\giocoInformatica10111\system\fxgl.bundle
12:17:34.438 [FXGL Background Thread 1 ] DEBUG SystemBundleService  - Bundle FXGL: {}
12:17:34.438 [FXGL Background Thread 1 ] DEBUG UpdaterService       - Checking for updates
12:17:34.494 [FXGL Background Thread 4 ] DEBUG FXGLApplication      - Loading fonts
12:17:34.495 [FXGL Background Thread 4 ] DEBUG FXGLAssetLoaderServi - Loading from file system: jar:file:/C:/Users/HP/Documents/fxgl/fxgl-17.1-uber.jar!/fxglassets/ui/fonts/VarelaRound-Regular.ttf
12:17:34.495 [FXGL Background Thread 1 ] DEBUG FXGLApplication      - Loading default localization
12:17:34.496 [FXGL Background Thread 1 ] DEBUG FXGLAssetLoaderServi - Loading from file system: jar:file:/C:/Users/HP/Documents/fxgl/fxgl-17.1-uber.jar!/fxglassets/languages/english.lang
12:17:34.521 [FXGL Background Thread 1 ] INFO  FXGLApplication      - FXGL initialization took: 0,472 sec
12:17:34.535 [JavaFX Application Thread] DEBUG Input                - Registered new binding: Left - A
12:17:34.536 [JavaFX Application Thread] DEBUG Input                - Registered new binding: Right - D
12:17:34.536 [JavaFX Application Thread] DEBUG Input                - Registered new binding: Jump - Space
12:17:34.536 [JavaFX Application Thread] DEBUG Input                - Registered new binding: Attack - F
12:17:34.537 [JavaFX Application Thread] DEBUG FXGLAssetLoaderServi - Loading from file system: file:/C:/Users/HP/git/giocoInformatica10111/bin/assets/music/BGM_dash_runner.wav
12:17:34.599 [FXGL Background Thread 4 ] DEBUG FXGLAssetLoaderServi - Loading from file system: jar:file:/C:/Users/HP/Documents/fxgl/fxgl-17.1-uber.jar!/fxglassets/ui/fonts/Abel-Regular.ttf
12:17:34.611 [FXGL Background Thread 4 ] DEBUG FXGLAssetLoaderServi - Loading from file system: jar:file:/C:/Users/HP/Documents/fxgl/fxgl-17.1-uber.jar!/fxglassets/ui/fonts/TerminalLandMono-Regular.otf
12:17:34.622 [FXGL Background Thread 4 ] DEBUG FXGLAssetLoaderServi - Loading from file system: jar:file:/C:/Users/HP/Documents/fxgl/fxgl-17.1-uber.jar!/fxglassets/ui/fonts/Courier-Prime.ttf
12:17:34.723 [JavaFX Application Thread] DEBUG AudioPlayer          - Playing music com.almasb.fxgl.audio.Music@73dd298a
12:17:34.724 [JavaFX Application Thread] DEBUG FXGLAssetLoaderServi - Loading from file system: jar:file:/C:/Users/HP/Documents/fxgl/fxgl-17.1-uber.jar!/fxglassets/textures/fxgl_icon.png
12:17:34.768 [JavaFX Application Thread] DEBUG FXGLAssetLoaderServi - Loading from file system: jar:file:/C:/Users/HP/Documents/fxgl/fxgl-17.1-uber.jar!/fxglassets/textures/fxgl_default_cursor.png
12:17:34.771 [JavaFX Application Thread] DEBUG Input                - Registered new binding: Screenshot - CTRL+8
12:17:34.772 [JavaFX Application Thread] DEBUG Input                - Registered new binding: Dev Options - 1
12:17:34.772 [JavaFX Application Thread] DEBUG Input                - Registered new binding: Dev Console - 2
12:17:34.773 [JavaFX Application Thread] DEBUG Input                - Registered new binding: System info dump - CTRL+9
12:17:34.774 [JavaFX Application Thread] DEBUG Input                - Registered new binding: Restart - CTRL+R
12:17:34.775 [JavaFX Application Thread] DEBUG Input                - Registered new binding: Toggle Debug Camera - CTRL+7
12:17:34.779 [JavaFX Application Thread] DEBUG LoopRunner           - Starting loop
12:17:34.799 [JavaFX Application Thread] DEBUG LoopRunner           - Initializing JavaFX AnimationTimerLoop
12:17:34.803 [JavaFX Application Thread] DEBUG Input                - Clearing active input actions
12:17:34.811 [JavaFX Application Thread] DEBUG GameApplicationServi - Removing overlay from FXGLStartupScene and adding to FXGLMainMenuDummyScene
12:17:34.817 [JavaFX Application Thread] DEBUG PrimaryStageWindow   - FXGLStartupScene -> FXGLMainMenuDummyScene
12:17:34.817 [JavaFX Application Thread] DEBUG PrimaryStageWindow   - Push state: PlatformerMainMenu
12:17:34.817 [JavaFX Application Thread] DEBUG Input                - Clearing active input actions
12:17:34.823 [JavaFX Application Thread] DEBUG GameApplicationServi - Removing overlay from FXGLMainMenuDummyScene and adding to PlatformerMainMenu
12:17:34.823 [JavaFX Application Thread] DEBUG PrimaryStageWindow   - FXGLMainMenuDummyScene -> PlatformerMainMenu
12:17:34.824 [JavaFX Application Thread] DEBUG FXGLApplication      - Registering font factories with UI factory
12:17:36.946 [JavaFX Application Thread] DEBUG Menu                 - fireNewGame()
12:17:36.946 [JavaFX Application Thread] DEBUG GameApplicationServi - Starting new game
12:17:36.947 [JavaFX Application Thread] DEBUG PrimaryStageWindow   - Pop state: PlatformerMainMenu
12:17:36.947 [JavaFX Application Thread] DEBUG Input                - Clearing active input actions
12:17:36.950 [JavaFX Application Thread] DEBUG GameApplicationServi - Removing overlay from PlatformerMainMenu and adding to FXGLMainMenuDummyScene
12:17:36.954 [JavaFX Application Thread] DEBUG PrimaryStageWindow   - FXGLMainMenuDummyScene <- PlatformerMainMenu
12:17:36.955 [JavaFX Application Thread] DEBUG Input                - Clearing active input actions
12:17:36.969 [JavaFX Application Thread] DEBUG GameApplicationServi - Removing overlay from FXGLMainMenuDummyScene and adding to FXGLLoadingScene
12:17:36.971 [JavaFX Application Thread] DEBUG PrimaryStageWindow   - FXGLMainMenuDummyScene -> FXGLLoadingScene
12:17:36.972 [JavaFX Application Thread] DEBUG GameApplicationServi - Clearing previous game
12:17:36.973 [JavaFX Application Thread] DEBUG GameScene            - Clearing game scene
12:17:36.974 [JavaFX Application Thread] DEBUG GameWorld            - Clearing game world
12:17:36.974 [JavaFX Application Thread] DEBUG PhysicsWorld         - Clearing physics world
12:17:36.979 [FXGL Background Thread 2 ] DEBUG FXGLApplication      - Initializing game
12:17:37.059 [FXGL Background Thread 2 ] WARN  TMXLevelLoader       - TiledMap generated from 1.8.4. Supported version: 1.4.2. Some features may not be parsed fully.
12:17:37.117 [FXGL Background Thread 2 ] DEBUG TMXLevelLoader       - Parsed TiledMap: file:/C:/Users/HP/git/giocoInformatica10111/bin/assets/levels/tmx/level1.tmx
12:17:37.120 [FXGL Background Thread 2 ] DEBUG TMXLevelLoader       - Creating tile layer entities
12:17:37.125 [FXGL Background Thread 2 ] DEBUG TilesetLoader        - Loading view for layer wall 2
12:17:37.147 [FXGL Background Thread 2 ] DEBUG TilesetLoader        - Created buffer with size 2240.0x2560.0
12:17:37.283 [FXGL Background Thread 2 ] WARN  TilesetLoader        - Diagonally flipped tiles are not currently supported
12:17:37.304 [FXGL Background Thread 2 ] WARN  TilesetLoader        - Diagonally flipped tiles are not currently supported
12:17:37.305 [FXGL Background Thread 2 ] WARN  TilesetLoader        - Diagonally flipped tiles are not currently supported
12:17:37.367 [FXGL Background Thread 2 ] WARN  TilesetLoader        - Diagonally flipped tiles are not currently supported
12:17:37.391 [FXGL Background Thread 2 ] WARN  TilesetLoader        - Diagonally flipped tiles are not currently supported
12:17:37.394 [FXGL Background Thread 2 ] DEBUG TilesetLoader        - Loading view for layer wall 1
12:17:37.402 [FXGL Background Thread 2 ] DEBUG TilesetLoader        - Created buffer with size 2240.0x2560.0
12:17:37.437 [FXGL Background Thread 2 ] DEBUG TilesetLoader        - Loading view for layer platforms
12:17:37.441 [FXGL Background Thread 2 ] DEBUG TilesetLoader        - Created buffer with size 2240.0x2560.0
12:17:37.484 [FXGL Background Thread 2 ] DEBUG TilesetLoader        - Loading view for layer spike
12:17:37.493 [FXGL Background Thread 3 ] DEBUG Engine               - Logging environment variables
12:17:37.494 [FXGL Background Thread 2 ] DEBUG TilesetLoader        - Created buffer with size 2240.0x2560.0
12:17:37.494 [FXGL Background Thread 3 ] DEBUG Engine               - achievements: []
12:17:37.494 [FXGL Background Thread 3 ] DEBUG Engine               - actualHeight: 1080.0
12:17:37.495 [FXGL Background Thread 3 ] DEBUG Engine               - actualHeightProperty: ReadOnlyDoubleProperty [value: 1080.0]
12:17:37.495 [FXGL Background Thread 3 ] DEBUG Engine               - actualWidth: 1920.0
12:17:37.495 [FXGL Background Thread 3 ] DEBUG Engine               - actualWidthProperty: ReadOnlyDoubleProperty [value: 1920.0]
12:17:37.495 [FXGL Background Thread 3 ] DEBUG Engine               - appIcon: fxgl_icon.png
12:17:37.495 [FXGL Background Thread 3 ] DEBUG Engine               - applicationMode: DEVELOPER
12:17:37.496 [FXGL Background Thread 3 ] DEBUG Engine               - cSSList: [fxgl_dark.css]
12:17:37.496 [FXGL Background Thread 3 ] DEBUG Engine               - collisionDetectionStrategy: BRUTE_FORCE
12:17:37.496 [FXGL Background Thread 3 ] DEBUG Engine               - configClass: Optional.empty
12:17:37.496 [FXGL Background Thread 3 ] DEBUG Engine               - credits: []
12:17:37.500 [FXGL Background Thread 3 ] DEBUG Engine               - defaultCursor: CursorInfo(imageName=fxgl_default_cursor.png, hotspotX=7.0, hotspotY=6.0)
12:17:37.500 [FXGL Background Thread 3 ] DEBUG Engine               - devBBoxColorProperty: ObjectProperty [value: 0xff0000ff]
12:17:37.500 [FXGL Background Thread 3 ] DEBUG Engine               - devEnableDebugCameraProperty: BooleanProperty [value: false]
12:17:37.501 [FXGL Background Thread 3 ] DEBUG Engine               - devSensorColorProperty: ObjectProperty [value: 0xffff00ff]
12:17:37.501 [FXGL Background Thread 2 ] DEBUG TilesetLoader        - Loading view for layer ground
12:17:37.501 [FXGL Background Thread 3 ] DEBUG Engine               - devShowBBoxProperty: BooleanProperty [value: false]
12:17:37.501 [FXGL Background Thread 3 ] DEBUG Engine               - devShowPositionProperty: BooleanProperty [value: false]
12:17:37.501 [FXGL Background Thread 3 ] DEBUG Engine               - enabledMenuItems: []
12:17:37.501 [FXGL Background Thread 3 ] DEBUG Engine               - engineServices: [class com.almasb.fxgl.app.services.FXGLAssetLoaderService, class com.almasb.fxgl.app.FXGLApplication$GameApplicationService, class com.almasb.fxgl.app.services.FXGLDialogService, class com.almasb.fxgl.app.services.IOTaskExecutorService, class com.almasb.fxgl.io.FileSystemService, class com.almasb.fxgl.localization.LocalizationService, class com.almasb.fxgl.app.services.SystemBundleService, class com.almasb.fxgl.profile.SaveLoadService, class com.almasb.fxgl.ui.FXGLUIFactoryServiceProvider, class com.almasb.fxgl.ui.FXGLDialogFactoryServiceProvider, class com.almasb.fxgl.audio.AudioPlayer, class com.almasb.fxgl.notification.impl.NotificationServiceProvider, class com.almasb.fxgl.achievement.AchievementService, class com.almasb.fxgl.cutscene.CutsceneService, class com.almasb.fxgl.minigames.MiniGameService, class com.almasb.fxgl.net.NetService, class com.almasb.fxgl.app.services.UpdaterService, class com.almasb.fxgl.dev.DevService]
12:17:37.501 [FXGL Background Thread 3 ] DEBUG Engine               - fontGame: Abel-Regular.ttf
12:17:37.502 [FXGL Background Thread 3 ] DEBUG Engine               - fontMono: TerminalLandMono-Regular.otf
12:17:37.502 [FXGL Background Thread 3 ] DEBUG Engine               - fontText: Courier-Prime.ttf
12:17:37.502 [FXGL Background Thread 3 ] DEBUG Engine               - fontUI: VarelaRound-Regular.ttf
12:17:37.502 [FXGL Background Thread 3 ] DEBUG Engine               - fullScreen: BooleanProperty [value: false]
12:17:37.502 [FXGL Background Thread 3 ] DEBUG Engine               - gameDifficulty: MEDIUM
12:17:37.502 [FXGL Background Thread 3 ] DEBUG Engine               - gameDifficultyProperty: ObjectProperty [value: MEDIUM]
12:17:37.506 [FXGL Background Thread 2 ] DEBUG TilesetLoader        - Created buffer with size 2240.0x2560.0
12:17:37.506 [FXGL Background Thread 3 ] DEBUG Engine               - globalMusicVolume: 0.5
12:17:37.506 [FXGL Background Thread 3 ] DEBUG Engine               - globalMusicVolumeProperty: DoubleProperty [value: 0.0]
12:17:37.507 [FXGL Background Thread 3 ] DEBUG Engine               - globalSoundVolume: 0.5
12:17:37.508 [FXGL Background Thread 3 ] DEBUG Engine               - globalSoundVolumeProperty: DoubleProperty [value: 0.5]
12:17:37.508 [FXGL Background Thread 3 ] DEBUG Engine               - height: 1080
12:17:37.508 [FXGL Background Thread 3 ] DEBUG Engine               - is3D: false
12:17:37.508 [FXGL Background Thread 3 ] DEBUG Engine               - isAndroid: false
12:17:37.508 [FXGL Background Thread 3 ] DEBUG Engine               - isBrowser: false
12:17:37.508 [FXGL Background Thread 3 ] DEBUG Engine               - isClickFeedbackEnabled: false
12:17:37.511 [FXGL Background Thread 3 ] DEBUG Engine               - isCloseConfirmation: false
12:17:37.512 [FXGL Background Thread 3 ] DEBUG Engine               - isDesktop: true
12:17:37.512 [FXGL Background Thread 3 ] DEBUG Engine               - isDeveloperMenuEnabled: true
12:17:37.512 [FXGL Background Thread 3 ] DEBUG Engine               - isEmbedded: false
12:17:37.512 [FXGL Background Thread 3 ] DEBUG Engine               - isEntityPreloadEnabled: true
12:17:37.512 [FXGL Background Thread 3 ] DEBUG Engine               - isExperimentalTiledLargeMap: false
12:17:37.512 [FXGL Background Thread 3 ] DEBUG Engine               - isFileSystemWriteAllowed: true
12:17:37.512 [FXGL Background Thread 3 ] DEBUG Engine               - isFullScreenAllowed: false
12:17:37.513 [FXGL Background Thread 3 ] DEBUG Engine               - isFullScreenFromStart: false
12:17:37.513 [FXGL Background Thread 3 ] DEBUG Engine               - isGameMenuEnabled: true
12:17:37.513 [FXGL Background Thread 3 ] DEBUG Engine               - isIOS: false
12:17:37.513 [FXGL Background Thread 3 ] DEBUG Engine               - isIntroEnabled: false
12:17:37.513 [FXGL Background Thread 3 ] DEBUG Engine               - isLinux: false
12:17:37.513 [FXGL Background Thread 3 ] DEBUG Engine               - isMac: false
12:17:37.513 [FXGL Background Thread 3 ] DEBUG Engine               - isMainMenuEnabled: true
12:17:37.513 [FXGL Background Thread 3 ] DEBUG Engine               - isManualResizeEnabled: false
12:17:37.514 [FXGL Background Thread 3 ] DEBUG Engine               - isMobile: false
12:17:37.514 [FXGL Background Thread 3 ] DEBUG Engine               - isNative: false
12:17:37.514 [FXGL Background Thread 3 ] DEBUG Engine               - isPauseMusicWhenMinimized: true
12:17:37.514 [FXGL Background Thread 3 ] DEBUG Engine               - isPreserveResizeRatio: false
12:17:37.514 [FXGL Background Thread 3 ] DEBUG Engine               - isProfilingEnabled: false
12:17:37.514 [FXGL Background Thread 3 ] DEBUG Engine               - isScaleAffectedOnResize: true
12:17:37.514 [FXGL Background Thread 3 ] DEBUG Engine               - isSingleStep: false
12:17:37.514 [FXGL Background Thread 3 ] DEBUG Engine               - isUserProfileEnabled: false
12:17:37.514 [FXGL Background Thread 3 ] DEBUG Engine               - isWindows: true
12:17:37.514 [FXGL Background Thread 3 ] DEBUG Engine               - language: ObjectProperty [value: ENGLISH]
12:17:37.515 [FXGL Background Thread 3 ] DEBUG Engine               - menuKey: ESCAPE
12:17:37.515 [FXGL Background Thread 3 ] DEBUG Engine               - mouseSensitivity: 0.2
12:17:37.515 [FXGL Background Thread 3 ] DEBUG Engine               - notificationViewClass: class com.almasb.fxgl.notification.view.XboxNotificationView
12:17:37.515 [FXGL Background Thread 3 ] DEBUG Engine               - pixelsPerMeter: 50.0
12:17:37.516 [FXGL Background Thread 3 ] DEBUG Engine               - platform: WINDOWS
12:17:37.516 [FXGL Background Thread 3 ] DEBUG Engine               - prefHeightProperty: ReadOnlyDoubleProperty [value: 1080.0]
12:17:37.516 [FXGL Background Thread 3 ] DEBUG Engine               - prefWidthProperty: ReadOnlyDoubleProperty [value: 1920.0]
12:17:37.516 [FXGL Background Thread 3 ] DEBUG Engine               - profileDir: profiles/
12:17:37.516 [FXGL Background Thread 3 ] DEBUG Engine               - profileName: StringProperty [value: DEFAULT]
12:17:37.516 [FXGL Background Thread 3 ] DEBUG Engine               - randomSeed: -1
12:17:37.516 [FXGL Background Thread 3 ] DEBUG Engine               - runtimeInfo: RuntimeInfo(platform=WINDOWS, version=17.1, build=24.03.2022 17.39)
12:17:37.516 [FXGL Background Thread 3 ] DEBUG Engine               - saveFileExt: sav
12:17:37.517 [FXGL Background Thread 3 ] DEBUG Engine               - scaledHeightProp$fxgl: DoubleProperty [bound, value: 1080.0]
12:17:37.517 [FXGL Background Thread 3 ] DEBUG Engine               - scaledWidthProp$fxgl: DoubleProperty [bound, value: 1920.0]
12:17:37.517 [FXGL Background Thread 3 ] DEBUG Engine               - sceneFactory: game.PlatformerApp$1@15afd033
12:17:37.517 [FXGL Background Thread 3 ] DEBUG Engine               - secondsIn24h: 60
12:17:37.517 [FXGL Background Thread 3 ] DEBUG Engine               - soundMenuBack: menu/back.wav
12:17:37.517 [FXGL Background Thread 3 ] DEBUG Engine               - soundMenuPress: menu/press.wav
12:17:37.517 [FXGL Background Thread 3 ] DEBUG Engine               - soundMenuSelect: menu/select.wav
12:17:37.517 [FXGL Background Thread 3 ] DEBUG Engine               - soundNotification: core/notification.wav
12:17:37.517 [FXGL Background Thread 3 ] DEBUG Engine               - stageStyle: DECORATED
12:17:37.517 [FXGL Background Thread 3 ] DEBUG Engine               - supportedLanguages: [ENGLISH, FRENCH, GERMAN, HUNGARIAN, RUSSIAN]
12:17:37.518 [FXGL Background Thread 3 ] DEBUG Engine               - ticksPerSecond: -1
12:17:37.518 [FXGL Background Thread 3 ] DEBUG Engine               - title: platformer
12:17:37.518 [FXGL Background Thread 3 ] DEBUG Engine               - urlGithub: https://github.com/AlmasB/FXGL
12:17:37.518 [FXGL Background Thread 3 ] DEBUG Engine               - urlLeaderboard: http://fxgl-top.herokuapp.com/
12:17:37.518 [FXGL Background Thread 3 ] DEBUG Engine               - urlPOM: https://raw.githubusercontent.com/AlmasB/FXGL/release/README.md
12:17:37.518 [FXGL Background Thread 3 ] DEBUG Engine               - userAppClass: class game.PlatformerApp
12:17:37.518 [FXGL Background Thread 3 ] DEBUG Engine               - version: 0.0
12:17:37.518 [FXGL Background Thread 3 ] DEBUG Engine               - versionCheckDays: 7
12:17:37.519 [FXGL Background Thread 3 ] DEBUG Engine               - width: 1920
12:17:37.519 [FXGL Background Thread 3 ] DEBUG Engine               - Logging services
12:17:37.519 [FXGL Background Thread 3 ] DEBUG Engine               - class com.almasb.fxgl.app.services.FXGLAssetLoaderService
12:17:37.519 [FXGL Background Thread 3 ] DEBUG Engine               - class com.almasb.fxgl.app.FXGLApplication$GameApplicationService
12:17:37.519 [FXGL Background Thread 3 ] DEBUG Engine               - class com.almasb.fxgl.app.services.FXGLDialogService
12:17:37.519 [FXGL Background Thread 3 ] DEBUG Engine               - class com.almasb.fxgl.app.services.IOTaskExecutorService
12:17:37.519 [FXGL Background Thread 3 ] DEBUG Engine               - class com.almasb.fxgl.io.FileSystemService
12:17:37.520 [FXGL Background Thread 3 ] DEBUG Engine               - class com.almasb.fxgl.localization.LocalizationService
12:17:37.520 [FXGL Background Thread 3 ] DEBUG Engine               - class com.almasb.fxgl.app.services.SystemBundleService
12:17:37.520 [FXGL Background Thread 3 ] DEBUG Engine               - class com.almasb.fxgl.profile.SaveLoadService
12:17:37.520 [FXGL Background Thread 3 ] DEBUG Engine               - class com.almasb.fxgl.ui.FXGLUIFactoryServiceProvider
12:17:37.520 [FXGL Background Thread 3 ] DEBUG Engine               - class com.almasb.fxgl.ui.FXGLDialogFactoryServiceProvider
12:17:37.520 [FXGL Background Thread 3 ] DEBUG Engine               - class com.almasb.fxgl.audio.AudioPlayer
12:17:37.520 [FXGL Background Thread 3 ] DEBUG Engine               - class com.almasb.fxgl.notification.impl.NotificationServiceProvider
12:17:37.520 [FXGL Background Thread 3 ] DEBUG Engine               - class com.almasb.fxgl.achievement.AchievementService
12:17:37.520 [FXGL Background Thread 3 ] DEBUG Engine               - class com.almasb.fxgl.cutscene.CutsceneService
12:17:37.521 [FXGL Background Thread 3 ] DEBUG Engine               - class com.almasb.fxgl.minigames.MiniGameService
12:17:37.521 [FXGL Background Thread 3 ] DEBUG Engine               - class com.almasb.fxgl.net.NetService
12:17:37.521 [FXGL Background Thread 3 ] DEBUG Engine               - class com.almasb.fxgl.app.services.UpdaterService
12:17:37.521 [FXGL Background Thread 3 ] DEBUG Engine               - class com.almasb.fxgl.dev.DevService
12:17:37.528 [FXGL Background Thread 2 ] DEBUG TMXLevelLoader       - Creating object layer entities
12:17:37.552 [FXGL Background Thread 2 ] DEBUG FXGLAssetLoaderServi - Loading from file system: file:/C:/Users/HP/git/giocoInformatica10111/bin/assets/textures/enemies/Skeleton/Idle.png
12:17:37.553 [FXGL Background Thread 2 ] DEBUG FXGLAssetLoaderServi - Loading from file system: file:/C:/Users/HP/git/giocoInformatica10111/bin/assets/textures/enemies/Skeleton/Walk.png
12:17:37.555 [FXGL Background Thread 2 ] DEBUG FXGLAssetLoaderServi - Loading from file system: file:/C:/Users/HP/git/giocoInformatica10111/bin/assets/textures/enemies/Skeleton/Attack.png
12:17:37.556 [FXGL Background Thread 2 ] DEBUG FXGLAssetLoaderServi - Loading from file system: file:/C:/Users/HP/git/giocoInformatica10111/bin/assets/textures/enemies/Skeleton/Take%20Hit.png
12:17:37.588 [FXGL Background Thread 2 ] DEBUG FXGLAssetLoaderServi - Loading from file system: file:/C:/Users/HP/git/giocoInformatica10111/bin/assets/textures/box.png
12:17:37.612 [FXGL Background Thread 2 ] DEBUG FXGLAssetLoaderServi - Loading from file system: file:/C:/Users/HP/git/giocoInformatica10111/bin/assets/textures/bonfire.png
12:17:37.613 [FXGL Background Thread 2 ] DEBUG FXGLAssetLoaderServi - Loading from file system: file:/C:/Users/HP/git/giocoInformatica10111/bin/assets/textures/bonfire_animation.png
12:17:37.619 [FXGL Background Thread 2 ] DEBUG GameWorld            - Clearing removable entities
12:17:37.620 [FXGL Background Thread 2 ] DEBUG GameWorld            - Setting level: com.almasb.fxgl.entity.level.Level@41efb420
12:17:37.649 [FXGL Background Thread 2 ] DEBUG FXGLAssetLoaderServi - Loading from file system: file:/C:/Users/HP/git/giocoInformatica10111/bin/assets/textures/health/empty_health.png
12:17:37.650 [FXGL Background Thread 2 ] DEBUG FXGLAssetLoaderServi - Loading from file system: file:/C:/Users/HP/git/giocoInformatica10111/bin/assets/textures/health/half_health.png
12:17:37.651 [FXGL Background Thread 2 ] DEBUG FXGLAssetLoaderServi - Loading from file system: file:/C:/Users/HP/git/giocoInformatica10111/bin/assets/textures/health/full_health.png
12:17:37.656 [FXGL Background Thread 2 ] DEBUG FXGLAssetLoaderServi - Loading from file system: file:/C:/Users/HP/git/giocoInformatica10111/bin/assets/textures/player/_Idle.png
12:17:37.657 [FXGL Background Thread 2 ] DEBUG FXGLAssetLoaderServi - Loading from file system: file:/C:/Users/HP/git/giocoInformatica10111/bin/assets/textures/player/_Run.png
12:17:37.658 [FXGL Background Thread 2 ] DEBUG FXGLAssetLoaderServi - Loading from file system: file:/C:/Users/HP/git/giocoInformatica10111/bin/assets/textures/player/_Jump.png
12:17:37.659 [FXGL Background Thread 2 ] DEBUG FXGLAssetLoaderServi - Loading from file system: file:/C:/Users/HP/git/giocoInformatica10111/bin/assets/textures/player/_Fall.png
12:17:37.661 [FXGL Background Thread 2 ] DEBUG FXGLAssetLoaderServi - Loading from file system: file:/C:/Users/HP/git/giocoInformatica10111/bin/assets/textures/player/_WallSlide.png
12:17:37.662 [FXGL Background Thread 2 ] DEBUG FXGLAssetLoaderServi - Loading from file system: file:/C:/Users/HP/git/giocoInformatica10111/bin/assets/textures/player/_Attack.png
12:17:37.663 [FXGL Background Thread 2 ] DEBUG FXGLAssetLoaderServi - Loading from file system: file:/C:/Users/HP/git/giocoInformatica10111/bin/assets/textures/player/_TurnAround.png
12:17:37.665 [FXGL Background Thread 2 ] DEBUG FXGLAssetLoaderServi - Loading from file system: file:/C:/Users/HP/git/giocoInformatica10111/bin/assets/textures/player/_Hit.png
12:17:37.670 [FXGL Background Thread 2 ] DEBUG FXGLAssetLoaderServi - Loading from file system: file:/C:/Users/HP/git/giocoInformatica10111/bin/assets/textures/background/background.png
12:17:37.895 [FXGL Background Thread 2 ] INFO  FXGLApplication      - Game initialization took: 0,915 sec
12:17:37.913 [JavaFX Application Thread] DEBUG Input                - Clearing active input actions
12:17:37.927 [JavaFX Application Thread] DEBUG GameApplicationServi - Removing overlay from FXGLLoadingScene and adding to GameScene
12:17:37.933 [JavaFX Application Thread] DEBUG PrimaryStageWindow   - FXGLLoadingScene -> GameScene
12:17:51.855 [JavaFX Application Thread] DEBUG FXGLApplication      - Exiting FXGL
12:17:51.855 [JavaFX Application Thread] DEBUG LoopRunner           - Stopping loop
12:17:51.856 [JavaFX Application Thread] DEBUG SystemBundleService  - Saving FXGL system data
12:17:51.860 [JavaFX Application Thread] DEBUG FileSystemAccess     - Writing to: C:\Users\HP\git\giocoInformatica10111\system\fxgl.bundle
12:17:51.865 [JavaFX Application Thread] DEBUG Async                - Shutting down background threads
12:17:51.865 [JavaFX Application Thread] DEBUG PrimaryStageWindow   - Closing main window
12:17:51.898 [JavaFX Application Thread] DEBUG Logger               - Closing Logger
