10:29:22.790 [main                     ] DEBUG Logger               - Configured Logger
10:29:22.848 [main                     ] DEBUG GameApplication      - Logging settings
Title: platformer
Version: 0.0
Width: 1920
Height: 1080
Fullscreen: false
Intro: false
Profiling: false
Single step:false
App Mode: DEVELOPER
Menu Key: ESCAPE
Stage Style: DECORATED
Scene Factory: class game.PlatformerApp$1

10:29:23.443 [JavaFX Application Thread] DEBUG FXGLApplication      - Initializing FXGL
10:29:23.451 [JavaFX Application Thread] INFO  Engine               - FXGL-17.1 (24.03.2022 17.39) on WINDOWS (J:17.0.1 FX:18)
10:29:23.452 [JavaFX Application Thread] DEBUG Engine               - JRE Vendor Name: Eclipse Adoptium
10:29:23.452 [JavaFX Application Thread] DEBUG Engine               - Running on OS: Windows 10 version 10.0
10:29:23.452 [JavaFX Application Thread] DEBUG Engine               - Architecture: amd64
10:29:23.453 [JavaFX Application Thread] INFO  Engine               - Source code and latest versions at: https://github.com/AlmasB/FXGL
10:29:23.453 [JavaFX Application Thread] INFO  Engine               -       Ask questions and discuss at: https://github.com/AlmasB/FXGL/discussions
10:29:23.453 [JavaFX Application Thread] INFO  Engine               -              Join the FXGL chat at: https://gitter.im/AlmasB/FXGL
10:29:23.614 [JavaFX Application Thread] DEBUG PrimaryStageWindow   - Creating a JavaFX scene
10:29:23.680 [JavaFX Application Thread] DEBUG PrimaryStageWindow   - Target settings size: 1920.0 x 1080.0
10:29:23.680 [JavaFX Application Thread] DEBUG PrimaryStageWindow   - Scaled scene size:    1920.0 x 1080.0
10:29:23.681 [JavaFX Application Thread] DEBUG PrimaryStageWindow   - Scaled ratio: (1.0, 1.0)
10:29:23.682 [JavaFX Application Thread] DEBUG PrimaryStageWindow   - Set initial scene to FXGLStartupScene
10:29:23.694 [JavaFX Application Thread] DEBUG PrimaryStageWindow   - Opening main window
10:29:23.818 [JavaFX Application Thread] DEBUG PrimaryStageWindow   - Window border size: (16.0, 39.0)
10:29:23.818 [JavaFX Application Thread] DEBUG PrimaryStageWindow   - Scaled size: 1920.0 x 1080.0
10:29:23.819 [JavaFX Application Thread] DEBUG PrimaryStageWindow   - Scaled ratio: (1.0, 1.0)
10:29:23.819 [JavaFX Application Thread] DEBUG PrimaryStageWindow   - Scene size: 1920.0 x 1080.0
10:29:23.820 [JavaFX Application Thread] DEBUG PrimaryStageWindow   - Stage size: 1936.0 x 1119.0
10:29:23.835 [FXGL Background Thread 1 ] DEBUG Engine               - Initializing environment variables
10:29:23.890 [FXGL Background Thread 1 ] DEBUG FXGLAssetLoaderServi - User app class for loading assets: class game.PlatformerApp
10:29:23.891 [FXGL Background Thread 1 ] DEBUG GameApplicationServi - Applying CSS: fxgl_dark.css
10:29:23.892 [FXGL Background Thread 1 ] DEBUG FXGLAssetLoaderServi - Loading from file system: jar:file:/C:/Users/HP/Documents/fxgl/fxgl-17.1-uber.jar!/fxglassets/ui/css/fxgl_dark.css
10:29:23.953 [FXGL Background Thread 1 ] DEBUG GameApplicationServi - Initializing application scenes
10:29:24.019 [FXGL Background Thread 1 ] DEBUG GameWorld            - Game world initialized
10:29:24.102 [FXGL Background Thread 1 ] DEBUG PhysicsWorld         - Physics world initialized: appHeight=1080, physics.ppm=50,0
10:29:24.102 [FXGL Background Thread 1 ] DEBUG PhysicsWorld         - Using strategy: BRUTE_FORCE
10:29:24.109 [FXGL Background Thread 1 ] DEBUG GameScene            - Game scene initialized: 1920x1080
10:29:24.211 [FXGL Background Thread 1 ] DEBUG FXGL.DefaultMenu     - createMenuBodyGameMenu()
10:29:24.234 [FXGL Background Thread 1 ] DEBUG FXGL.DefaultMenu     - createOptionsMenu()
10:29:24.254 [FXGL Background Thread 1 ] DEBUG FXGLAssetLoaderServi - Loading from file system: jar:file:/C:/Users/HP/Documents/fxgl/fxgl-17.1-uber.jar!/fxglassets/textures/particles/smoke.png
10:29:24.374 [FXGL Background Thread 1 ] DEBUG FXGLAssetLoaderServi - Loading from file system: jar:file:/C:/Users/HP/Documents/fxgl/fxgl-17.1-uber.jar!/fxglassets/textures/particles/trace_horizontal.png
10:29:24.411 [FXGL Background Thread 1 ] DEBUG GameApplicationServi - Application scenes initialized
10:29:24.428 [FXGL Background Thread 1 ] DEBUG SystemBundleService  - Loading FXGL system data
10:29:24.437 [FXGL Background Thread 1 ] DEBUG FileSystemAccess     - Reading from: C:\Users\HP\git\giocoInformatica3\system\fxgl.bundle
10:29:24.447 [FXGL Background Thread 1 ] DEBUG SystemBundleService  - Bundle FXGL: {}
10:29:24.448 [FXGL Background Thread 1 ] DEBUG UpdaterService       - Checking for updates
10:29:24.489 [FXGL Background Thread 4 ] DEBUG FXGLApplication      - Loading fonts
10:29:24.490 [FXGL Background Thread 4 ] DEBUG FXGLAssetLoaderServi - Loading from file system: jar:file:/C:/Users/HP/Documents/fxgl/fxgl-17.1-uber.jar!/fxglassets/ui/fonts/VarelaRound-Regular.ttf
10:29:24.490 [FXGL Background Thread 1 ] DEBUG FXGLApplication      - Loading default localization
10:29:24.492 [FXGL Background Thread 1 ] DEBUG FXGLAssetLoaderServi - Loading from file system: jar:file:/C:/Users/HP/Documents/fxgl/fxgl-17.1-uber.jar!/fxglassets/languages/english.lang
10:29:24.519 [FXGL Background Thread 1 ] INFO  FXGLApplication      - FXGL initialization took: 0,684 sec
10:29:24.537 [JavaFX Application Thread] DEBUG Input                - Registered new binding: Left - A
10:29:24.537 [JavaFX Application Thread] DEBUG Input                - Registered new binding: Right - D
10:29:24.537 [JavaFX Application Thread] DEBUG Input                - Registered new binding: Jump - Space
10:29:24.538 [JavaFX Application Thread] DEBUG Input                - Registered new binding: Attack - F
10:29:24.539 [JavaFX Application Thread] DEBUG FXGLAssetLoaderServi - Loading from file system: file:/C:/Users/HP/git/giocoInformatica3/bin/assets/music/BGM_dash_runner.wav
10:29:24.599 [FXGL Background Thread 4 ] DEBUG FXGLAssetLoaderServi - Loading from file system: jar:file:/C:/Users/HP/Documents/fxgl/fxgl-17.1-uber.jar!/fxglassets/ui/fonts/Abel-Regular.ttf
10:29:24.616 [FXGL Background Thread 4 ] DEBUG FXGLAssetLoaderServi - Loading from file system: jar:file:/C:/Users/HP/Documents/fxgl/fxgl-17.1-uber.jar!/fxglassets/ui/fonts/TerminalLandMono-Regular.otf
10:29:24.632 [FXGL Background Thread 4 ] DEBUG FXGLAssetLoaderServi - Loading from file system: jar:file:/C:/Users/HP/Documents/fxgl/fxgl-17.1-uber.jar!/fxglassets/ui/fonts/Courier-Prime.ttf
10:29:24.774 [JavaFX Application Thread] DEBUG AudioPlayer          - Playing music com.almasb.fxgl.audio.Music@79c4f597
10:29:24.775 [JavaFX Application Thread] DEBUG FXGLAssetLoaderServi - Loading from file system: jar:file:/C:/Users/HP/Documents/fxgl/fxgl-17.1-uber.jar!/fxglassets/textures/fxgl_icon.png
10:29:24.803 [JavaFX Application Thread] DEBUG FXGLAssetLoaderServi - Loading from file system: jar:file:/C:/Users/HP/Documents/fxgl/fxgl-17.1-uber.jar!/fxglassets/textures/fxgl_default_cursor.png
10:29:24.806 [JavaFX Application Thread] DEBUG Input                - Registered new binding: Screenshot - CTRL+8
10:29:24.807 [JavaFX Application Thread] DEBUG Input                - Registered new binding: Dev Options - 1
10:29:24.808 [JavaFX Application Thread] DEBUG Input                - Registered new binding: Dev Console - 2
10:29:24.809 [JavaFX Application Thread] DEBUG Input                - Registered new binding: System info dump - CTRL+9
10:29:24.810 [JavaFX Application Thread] DEBUG Input                - Registered new binding: Restart - CTRL+R
10:29:24.811 [JavaFX Application Thread] DEBUG Input                - Registered new binding: Toggle Debug Camera - CTRL+7
10:29:24.815 [JavaFX Application Thread] DEBUG LoopRunner           - Starting loop
10:29:24.842 [JavaFX Application Thread] DEBUG LoopRunner           - Initializing JavaFX AnimationTimerLoop
10:29:24.847 [JavaFX Application Thread] DEBUG Input                - Clearing active input actions
10:29:24.857 [JavaFX Application Thread] DEBUG GameApplicationServi - Removing overlay from FXGLStartupScene and adding to FXGLMainMenuDummyScene
10:29:24.864 [JavaFX Application Thread] DEBUG PrimaryStageWindow   - FXGLStartupScene -> FXGLMainMenuDummyScene
10:29:24.864 [JavaFX Application Thread] DEBUG PrimaryStageWindow   - Push state: PlatformerMainMenu
10:29:24.864 [JavaFX Application Thread] DEBUG Input                - Clearing active input actions
10:29:24.872 [JavaFX Application Thread] DEBUG GameApplicationServi - Removing overlay from FXGLMainMenuDummyScene and adding to PlatformerMainMenu
10:29:24.873 [JavaFX Application Thread] DEBUG PrimaryStageWindow   - FXGLMainMenuDummyScene -> PlatformerMainMenu
10:29:24.873 [JavaFX Application Thread] DEBUG FXGLApplication      - Registering font factories with UI factory
10:29:26.921 [JavaFX Application Thread] DEBUG Menu                 - fireNewGame()
10:29:26.921 [JavaFX Application Thread] DEBUG GameApplicationServi - Starting new game
10:29:26.921 [JavaFX Application Thread] DEBUG PrimaryStageWindow   - Pop state: PlatformerMainMenu
10:29:26.921 [JavaFX Application Thread] DEBUG Input                - Clearing active input actions
10:29:26.923 [JavaFX Application Thread] DEBUG GameApplicationServi - Removing overlay from PlatformerMainMenu and adding to FXGLMainMenuDummyScene
10:29:26.926 [JavaFX Application Thread] DEBUG PrimaryStageWindow   - FXGLMainMenuDummyScene <- PlatformerMainMenu
10:29:26.927 [JavaFX Application Thread] DEBUG Input                - Clearing active input actions
10:29:26.935 [JavaFX Application Thread] DEBUG GameApplicationServi - Removing overlay from FXGLMainMenuDummyScene and adding to FXGLLoadingScene
10:29:26.936 [JavaFX Application Thread] DEBUG PrimaryStageWindow   - FXGLMainMenuDummyScene -> FXGLLoadingScene
10:29:26.937 [JavaFX Application Thread] DEBUG GameApplicationServi - Clearing previous game
10:29:26.937 [JavaFX Application Thread] DEBUG GameScene            - Clearing game scene
10:29:26.937 [JavaFX Application Thread] DEBUG GameWorld            - Clearing game world
10:29:26.938 [JavaFX Application Thread] DEBUG PhysicsWorld         - Clearing physics world
10:29:26.940 [FXGL Background Thread 2 ] DEBUG FXGLApplication      - Initializing game
10:29:26.995 [FXGL Background Thread 2 ] WARN  TMXLevelLoader       - TiledMap generated from 1.8.4. Supported version: 1.4.2. Some features may not be parsed fully.
10:29:27.048 [FXGL Background Thread 2 ] DEBUG TMXLevelLoader       - Parsed TiledMap: file:/C:/Users/HP/git/giocoInformatica3/bin/assets/levels/tmx/level1.tmx
10:29:27.051 [FXGL Background Thread 2 ] DEBUG TMXLevelLoader       - Creating tile layer entities
10:29:27.054 [FXGL Background Thread 2 ] DEBUG TilesetLoader        - Loading view for layer Terreno
10:29:27.090 [FXGL Background Thread 2 ] DEBUG TilesetLoader        - Created buffer with size 4900.0x5600.0
10:29:27.119 [FXGL Background Thread 2 ] DEBUG TilesetLoader        - Loading view for layer Decorazioni
10:29:27.160 [FXGL Background Thread 2 ] DEBUG TilesetLoader        - Created buffer with size 4900.0x5600.0
10:29:27.174 [FXGL Background Thread 2 ] DEBUG TilesetLoader        - Loading view for layer Piattaforme
10:29:27.216 [FXGL Background Thread 2 ] DEBUG TilesetLoader        - Created buffer with size 4900.0x5600.0
10:29:27.223 [FXGL Background Thread 2 ] DEBUG TilesetLoader        - Loading view for layer Spine
10:29:27.263 [FXGL Background Thread 2 ] DEBUG TilesetLoader        - Created buffer with size 4900.0x5600.0
10:29:27.266 [FXGL Background Thread 2 ] DEBUG TMXLevelLoader       - Creating object layer entities
10:29:27.301 [FXGL Background Thread 2 ] DEBUG FXGLAssetLoaderServi - Loading from file system: file:/C:/Users/HP/git/giocoInformatica3/bin/assets/textures/box.png
10:29:27.341 [FXGL Background Thread 2 ] DEBUG FXGLAssetLoaderServi - Loading from file system: file:/C:/Users/HP/git/giocoInformatica3/bin/assets/textures/enemies/Skeleton/Idle.png
10:29:27.346 [FXGL Background Thread 2 ] DEBUG FXGLAssetLoaderServi - Loading from file system: file:/C:/Users/HP/git/giocoInformatica3/bin/assets/textures/enemies/Skeleton/Walk.png
10:29:27.353 [FXGL Background Thread 2 ] DEBUG FXGLAssetLoaderServi - Loading from file system: file:/C:/Users/HP/git/giocoInformatica3/bin/assets/textures/enemies/Skeleton/Attack.png
10:29:27.380 [FXGL Background Thread 2 ] DEBUG FXGLAssetLoaderServi - Loading from file system: file:/C:/Users/HP/git/giocoInformatica3/bin/assets/textures/bonfire.png
10:29:27.382 [FXGL Background Thread 2 ] DEBUG FXGLAssetLoaderServi - Loading from file system: file:/C:/Users/HP/git/giocoInformatica3/bin/assets/textures/bonfire_animation.png
10:29:27.388 [FXGL Background Thread 2 ] DEBUG GameWorld            - Clearing removable entities
10:29:27.389 [FXGL Background Thread 2 ] DEBUG GameWorld            - Setting level: com.almasb.fxgl.entity.level.Level@6be61659
10:29:27.416 [FXGL Background Thread 2 ] DEBUG FXGLAssetLoaderServi - Loading from file system: file:/C:/Users/HP/git/giocoInformatica3/bin/assets/textures/health/empty_health.png
10:29:27.418 [FXGL Background Thread 2 ] DEBUG FXGLAssetLoaderServi - Loading from file system: file:/C:/Users/HP/git/giocoInformatica3/bin/assets/textures/health/half_health.png
10:29:27.419 [FXGL Background Thread 2 ] DEBUG FXGLAssetLoaderServi - Loading from file system: file:/C:/Users/HP/git/giocoInformatica3/bin/assets/textures/health/full_health.png
10:29:27.423 [FXGL Background Thread 2 ] DEBUG FXGLAssetLoaderServi - Loading from file system: file:/C:/Users/HP/git/giocoInformatica3/bin/assets/textures/player/_Idle.png
10:29:27.428 [FXGL Background Thread 2 ] DEBUG FXGLAssetLoaderServi - Loading from file system: file:/C:/Users/HP/git/giocoInformatica3/bin/assets/textures/player/_Run.png
10:29:27.433 [FXGL Background Thread 2 ] DEBUG FXGLAssetLoaderServi - Loading from file system: file:/C:/Users/HP/git/giocoInformatica3/bin/assets/textures/player/_Jump.png
10:29:27.435 [FXGL Background Thread 2 ] DEBUG FXGLAssetLoaderServi - Loading from file system: file:/C:/Users/HP/git/giocoInformatica3/bin/assets/textures/player/_Fall.png
10:29:27.438 [FXGL Background Thread 2 ] DEBUG FXGLAssetLoaderServi - Loading from file system: file:/C:/Users/HP/git/giocoInformatica3/bin/assets/textures/player/_WallSlide.png
10:29:27.442 [FXGL Background Thread 2 ] DEBUG FXGLAssetLoaderServi - Loading from file system: file:/C:/Users/HP/git/giocoInformatica3/bin/assets/textures/player/_Attack.png
10:29:27.449 [FXGL Background Thread 2 ] DEBUG FXGLAssetLoaderServi - Loading from file system: file:/C:/Users/HP/git/giocoInformatica3/bin/assets/textures/background/forest.png
10:29:27.483 [FXGL Background Thread 2 ] DEBUG FXGLAssetLoaderServi - Loading from file system: file:/C:/Users/HP/git/giocoInformatica3/bin/assets/textures/background/Sfondo_castello.png
10:29:27.488 [FXGL Background Thread 3 ] DEBUG Engine               - Logging environment variables
10:29:27.490 [FXGL Background Thread 3 ] DEBUG Engine               - achievements: []
10:29:27.491 [FXGL Background Thread 3 ] DEBUG Engine               - actualHeight: 1080.0
10:29:27.491 [FXGL Background Thread 3 ] DEBUG Engine               - actualHeightProperty: ReadOnlyDoubleProperty [value: 1080.0]
10:29:27.491 [FXGL Background Thread 3 ] DEBUG Engine               - actualWidth: 1920.0
10:29:27.492 [FXGL Background Thread 3 ] DEBUG Engine               - actualWidthProperty: ReadOnlyDoubleProperty [value: 1920.0]
10:29:27.492 [FXGL Background Thread 3 ] DEBUG Engine               - appIcon: fxgl_icon.png
10:29:27.492 [FXGL Background Thread 3 ] DEBUG Engine               - applicationMode: DEVELOPER
10:29:27.493 [FXGL Background Thread 3 ] DEBUG Engine               - cSSList: [fxgl_dark.css]
10:29:27.493 [FXGL Background Thread 3 ] DEBUG Engine               - collisionDetectionStrategy: BRUTE_FORCE
10:29:27.493 [FXGL Background Thread 3 ] DEBUG Engine               - configClass: Optional.empty
10:29:27.494 [FXGL Background Thread 3 ] DEBUG Engine               - credits: []
10:29:27.511 [FXGL Background Thread 3 ] DEBUG Engine               - defaultCursor: CursorInfo(imageName=fxgl_default_cursor.png, hotspotX=7.0, hotspotY=6.0)
10:29:27.512 [FXGL Background Thread 3 ] DEBUG Engine               - devBBoxColorProperty: ObjectProperty [value: 0xff0000ff]
10:29:27.512 [FXGL Background Thread 3 ] DEBUG Engine               - devEnableDebugCameraProperty: BooleanProperty [value: false]
10:29:27.512 [FXGL Background Thread 3 ] DEBUG Engine               - devSensorColorProperty: ObjectProperty [value: 0xffff00ff]
10:29:27.513 [FXGL Background Thread 3 ] DEBUG Engine               - devShowBBoxProperty: BooleanProperty [value: false]
10:29:27.513 [FXGL Background Thread 3 ] DEBUG Engine               - devShowPositionProperty: BooleanProperty [value: false]
10:29:27.513 [FXGL Background Thread 3 ] DEBUG Engine               - enabledMenuItems: []
10:29:27.513 [FXGL Background Thread 3 ] DEBUG Engine               - engineServices: [class com.almasb.fxgl.app.services.FXGLAssetLoaderService, class com.almasb.fxgl.app.FXGLApplication$GameApplicationService, class com.almasb.fxgl.app.services.FXGLDialogService, class com.almasb.fxgl.app.services.IOTaskExecutorService, class com.almasb.fxgl.io.FileSystemService, class com.almasb.fxgl.localization.LocalizationService, class com.almasb.fxgl.app.services.SystemBundleService, class com.almasb.fxgl.profile.SaveLoadService, class com.almasb.fxgl.ui.FXGLUIFactoryServiceProvider, class com.almasb.fxgl.ui.FXGLDialogFactoryServiceProvider, class com.almasb.fxgl.audio.AudioPlayer, class com.almasb.fxgl.notification.impl.NotificationServiceProvider, class com.almasb.fxgl.achievement.AchievementService, class com.almasb.fxgl.cutscene.CutsceneService, class com.almasb.fxgl.minigames.MiniGameService, class com.almasb.fxgl.net.NetService, class com.almasb.fxgl.app.services.UpdaterService, class com.almasb.fxgl.dev.DevService]
10:29:27.513 [FXGL Background Thread 3 ] DEBUG Engine               - fontGame: Abel-Regular.ttf
10:29:27.513 [FXGL Background Thread 3 ] DEBUG Engine               - fontMono: TerminalLandMono-Regular.otf
10:29:27.513 [FXGL Background Thread 3 ] DEBUG Engine               - fontText: Courier-Prime.ttf
10:29:27.514 [FXGL Background Thread 3 ] DEBUG Engine               - fontUI: VarelaRound-Regular.ttf
10:29:27.514 [FXGL Background Thread 3 ] DEBUG Engine               - fullScreen: BooleanProperty [value: false]
10:29:27.514 [FXGL Background Thread 3 ] DEBUG Engine               - gameDifficulty: MEDIUM
10:29:27.514 [FXGL Background Thread 3 ] DEBUG Engine               - gameDifficultyProperty: ObjectProperty [value: MEDIUM]
10:29:27.514 [FXGL Background Thread 3 ] DEBUG Engine               - globalMusicVolume: 0.5
10:29:27.514 [FXGL Background Thread 3 ] DEBUG Engine               - globalMusicVolumeProperty: DoubleProperty [value: 0.0]
10:29:27.514 [FXGL Background Thread 3 ] DEBUG Engine               - globalSoundVolume: 0.5
10:29:27.515 [FXGL Background Thread 3 ] DEBUG Engine               - globalSoundVolumeProperty: DoubleProperty [value: 0.5]
10:29:27.515 [FXGL Background Thread 3 ] DEBUG Engine               - height: 1080
10:29:27.515 [FXGL Background Thread 3 ] DEBUG Engine               - is3D: false
10:29:27.515 [FXGL Background Thread 3 ] DEBUG Engine               - isAndroid: false
10:29:27.515 [FXGL Background Thread 3 ] DEBUG Engine               - isBrowser: false
10:29:27.515 [FXGL Background Thread 3 ] DEBUG Engine               - isClickFeedbackEnabled: false
10:29:27.516 [FXGL Background Thread 3 ] DEBUG Engine               - isCloseConfirmation: false
10:29:27.516 [FXGL Background Thread 3 ] DEBUG Engine               - isDesktop: true
10:29:27.516 [FXGL Background Thread 3 ] DEBUG Engine               - isDeveloperMenuEnabled: true
10:29:27.516 [FXGL Background Thread 3 ] DEBUG Engine               - isEmbedded: false
10:29:27.517 [FXGL Background Thread 3 ] DEBUG Engine               - isEntityPreloadEnabled: true
10:29:27.517 [FXGL Background Thread 3 ] DEBUG Engine               - isExperimentalTiledLargeMap: false
10:29:27.517 [FXGL Background Thread 3 ] DEBUG Engine               - isFileSystemWriteAllowed: true
10:29:27.517 [FXGL Background Thread 3 ] DEBUG Engine               - isFullScreenAllowed: false
10:29:27.517 [FXGL Background Thread 3 ] DEBUG Engine               - isFullScreenFromStart: false
10:29:27.518 [FXGL Background Thread 3 ] DEBUG Engine               - isGameMenuEnabled: true
10:29:27.519 [FXGL Background Thread 3 ] DEBUG Engine               - isIOS: false
10:29:27.519 [FXGL Background Thread 3 ] DEBUG Engine               - isIntroEnabled: false
10:29:27.519 [FXGL Background Thread 3 ] DEBUG Engine               - isLinux: false
10:29:27.519 [FXGL Background Thread 3 ] DEBUG Engine               - isMac: false
10:29:27.519 [FXGL Background Thread 3 ] DEBUG Engine               - isMainMenuEnabled: true
10:29:27.520 [FXGL Background Thread 3 ] DEBUG Engine               - isManualResizeEnabled: false
10:29:27.520 [FXGL Background Thread 3 ] DEBUG Engine               - isMobile: false
10:29:27.520 [FXGL Background Thread 3 ] DEBUG Engine               - isNative: false
10:29:27.520 [FXGL Background Thread 3 ] DEBUG Engine               - isPauseMusicWhenMinimized: true
10:29:27.520 [FXGL Background Thread 3 ] DEBUG Engine               - isPreserveResizeRatio: false
10:29:27.520 [FXGL Background Thread 3 ] DEBUG Engine               - isProfilingEnabled: false
10:29:27.520 [FXGL Background Thread 3 ] DEBUG Engine               - isScaleAffectedOnResize: true
10:29:27.520 [FXGL Background Thread 3 ] DEBUG Engine               - isSingleStep: false
10:29:27.520 [FXGL Background Thread 3 ] DEBUG Engine               - isUserProfileEnabled: false
10:29:27.520 [FXGL Background Thread 3 ] DEBUG Engine               - isWindows: true
10:29:27.521 [FXGL Background Thread 3 ] DEBUG Engine               - language: ObjectProperty [value: ENGLISH]
10:29:27.521 [FXGL Background Thread 3 ] DEBUG Engine               - menuKey: ESCAPE
10:29:27.521 [FXGL Background Thread 3 ] DEBUG Engine               - mouseSensitivity: 0.2
10:29:27.521 [FXGL Background Thread 3 ] DEBUG Engine               - notificationViewClass: class com.almasb.fxgl.notification.view.XboxNotificationView
10:29:27.521 [FXGL Background Thread 3 ] DEBUG Engine               - pixelsPerMeter: 50.0
10:29:27.521 [FXGL Background Thread 3 ] DEBUG Engine               - platform: WINDOWS
10:29:27.521 [FXGL Background Thread 3 ] DEBUG Engine               - prefHeightProperty: ReadOnlyDoubleProperty [value: 1080.0]
10:29:27.521 [FXGL Background Thread 3 ] DEBUG Engine               - prefWidthProperty: ReadOnlyDoubleProperty [value: 1920.0]
10:29:27.522 [FXGL Background Thread 3 ] DEBUG Engine               - profileDir: profiles/
10:29:27.522 [FXGL Background Thread 3 ] DEBUG Engine               - profileName: StringProperty [value: DEFAULT]
10:29:27.522 [FXGL Background Thread 3 ] DEBUG Engine               - randomSeed: -1
10:29:27.523 [FXGL Background Thread 3 ] DEBUG Engine               - runtimeInfo: RuntimeInfo(platform=WINDOWS, version=17.1, build=24.03.2022 17.39)
10:29:27.523 [FXGL Background Thread 3 ] DEBUG Engine               - saveFileExt: sav
10:29:27.523 [FXGL Background Thread 3 ] DEBUG Engine               - scaledHeightProp$fxgl: DoubleProperty [bound, value: 1080.0]
10:29:27.523 [FXGL Background Thread 3 ] DEBUG Engine               - scaledWidthProp$fxgl: DoubleProperty [bound, value: 1920.0]
10:29:27.524 [FXGL Background Thread 3 ] DEBUG Engine               - sceneFactory: game.PlatformerApp$1@33bf7829
10:29:27.524 [FXGL Background Thread 3 ] DEBUG Engine               - secondsIn24h: 60
10:29:27.524 [FXGL Background Thread 3 ] DEBUG Engine               - soundMenuBack: menu/back.wav
10:29:27.524 [FXGL Background Thread 3 ] DEBUG Engine               - soundMenuPress: menu/press.wav
10:29:27.525 [FXGL Background Thread 3 ] DEBUG Engine               - soundMenuSelect: menu/select.wav
10:29:27.525 [FXGL Background Thread 3 ] DEBUG Engine               - soundNotification: core/notification.wav
10:29:27.525 [FXGL Background Thread 3 ] DEBUG Engine               - stageStyle: DECORATED
10:29:27.525 [FXGL Background Thread 3 ] DEBUG Engine               - supportedLanguages: [ENGLISH, FRENCH, GERMAN, HUNGARIAN, RUSSIAN]
10:29:27.525 [FXGL Background Thread 3 ] DEBUG Engine               - ticksPerSecond: -1
10:29:27.525 [FXGL Background Thread 3 ] DEBUG Engine               - title: platformer
10:29:27.526 [FXGL Background Thread 3 ] DEBUG Engine               - urlGithub: https://github.com/AlmasB/FXGL
10:29:27.526 [FXGL Background Thread 3 ] DEBUG Engine               - urlLeaderboard: http://fxgl-top.herokuapp.com/
10:29:27.526 [FXGL Background Thread 3 ] DEBUG Engine               - urlPOM: https://raw.githubusercontent.com/AlmasB/FXGL/release/README.md
10:29:27.526 [FXGL Background Thread 3 ] DEBUG Engine               - userAppClass: class game.PlatformerApp
10:29:27.527 [FXGL Background Thread 3 ] DEBUG Engine               - version: 0.0
10:29:27.527 [FXGL Background Thread 3 ] DEBUG Engine               - versionCheckDays: 7
10:29:27.527 [FXGL Background Thread 3 ] DEBUG Engine               - width: 1920
10:29:27.527 [FXGL Background Thread 3 ] DEBUG Engine               - Logging services
10:29:27.527 [FXGL Background Thread 3 ] DEBUG Engine               - class com.almasb.fxgl.app.services.FXGLAssetLoaderService
10:29:27.527 [FXGL Background Thread 3 ] DEBUG Engine               - class com.almasb.fxgl.app.FXGLApplication$GameApplicationService
10:29:27.528 [FXGL Background Thread 3 ] DEBUG Engine               - class com.almasb.fxgl.app.services.FXGLDialogService
10:29:27.528 [FXGL Background Thread 3 ] DEBUG Engine               - class com.almasb.fxgl.app.services.IOTaskExecutorService
10:29:27.528 [FXGL Background Thread 3 ] DEBUG Engine               - class com.almasb.fxgl.io.FileSystemService
10:29:27.528 [FXGL Background Thread 3 ] DEBUG Engine               - class com.almasb.fxgl.localization.LocalizationService
10:29:27.528 [FXGL Background Thread 3 ] DEBUG Engine               - class com.almasb.fxgl.app.services.SystemBundleService
10:29:27.528 [FXGL Background Thread 3 ] DEBUG Engine               - class com.almasb.fxgl.profile.SaveLoadService
10:29:27.529 [FXGL Background Thread 3 ] DEBUG Engine               - class com.almasb.fxgl.ui.FXGLUIFactoryServiceProvider
10:29:27.529 [FXGL Background Thread 3 ] DEBUG Engine               - class com.almasb.fxgl.ui.FXGLDialogFactoryServiceProvider
10:29:27.529 [FXGL Background Thread 3 ] DEBUG Engine               - class com.almasb.fxgl.audio.AudioPlayer
10:29:27.529 [FXGL Background Thread 3 ] DEBUG Engine               - class com.almasb.fxgl.notification.impl.NotificationServiceProvider
10:29:27.529 [FXGL Background Thread 3 ] DEBUG Engine               - class com.almasb.fxgl.achievement.AchievementService
10:29:27.529 [FXGL Background Thread 3 ] DEBUG Engine               - class com.almasb.fxgl.cutscene.CutsceneService
10:29:27.529 [FXGL Background Thread 3 ] DEBUG Engine               - class com.almasb.fxgl.minigames.MiniGameService
10:29:27.529 [FXGL Background Thread 3 ] DEBUG Engine               - class com.almasb.fxgl.net.NetService
10:29:27.530 [FXGL Background Thread 3 ] DEBUG Engine               - class com.almasb.fxgl.app.services.UpdaterService
10:29:27.530 [FXGL Background Thread 3 ] DEBUG Engine               - class com.almasb.fxgl.dev.DevService
10:29:27.735 [JavaFX Application Thread] DEBUG LoopRunner           - Stopping loop
10:29:27.739 [JavaFX Application Thread] FATAL FXGLApplication      - Uncaught Exception:
java.lang.RuntimeException: Initialization failed
	at com.almasb.fxgl.app.FXGLApplication$InitAppTask.failed(FXGLApplication.kt:343)
	at javafx.concurrent.Task.setState(Task.java:710)
	at javafx.concurrent.Task$TaskCallable.lambda$call$2(Task.java:1456)
	at com.sun.javafx.application.PlatformImpl.lambda$runLater$10(PlatformImpl.java:457)
	at java.base/java.security.AccessController.doPrivileged(AccessController.java:399)
	at com.sun.javafx.application.PlatformImpl.lambda$runLater$11(PlatformImpl.java:456)
	at com.sun.glass.ui.InvokeLaterDispatcher$Future.run(InvokeLaterDispatcher.java:96)
	at com.sun.glass.ui.win.WinApplication._runLoop(Native Method)
	at com.sun.glass.ui.win.WinApplication.lambda$runLoop$3(WinApplication.java:184)
	at java.base/java.lang.Thread.run(Thread.java:833)
Caused by: java.lang.NullPointerException
	at java.base/java.util.Objects.requireNonNull(Objects.java:208)
	at java.base/java.util.List.replaceAll(List.java:441)
	at game.ui.HPIcon.changeHPIcon(HPIcon.java:27)
	at game.PlatformerApp.initUI(PlatformerApp.java:166)
	at com.almasb.fxgl.app.FXGLApplication$InitAppTask.call(FXGLApplication.kt:321)
	at com.almasb.fxgl.app.FXGLApplication$InitAppTask.call(FXGLApplication.kt:311)
	at javafx.concurrent.Task$TaskCallable.call(Task.java:1426)
	at java.base/java.util.concurrent.FutureTask.run(FutureTask.java:264)
	at java.base/java.util.concurrent.Executors$RunnableAdapter.call(Executors.java:539)
	at java.base/java.util.concurrent.FutureTask.run(FutureTask.java:264)
	at java.base/java.util.concurrent.ThreadPoolExecutor.runWorker(ThreadPoolExecutor.java:1136)
	at java.base/java.util.concurrent.ThreadPoolExecutor$Worker.run(ThreadPoolExecutor.java:635)
	... 1 more

10:29:27.739 [JavaFX Application Thread] FATAL FXGLApplication      - Application will now exit
10:29:27.752 [JavaFX Application Thread] DEBUG PrimaryStageWindow   - Push state: ErrorSubScene
10:29:27.752 [JavaFX Application Thread] DEBUG Input                - Clearing active input actions
10:29:27.754 [JavaFX Application Thread] DEBUG GameApplicationServi - Removing overlay from FXGLLoadingScene and adding to ErrorSubScene
10:29:27.758 [JavaFX Application Thread] DEBUG PrimaryStageWindow   - FXGLLoadingScene -> ErrorSubScene
10:29:29.415 [JavaFX Application Thread] DEBUG FXGLApplication      - Exiting FXGL
10:29:29.416 [JavaFX Application Thread] DEBUG Async                - Shutting down background threads
10:29:29.416 [JavaFX Application Thread] DEBUG PrimaryStageWindow   - Closing main window
10:29:29.426 [JavaFX Application Thread] DEBUG Logger               - Closing Logger
