21:41:14.546 [main                     ] DEBUG Logger               - Configured Logger
21:41:14.572 [main                     ] DEBUG GameApplication      - Logging settings
Title: platformer
Version: 0.0
Width: 1280
Height: 900
Fullscreen: false
Intro: false
Profiling: false
Single step:false
App Mode: DEVELOPER
Menu Key: ESCAPE
Stage Style: DECORATED
Scene Factory: class com.almasb.fxgl.app.scene.SceneFactory

21:41:14.857 [JavaFX Application Thread] DEBUG FXGLApplication      - Initializing FXGL
21:41:14.862 [JavaFX Application Thread] INFO  Engine               - FXGL-17.1 (24.03.2022 17.39) on WINDOWS (J:17.0.2 FX:18)
21:41:14.862 [JavaFX Application Thread] DEBUG Engine               - JRE Vendor Name: Eclipse Adoptium
21:41:14.862 [JavaFX Application Thread] DEBUG Engine               - Running on OS: Windows 11 version 10.0
21:41:14.862 [JavaFX Application Thread] DEBUG Engine               - Architecture: amd64
21:41:14.862 [JavaFX Application Thread] INFO  Engine               - Source code and latest versions at: https://github.com/AlmasB/FXGL
21:41:14.862 [JavaFX Application Thread] INFO  Engine               -       Ask questions and discuss at: https://github.com/AlmasB/FXGL/discussions
21:41:14.863 [JavaFX Application Thread] INFO  Engine               -              Join the FXGL chat at: https://gitter.im/AlmasB/FXGL
21:41:14.938 [JavaFX Application Thread] DEBUG PrimaryStageWindow   - Creating a JavaFX scene
21:41:14.967 [JavaFX Application Thread] DEBUG PrimaryStageWindow   - Target settings size: 1280.0 x 900.0
21:41:14.968 [JavaFX Application Thread] DEBUG PrimaryStageWindow   - Scaled scene size:    1280.0 x 900.0
21:41:14.968 [JavaFX Application Thread] DEBUG PrimaryStageWindow   - Scaled ratio: (1.0, 1.0)
21:41:14.969 [JavaFX Application Thread] DEBUG PrimaryStageWindow   - Set initial scene to FXGLStartupScene
21:41:14.974 [JavaFX Application Thread] DEBUG PrimaryStageWindow   - Opening main window
21:41:15.048 [JavaFX Application Thread] DEBUG PrimaryStageWindow   - Window border size: (16.0, 39.0)
21:41:15.048 [JavaFX Application Thread] DEBUG PrimaryStageWindow   - Scaled size: 1280.0 x 900.0
21:41:15.048 [JavaFX Application Thread] DEBUG PrimaryStageWindow   - Scaled ratio: (1.0, 1.0)
21:41:15.049 [JavaFX Application Thread] DEBUG PrimaryStageWindow   - Scene size: 1280.0 x 900.0
21:41:15.049 [JavaFX Application Thread] DEBUG PrimaryStageWindow   - Stage size: 1296.0 x 939.0
21:41:15.060 [FXGL Background Thread 1 ] DEBUG Engine               - Initializing environment variables
21:41:15.096 [FXGL Background Thread 1 ] DEBUG FXGLAssetLoaderServi - User app class for loading assets: class game.PlatformerApp
21:41:15.096 [FXGL Background Thread 1 ] DEBUG GameApplicationServi - Applying CSS: fxgl_dark.css
21:41:15.097 [FXGL Background Thread 1 ] DEBUG FXGLAssetLoaderServi - Loading from file system: jar:file:/D:/Lucca/Java-lib/fxgl/fxgl-17.1-uber.jar!/fxglassets/ui/css/fxgl_dark.css
21:41:15.128 [FXGL Background Thread 1 ] DEBUG GameApplicationServi - Initializing application scenes
21:41:15.182 [FXGL Background Thread 1 ] DEBUG GameWorld            - Game world initialized
21:41:15.220 [FXGL Background Thread 1 ] DEBUG PhysicsWorld         - Physics world initialized: appHeight=900, physics.ppm=50,0
21:41:15.221 [FXGL Background Thread 1 ] DEBUG PhysicsWorld         - Using strategy: BRUTE_FORCE
21:41:15.224 [FXGL Background Thread 1 ] DEBUG GameScene            - Game scene initialized: 1280x900
21:41:15.233 [FXGL Background Thread 1 ] DEBUG FXGL.DefaultMenu     - createMenuBodyGameMenu()
21:41:15.245 [FXGL Background Thread 1 ] DEBUG FXGL.DefaultMenu     - createOptionsMenu()
21:41:15.255 [FXGL Background Thread 1 ] DEBUG FXGLAssetLoaderServi - Loading from file system: jar:file:/D:/Lucca/Java-lib/fxgl/fxgl-17.1-uber.jar!/fxglassets/textures/particles/smoke.png
21:41:15.335 [FXGL Background Thread 1 ] DEBUG FXGLAssetLoaderServi - Loading from file system: jar:file:/D:/Lucca/Java-lib/fxgl/fxgl-17.1-uber.jar!/fxglassets/textures/particles/trace_horizontal.png
21:41:15.363 [FXGL Background Thread 1 ] DEBUG GameApplicationServi - Application scenes initialized
21:41:15.373 [FXGL Background Thread 1 ] DEBUG SystemBundleService  - Loading FXGL system data
21:41:15.378 [FXGL Background Thread 1 ] DEBUG FileSystemAccess     - Reading from: C:\Users\lucca\git\giocoInformatica3\system\fxgl.bundle
21:41:15.384 [FXGL Background Thread 1 ] DEBUG SystemBundleService  - Bundle FXGL: {}
21:41:15.385 [FXGL Background Thread 1 ] DEBUG UpdaterService       - Checking for updates
21:41:15.391 [FXGL Background Thread 1 ] DEBUG FXGLApplication      - Loading default localization
21:41:15.392 [FXGL Background Thread 1 ] DEBUG FXGLAssetLoaderServi - Loading from file system: jar:file:/D:/Lucca/Java-lib/fxgl/fxgl-17.1-uber.jar!/fxglassets/languages/english.lang
21:41:15.396 [FXGL Background Thread 4 ] DEBUG FXGLApplication      - Loading fonts
21:41:15.416 [FXGL Background Thread 1 ] INFO  FXGLApplication      - FXGL initialization took: 0,356 sec
21:41:15.423 [JavaFX Application Thread] DEBUG Input                - Registered new binding: Left - A
21:41:15.423 [JavaFX Application Thread] DEBUG Input                - Registered new binding: Right - D
21:41:15.424 [JavaFX Application Thread] DEBUG Input                - Registered new binding: Jump - Space
21:41:15.424 [JavaFX Application Thread] DEBUG Input                - Registered new binding: Attack - F
21:41:15.425 [JavaFX Application Thread] DEBUG FXGLAssetLoaderServi - Loading from file system: file:/C:/Users/lucca/git/giocoInformatica3/bin/assets/music/BGM_dash_runner.wav
21:41:15.407 [FXGL Background Thread 4 ] DEBUG FXGLAssetLoaderServi - Loading from file system: jar:file:/D:/Lucca/Java-lib/fxgl/fxgl-17.1-uber.jar!/fxglassets/ui/fonts/VarelaRound-Regular.ttf
21:41:15.516 [FXGL Background Thread 4 ] DEBUG FXGLAssetLoaderServi - Loading from file system: jar:file:/D:/Lucca/Java-lib/fxgl/fxgl-17.1-uber.jar!/fxglassets/ui/fonts/Abel-Regular.ttf
21:41:15.525 [FXGL Background Thread 4 ] DEBUG FXGLAssetLoaderServi - Loading from file system: jar:file:/D:/Lucca/Java-lib/fxgl/fxgl-17.1-uber.jar!/fxglassets/ui/fonts/TerminalLandMono-Regular.otf
21:41:15.532 [FXGL Background Thread 4 ] DEBUG FXGLAssetLoaderServi - Loading from file system: jar:file:/D:/Lucca/Java-lib/fxgl/fxgl-17.1-uber.jar!/fxglassets/ui/fonts/Courier-Prime.ttf
21:41:15.554 [JavaFX Application Thread] DEBUG AudioPlayer          - Playing music com.almasb.fxgl.audio.Music@8c76d78
21:41:15.554 [JavaFX Application Thread] DEBUG FXGLAssetLoaderServi - Loading from file system: jar:file:/D:/Lucca/Java-lib/fxgl/fxgl-17.1-uber.jar!/fxglassets/textures/fxgl_icon.png
21:41:15.575 [JavaFX Application Thread] DEBUG FXGLAssetLoaderServi - Loading from file system: jar:file:/D:/Lucca/Java-lib/fxgl/fxgl-17.1-uber.jar!/fxglassets/textures/fxgl_default_cursor.png
21:41:15.579 [JavaFX Application Thread] DEBUG Input                - Registered new binding: Screenshot - CTRL+8
21:41:15.580 [JavaFX Application Thread] DEBUG Input                - Registered new binding: System info dump - CTRL+9
21:41:15.580 [JavaFX Application Thread] DEBUG Input                - Registered new binding: Restart - CTRL+R
21:41:15.581 [JavaFX Application Thread] DEBUG Input                - Registered new binding: Toggle Debug Camera - CTRL+7
21:41:15.583 [JavaFX Application Thread] DEBUG LoopRunner           - Starting loop
21:41:15.583 [JavaFX Application Thread] DEBUG LoopRunner           - Initializing JavaFX AnimationTimerLoop
21:41:15.584 [JavaFX Application Thread] DEBUG GameApplicationServi - Starting new game
21:41:15.585 [JavaFX Application Thread] DEBUG Input                - Clearing active input actions
21:41:15.600 [JavaFX Application Thread] DEBUG GameApplicationServi - Removing overlay from FXGLStartupScene and adding to FXGLLoadingScene
21:41:15.600 [JavaFX Application Thread] DEBUG PrimaryStageWindow   - FXGLStartupScene -> FXGLLoadingScene
21:41:15.600 [JavaFX Application Thread] DEBUG GameApplicationServi - Clearing previous game
21:41:15.600 [JavaFX Application Thread] DEBUG GameScene            - Clearing game scene
21:41:15.600 [JavaFX Application Thread] DEBUG GameWorld            - Clearing game world
21:41:15.600 [JavaFX Application Thread] DEBUG PhysicsWorld         - Clearing physics world
21:41:15.603 [JavaFX Application Thread] DEBUG FXGLApplication      - Registering font factories with UI factory
21:41:15.602 [FXGL Background Thread 4 ] DEBUG FXGLApplication      - Initializing game
21:41:15.652 [FXGL Background Thread 4 ] WARN  TMXLevelLoader       - TiledMap generated from 1.8.4. Supported version: 1.4.2. Some features may not be parsed fully.
21:41:15.682 [FXGL Background Thread 4 ] DEBUG TMXLevelLoader       - Parsed TiledMap: file:/C:/Users/lucca/git/giocoInformatica3/bin/assets/levels/tmx/level1.tmx
21:41:15.683 [FXGL Background Thread 4 ] DEBUG TMXLevelLoader       - Creating tile layer entities
21:41:15.685 [FXGL Background Thread 4 ] DEBUG TilesetLoader        - Loading view for layer Terreno
21:41:15.734 [FXGL Background Thread 4 ] DEBUG TilesetLoader        - Created buffer with size 4900.0x5600.0
21:41:15.762 [FXGL Background Thread 4 ] DEBUG TilesetLoader        - Loading view for layer Decorazioni
21:41:15.817 [FXGL Background Thread 4 ] DEBUG TilesetLoader        - Created buffer with size 4900.0x5600.0
21:41:15.830 [FXGL Background Thread 4 ] DEBUG TilesetLoader        - Loading view for layer Piattaforme
21:41:15.891 [FXGL Background Thread 4 ] DEBUG TilesetLoader        - Created buffer with size 4900.0x5600.0
21:41:15.896 [FXGL Background Thread 4 ] DEBUG TilesetLoader        - Loading view for layer Spine
21:41:15.946 [FXGL Background Thread 4 ] DEBUG TilesetLoader        - Created buffer with size 4900.0x5600.0
21:41:15.948 [FXGL Background Thread 4 ] DEBUG TMXLevelLoader       - Creating object layer entities
21:41:15.972 [FXGL Background Thread 4 ] DEBUG FXGLAssetLoaderServi - Loading from file system: file:/C:/Users/lucca/git/giocoInformatica3/bin/assets/textures/box.png
21:41:16.028 [FXGL Background Thread 4 ] DEBUG FXGLAssetLoaderServi - Loading from file system: file:/C:/Users/lucca/git/giocoInformatica3/bin/assets/textures/enemies/Skeleton/Idle.png
21:41:16.038 [FXGL Background Thread 4 ] DEBUG FXGLAssetLoaderServi - Loading from file system: file:/C:/Users/lucca/git/giocoInformatica3/bin/assets/textures/enemies/Skeleton/Walk.png
21:41:16.053 [FXGL Background Thread 4 ] DEBUG FXGLAssetLoaderServi - Loading from file system: file:/C:/Users/lucca/git/giocoInformatica3/bin/assets/textures/enemies/Skeleton/Attack.png
21:41:16.062 [FXGL Background Thread 4 ] DEBUG FXGLAssetLoaderServi - Loading from file system: file:/C:/Users/lucca/git/giocoInformatica3/bin/assets/textures/bonfire.png
21:41:16.063 [FXGL Background Thread 4 ] DEBUG FXGLAssetLoaderServi - Loading from file system: file:/C:/Users/lucca/git/giocoInformatica3/bin/assets/textures/bonfire_animation.png
21:41:16.068 [FXGL Background Thread 4 ] DEBUG GameWorld            - Clearing removable entities
21:41:16.069 [FXGL Background Thread 4 ] DEBUG GameWorld            - Setting level: com.almasb.fxgl.entity.level.Level@6feab513
21:41:16.088 [FXGL Background Thread 4 ] DEBUG FXGLAssetLoaderServi - Loading from file system: file:/C:/Users/lucca/git/giocoInformatica3/bin/assets/textures/player/_Idle.png
21:41:16.091 [FXGL Background Thread 4 ] DEBUG FXGLAssetLoaderServi - Loading from file system: file:/C:/Users/lucca/git/giocoInformatica3/bin/assets/textures/player/_Run.png
21:41:16.094 [FXGL Background Thread 4 ] DEBUG FXGLAssetLoaderServi - Loading from file system: file:/C:/Users/lucca/git/giocoInformatica3/bin/assets/textures/player/_Jump.png
21:41:16.095 [FXGL Background Thread 4 ] DEBUG FXGLAssetLoaderServi - Loading from file system: file:/C:/Users/lucca/git/giocoInformatica3/bin/assets/textures/player/_Fall.png
21:41:16.096 [FXGL Background Thread 4 ] DEBUG FXGLAssetLoaderServi - Loading from file system: file:/C:/Users/lucca/git/giocoInformatica3/bin/assets/textures/player/_WallSlide.png
21:41:16.097 [FXGL Background Thread 4 ] DEBUG FXGLAssetLoaderServi - Loading from file system: file:/C:/Users/lucca/git/giocoInformatica3/bin/assets/textures/player/_Attack.png
21:41:16.100 [FXGL Background Thread 4 ] DEBUG FXGLAssetLoaderServi - Loading from file system: file:/C:/Users/lucca/git/giocoInformatica3/bin/assets/textures/background/forest.png
21:41:16.133 [FXGL Background Thread 4 ] DEBUG FXGLAssetLoaderServi - Loading from file system: file:/C:/Users/lucca/git/giocoInformatica3/bin/assets/textures/health/full_health.png
21:41:16.134 [FXGL Background Thread 4 ] INFO  FXGLApplication      - Game initialization took: 0,531 sec
21:41:16.134 [JavaFX Application Thread] DEBUG Input                - Clearing active input actions
21:41:16.143 [JavaFX Application Thread] DEBUG GameApplicationServi - Removing overlay from FXGLLoadingScene and adding to GameScene
21:41:16.143 [JavaFX Application Thread] DEBUG PrimaryStageWindow   - FXGLLoadingScene -> GameScene
21:41:18.388 [FXGL Background Thread 3 ] DEBUG Engine               - Logging environment variables
21:41:18.388 [FXGL Background Thread 3 ] DEBUG Engine               - achievements: []
21:41:18.388 [FXGL Background Thread 3 ] DEBUG Engine               - actualHeight: 900.0
21:41:18.388 [FXGL Background Thread 3 ] DEBUG Engine               - actualHeightProperty: ReadOnlyDoubleProperty [value: 900.0]
21:41:18.388 [FXGL Background Thread 3 ] DEBUG Engine               - actualWidth: 1280.0
21:41:18.388 [FXGL Background Thread 3 ] DEBUG Engine               - actualWidthProperty: ReadOnlyDoubleProperty [value: 1280.0]
21:41:18.388 [FXGL Background Thread 3 ] DEBUG Engine               - appIcon: fxgl_icon.png
21:41:18.389 [FXGL Background Thread 3 ] DEBUG Engine               - applicationMode: DEVELOPER
21:41:18.389 [FXGL Background Thread 3 ] DEBUG Engine               - cSSList: [fxgl_dark.css]
21:41:18.389 [FXGL Background Thread 3 ] DEBUG Engine               - collisionDetectionStrategy: BRUTE_FORCE
21:41:18.389 [FXGL Background Thread 3 ] DEBUG Engine               - configClass: Optional.empty
21:41:18.389 [FXGL Background Thread 3 ] DEBUG Engine               - credits: []
21:41:18.389 [FXGL Background Thread 3 ] DEBUG Engine               - defaultCursor: CursorInfo(imageName=fxgl_default_cursor.png, hotspotX=7.0, hotspotY=6.0)
21:41:18.389 [FXGL Background Thread 3 ] DEBUG Engine               - devBBoxColorProperty: ObjectProperty [value: 0xff0000ff]
21:41:18.389 [FXGL Background Thread 3 ] DEBUG Engine               - devEnableDebugCameraProperty: BooleanProperty [value: false]
21:41:18.389 [FXGL Background Thread 3 ] DEBUG Engine               - devSensorColorProperty: ObjectProperty [value: 0xffff00ff]
21:41:18.390 [FXGL Background Thread 3 ] DEBUG Engine               - devShowBBoxProperty: BooleanProperty [value: false]
21:41:18.390 [FXGL Background Thread 3 ] DEBUG Engine               - devShowPositionProperty: BooleanProperty [value: false]
21:41:18.390 [FXGL Background Thread 3 ] DEBUG Engine               - enabledMenuItems: []
21:41:18.390 [FXGL Background Thread 3 ] DEBUG Engine               - engineServices: [class com.almasb.fxgl.app.services.FXGLAssetLoaderService, class com.almasb.fxgl.app.FXGLApplication$GameApplicationService, class com.almasb.fxgl.app.services.FXGLDialogService, class com.almasb.fxgl.app.services.IOTaskExecutorService, class com.almasb.fxgl.io.FileSystemService, class com.almasb.fxgl.localization.LocalizationService, class com.almasb.fxgl.app.services.SystemBundleService, class com.almasb.fxgl.profile.SaveLoadService, class com.almasb.fxgl.ui.FXGLUIFactoryServiceProvider, class com.almasb.fxgl.ui.FXGLDialogFactoryServiceProvider, class com.almasb.fxgl.audio.AudioPlayer, class com.almasb.fxgl.notification.impl.NotificationServiceProvider, class com.almasb.fxgl.achievement.AchievementService, class com.almasb.fxgl.cutscene.CutsceneService, class com.almasb.fxgl.minigames.MiniGameService, class com.almasb.fxgl.net.NetService, class com.almasb.fxgl.app.services.UpdaterService, class com.almasb.fxgl.dev.DevService]
21:41:18.390 [FXGL Background Thread 3 ] DEBUG Engine               - fontGame: Abel-Regular.ttf
21:41:18.390 [FXGL Background Thread 3 ] DEBUG Engine               - fontMono: TerminalLandMono-Regular.otf
21:41:18.390 [FXGL Background Thread 3 ] DEBUG Engine               - fontText: Courier-Prime.ttf
21:41:18.390 [FXGL Background Thread 3 ] DEBUG Engine               - fontUI: VarelaRound-Regular.ttf
21:41:18.390 [FXGL Background Thread 3 ] DEBUG Engine               - fullScreen: BooleanProperty [value: false]
21:41:18.390 [FXGL Background Thread 3 ] DEBUG Engine               - gameDifficulty: MEDIUM
21:41:18.390 [FXGL Background Thread 3 ] DEBUG Engine               - gameDifficultyProperty: ObjectProperty [value: MEDIUM]
21:41:18.390 [FXGL Background Thread 3 ] DEBUG Engine               - globalMusicVolume: 0.5
21:41:18.390 [FXGL Background Thread 3 ] DEBUG Engine               - globalMusicVolumeProperty: DoubleProperty [value: 0.25]
21:41:18.390 [FXGL Background Thread 3 ] DEBUG Engine               - globalSoundVolume: 0.5
21:41:18.391 [FXGL Background Thread 3 ] DEBUG Engine               - globalSoundVolumeProperty: DoubleProperty [value: 0.5]
21:41:18.391 [FXGL Background Thread 3 ] DEBUG Engine               - height: 900
21:41:18.391 [FXGL Background Thread 3 ] DEBUG Engine               - is3D: false
21:41:18.391 [FXGL Background Thread 3 ] DEBUG Engine               - isAndroid: false
21:41:18.391 [FXGL Background Thread 3 ] DEBUG Engine               - isBrowser: false
21:41:18.391 [FXGL Background Thread 3 ] DEBUG Engine               - isClickFeedbackEnabled: false
21:41:18.391 [FXGL Background Thread 3 ] DEBUG Engine               - isCloseConfirmation: false
21:41:18.391 [FXGL Background Thread 3 ] DEBUG Engine               - isDesktop: true
21:41:18.391 [FXGL Background Thread 3 ] DEBUG Engine               - isDeveloperMenuEnabled: false
21:41:18.391 [FXGL Background Thread 3 ] DEBUG Engine               - isEmbedded: false
21:41:18.391 [FXGL Background Thread 3 ] DEBUG Engine               - isEntityPreloadEnabled: true
21:41:18.391 [FXGL Background Thread 3 ] DEBUG Engine               - isExperimentalTiledLargeMap: false
21:41:18.392 [FXGL Background Thread 3 ] DEBUG Engine               - isFileSystemWriteAllowed: true
21:41:18.392 [FXGL Background Thread 3 ] DEBUG Engine               - isFullScreenAllowed: false
21:41:18.392 [FXGL Background Thread 3 ] DEBUG Engine               - isFullScreenFromStart: false
21:41:18.392 [FXGL Background Thread 3 ] DEBUG Engine               - isGameMenuEnabled: true
21:41:18.392 [FXGL Background Thread 3 ] DEBUG Engine               - isIOS: false
21:41:18.392 [FXGL Background Thread 3 ] DEBUG Engine               - isIntroEnabled: false
21:41:18.392 [FXGL Background Thread 3 ] DEBUG Engine               - isLinux: false
21:41:18.392 [FXGL Background Thread 3 ] DEBUG Engine               - isMac: false
21:41:18.392 [FXGL Background Thread 3 ] DEBUG Engine               - isMainMenuEnabled: false
21:41:18.392 [FXGL Background Thread 3 ] DEBUG Engine               - isManualResizeEnabled: false
21:41:18.392 [FXGL Background Thread 3 ] DEBUG Engine               - isMobile: false
21:41:18.392 [FXGL Background Thread 3 ] DEBUG Engine               - isNative: false
21:41:18.392 [FXGL Background Thread 3 ] DEBUG Engine               - isPauseMusicWhenMinimized: true
21:41:18.392 [FXGL Background Thread 3 ] DEBUG Engine               - isPreserveResizeRatio: false
21:41:18.392 [FXGL Background Thread 3 ] DEBUG Engine               - isProfilingEnabled: false
21:41:18.392 [FXGL Background Thread 3 ] DEBUG Engine               - isScaleAffectedOnResize: true
21:41:18.392 [FXGL Background Thread 3 ] DEBUG Engine               - isSingleStep: false
21:41:18.393 [FXGL Background Thread 3 ] DEBUG Engine               - isUserProfileEnabled: false
21:41:18.393 [FXGL Background Thread 3 ] DEBUG Engine               - isWindows: true
21:41:18.393 [FXGL Background Thread 3 ] DEBUG Engine               - language: ObjectProperty [value: ENGLISH]
21:41:18.393 [FXGL Background Thread 3 ] DEBUG Engine               - menuKey: ESCAPE
21:41:18.393 [FXGL Background Thread 3 ] DEBUG Engine               - mouseSensitivity: 0.2
21:41:18.393 [FXGL Background Thread 3 ] DEBUG Engine               - notificationViewClass: class com.almasb.fxgl.notification.view.XboxNotificationView
21:41:18.393 [FXGL Background Thread 3 ] DEBUG Engine               - pixelsPerMeter: 50.0
21:41:18.393 [FXGL Background Thread 3 ] DEBUG Engine               - platform: WINDOWS
21:41:18.393 [FXGL Background Thread 3 ] DEBUG Engine               - prefHeightProperty: ReadOnlyDoubleProperty [value: 900.0]
21:41:18.393 [FXGL Background Thread 3 ] DEBUG Engine               - prefWidthProperty: ReadOnlyDoubleProperty [value: 1280.0]
21:41:18.394 [FXGL Background Thread 3 ] DEBUG Engine               - profileDir: profiles/
21:41:18.394 [FXGL Background Thread 3 ] DEBUG Engine               - profileName: StringProperty [value: DEFAULT]
21:41:18.394 [FXGL Background Thread 3 ] DEBUG Engine               - randomSeed: -1
21:41:18.394 [FXGL Background Thread 3 ] DEBUG Engine               - runtimeInfo: RuntimeInfo(platform=WINDOWS, version=17.1, build=24.03.2022 17.39)
21:41:18.394 [FXGL Background Thread 3 ] DEBUG Engine               - saveFileExt: sav
21:41:18.394 [FXGL Background Thread 3 ] DEBUG Engine               - scaledHeightProp$fxgl: DoubleProperty [bound, value: 900.0]
21:41:18.394 [FXGL Background Thread 3 ] DEBUG Engine               - scaledWidthProp$fxgl: DoubleProperty [bound, value: 1280.0]
21:41:18.394 [FXGL Background Thread 3 ] DEBUG Engine               - sceneFactory: com.almasb.fxgl.app.scene.SceneFactory@52b160f5
21:41:18.394 [FXGL Background Thread 3 ] DEBUG Engine               - secondsIn24h: 60
21:41:18.394 [FXGL Background Thread 3 ] DEBUG Engine               - soundMenuBack: menu/back.wav
21:41:18.394 [FXGL Background Thread 3 ] DEBUG Engine               - soundMenuPress: menu/press.wav
21:41:18.395 [FXGL Background Thread 3 ] DEBUG Engine               - soundMenuSelect: menu/select.wav
21:41:18.395 [FXGL Background Thread 3 ] DEBUG Engine               - soundNotification: core/notification.wav
21:41:18.395 [FXGL Background Thread 3 ] DEBUG Engine               - stageStyle: DECORATED
21:41:18.395 [FXGL Background Thread 3 ] DEBUG Engine               - supportedLanguages: [ENGLISH, FRENCH, GERMAN, HUNGARIAN, RUSSIAN]
21:41:18.395 [FXGL Background Thread 3 ] DEBUG Engine               - ticksPerSecond: -1
21:41:18.395 [FXGL Background Thread 3 ] DEBUG Engine               - title: platformer
21:41:18.395 [FXGL Background Thread 3 ] DEBUG Engine               - urlGithub: https://github.com/AlmasB/FXGL
21:41:18.395 [FXGL Background Thread 3 ] DEBUG Engine               - urlLeaderboard: http://fxgl-top.herokuapp.com/
21:41:18.395 [FXGL Background Thread 3 ] DEBUG Engine               - urlPOM: https://raw.githubusercontent.com/AlmasB/FXGL/release/README.md
21:41:18.395 [FXGL Background Thread 3 ] DEBUG Engine               - userAppClass: class game.PlatformerApp
21:41:18.395 [FXGL Background Thread 3 ] DEBUG Engine               - version: 0.0
21:41:18.395 [FXGL Background Thread 3 ] DEBUG Engine               - versionCheckDays: 7
21:41:18.395 [FXGL Background Thread 3 ] DEBUG Engine               - width: 1280
21:41:18.395 [FXGL Background Thread 3 ] DEBUG Engine               - Logging services
21:41:18.395 [FXGL Background Thread 3 ] DEBUG Engine               - class com.almasb.fxgl.app.services.FXGLAssetLoaderService
21:41:18.396 [FXGL Background Thread 3 ] DEBUG Engine               - class com.almasb.fxgl.app.FXGLApplication$GameApplicationService
21:41:18.396 [FXGL Background Thread 3 ] DEBUG Engine               - class com.almasb.fxgl.app.services.FXGLDialogService
21:41:18.396 [FXGL Background Thread 3 ] DEBUG Engine               - class com.almasb.fxgl.app.services.IOTaskExecutorService
21:41:18.396 [FXGL Background Thread 3 ] DEBUG Engine               - class com.almasb.fxgl.io.FileSystemService
21:41:18.396 [FXGL Background Thread 3 ] DEBUG Engine               - class com.almasb.fxgl.localization.LocalizationService
21:41:18.396 [FXGL Background Thread 3 ] DEBUG Engine               - class com.almasb.fxgl.app.services.SystemBundleService
21:41:18.396 [FXGL Background Thread 3 ] DEBUG Engine               - class com.almasb.fxgl.profile.SaveLoadService
21:41:18.396 [FXGL Background Thread 3 ] DEBUG Engine               - class com.almasb.fxgl.ui.FXGLUIFactoryServiceProvider
21:41:18.396 [FXGL Background Thread 3 ] DEBUG Engine               - class com.almasb.fxgl.ui.FXGLDialogFactoryServiceProvider
21:41:18.396 [FXGL Background Thread 3 ] DEBUG Engine               - class com.almasb.fxgl.audio.AudioPlayer
21:41:18.396 [FXGL Background Thread 3 ] DEBUG Engine               - class com.almasb.fxgl.notification.impl.NotificationServiceProvider
21:41:18.396 [FXGL Background Thread 3 ] DEBUG Engine               - class com.almasb.fxgl.achievement.AchievementService
21:41:18.396 [FXGL Background Thread 3 ] DEBUG Engine               - class com.almasb.fxgl.cutscene.CutsceneService
21:41:18.396 [FXGL Background Thread 3 ] DEBUG Engine               - class com.almasb.fxgl.minigames.MiniGameService
21:41:18.396 [FXGL Background Thread 3 ] DEBUG Engine               - class com.almasb.fxgl.net.NetService
21:41:18.396 [FXGL Background Thread 3 ] DEBUG Engine               - class com.almasb.fxgl.app.services.UpdaterService
21:41:18.396 [FXGL Background Thread 3 ] DEBUG Engine               - class com.almasb.fxgl.dev.DevService
21:41:22.068 [JavaFX Application Thread] DEBUG FXGLApplication      - Exiting FXGL
21:41:22.068 [JavaFX Application Thread] DEBUG LoopRunner           - Stopping loop
21:41:22.068 [JavaFX Application Thread] DEBUG SystemBundleService  - Saving FXGL system data
21:41:22.069 [JavaFX Application Thread] DEBUG FileSystemAccess     - Writing to: C:\Users\lucca\git\giocoInformatica3\system\fxgl.bundle
21:41:22.071 [JavaFX Application Thread] DEBUG Async                - Shutting down background threads
21:41:22.071 [JavaFX Application Thread] DEBUG PrimaryStageWindow   - Closing main window
21:41:22.077 [JavaFX Application Thread] DEBUG Logger               - Closing Logger
