17:29:58.319 [main                     ] DEBUG Logger               - Configured Logger
17:29:58.406 [main                     ] DEBUG GameApplication      - Logging settings
Title: platformer
Version: 0.0
Width: 1920
Height: 1080
Fullscreen: false
Intro: false
Profiling: false
Single step:false
App Mode: DEVELOPER
Menu Key: ESCAPE
Stage Style: DECORATED
Scene Factory: class game.PlatformerApp$1

17:29:59.306 [JavaFX Application Thread] DEBUG FXGLApplication      - Initializing FXGL
17:29:59.316 [JavaFX Application Thread] INFO  Engine               - FXGL-17.1 (24.03.2022 17.39) on WINDOWS (J:17.0.2 FX:18)
17:29:59.318 [JavaFX Application Thread] DEBUG Engine               - JRE Vendor Name: Eclipse Adoptium
17:29:59.320 [JavaFX Application Thread] DEBUG Engine               - Running on OS: Windows 10 version 10.0
17:29:59.321 [JavaFX Application Thread] DEBUG Engine               - Architecture: amd64
17:29:59.321 [JavaFX Application Thread] INFO  Engine               - Source code and latest versions at: https://github.com/AlmasB/FXGL
17:29:59.321 [JavaFX Application Thread] INFO  Engine               -       Ask questions and discuss at: https://github.com/AlmasB/FXGL/discussions
17:29:59.322 [JavaFX Application Thread] INFO  Engine               -              Join the FXGL chat at: https://gitter.im/AlmasB/FXGL
17:29:59.505 [JavaFX Application Thread] DEBUG PrimaryStageWindow   - Creating a JavaFX scene
17:29:59.506 [JavaFX Application Thread] DEBUG PrimaryStageWindow   - Target size > screen size
17:29:59.579 [JavaFX Application Thread] DEBUG PrimaryStageWindow   - Target settings size: 1920.0 x 1080.0
17:29:59.581 [JavaFX Application Thread] DEBUG PrimaryStageWindow   - Scaled scene size:    1269.0 x 727.0
17:29:59.582 [JavaFX Application Thread] DEBUG PrimaryStageWindow   - Scaled ratio: (0.6609375, 0.6731481481481482)
17:29:59.583 [JavaFX Application Thread] DEBUG PrimaryStageWindow   - Set initial scene to FXGLStartupScene
17:29:59.600 [JavaFX Application Thread] DEBUG PrimaryStageWindow   - Opening main window
17:29:59.775 [JavaFX Application Thread] DEBUG PrimaryStageWindow   - Window border size: (16.0, 39.0)
17:29:59.776 [JavaFX Application Thread] DEBUG PrimaryStageWindow   - Scaled size: 1269.0 x 727.0
17:29:59.776 [JavaFX Application Thread] DEBUG PrimaryStageWindow   - Scaled ratio: (0.6609375, 0.6731481481481482)
17:29:59.777 [JavaFX Application Thread] DEBUG PrimaryStageWindow   - Scene size: 1269.0 x 727.0
17:29:59.777 [JavaFX Application Thread] DEBUG PrimaryStageWindow   - Stage size: 1285.0 x 766.0
17:29:59.853 [FXGL Background Thread 1 ] DEBUG Engine               - Initializing environment variables
17:29:59.965 [FXGL Background Thread 1 ] DEBUG FXGLAssetLoaderServi - User app class for loading assets: class game.PlatformerApp
17:29:59.966 [FXGL Background Thread 1 ] DEBUG GameApplicationServi - Applying CSS: fxgl_dark.css
17:29:59.967 [FXGL Background Thread 1 ] DEBUG FXGLAssetLoaderServi - Loading from file system: jar:file:/C:/jav/fxgl-17.1-uber.jar!/fxglassets/ui/css/fxgl_dark.css
17:30:00.063 [FXGL Background Thread 1 ] DEBUG GameApplicationServi - Initializing application scenes
17:30:00.320 [FXGL Background Thread 1 ] DEBUG GameWorld            - Game world initialized
17:30:00.402 [FXGL Background Thread 1 ] DEBUG PhysicsWorld         - Physics world initialized: appHeight=1080, physics.ppm=50,0
17:30:00.402 [FXGL Background Thread 1 ] DEBUG PhysicsWorld         - Using strategy: BRUTE_FORCE
17:30:00.414 [FXGL Background Thread 1 ] DEBUG GameScene            - Game scene initialized: 1920x1080
17:30:00.533 [FXGL Background Thread 1 ] DEBUG GameApplicationServi - Application scenes initialized
17:30:00.573 [FXGL Background Thread 1 ] DEBUG SystemBundleService  - Loading FXGL system data
17:30:00.586 [FXGL Background Thread 1 ] DEBUG FileSystemAccess     - Reading from: C:\Users\G\git\giocoInformatica_final_sulSerio\system\fxgl.bundle
17:30:00.604 [FXGL Background Thread 1 ] DEBUG SystemBundleService  - Bundle FXGL: {}
17:30:00.604 [FXGL Background Thread 1 ] DEBUG UpdaterService       - Checking for updates
17:30:00.744 [FXGL Background Thread 1 ] DEBUG FXGLApplication      - Loading default localization
17:30:00.745 [FXGL Background Thread 1 ] DEBUG FXGLAssetLoaderServi - Loading from file system: jar:file:/C:/jav/fxgl-17.1-uber.jar!/fxglassets/languages/english.lang
17:30:00.795 [FXGL Background Thread 1 ] INFO  FXGLApplication      - FXGL initialization took: 0,942 sec
17:30:00.803 [FXGL Background Thread 4 ] DEBUG FXGLApplication      - Loading fonts
17:30:00.804 [FXGL Background Thread 4 ] DEBUG FXGLAssetLoaderServi - Loading from file system: jar:file:/C:/jav/fxgl-17.1-uber.jar!/fxglassets/ui/fonts/VarelaRound-Regular.ttf
17:30:00.810 [JavaFX Application Thread] DEBUG Input                - Registered new binding: Left - A
17:30:00.811 [JavaFX Application Thread] DEBUG Input                - Registered new binding: Right - D
17:30:00.812 [JavaFX Application Thread] DEBUG Input                - Registered new binding: Jump - Space
17:30:00.812 [JavaFX Application Thread] DEBUG Input                - Registered new binding: Attack - F
17:30:00.812 [JavaFX Application Thread] DEBUG Input                - Registered new binding: menu dev - P
17:30:00.813 [JavaFX Application Thread] DEBUG Input                - Registered new binding: interact - E
17:30:00.815 [JavaFX Application Thread] DEBUG FXGLAssetLoaderServi - Loading from file system: file:/C:/Users/G/git/giocoInformatica_final_sulSerio/bin/assets/music/BGM_dash_runner.wav
17:30:01.249 [JavaFX Application Thread] DEBUG AudioPlayer          - Playing music com.almasb.fxgl.audio.Music@7f8f3113
17:30:01.249 [JavaFX Application Thread] DEBUG PhysicsWorld         - Clearing physics world
17:30:01.250 [JavaFX Application Thread] DEBUG FXGLAssetLoaderServi - Loading from file system: jar:file:/C:/jav/fxgl-17.1-uber.jar!/fxglassets/textures/fxgl_icon.png
17:30:01.334 [JavaFX Application Thread] DEBUG FXGLAssetLoaderServi - Loading from file system: jar:file:/C:/jav/fxgl-17.1-uber.jar!/fxglassets/textures/fxgl_default_cursor.png
17:30:01.337 [JavaFX Application Thread] DEBUG Input                - Registered new binding: Screenshot - CTRL+8
17:30:01.338 [JavaFX Application Thread] DEBUG Input                - Registered new binding: Dev Options - 1
17:30:01.339 [JavaFX Application Thread] DEBUG Input                - Registered new binding: Dev Console - 2
17:30:01.340 [JavaFX Application Thread] DEBUG Input                - Registered new binding: System info dump - CTRL+9
17:30:01.340 [JavaFX Application Thread] DEBUG Input                - Registered new binding: Restart - CTRL+R
17:30:01.342 [JavaFX Application Thread] DEBUG Input                - Registered new binding: Toggle Debug Camera - CTRL+7
17:30:01.352 [JavaFX Application Thread] DEBUG LoopRunner           - Starting loop
17:30:01.391 [JavaFX Application Thread] DEBUG LoopRunner           - Initializing JavaFX AnimationTimerLoop
17:30:01.399 [JavaFX Application Thread] DEBUG Input                - Clearing active input actions
17:30:01.431 [JavaFX Application Thread] DEBUG GameApplicationServi - Removing overlay from FXGLStartupScene and adding to FXGLMainMenuDummyScene
17:30:01.440 [JavaFX Application Thread] DEBUG PrimaryStageWindow   - FXGLStartupScene -> FXGLMainMenuDummyScene
17:30:01.441 [JavaFX Application Thread] DEBUG PrimaryStageWindow   - Push state: PlatformerMainMenu
17:30:01.441 [JavaFX Application Thread] DEBUG Input                - Clearing active input actions
17:30:01.448 [JavaFX Application Thread] DEBUG GameApplicationServi - Removing overlay from FXGLMainMenuDummyScene and adding to PlatformerMainMenu
17:30:01.449 [JavaFX Application Thread] DEBUG PrimaryStageWindow   - FXGLMainMenuDummyScene -> PlatformerMainMenu
17:30:02.035 [FXGL Background Thread 4 ] DEBUG FXGLAssetLoaderServi - Loading from file system: jar:file:/C:/jav/fxgl-17.1-uber.jar!/fxglassets/ui/fonts/Abel-Regular.ttf
17:30:02.051 [FXGL Background Thread 4 ] DEBUG FXGLAssetLoaderServi - Loading from file system: jar:file:/C:/jav/fxgl-17.1-uber.jar!/fxglassets/ui/fonts/TerminalLandMono-Regular.otf
17:30:02.071 [FXGL Background Thread 4 ] DEBUG FXGLAssetLoaderServi - Loading from file system: jar:file:/C:/jav/fxgl-17.1-uber.jar!/fxglassets/ui/fonts/Courier-Prime.ttf
17:30:02.352 [JavaFX Application Thread] DEBUG FXGLApplication      - Registering font factories with UI factory
17:30:03.738 [FXGL Background Thread 3 ] DEBUG Engine               - Logging environment variables
17:30:03.739 [FXGL Background Thread 3 ] DEBUG Engine               - achievements: []
17:30:03.741 [FXGL Background Thread 3 ] DEBUG Engine               - actualHeight: 727.0
17:30:03.742 [FXGL Background Thread 3 ] DEBUG Engine               - actualHeightProperty: ReadOnlyDoubleProperty [value: 727.0]
17:30:03.743 [FXGL Background Thread 3 ] DEBUG Engine               - actualWidth: 1269.0
17:30:03.744 [FXGL Background Thread 3 ] DEBUG Engine               - actualWidthProperty: ReadOnlyDoubleProperty [value: 1269.0]
17:30:03.746 [FXGL Background Thread 3 ] DEBUG Engine               - appIcon: fxgl_icon.png
17:30:03.746 [FXGL Background Thread 3 ] DEBUG Engine               - applicationMode: DEVELOPER
17:30:03.746 [FXGL Background Thread 3 ] DEBUG Engine               - cSSList: [fxgl_dark.css]
17:30:03.747 [FXGL Background Thread 3 ] DEBUG Engine               - collisionDetectionStrategy: BRUTE_FORCE
17:30:03.748 [FXGL Background Thread 3 ] DEBUG Engine               - configClass: Optional.empty
17:30:03.748 [FXGL Background Thread 3 ] DEBUG Engine               - credits: []
17:30:03.756 [FXGL Background Thread 3 ] DEBUG Engine               - defaultCursor: CursorInfo(imageName=fxgl_default_cursor.png, hotspotX=7.0, hotspotY=6.0)
17:30:03.757 [FXGL Background Thread 3 ] DEBUG Engine               - devBBoxColorProperty: ObjectProperty [value: 0xff0000ff]
17:30:03.757 [FXGL Background Thread 3 ] DEBUG Engine               - devEnableDebugCameraProperty: BooleanProperty [value: false]
17:30:03.761 [FXGL Background Thread 3 ] DEBUG Engine               - devSensorColorProperty: ObjectProperty [value: 0xffff00ff]
17:30:03.761 [FXGL Background Thread 3 ] DEBUG Engine               - devShowBBoxProperty: BooleanProperty [value: false]
17:30:03.762 [FXGL Background Thread 3 ] DEBUG Engine               - devShowPositionProperty: BooleanProperty [value: false]
17:30:03.762 [FXGL Background Thread 3 ] DEBUG Engine               - enabledMenuItems: []
17:30:03.763 [FXGL Background Thread 3 ] DEBUG Engine               - engineServices: [class com.almasb.fxgl.app.services.FXGLAssetLoaderService, class com.almasb.fxgl.app.FXGLApplication$GameApplicationService, class com.almasb.fxgl.app.services.FXGLDialogService, class com.almasb.fxgl.app.services.IOTaskExecutorService, class com.almasb.fxgl.io.FileSystemService, class com.almasb.fxgl.localization.LocalizationService, class com.almasb.fxgl.app.services.SystemBundleService, class com.almasb.fxgl.profile.SaveLoadService, class com.almasb.fxgl.ui.FXGLUIFactoryServiceProvider, class com.almasb.fxgl.ui.FXGLDialogFactoryServiceProvider, class com.almasb.fxgl.audio.AudioPlayer, class com.almasb.fxgl.notification.impl.NotificationServiceProvider, class com.almasb.fxgl.achievement.AchievementService, class com.almasb.fxgl.cutscene.CutsceneService, class com.almasb.fxgl.minigames.MiniGameService, class com.almasb.fxgl.net.NetService, class com.almasb.fxgl.app.services.UpdaterService, class com.almasb.fxgl.dev.DevService]
17:30:03.763 [FXGL Background Thread 3 ] DEBUG Engine               - fontGame: Abel-Regular.ttf
17:30:03.763 [FXGL Background Thread 3 ] DEBUG Engine               - fontMono: TerminalLandMono-Regular.otf
17:30:03.764 [FXGL Background Thread 3 ] DEBUG Engine               - fontText: Courier-Prime.ttf
17:30:03.765 [FXGL Background Thread 3 ] DEBUG Engine               - fontUI: VarelaRound-Regular.ttf
17:30:03.765 [FXGL Background Thread 3 ] DEBUG Engine               - fullScreen: BooleanProperty [value: false]
17:30:03.765 [FXGL Background Thread 3 ] DEBUG Engine               - gameDifficulty: MEDIUM
17:30:03.766 [FXGL Background Thread 3 ] DEBUG Engine               - gameDifficultyProperty: ObjectProperty [value: MEDIUM]
17:30:03.766 [FXGL Background Thread 3 ] DEBUG Engine               - globalMusicVolume: 0.5
17:30:03.766 [FXGL Background Thread 3 ] DEBUG Engine               - globalMusicVolumeProperty: DoubleProperty [value: 0.25]
17:30:03.766 [FXGL Background Thread 3 ] DEBUG Engine               - globalSoundVolume: 0.5
17:30:03.766 [FXGL Background Thread 3 ] DEBUG Engine               - globalSoundVolumeProperty: DoubleProperty [value: 0.5]
17:30:03.766 [FXGL Background Thread 3 ] DEBUG Engine               - height: 1080
17:30:03.767 [FXGL Background Thread 3 ] DEBUG Engine               - is3D: false
17:30:03.767 [FXGL Background Thread 3 ] DEBUG Engine               - isAndroid: false
17:30:03.767 [FXGL Background Thread 3 ] DEBUG Engine               - isBrowser: false
17:30:03.768 [FXGL Background Thread 3 ] DEBUG Engine               - isClickFeedbackEnabled: false
17:30:03.768 [FXGL Background Thread 3 ] DEBUG Engine               - isCloseConfirmation: false
17:30:03.768 [FXGL Background Thread 3 ] DEBUG Engine               - isDesktop: true
17:30:03.769 [FXGL Background Thread 3 ] DEBUG Engine               - isDeveloperMenuEnabled: true
17:30:03.770 [FXGL Background Thread 3 ] DEBUG Engine               - isEmbedded: false
17:30:03.771 [FXGL Background Thread 3 ] DEBUG Engine               - isEntityPreloadEnabled: true
17:30:03.772 [FXGL Background Thread 3 ] DEBUG Engine               - isExperimentalTiledLargeMap: false
17:30:03.772 [FXGL Background Thread 3 ] DEBUG Engine               - isFileSystemWriteAllowed: true
17:30:03.772 [FXGL Background Thread 3 ] DEBUG Engine               - isFullScreenAllowed: false
17:30:03.772 [FXGL Background Thread 3 ] DEBUG Engine               - isFullScreenFromStart: false
17:30:03.772 [FXGL Background Thread 3 ] DEBUG Engine               - isGameMenuEnabled: true
17:30:03.773 [FXGL Background Thread 3 ] DEBUG Engine               - isIOS: false
17:30:03.774 [FXGL Background Thread 3 ] DEBUG Engine               - isIntroEnabled: false
17:30:03.775 [FXGL Background Thread 3 ] DEBUG Engine               - isLinux: false
17:30:03.775 [FXGL Background Thread 3 ] DEBUG Engine               - isMac: false
17:30:03.775 [FXGL Background Thread 3 ] DEBUG Engine               - isMainMenuEnabled: true
17:30:03.775 [FXGL Background Thread 3 ] DEBUG Engine               - isManualResizeEnabled: false
17:30:03.779 [FXGL Background Thread 3 ] DEBUG Engine               - isMobile: false
17:30:03.779 [FXGL Background Thread 3 ] DEBUG Engine               - isNative: false
17:30:03.780 [FXGL Background Thread 3 ] DEBUG Engine               - isPauseMusicWhenMinimized: true
17:30:03.782 [FXGL Background Thread 3 ] DEBUG Engine               - isPreserveResizeRatio: false
17:30:03.783 [FXGL Background Thread 3 ] DEBUG Engine               - isProfilingEnabled: false
17:30:03.786 [FXGL Background Thread 3 ] DEBUG Engine               - isScaleAffectedOnResize: true
17:30:03.786 [FXGL Background Thread 3 ] DEBUG Engine               - isSingleStep: false
17:30:03.787 [FXGL Background Thread 3 ] DEBUG Engine               - isUserProfileEnabled: false
17:30:03.787 [FXGL Background Thread 3 ] DEBUG Engine               - isWindows: true
17:30:03.787 [FXGL Background Thread 3 ] DEBUG Engine               - language: ObjectProperty [value: ENGLISH]
17:30:03.788 [FXGL Background Thread 3 ] DEBUG Engine               - menuKey: ESCAPE
17:30:03.788 [FXGL Background Thread 3 ] DEBUG Engine               - mouseSensitivity: 0.2
17:30:03.789 [FXGL Background Thread 3 ] DEBUG Engine               - notificationViewClass: class com.almasb.fxgl.notification.view.XboxNotificationView
17:30:03.790 [FXGL Background Thread 3 ] DEBUG Engine               - pixelsPerMeter: 50.0
17:30:03.790 [FXGL Background Thread 3 ] DEBUG Engine               - platform: WINDOWS
17:30:03.790 [FXGL Background Thread 3 ] DEBUG Engine               - prefHeightProperty: ReadOnlyDoubleProperty [value: 1080.0]
17:30:03.828 [FXGL Background Thread 3 ] DEBUG Engine               - prefWidthProperty: ReadOnlyDoubleProperty [value: 1920.0]
17:30:03.828 [FXGL Background Thread 3 ] DEBUG Engine               - profileDir: profiles/
17:30:03.828 [FXGL Background Thread 3 ] DEBUG Engine               - profileName: StringProperty [value: DEFAULT]
17:30:03.829 [FXGL Background Thread 3 ] DEBUG Engine               - randomSeed: -1
17:30:03.830 [FXGL Background Thread 3 ] DEBUG Engine               - runtimeInfo: RuntimeInfo(platform=WINDOWS, version=17.1, build=24.03.2022 17.39)
17:30:03.830 [FXGL Background Thread 3 ] DEBUG Engine               - saveFileExt: sav
17:30:03.831 [FXGL Background Thread 3 ] DEBUG Engine               - scaledHeightProp$fxgl: DoubleProperty [bound, value: 727.0]
17:30:03.831 [FXGL Background Thread 3 ] DEBUG Engine               - scaledWidthProp$fxgl: DoubleProperty [bound, value: 1269.0]
17:30:03.831 [FXGL Background Thread 3 ] DEBUG Engine               - sceneFactory: game.PlatformerApp$1@7c26f4dd
17:30:03.831 [FXGL Background Thread 3 ] DEBUG Engine               - secondsIn24h: 60
17:30:03.831 [FXGL Background Thread 3 ] DEBUG Engine               - soundMenuBack: menu/back.wav
17:30:03.831 [FXGL Background Thread 3 ] DEBUG Engine               - soundMenuPress: menu/press.wav
17:30:03.832 [FXGL Background Thread 3 ] DEBUG Engine               - soundMenuSelect: menu/select.wav
17:30:03.832 [FXGL Background Thread 3 ] DEBUG Engine               - soundNotification: core/notification.wav
17:30:03.832 [FXGL Background Thread 3 ] DEBUG Engine               - stageStyle: DECORATED
17:30:03.832 [FXGL Background Thread 3 ] DEBUG Engine               - supportedLanguages: [ENGLISH, FRENCH, GERMAN, HUNGARIAN, RUSSIAN]
17:30:03.832 [FXGL Background Thread 3 ] DEBUG Engine               - ticksPerSecond: -1
17:30:03.832 [FXGL Background Thread 3 ] DEBUG Engine               - title: platformer
17:30:03.833 [FXGL Background Thread 3 ] DEBUG Engine               - urlGithub: https://github.com/AlmasB/FXGL
17:30:03.833 [FXGL Background Thread 3 ] DEBUG Engine               - urlLeaderboard: http://fxgl-top.herokuapp.com/
17:30:03.833 [FXGL Background Thread 3 ] DEBUG Engine               - urlPOM: https://raw.githubusercontent.com/AlmasB/FXGL/release/README.md
17:30:03.833 [FXGL Background Thread 3 ] DEBUG Engine               - userAppClass: class game.PlatformerApp
17:30:03.833 [FXGL Background Thread 3 ] DEBUG Engine               - version: 0.0
17:30:03.833 [FXGL Background Thread 3 ] DEBUG Engine               - versionCheckDays: 7
17:30:03.834 [FXGL Background Thread 3 ] DEBUG Engine               - width: 1920
17:30:03.834 [FXGL Background Thread 3 ] DEBUG Engine               - Logging services
17:30:03.835 [FXGL Background Thread 3 ] DEBUG Engine               - class com.almasb.fxgl.app.services.FXGLAssetLoaderService
17:30:03.836 [FXGL Background Thread 3 ] DEBUG Engine               - class com.almasb.fxgl.app.FXGLApplication$GameApplicationService
17:30:03.836 [FXGL Background Thread 3 ] DEBUG Engine               - class com.almasb.fxgl.app.services.FXGLDialogService
17:30:03.836 [FXGL Background Thread 3 ] DEBUG Engine               - class com.almasb.fxgl.app.services.IOTaskExecutorService
17:30:03.836 [FXGL Background Thread 3 ] DEBUG Engine               - class com.almasb.fxgl.io.FileSystemService
17:30:03.836 [FXGL Background Thread 3 ] DEBUG Engine               - class com.almasb.fxgl.localization.LocalizationService
17:30:03.837 [FXGL Background Thread 3 ] DEBUG Engine               - class com.almasb.fxgl.app.services.SystemBundleService
17:30:03.837 [FXGL Background Thread 3 ] DEBUG Engine               - class com.almasb.fxgl.profile.SaveLoadService
17:30:03.837 [FXGL Background Thread 3 ] DEBUG Engine               - class com.almasb.fxgl.ui.FXGLUIFactoryServiceProvider
17:30:03.837 [FXGL Background Thread 3 ] DEBUG Engine               - class com.almasb.fxgl.ui.FXGLDialogFactoryServiceProvider
17:30:03.837 [FXGL Background Thread 3 ] DEBUG Engine               - class com.almasb.fxgl.audio.AudioPlayer
17:30:03.838 [FXGL Background Thread 3 ] DEBUG Engine               - class com.almasb.fxgl.notification.impl.NotificationServiceProvider
17:30:03.838 [FXGL Background Thread 3 ] DEBUG Engine               - class com.almasb.fxgl.achievement.AchievementService
17:30:03.838 [FXGL Background Thread 3 ] DEBUG Engine               - class com.almasb.fxgl.cutscene.CutsceneService
17:30:03.838 [FXGL Background Thread 3 ] DEBUG Engine               - class com.almasb.fxgl.minigames.MiniGameService
17:30:03.839 [FXGL Background Thread 3 ] DEBUG Engine               - class com.almasb.fxgl.net.NetService
17:30:03.839 [FXGL Background Thread 3 ] DEBUG Engine               - class com.almasb.fxgl.app.services.UpdaterService
17:30:03.839 [FXGL Background Thread 3 ] DEBUG Engine               - class com.almasb.fxgl.dev.DevService
17:30:04.719 [JavaFX Application Thread] DEBUG PrimaryStageWindow   - Push state: DialogSubScene
17:30:04.720 [JavaFX Application Thread] DEBUG Input                - Clearing active input actions
17:30:04.725 [JavaFX Application Thread] DEBUG GameApplicationServi - Removing overlay from PlatformerMainMenu and adding to DialogSubScene
17:30:04.751 [JavaFX Application Thread] DEBUG PrimaryStageWindow   - PlatformerMainMenu -> DialogSubScene
17:30:06.176 [JavaFX Application Thread] DEBUG PrimaryStageWindow   - Pop state: DialogSubScene
17:30:06.176 [JavaFX Application Thread] DEBUG Input                - Clearing active input actions
17:30:06.181 [JavaFX Application Thread] DEBUG GameApplicationServi - Removing overlay from DialogSubScene and adding to PlatformerMainMenu
17:30:06.189 [JavaFX Application Thread] DEBUG PrimaryStageWindow   - PlatformerMainMenu <- DialogSubScene
17:30:06.194 [JavaFX Application Thread] DEBUG Menu                 - fireNewGame()
17:30:06.195 [JavaFX Application Thread] DEBUG GameApplicationServi - Starting new game
17:30:06.195 [JavaFX Application Thread] DEBUG PrimaryStageWindow   - Pop state: PlatformerMainMenu
17:30:06.195 [JavaFX Application Thread] DEBUG Input                - Clearing active input actions
17:30:06.198 [JavaFX Application Thread] DEBUG GameApplicationServi - Removing overlay from PlatformerMainMenu and adding to FXGLMainMenuDummyScene
17:30:06.200 [JavaFX Application Thread] DEBUG PrimaryStageWindow   - FXGLMainMenuDummyScene <- PlatformerMainMenu
17:30:06.200 [JavaFX Application Thread] DEBUG Input                - Clearing active input actions
17:30:06.231 [JavaFX Application Thread] DEBUG GameApplicationServi - Removing overlay from FXGLMainMenuDummyScene and adding to FXGLLoadingScene
17:30:06.240 [JavaFX Application Thread] DEBUG PrimaryStageWindow   - FXGLMainMenuDummyScene -> FXGLLoadingScene
17:30:06.260 [JavaFX Application Thread] DEBUG GameApplicationServi - Clearing previous game
17:30:06.260 [JavaFX Application Thread] DEBUG GameScene            - Clearing game scene
17:30:06.261 [JavaFX Application Thread] DEBUG GameWorld            - Clearing game world
17:30:06.261 [JavaFX Application Thread] DEBUG PhysicsWorld         - Clearing physics world
17:30:06.264 [FXGL Background Thread 2 ] DEBUG FXGLApplication      - Initializing game
17:30:06.403 [FXGL Background Thread 2 ] WARN  TMXLevelLoader       - TiledMap generated from 1.8.4. Supported version: 1.4.2. Some features may not be parsed fully.
17:30:06.466 [FXGL Background Thread 2 ] DEBUG TMXLevelLoader       - Parsed TiledMap: file:/C:/Users/G/git/giocoInformatica_final_sulSerio/bin/assets/levels/tmx/level1.tmx
17:30:06.468 [FXGL Background Thread 2 ] DEBUG TMXLevelLoader       - Creating tile layer entities
17:30:06.471 [FXGL Background Thread 2 ] DEBUG TilesetLoader        - Loading view for layer wall 2
17:30:06.611 [FXGL Background Thread 2 ] DEBUG TilesetLoader        - Created buffer with size 2240.0x2560.0
17:30:06.861 [FXGL Background Thread 2 ] WARN  TilesetLoader        - Diagonally flipped tiles are not currently supported
17:30:06.907 [FXGL Background Thread 2 ] WARN  TilesetLoader        - Diagonally flipped tiles are not currently supported
17:30:06.908 [FXGL Background Thread 2 ] WARN  TilesetLoader        - Diagonally flipped tiles are not currently supported
17:30:07.017 [FXGL Background Thread 2 ] WARN  TilesetLoader        - Diagonally flipped tiles are not currently supported
17:30:07.099 [FXGL Background Thread 2 ] WARN  TilesetLoader        - Diagonally flipped tiles are not currently supported
17:30:07.112 [FXGL Background Thread 2 ] DEBUG TilesetLoader        - Loading view for layer wall 1
17:30:07.125 [FXGL Background Thread 2 ] DEBUG TilesetLoader        - Created buffer with size 2240.0x2560.0
17:30:07.261 [FXGL Background Thread 2 ] DEBUG TilesetLoader        - Loading view for layer platforms
17:30:07.335 [FXGL Background Thread 2 ] DEBUG TilesetLoader        - Created buffer with size 2240.0x2560.0
17:30:07.493 [FXGL Background Thread 2 ] DEBUG TilesetLoader        - Loading view for layer spike
17:30:07.532 [FXGL Background Thread 2 ] DEBUG TilesetLoader        - Created buffer with size 2240.0x2560.0
17:30:07.539 [FXGL Background Thread 2 ] DEBUG TilesetLoader        - Loading view for layer ground
17:30:07.553 [FXGL Background Thread 2 ] DEBUG TilesetLoader        - Created buffer with size 2240.0x2560.0
17:30:07.586 [FXGL Background Thread 2 ] DEBUG TMXLevelLoader       - Creating object layer entities
17:30:07.681 [FXGL Background Thread 2 ] DEBUG FXGLAssetLoaderServi - Loading from file system: file:/C:/Users/G/git/giocoInformatica_final_sulSerio/bin/assets/textures/enemies/Skeleton/Idle.png
17:30:07.683 [FXGL Background Thread 2 ] DEBUG FXGLAssetLoaderServi - Loading from file system: file:/C:/Users/G/git/giocoInformatica_final_sulSerio/bin/assets/textures/enemies/Skeleton/Walk.png
17:30:07.686 [FXGL Background Thread 2 ] DEBUG FXGLAssetLoaderServi - Loading from file system: file:/C:/Users/G/git/giocoInformatica_final_sulSerio/bin/assets/textures/enemies/Skeleton/Attack.png
17:30:07.690 [FXGL Background Thread 2 ] DEBUG FXGLAssetLoaderServi - Loading from file system: file:/C:/Users/G/git/giocoInformatica_final_sulSerio/bin/assets/textures/enemies/Skeleton/Take%20Hit.png
17:30:07.694 [FXGL Background Thread 2 ] DEBUG FXGLAssetLoaderServi - Loading from file system: file:/C:/Users/G/git/giocoInformatica_final_sulSerio/bin/assets/textures/enemies/Skeleton/Death.png
17:30:07.697 [FXGL Background Thread 2 ] DEBUG FXGLAssetLoaderServi - Loading from file system: file:/C:/Users/G/git/giocoInformatica_final_sulSerio/bin/assets/textures/enemies/Skeleton/Shield.png
17:30:07.779 [FXGL Background Thread 2 ] DEBUG FXGLAssetLoaderServi - Loading from file system: file:/C:/Users/G/git/giocoInformatica_final_sulSerio/bin/assets/textures/box.png
17:30:07.854 [FXGL Background Thread 2 ] DEBUG FXGLAssetLoaderServi - Loading from file system: file:/C:/Users/G/git/giocoInformatica_final_sulSerio/bin/assets/textures/bonfire.png
17:30:07.856 [FXGL Background Thread 2 ] DEBUG FXGLAssetLoaderServi - Loading from file system: file:/C:/Users/G/git/giocoInformatica_final_sulSerio/bin/assets/textures/bonfire_animation.png
17:30:07.926 [FXGL Background Thread 2 ] DEBUG FXGLAssetLoaderServi - Loading from file system: file:/C:/Users/G/git/giocoInformatica_final_sulSerio/bin/assets/textures/enemies/Flying%20eye/Flight.png
17:30:07.930 [FXGL Background Thread 2 ] DEBUG FXGLAssetLoaderServi - Loading from file system: file:/C:/Users/G/git/giocoInformatica_final_sulSerio/bin/assets/textures/enemies/Flying%20eye/Attack.png
17:30:07.982 [FXGL Background Thread 2 ] DEBUG FXGLAssetLoaderServi - Loading from file system: file:/C:/Users/G/git/giocoInformatica_final_sulSerio/bin/assets/textures/enemies/Flying%20eye/Take%20Hit.png
17:30:07.984 [FXGL Background Thread 2 ] DEBUG FXGLAssetLoaderServi - Loading from file system: file:/C:/Users/G/git/giocoInformatica_final_sulSerio/bin/assets/textures/enemies/Flying%20eye/Death.png
17:30:08.005 [FXGL Background Thread 2 ] DEBUG FXGLAssetLoaderServi - Loading from file system: file:/C:/Users/G/git/giocoInformatica_final_sulSerio/bin/assets/textures/enemies/Goblin/Idle.png
17:30:08.009 [FXGL Background Thread 2 ] DEBUG FXGLAssetLoaderServi - Loading from file system: file:/C:/Users/G/git/giocoInformatica_final_sulSerio/bin/assets/textures/enemies/Goblin/Run.png
17:30:08.012 [FXGL Background Thread 2 ] DEBUG FXGLAssetLoaderServi - Loading from file system: file:/C:/Users/G/git/giocoInformatica_final_sulSerio/bin/assets/textures/enemies/Goblin/Attack.png
17:30:08.042 [FXGL Background Thread 2 ] DEBUG FXGLAssetLoaderServi - Loading from file system: file:/C:/Users/G/git/giocoInformatica_final_sulSerio/bin/assets/textures/enemies/Goblin/Take%20Hit.png
17:30:08.046 [FXGL Background Thread 2 ] DEBUG FXGLAssetLoaderServi - Loading from file system: file:/C:/Users/G/git/giocoInformatica_final_sulSerio/bin/assets/textures/enemies/Goblin/Death.png
17:30:08.065 [FXGL Background Thread 2 ] DEBUG FXGLAssetLoaderServi - Loading from file system: file:/C:/Users/G/git/giocoInformatica_final_sulSerio/bin/assets/textures/npc/Meomartino/Idle.png
17:30:08.072 [FXGL Background Thread 2 ] DEBUG GameWorld            - Clearing removable entities
17:30:08.073 [FXGL Background Thread 2 ] DEBUG GameWorld            - Setting level: com.almasb.fxgl.entity.level.Level@110ef582
17:30:08.175 [FXGL Background Thread 2 ] DEBUG FXGLAssetLoaderServi - Loading from file system: file:/C:/Users/G/git/giocoInformatica_final_sulSerio/bin/assets/textures/health/empty_health.png
17:30:08.180 [FXGL Background Thread 2 ] DEBUG FXGLAssetLoaderServi - Loading from file system: file:/C:/Users/G/git/giocoInformatica_final_sulSerio/bin/assets/textures/health/half_health.png
17:30:08.182 [FXGL Background Thread 2 ] DEBUG FXGLAssetLoaderServi - Loading from file system: file:/C:/Users/G/git/giocoInformatica_final_sulSerio/bin/assets/textures/health/full_health.png
17:30:08.230 [FXGL Background Thread 2 ] DEBUG FXGLAssetLoaderServi - Loading from file system: file:/C:/Users/G/git/giocoInformatica_final_sulSerio/bin/assets/textures/player/_Idle.png
17:30:08.236 [FXGL Background Thread 2 ] DEBUG FXGLAssetLoaderServi - Loading from file system: file:/C:/Users/G/git/giocoInformatica_final_sulSerio/bin/assets/textures/player/_Run.png
17:30:08.239 [FXGL Background Thread 2 ] DEBUG FXGLAssetLoaderServi - Loading from file system: file:/C:/Users/G/git/giocoInformatica_final_sulSerio/bin/assets/textures/player/_Jump.png
17:30:08.243 [FXGL Background Thread 2 ] DEBUG FXGLAssetLoaderServi - Loading from file system: file:/C:/Users/G/git/giocoInformatica_final_sulSerio/bin/assets/textures/player/_Fall.png
17:30:08.246 [FXGL Background Thread 2 ] DEBUG FXGLAssetLoaderServi - Loading from file system: file:/C:/Users/G/git/giocoInformatica_final_sulSerio/bin/assets/textures/player/_WallSlide.png
17:30:08.250 [FXGL Background Thread 2 ] DEBUG FXGLAssetLoaderServi - Loading from file system: file:/C:/Users/G/git/giocoInformatica_final_sulSerio/bin/assets/textures/player/_Attack.png
17:30:08.254 [FXGL Background Thread 2 ] DEBUG FXGLAssetLoaderServi - Loading from file system: file:/C:/Users/G/git/giocoInformatica_final_sulSerio/bin/assets/textures/player/_TurnAround.png
17:30:08.258 [FXGL Background Thread 2 ] DEBUG FXGLAssetLoaderServi - Loading from file system: file:/C:/Users/G/git/giocoInformatica_final_sulSerio/bin/assets/textures/player/_Hit.png
17:30:08.261 [FXGL Background Thread 2 ] DEBUG FXGLAssetLoaderServi - Loading from file system: file:/C:/Users/G/git/giocoInformatica_final_sulSerio/bin/assets/textures/player/_Death.png
17:30:08.267 [FXGL Background Thread 2 ] DEBUG FXGLAssetLoaderServi - Loading from file system: file:/C:/Users/G/git/giocoInformatica_final_sulSerio/bin/assets/textures/background/background.png
17:30:08.831 [FXGL Background Thread 2 ] DEBUG FXGLAssetLoaderServi - Loading from file system: file:/C:/Users/G/git/giocoInformatica_final_sulSerio/bin/assets/textures/background/castleBackgound.png
17:30:09.179 [FXGL Background Thread 2 ] INFO  FXGLApplication      - Game initialization took: 2,914 sec
17:30:09.188 [JavaFX Application Thread] DEBUG Input                - Clearing active input actions
17:30:09.218 [JavaFX Application Thread] DEBUG GameApplicationServi - Removing overlay from FXGLLoadingScene and adding to GameScene
17:30:09.233 [JavaFX Application Thread] DEBUG PrimaryStageWindow   - FXGLLoadingScene -> GameScene
17:31:23.997 [JavaFX Application Thread] DEBUG FXGLAssetLoaderServi - Loading from file system: file:/C:/Users/G/git/giocoInformatica_final_sulSerio/bin/assets/textures/button.png
17:31:24.505 [JavaFX Application Thread] DEBUG FXGLAssetLoaderServi - Loading from file system: file:/C:/Users/G/git/giocoInformatica_final_sulSerio/bin/assets/text/cutscene.txt
17:31:24.521 [JavaFX Application Thread] DEBUG Input                - Registered new binding: Next RPG Line - Enter
17:31:24.524 [JavaFX Application Thread] DEBUG FXGLAssetLoaderServi - Loading from file system: file:/C:/Users/G/git/giocoInformatica_final_sulSerio/bin/assets/textures/meo.png
17:31:24.526 [JavaFX Application Thread] DEBUG PrimaryStageWindow   - Push state: CutsceneScene
17:31:24.527 [JavaFX Application Thread] DEBUG Input                - Clearing active input actions
17:31:24.528 [JavaFX Application Thread] DEBUG GameApplicationServi - Removing overlay from GameScene and adding to CutsceneScene
17:31:24.533 [JavaFX Application Thread] DEBUG PrimaryStageWindow   - GameScene -> CutsceneScene
17:31:29.624 [JavaFX Application Thread] DEBUG PrimaryStageWindow   - Pop state: CutsceneScene
17:31:29.625 [JavaFX Application Thread] DEBUG Input                - Clearing active input actions
17:31:29.626 [JavaFX Application Thread] DEBUG GameApplicationServi - Removing overlay from CutsceneScene and adding to GameScene
17:31:29.635 [JavaFX Application Thread] DEBUG PrimaryStageWindow   - GameScene <- CutsceneScene
17:31:55.051 [JavaFX Application Thread] DEBUG PrimaryStageWindow   - Push state: CutsceneScene
17:31:55.051 [JavaFX Application Thread] DEBUG Input                - Clearing active input actions
17:31:55.052 [JavaFX Application Thread] DEBUG GameApplicationServi - Removing overlay from GameScene and adding to CutsceneScene
17:31:55.060 [JavaFX Application Thread] DEBUG PrimaryStageWindow   - GameScene -> CutsceneScene
17:32:02.087 [JavaFX Application Thread] DEBUG PrimaryStageWindow   - Pop state: CutsceneScene
17:32:02.088 [JavaFX Application Thread] DEBUG Input                - Clearing active input actions
17:32:02.090 [JavaFX Application Thread] DEBUG GameApplicationServi - Removing overlay from CutsceneScene and adding to GameScene
17:32:02.093 [JavaFX Application Thread] DEBUG PrimaryStageWindow   - GameScene <- CutsceneScene
17:32:45.495 [JavaFX Application Thread] DEBUG FXGLApplication      - Exiting FXGL
17:32:45.496 [JavaFX Application Thread] DEBUG LoopRunner           - Stopping loop
17:32:45.496 [JavaFX Application Thread] DEBUG SystemBundleService  - Saving FXGL system data
17:32:45.500 [JavaFX Application Thread] DEBUG FileSystemAccess     - Writing to: C:\Users\G\git\giocoInformatica_final_sulSerio\system\fxgl.bundle
17:32:45.503 [JavaFX Application Thread] DEBUG Async                - Shutting down background threads
17:32:45.503 [JavaFX Application Thread] DEBUG PrimaryStageWindow   - Closing main window
17:32:45.514 [JavaFX Application Thread] DEBUG Logger               - Closing Logger
