12:02:37.793 [main                     ] DEBUG Logger               - Configured Logger
12:02:37.826 [main                     ] DEBUG GameApplication      - Logging settings
Title: platformer
Version: 0.0
Width: 1920
Height: 1080
Fullscreen: false
Intro: false
Profiling: false
Single step:false
App Mode: DEVELOPER
Menu Key: ESCAPE
Stage Style: DECORATED
Scene Factory: class game.PlatformerApp$1

12:02:38.150 [JavaFX Application Thread] DEBUG FXGLApplication      - Initializing FXGL
12:02:38.154 [JavaFX Application Thread] INFO  Engine               - FXGL-17.1 (24.03.2022 17.39) on WINDOWS (J:17.0.2 FX:18)
12:02:38.154 [JavaFX Application Thread] DEBUG Engine               - JRE Vendor Name: Eclipse Adoptium
12:02:38.154 [JavaFX Application Thread] DEBUG Engine               - Running on OS: Windows 11 version 10.0
12:02:38.155 [JavaFX Application Thread] DEBUG Engine               - Architecture: amd64
12:02:38.155 [JavaFX Application Thread] INFO  Engine               - Source code and latest versions at: https://github.com/AlmasB/FXGL
12:02:38.155 [JavaFX Application Thread] INFO  Engine               -       Ask questions and discuss at: https://github.com/AlmasB/FXGL/discussions
12:02:38.155 [JavaFX Application Thread] INFO  Engine               -              Join the FXGL chat at: https://gitter.im/AlmasB/FXGL
12:02:38.233 [JavaFX Application Thread] DEBUG PrimaryStageWindow   - Creating a JavaFX scene
12:02:38.233 [JavaFX Application Thread] DEBUG PrimaryStageWindow   - Target size > screen size
12:02:38.266 [JavaFX Application Thread] DEBUG PrimaryStageWindow   - Target settings size: 1920.0 x 1080.0
12:02:38.266 [JavaFX Application Thread] DEBUG PrimaryStageWindow   - Scaled scene size:    1809.0 x 1031.0
12:02:38.266 [JavaFX Application Thread] DEBUG PrimaryStageWindow   - Scaled ratio: (0.9421875, 0.9546296296296296)
12:02:38.267 [JavaFX Application Thread] DEBUG PrimaryStageWindow   - Set initial scene to FXGLStartupScene
12:02:38.272 [JavaFX Application Thread] DEBUG PrimaryStageWindow   - Opening main window
12:02:38.350 [JavaFX Application Thread] DEBUG PrimaryStageWindow   - Window border size: (16.0, 39.0)
12:02:38.350 [JavaFX Application Thread] DEBUG PrimaryStageWindow   - Scaled size: 1809.0 x 1031.0
12:02:38.350 [JavaFX Application Thread] DEBUG PrimaryStageWindow   - Scaled ratio: (0.9421875, 0.9546296296296296)
12:02:38.350 [JavaFX Application Thread] DEBUG PrimaryStageWindow   - Scene size: 1809.0 x 1031.0
12:02:38.350 [JavaFX Application Thread] DEBUG PrimaryStageWindow   - Stage size: 1825.0 x 1070.0
12:02:38.359 [FXGL Background Thread 1 ] DEBUG Engine               - Initializing environment variables
12:02:38.395 [FXGL Background Thread 1 ] DEBUG FXGLAssetLoaderServi - User app class for loading assets: class game.PlatformerApp
12:02:38.396 [FXGL Background Thread 1 ] DEBUG GameApplicationServi - Applying CSS: fxgl_dark.css
12:02:38.396 [FXGL Background Thread 1 ] DEBUG FXGLAssetLoaderServi - Loading from file system: jar:file:/D:/Lucca/Java-lib/fxgl/fxgl-17.1-uber.jar!/fxglassets/ui/css/fxgl_dark.css
12:02:38.430 [FXGL Background Thread 1 ] DEBUG GameApplicationServi - Initializing application scenes
12:02:38.506 [FXGL Background Thread 1 ] DEBUG GameWorld            - Game world initialized
12:02:38.552 [FXGL Background Thread 1 ] DEBUG PhysicsWorld         - Physics world initialized: appHeight=1080, physics.ppm=50,0
12:02:38.552 [FXGL Background Thread 1 ] DEBUG PhysicsWorld         - Using strategy: BRUTE_FORCE
12:02:38.555 [FXGL Background Thread 1 ] DEBUG GameScene            - Game scene initialized: 1920x1080
12:02:38.614 [FXGL Background Thread 1 ] DEBUG GameApplicationServi - Application scenes initialized
12:02:38.628 [FXGL Background Thread 1 ] DEBUG SystemBundleService  - Loading FXGL system data
12:02:38.634 [FXGL Background Thread 1 ] DEBUG FileSystemAccess     - Reading from: C:\Users\lucca\git\giocoInformatica1\system\fxgl.bundle
12:02:38.647 [FXGL Background Thread 1 ] DEBUG SystemBundleService  - Bundle FXGL: {}
12:02:38.647 [FXGL Background Thread 1 ] DEBUG UpdaterService       - Checking for updates
12:02:38.691 [FXGL Background Thread 1 ] DEBUG FXGLApplication      - Loading default localization
12:02:38.692 [FXGL Background Thread 1 ] DEBUG FXGLAssetLoaderServi - Loading from file system: jar:file:/D:/Lucca/Java-lib/fxgl/fxgl-17.1-uber.jar!/fxglassets/languages/english.lang
12:02:38.697 [FXGL Background Thread 4 ] DEBUG FXGLApplication      - Loading fonts
12:02:38.699 [FXGL Background Thread 4 ] DEBUG FXGLAssetLoaderServi - Loading from file system: jar:file:/D:/Lucca/Java-lib/fxgl/fxgl-17.1-uber.jar!/fxglassets/ui/fonts/VarelaRound-Regular.ttf
12:02:38.723 [FXGL Background Thread 1 ] INFO  FXGLApplication      - FXGL initialization took: 0,363 sec
12:02:38.730 [JavaFX Application Thread] DEBUG Input                - Registered new binding: Left - A
12:02:38.730 [JavaFX Application Thread] DEBUG Input                - Registered new binding: Right - D
12:02:38.730 [JavaFX Application Thread] DEBUG Input                - Registered new binding: Jump - Space
12:02:38.731 [JavaFX Application Thread] DEBUG Input                - Registered new binding: Attack - F
12:02:38.731 [JavaFX Application Thread] DEBUG FXGLAssetLoaderServi - Loading from file system: file:/C:/Users/lucca/git/giocoInformatica1/bin/assets/music/BGM_dash_runner.wav
12:02:38.829 [FXGL Background Thread 4 ] DEBUG FXGLAssetLoaderServi - Loading from file system: jar:file:/D:/Lucca/Java-lib/fxgl/fxgl-17.1-uber.jar!/fxglassets/ui/fonts/Abel-Regular.ttf
12:02:38.836 [FXGL Background Thread 4 ] DEBUG FXGLAssetLoaderServi - Loading from file system: jar:file:/D:/Lucca/Java-lib/fxgl/fxgl-17.1-uber.jar!/fxglassets/ui/fonts/TerminalLandMono-Regular.otf
12:02:38.844 [FXGL Background Thread 4 ] DEBUG FXGLAssetLoaderServi - Loading from file system: jar:file:/D:/Lucca/Java-lib/fxgl/fxgl-17.1-uber.jar!/fxglassets/ui/fonts/Courier-Prime.ttf
12:02:38.869 [JavaFX Application Thread] DEBUG AudioPlayer          - Playing music com.almasb.fxgl.audio.Music@51a577c2
12:02:38.870 [JavaFX Application Thread] DEBUG FXGLAssetLoaderServi - Loading from file system: jar:file:/D:/Lucca/Java-lib/fxgl/fxgl-17.1-uber.jar!/fxglassets/textures/fxgl_icon.png
12:02:38.904 [JavaFX Application Thread] DEBUG FXGLAssetLoaderServi - Loading from file system: jar:file:/D:/Lucca/Java-lib/fxgl/fxgl-17.1-uber.jar!/fxglassets/textures/fxgl_default_cursor.png
12:02:38.908 [JavaFX Application Thread] DEBUG Input                - Registered new binding: Screenshot - CTRL+8
12:02:38.909 [JavaFX Application Thread] DEBUG Input                - Registered new binding: Dev Options - 1
12:02:38.910 [JavaFX Application Thread] DEBUG Input                - Registered new binding: Dev Console - 2
12:02:38.910 [JavaFX Application Thread] DEBUG Input                - Registered new binding: System info dump - CTRL+9
12:02:38.910 [JavaFX Application Thread] DEBUG Input                - Registered new binding: Restart - CTRL+R
12:02:38.911 [JavaFX Application Thread] DEBUG Input                - Registered new binding: Toggle Debug Camera - CTRL+7
12:02:38.913 [JavaFX Application Thread] DEBUG LoopRunner           - Starting loop
12:02:38.924 [JavaFX Application Thread] DEBUG LoopRunner           - Initializing JavaFX AnimationTimerLoop
12:02:38.926 [JavaFX Application Thread] DEBUG Input                - Clearing active input actions
12:02:38.932 [JavaFX Application Thread] DEBUG GameApplicationServi - Removing overlay from FXGLStartupScene and adding to FXGLMainMenuDummyScene
12:02:38.935 [JavaFX Application Thread] DEBUG PrimaryStageWindow   - FXGLStartupScene -> FXGLMainMenuDummyScene
12:02:38.935 [JavaFX Application Thread] DEBUG PrimaryStageWindow   - Push state: PlatformerMainMenu
12:02:38.935 [JavaFX Application Thread] DEBUG Input                - Clearing active input actions
12:02:38.938 [JavaFX Application Thread] DEBUG GameApplicationServi - Removing overlay from FXGLMainMenuDummyScene and adding to PlatformerMainMenu
12:02:38.938 [JavaFX Application Thread] DEBUG PrimaryStageWindow   - FXGLMainMenuDummyScene -> PlatformerMainMenu
12:02:38.946 [JavaFX Application Thread] DEBUG FXGLApplication      - Registering font factories with UI factory
12:02:40.407 [JavaFX Application Thread] DEBUG Menu                 - fireNewGame()
12:02:40.407 [JavaFX Application Thread] DEBUG GameApplicationServi - Starting new game
12:02:40.408 [JavaFX Application Thread] DEBUG PrimaryStageWindow   - Pop state: PlatformerMainMenu
12:02:40.408 [JavaFX Application Thread] DEBUG Input                - Clearing active input actions
12:02:40.408 [JavaFX Application Thread] DEBUG GameApplicationServi - Removing overlay from PlatformerMainMenu and adding to FXGLMainMenuDummyScene
12:02:40.410 [JavaFX Application Thread] DEBUG PrimaryStageWindow   - FXGLMainMenuDummyScene <- PlatformerMainMenu
12:02:40.411 [JavaFX Application Thread] DEBUG Input                - Clearing active input actions
12:02:40.417 [JavaFX Application Thread] DEBUG GameApplicationServi - Removing overlay from FXGLMainMenuDummyScene and adding to FXGLLoadingScene
12:02:40.417 [JavaFX Application Thread] DEBUG PrimaryStageWindow   - FXGLMainMenuDummyScene -> FXGLLoadingScene
12:02:40.417 [JavaFX Application Thread] DEBUG GameApplicationServi - Clearing previous game
12:02:40.417 [JavaFX Application Thread] DEBUG GameScene            - Clearing game scene
12:02:40.417 [JavaFX Application Thread] DEBUG GameWorld            - Clearing game world
12:02:40.418 [JavaFX Application Thread] DEBUG PhysicsWorld         - Clearing physics world
12:02:40.420 [FXGL Background Thread 2 ] DEBUG FXGLApplication      - Initializing game
12:02:40.469 [FXGL Background Thread 2 ] WARN  TMXLevelLoader       - TiledMap generated from 1.8.4. Supported version: 1.4.2. Some features may not be parsed fully.
12:02:40.493 [FXGL Background Thread 2 ] DEBUG TMXLevelLoader       - Parsed TiledMap: file:/C:/Users/lucca/git/giocoInformatica1/bin/assets/levels/tmx/level1.tmx
12:02:40.495 [FXGL Background Thread 2 ] DEBUG TMXLevelLoader       - Creating tile layer entities
12:02:40.496 [FXGL Background Thread 2 ] DEBUG TilesetLoader        - Loading view for layer Terreno
12:02:40.548 [FXGL Background Thread 2 ] DEBUG TilesetLoader        - Created buffer with size 4900.0x5600.0
12:02:40.564 [FXGL Background Thread 2 ] DEBUG TilesetLoader        - Loading view for layer Decorazioni
12:02:40.610 [FXGL Background Thread 2 ] DEBUG TilesetLoader        - Created buffer with size 4900.0x5600.0
12:02:40.621 [FXGL Background Thread 2 ] DEBUG TilesetLoader        - Loading view for layer Piattaforme
12:02:40.670 [FXGL Background Thread 2 ] DEBUG TilesetLoader        - Created buffer with size 4900.0x5600.0
12:02:40.673 [FXGL Background Thread 2 ] DEBUG TilesetLoader        - Loading view for layer Spine
12:02:40.718 [FXGL Background Thread 2 ] DEBUG TilesetLoader        - Created buffer with size 4900.0x5600.0
12:02:40.720 [FXGL Background Thread 2 ] DEBUG TMXLevelLoader       - Creating object layer entities
12:02:40.745 [FXGL Background Thread 2 ] DEBUG FXGLAssetLoaderServi - Loading from file system: file:/C:/Users/lucca/git/giocoInformatica1/bin/assets/textures/box.png
12:02:40.769 [FXGL Background Thread 2 ] DEBUG FXGLAssetLoaderServi - Loading from file system: file:/C:/Users/lucca/git/giocoInformatica1/bin/assets/textures/enemies/Skeleton/Idle.png
12:02:40.770 [FXGL Background Thread 2 ] DEBUG FXGLAssetLoaderServi - Loading from file system: file:/C:/Users/lucca/git/giocoInformatica1/bin/assets/textures/enemies/Skeleton/Walk.png
12:02:40.770 [FXGL Background Thread 2 ] DEBUG FXGLAssetLoaderServi - Loading from file system: file:/C:/Users/lucca/git/giocoInformatica1/bin/assets/textures/enemies/Skeleton/Attack.png
12:02:40.784 [FXGL Background Thread 2 ] DEBUG FXGLAssetLoaderServi - Loading from file system: file:/C:/Users/lucca/git/giocoInformatica1/bin/assets/textures/bonfire.png
12:02:40.785 [FXGL Background Thread 2 ] DEBUG FXGLAssetLoaderServi - Loading from file system: file:/C:/Users/lucca/git/giocoInformatica1/bin/assets/textures/bonfire_animation.png
12:02:40.789 [FXGL Background Thread 2 ] DEBUG GameWorld            - Clearing removable entities
12:02:40.789 [FXGL Background Thread 2 ] DEBUG GameWorld            - Setting level: com.almasb.fxgl.entity.level.Level@291d6740
12:02:40.805 [FXGL Background Thread 2 ] DEBUG FXGLAssetLoaderServi - Loading from file system: file:/C:/Users/lucca/git/giocoInformatica1/bin/assets/textures/health/empty_health.png
12:02:40.805 [FXGL Background Thread 2 ] DEBUG FXGLAssetLoaderServi - Loading from file system: file:/C:/Users/lucca/git/giocoInformatica1/bin/assets/textures/health/half_health.png
12:02:40.806 [FXGL Background Thread 2 ] DEBUG FXGLAssetLoaderServi - Loading from file system: file:/C:/Users/lucca/git/giocoInformatica1/bin/assets/textures/health/full_health.png
12:02:40.812 [FXGL Background Thread 2 ] DEBUG FXGLAssetLoaderServi - Loading from file system: file:/C:/Users/lucca/git/giocoInformatica1/bin/assets/textures/player/_Idle.png
12:02:40.813 [FXGL Background Thread 2 ] DEBUG FXGLAssetLoaderServi - Loading from file system: file:/C:/Users/lucca/git/giocoInformatica1/bin/assets/textures/player/_Run.png
12:02:40.813 [FXGL Background Thread 2 ] DEBUG FXGLAssetLoaderServi - Loading from file system: file:/C:/Users/lucca/git/giocoInformatica1/bin/assets/textures/player/_Jump.png
12:02:40.814 [FXGL Background Thread 2 ] DEBUG FXGLAssetLoaderServi - Loading from file system: file:/C:/Users/lucca/git/giocoInformatica1/bin/assets/textures/player/_Fall.png
12:02:40.815 [FXGL Background Thread 2 ] DEBUG FXGLAssetLoaderServi - Loading from file system: file:/C:/Users/lucca/git/giocoInformatica1/bin/assets/textures/player/_WallSlide.png
12:02:40.816 [FXGL Background Thread 2 ] DEBUG FXGLAssetLoaderServi - Loading from file system: file:/C:/Users/lucca/git/giocoInformatica1/bin/assets/textures/player/_Attack.png
12:02:40.816 [FXGL Background Thread 2 ] DEBUG FXGLAssetLoaderServi - Loading from file system: file:/C:/Users/lucca/git/giocoInformatica1/bin/assets/textures/player/_TurnAround.png
12:02:40.817 [FXGL Background Thread 2 ] DEBUG FXGLAssetLoaderServi - Loading from file system: file:/C:/Users/lucca/git/giocoInformatica1/bin/assets/textures/player/_Hit.png
12:02:40.820 [FXGL Background Thread 2 ] DEBUG FXGLAssetLoaderServi - Loading from file system: file:/C:/Users/lucca/git/giocoInformatica1/bin/assets/textures/background/forest.png
12:02:40.839 [FXGL Background Thread 2 ] DEBUG FXGLAssetLoaderServi - Loading from file system: file:/C:/Users/lucca/git/giocoInformatica1/bin/assets/textures/background/Sfondo_castello.png
12:02:40.990 [FXGL Background Thread 2 ] INFO  FXGLApplication      - Game initialization took: 0,569 sec
12:02:40.999 [JavaFX Application Thread] DEBUG Input                - Clearing active input actions
12:02:41.005 [JavaFX Application Thread] DEBUG GameApplicationServi - Removing overlay from FXGLLoadingScene and adding to GameScene
12:02:41.007 [JavaFX Application Thread] DEBUG PrimaryStageWindow   - FXGLLoadingScene -> GameScene
12:02:41.690 [FXGL Background Thread 3 ] DEBUG Engine               - Logging environment variables
12:02:41.690 [FXGL Background Thread 3 ] DEBUG Engine               - achievements: []
12:02:41.690 [FXGL Background Thread 3 ] DEBUG Engine               - actualHeight: 1031.0
12:02:41.691 [FXGL Background Thread 3 ] DEBUG Engine               - actualHeightProperty: ReadOnlyDoubleProperty [value: 1031.0]
12:02:41.691 [FXGL Background Thread 3 ] DEBUG Engine               - actualWidth: 1809.0
12:02:41.691 [FXGL Background Thread 3 ] DEBUG Engine               - actualWidthProperty: ReadOnlyDoubleProperty [value: 1809.0]
12:02:41.691 [FXGL Background Thread 3 ] DEBUG Engine               - appIcon: fxgl_icon.png
12:02:41.691 [FXGL Background Thread 3 ] DEBUG Engine               - applicationMode: DEVELOPER
12:02:41.691 [FXGL Background Thread 3 ] DEBUG Engine               - cSSList: [fxgl_dark.css]
12:02:41.692 [FXGL Background Thread 3 ] DEBUG Engine               - collisionDetectionStrategy: BRUTE_FORCE
12:02:41.692 [FXGL Background Thread 3 ] DEBUG Engine               - configClass: Optional.empty
12:02:41.692 [FXGL Background Thread 3 ] DEBUG Engine               - credits: []
12:02:41.693 [FXGL Background Thread 3 ] DEBUG Engine               - defaultCursor: CursorInfo(imageName=fxgl_default_cursor.png, hotspotX=7.0, hotspotY=6.0)
12:02:41.693 [FXGL Background Thread 3 ] DEBUG Engine               - devBBoxColorProperty: ObjectProperty [value: 0xff0000ff]
12:02:41.693 [FXGL Background Thread 3 ] DEBUG Engine               - devEnableDebugCameraProperty: BooleanProperty [value: false]
12:02:41.693 [FXGL Background Thread 3 ] DEBUG Engine               - devSensorColorProperty: ObjectProperty [value: 0xffff00ff]
12:02:41.694 [FXGL Background Thread 3 ] DEBUG Engine               - devShowBBoxProperty: BooleanProperty [value: false]
12:02:41.694 [FXGL Background Thread 3 ] DEBUG Engine               - devShowPositionProperty: BooleanProperty [value: false]
12:02:41.694 [FXGL Background Thread 3 ] DEBUG Engine               - enabledMenuItems: []
12:02:41.694 [FXGL Background Thread 3 ] DEBUG Engine               - engineServices: [class com.almasb.fxgl.app.services.FXGLAssetLoaderService, class com.almasb.fxgl.app.FXGLApplication$GameApplicationService, class com.almasb.fxgl.app.services.FXGLDialogService, class com.almasb.fxgl.app.services.IOTaskExecutorService, class com.almasb.fxgl.io.FileSystemService, class com.almasb.fxgl.localization.LocalizationService, class com.almasb.fxgl.app.services.SystemBundleService, class com.almasb.fxgl.profile.SaveLoadService, class com.almasb.fxgl.ui.FXGLUIFactoryServiceProvider, class com.almasb.fxgl.ui.FXGLDialogFactoryServiceProvider, class com.almasb.fxgl.audio.AudioPlayer, class com.almasb.fxgl.notification.impl.NotificationServiceProvider, class com.almasb.fxgl.achievement.AchievementService, class com.almasb.fxgl.cutscene.CutsceneService, class com.almasb.fxgl.minigames.MiniGameService, class com.almasb.fxgl.net.NetService, class com.almasb.fxgl.app.services.UpdaterService, class com.almasb.fxgl.dev.DevService]
12:02:41.694 [FXGL Background Thread 3 ] DEBUG Engine               - fontGame: Abel-Regular.ttf
12:02:41.694 [FXGL Background Thread 3 ] DEBUG Engine               - fontMono: TerminalLandMono-Regular.otf
12:02:41.694 [FXGL Background Thread 3 ] DEBUG Engine               - fontText: Courier-Prime.ttf
12:02:41.694 [FXGL Background Thread 3 ] DEBUG Engine               - fontUI: VarelaRound-Regular.ttf
12:02:41.694 [FXGL Background Thread 3 ] DEBUG Engine               - fullScreen: BooleanProperty [value: false]
12:02:41.694 [FXGL Background Thread 3 ] DEBUG Engine               - gameDifficulty: MEDIUM
12:02:41.694 [FXGL Background Thread 3 ] DEBUG Engine               - gameDifficultyProperty: ObjectProperty [value: MEDIUM]
12:02:41.694 [FXGL Background Thread 3 ] DEBUG Engine               - globalMusicVolume: 0.5
12:02:41.695 [FXGL Background Thread 3 ] DEBUG Engine               - globalMusicVolumeProperty: DoubleProperty [value: 0.0]
12:02:41.695 [FXGL Background Thread 3 ] DEBUG Engine               - globalSoundVolume: 0.5
12:02:41.695 [FXGL Background Thread 3 ] DEBUG Engine               - globalSoundVolumeProperty: DoubleProperty [value: 0.5]
12:02:41.695 [FXGL Background Thread 3 ] DEBUG Engine               - height: 1080
12:02:41.695 [FXGL Background Thread 3 ] DEBUG Engine               - is3D: false
12:02:41.695 [FXGL Background Thread 3 ] DEBUG Engine               - isAndroid: false
12:02:41.695 [FXGL Background Thread 3 ] DEBUG Engine               - isBrowser: false
12:02:41.695 [FXGL Background Thread 3 ] DEBUG Engine               - isClickFeedbackEnabled: false
12:02:41.695 [FXGL Background Thread 3 ] DEBUG Engine               - isCloseConfirmation: false
12:02:41.696 [FXGL Background Thread 3 ] DEBUG Engine               - isDesktop: true
12:02:41.696 [FXGL Background Thread 3 ] DEBUG Engine               - isDeveloperMenuEnabled: true
12:02:41.696 [FXGL Background Thread 3 ] DEBUG Engine               - isEmbedded: false
12:02:41.696 [FXGL Background Thread 3 ] DEBUG Engine               - isEntityPreloadEnabled: true
12:02:41.696 [FXGL Background Thread 3 ] DEBUG Engine               - isExperimentalTiledLargeMap: false
12:02:41.696 [FXGL Background Thread 3 ] DEBUG Engine               - isFileSystemWriteAllowed: true
12:02:41.696 [FXGL Background Thread 3 ] DEBUG Engine               - isFullScreenAllowed: false
12:02:41.696 [FXGL Background Thread 3 ] DEBUG Engine               - isFullScreenFromStart: false
12:02:41.696 [FXGL Background Thread 3 ] DEBUG Engine               - isGameMenuEnabled: true
12:02:41.697 [FXGL Background Thread 3 ] DEBUG Engine               - isIOS: false
12:02:41.697 [FXGL Background Thread 3 ] DEBUG Engine               - isIntroEnabled: false
12:02:41.697 [FXGL Background Thread 3 ] DEBUG Engine               - isLinux: false
12:02:41.697 [FXGL Background Thread 3 ] DEBUG Engine               - isMac: false
12:02:41.697 [FXGL Background Thread 3 ] DEBUG Engine               - isMainMenuEnabled: true
12:02:41.697 [FXGL Background Thread 3 ] DEBUG Engine               - isManualResizeEnabled: false
12:02:41.697 [FXGL Background Thread 3 ] DEBUG Engine               - isMobile: false
12:02:41.697 [FXGL Background Thread 3 ] DEBUG Engine               - isNative: false
12:02:41.697 [FXGL Background Thread 3 ] DEBUG Engine               - isPauseMusicWhenMinimized: true
12:02:41.698 [FXGL Background Thread 3 ] DEBUG Engine               - isPreserveResizeRatio: false
12:02:41.698 [FXGL Background Thread 3 ] DEBUG Engine               - isProfilingEnabled: false
12:02:41.698 [FXGL Background Thread 3 ] DEBUG Engine               - isScaleAffectedOnResize: true
12:02:41.698 [FXGL Background Thread 3 ] DEBUG Engine               - isSingleStep: false
12:02:41.698 [FXGL Background Thread 3 ] DEBUG Engine               - isUserProfileEnabled: false
12:02:41.698 [FXGL Background Thread 3 ] DEBUG Engine               - isWindows: true
12:02:41.698 [FXGL Background Thread 3 ] DEBUG Engine               - language: ObjectProperty [value: ENGLISH]
12:02:41.698 [FXGL Background Thread 3 ] DEBUG Engine               - menuKey: ESCAPE
12:02:41.698 [FXGL Background Thread 3 ] DEBUG Engine               - mouseSensitivity: 0.2
12:02:41.698 [FXGL Background Thread 3 ] DEBUG Engine               - notificationViewClass: class com.almasb.fxgl.notification.view.XboxNotificationView
12:02:41.699 [FXGL Background Thread 3 ] DEBUG Engine               - pixelsPerMeter: 50.0
12:02:41.699 [FXGL Background Thread 3 ] DEBUG Engine               - platform: WINDOWS
12:02:41.699 [FXGL Background Thread 3 ] DEBUG Engine               - prefHeightProperty: ReadOnlyDoubleProperty [value: 1080.0]
12:02:41.699 [FXGL Background Thread 3 ] DEBUG Engine               - prefWidthProperty: ReadOnlyDoubleProperty [value: 1920.0]
12:02:41.699 [FXGL Background Thread 3 ] DEBUG Engine               - profileDir: profiles/
12:02:41.699 [FXGL Background Thread 3 ] DEBUG Engine               - profileName: StringProperty [value: DEFAULT]
12:02:41.699 [FXGL Background Thread 3 ] DEBUG Engine               - randomSeed: -1
12:02:41.699 [FXGL Background Thread 3 ] DEBUG Engine               - runtimeInfo: RuntimeInfo(platform=WINDOWS, version=17.1, build=24.03.2022 17.39)
12:02:41.699 [FXGL Background Thread 3 ] DEBUG Engine               - saveFileExt: sav
12:02:41.700 [FXGL Background Thread 3 ] DEBUG Engine               - scaledHeightProp$fxgl: DoubleProperty [bound, value: 1031.0]
12:02:41.700 [FXGL Background Thread 3 ] DEBUG Engine               - scaledWidthProp$fxgl: DoubleProperty [bound, value: 1809.0]
12:02:41.700 [FXGL Background Thread 3 ] DEBUG Engine               - sceneFactory: game.PlatformerApp$1@75aabcbf
12:02:41.700 [FXGL Background Thread 3 ] DEBUG Engine               - secondsIn24h: 60
12:02:41.700 [FXGL Background Thread 3 ] DEBUG Engine               - soundMenuBack: menu/back.wav
12:02:41.700 [FXGL Background Thread 3 ] DEBUG Engine               - soundMenuPress: menu/press.wav
12:02:41.700 [FXGL Background Thread 3 ] DEBUG Engine               - soundMenuSelect: menu/select.wav
12:02:41.700 [FXGL Background Thread 3 ] DEBUG Engine               - soundNotification: core/notification.wav
12:02:41.700 [FXGL Background Thread 3 ] DEBUG Engine               - stageStyle: DECORATED
12:02:41.700 [FXGL Background Thread 3 ] DEBUG Engine               - supportedLanguages: [ENGLISH, FRENCH, GERMAN, HUNGARIAN, RUSSIAN]
12:02:41.700 [FXGL Background Thread 3 ] DEBUG Engine               - ticksPerSecond: -1
12:02:41.700 [FXGL Background Thread 3 ] DEBUG Engine               - title: platformer
12:02:41.701 [FXGL Background Thread 3 ] DEBUG Engine               - urlGithub: https://github.com/AlmasB/FXGL
12:02:41.701 [FXGL Background Thread 3 ] DEBUG Engine               - urlLeaderboard: http://fxgl-top.herokuapp.com/
12:02:41.701 [FXGL Background Thread 3 ] DEBUG Engine               - urlPOM: https://raw.githubusercontent.com/AlmasB/FXGL/release/README.md
12:02:41.701 [FXGL Background Thread 3 ] DEBUG Engine               - userAppClass: class game.PlatformerApp
12:02:41.701 [FXGL Background Thread 3 ] DEBUG Engine               - version: 0.0
12:02:41.701 [FXGL Background Thread 3 ] DEBUG Engine               - versionCheckDays: 7
12:02:41.701 [FXGL Background Thread 3 ] DEBUG Engine               - width: 1920
12:02:41.701 [FXGL Background Thread 3 ] DEBUG Engine               - Logging services
12:02:41.701 [FXGL Background Thread 3 ] DEBUG Engine               - class com.almasb.fxgl.app.services.FXGLAssetLoaderService
12:02:41.701 [FXGL Background Thread 3 ] DEBUG Engine               - class com.almasb.fxgl.app.FXGLApplication$GameApplicationService
12:02:41.701 [FXGL Background Thread 3 ] DEBUG Engine               - class com.almasb.fxgl.app.services.FXGLDialogService
12:02:41.701 [FXGL Background Thread 3 ] DEBUG Engine               - class com.almasb.fxgl.app.services.IOTaskExecutorService
12:02:41.701 [FXGL Background Thread 3 ] DEBUG Engine               - class com.almasb.fxgl.io.FileSystemService
12:02:41.702 [FXGL Background Thread 3 ] DEBUG Engine               - class com.almasb.fxgl.localization.LocalizationService
12:02:41.702 [FXGL Background Thread 3 ] DEBUG Engine               - class com.almasb.fxgl.app.services.SystemBundleService
12:02:41.702 [FXGL Background Thread 3 ] DEBUG Engine               - class com.almasb.fxgl.profile.SaveLoadService
12:02:41.702 [FXGL Background Thread 3 ] DEBUG Engine               - class com.almasb.fxgl.ui.FXGLUIFactoryServiceProvider
12:02:41.702 [FXGL Background Thread 3 ] DEBUG Engine               - class com.almasb.fxgl.ui.FXGLDialogFactoryServiceProvider
12:02:41.702 [FXGL Background Thread 3 ] DEBUG Engine               - class com.almasb.fxgl.audio.AudioPlayer
12:02:41.702 [FXGL Background Thread 3 ] DEBUG Engine               - class com.almasb.fxgl.notification.impl.NotificationServiceProvider
12:02:41.702 [FXGL Background Thread 3 ] DEBUG Engine               - class com.almasb.fxgl.achievement.AchievementService
12:02:41.702 [FXGL Background Thread 3 ] DEBUG Engine               - class com.almasb.fxgl.cutscene.CutsceneService
12:02:41.702 [FXGL Background Thread 3 ] DEBUG Engine               - class com.almasb.fxgl.minigames.MiniGameService
12:02:41.702 [FXGL Background Thread 3 ] DEBUG Engine               - class com.almasb.fxgl.net.NetService
12:02:41.702 [FXGL Background Thread 3 ] DEBUG Engine               - class com.almasb.fxgl.app.services.UpdaterService
12:02:41.702 [FXGL Background Thread 3 ] DEBUG Engine               - class com.almasb.fxgl.dev.DevService
12:02:44.149 [JavaFX Application Thread] DEBUG FXGLApplication      - Exiting FXGL
12:02:44.149 [JavaFX Application Thread] DEBUG LoopRunner           - Stopping loop
12:02:44.149 [JavaFX Application Thread] DEBUG SystemBundleService  - Saving FXGL system data
12:02:44.151 [JavaFX Application Thread] DEBUG FileSystemAccess     - Writing to: C:\Users\lucca\git\giocoInformatica1\system\fxgl.bundle
12:02:44.152 [JavaFX Application Thread] DEBUG Async                - Shutting down background threads
12:02:44.153 [JavaFX Application Thread] DEBUG PrimaryStageWindow   - Closing main window
12:02:44.161 [JavaFX Application Thread] DEBUG Logger               - Closing Logger
