17:20:44.363 [main                     ] DEBUG Logger               - Configured Logger
17:20:44.477 [main                     ] DEBUG GameApplication      - Logging settings
Title: platformer
Version: 0.0
Width: 1920
Height: 1080
Fullscreen: false
Intro: false
Profiling: false
Single step:false
App Mode: DEVELOPER
Menu Key: ESCAPE
Stage Style: DECORATED
Scene Factory: class game.PlatformerApp$1

17:20:46.075 [JavaFX Application Thread] DEBUG FXGLApplication      - Initializing FXGL
17:20:46.140 [JavaFX Application Thread] INFO  Engine               - FXGL-17.1 (24.03.2022 17.39) on WINDOWS (J:17.0.2 FX:18)
17:20:46.141 [JavaFX Application Thread] DEBUG Engine               - JRE Vendor Name: Eclipse Adoptium
17:20:46.144 [JavaFX Application Thread] DEBUG Engine               - Running on OS: Windows 10 version 10.0
17:20:46.145 [JavaFX Application Thread] DEBUG Engine               - Architecture: amd64
17:20:46.145 [JavaFX Application Thread] INFO  Engine               - Source code and latest versions at: https://github.com/AlmasB/FXGL
17:20:46.145 [JavaFX Application Thread] INFO  Engine               -       Ask questions and discuss at: https://github.com/AlmasB/FXGL/discussions
17:20:46.146 [JavaFX Application Thread] INFO  Engine               -              Join the FXGL chat at: https://gitter.im/AlmasB/FXGL
17:20:46.417 [JavaFX Application Thread] DEBUG PrimaryStageWindow   - Creating a JavaFX scene
17:20:46.418 [JavaFX Application Thread] DEBUG PrimaryStageWindow   - Target size > screen size
17:20:46.580 [JavaFX Application Thread] DEBUG PrimaryStageWindow   - Target settings size: 1920.0 x 1080.0
17:20:46.581 [JavaFX Application Thread] DEBUG PrimaryStageWindow   - Scaled scene size:    1269.0 x 727.0
17:20:46.582 [JavaFX Application Thread] DEBUG PrimaryStageWindow   - Scaled ratio: (0.6609375, 0.6731481481481482)
17:20:46.584 [JavaFX Application Thread] DEBUG PrimaryStageWindow   - Set initial scene to FXGLStartupScene
17:20:46.768 [JavaFX Application Thread] DEBUG PrimaryStageWindow   - Opening main window
17:20:46.997 [JavaFX Application Thread] DEBUG PrimaryStageWindow   - Window border size: (16.0, 39.0)
17:20:46.998 [JavaFX Application Thread] DEBUG PrimaryStageWindow   - Scaled size: 1269.0 x 727.0
17:20:46.998 [JavaFX Application Thread] DEBUG PrimaryStageWindow   - Scaled ratio: (0.6609375, 0.6731481481481482)
17:20:46.998 [JavaFX Application Thread] DEBUG PrimaryStageWindow   - Scene size: 1269.0 x 727.0
17:20:46.999 [JavaFX Application Thread] DEBUG PrimaryStageWindow   - Stage size: 1285.0 x 766.0
17:20:47.207 [FXGL Background Thread 1 ] DEBUG Engine               - Initializing environment variables
17:20:47.297 [FXGL Background Thread 1 ] DEBUG FXGLAssetLoaderServi - User app class for loading assets: class game.PlatformerApp
17:20:47.298 [FXGL Background Thread 1 ] DEBUG GameApplicationServi - Applying CSS: fxgl_dark.css
17:20:47.299 [FXGL Background Thread 1 ] DEBUG FXGLAssetLoaderServi - Loading from file system: jar:file:/C:/jav/fxgl-17.1-uber.jar!/fxglassets/ui/css/fxgl_dark.css
17:20:47.469 [FXGL Background Thread 1 ] DEBUG GameApplicationServi - Initializing application scenes
17:20:47.724 [FXGL Background Thread 1 ] DEBUG GameWorld            - Game world initialized
17:20:47.811 [FXGL Background Thread 1 ] DEBUG PhysicsWorld         - Physics world initialized: appHeight=1080, physics.ppm=50,0
17:20:47.812 [FXGL Background Thread 1 ] DEBUG PhysicsWorld         - Using strategy: BRUTE_FORCE
17:20:47.823 [FXGL Background Thread 1 ] DEBUG GameScene            - Game scene initialized: 1920x1080
17:20:47.965 [FXGL Background Thread 1 ] DEBUG GameApplicationServi - Application scenes initialized
17:20:47.993 [FXGL Background Thread 1 ] DEBUG SystemBundleService  - Loading FXGL system data
17:20:48.004 [FXGL Background Thread 1 ] DEBUG FileSystemAccess     - Reading from: C:\Users\G\git\giocoInformatica_final_sulSerio\system\fxgl.bundle
17:20:48.025 [FXGL Background Thread 1 ] DEBUG SystemBundleService  - Bundle FXGL: {}
17:20:48.026 [FXGL Background Thread 1 ] DEBUG UpdaterService       - Checking for updates
17:20:48.172 [FXGL Background Thread 1 ] DEBUG FXGLApplication      - Loading default localization
17:20:48.176 [FXGL Background Thread 1 ] DEBUG FXGLAssetLoaderServi - Loading from file system: jar:file:/C:/jav/fxgl-17.1-uber.jar!/fxglassets/languages/english.lang
17:20:48.225 [FXGL Background Thread 4 ] DEBUG FXGLApplication      - Loading fonts
17:20:48.228 [FXGL Background Thread 4 ] DEBUG FXGLAssetLoaderServi - Loading from file system: jar:file:/C:/jav/fxgl-17.1-uber.jar!/fxglassets/ui/fonts/VarelaRound-Regular.ttf
17:20:48.293 [FXGL Background Thread 1 ] INFO  FXGLApplication      - FXGL initialization took: 1,085 sec
17:20:48.314 [JavaFX Application Thread] DEBUG Input                - Registered new binding: Left - A
17:20:48.315 [JavaFX Application Thread] DEBUG Input                - Registered new binding: Right - D
17:20:48.315 [JavaFX Application Thread] DEBUG Input                - Registered new binding: Jump - Space
17:20:48.316 [JavaFX Application Thread] DEBUG Input                - Registered new binding: Attack - F
17:20:48.316 [JavaFX Application Thread] DEBUG Input                - Registered new binding: menu dev - P
17:20:48.317 [JavaFX Application Thread] DEBUG Input                - Registered new binding: interact - E
17:20:48.319 [JavaFX Application Thread] DEBUG FXGLAssetLoaderServi - Loading from file system: file:/C:/Users/G/git/giocoInformatica_final_sulSerio/bin/assets/music/BGM_dash_runner.wav
17:20:48.844 [JavaFX Application Thread] DEBUG AudioPlayer          - Playing music com.almasb.fxgl.audio.Music@10a4dcc
17:20:48.845 [JavaFX Application Thread] DEBUG PhysicsWorld         - Clearing physics world
17:20:48.846 [JavaFX Application Thread] DEBUG FXGLAssetLoaderServi - Loading from file system: jar:file:/C:/jav/fxgl-17.1-uber.jar!/fxglassets/textures/fxgl_icon.png
17:20:48.949 [JavaFX Application Thread] DEBUG FXGLAssetLoaderServi - Loading from file system: jar:file:/C:/jav/fxgl-17.1-uber.jar!/fxglassets/textures/fxgl_default_cursor.png
17:20:48.953 [JavaFX Application Thread] DEBUG Input                - Registered new binding: Screenshot - CTRL+8
17:20:48.954 [JavaFX Application Thread] DEBUG Input                - Registered new binding: Dev Options - 1
17:20:48.955 [JavaFX Application Thread] DEBUG Input                - Registered new binding: Dev Console - 2
17:20:48.956 [JavaFX Application Thread] DEBUG Input                - Registered new binding: System info dump - CTRL+9
17:20:48.956 [JavaFX Application Thread] DEBUG Input                - Registered new binding: Restart - CTRL+R
17:20:48.957 [JavaFX Application Thread] DEBUG Input                - Registered new binding: Toggle Debug Camera - CTRL+7
17:20:48.962 [JavaFX Application Thread] DEBUG LoopRunner           - Starting loop
17:20:48.989 [JavaFX Application Thread] DEBUG LoopRunner           - Initializing JavaFX AnimationTimerLoop
17:20:48.995 [JavaFX Application Thread] DEBUG Input                - Clearing active input actions
17:20:49.045 [JavaFX Application Thread] DEBUG GameApplicationServi - Removing overlay from FXGLStartupScene and adding to FXGLMainMenuDummyScene
17:20:49.054 [JavaFX Application Thread] DEBUG PrimaryStageWindow   - FXGLStartupScene -> FXGLMainMenuDummyScene
17:20:49.055 [JavaFX Application Thread] DEBUG PrimaryStageWindow   - Push state: PlatformerMainMenu
17:20:49.055 [JavaFX Application Thread] DEBUG Input                - Clearing active input actions
17:20:49.061 [JavaFX Application Thread] DEBUG GameApplicationServi - Removing overlay from FXGLMainMenuDummyScene and adding to PlatformerMainMenu
17:20:49.062 [JavaFX Application Thread] DEBUG PrimaryStageWindow   - FXGLMainMenuDummyScene -> PlatformerMainMenu
17:20:50.776 [FXGL Background Thread 4 ] DEBUG FXGLAssetLoaderServi - Loading from file system: jar:file:/C:/jav/fxgl-17.1-uber.jar!/fxglassets/ui/fonts/Abel-Regular.ttf
17:20:50.791 [FXGL Background Thread 4 ] DEBUG FXGLAssetLoaderServi - Loading from file system: jar:file:/C:/jav/fxgl-17.1-uber.jar!/fxglassets/ui/fonts/TerminalLandMono-Regular.otf
17:20:50.810 [FXGL Background Thread 4 ] DEBUG FXGLAssetLoaderServi - Loading from file system: jar:file:/C:/jav/fxgl-17.1-uber.jar!/fxglassets/ui/fonts/Courier-Prime.ttf
17:20:51.170 [FXGL Background Thread 3 ] DEBUG Engine               - Logging environment variables
17:20:51.171 [FXGL Background Thread 3 ] DEBUG Engine               - achievements: []
17:20:51.171 [FXGL Background Thread 3 ] DEBUG Engine               - actualHeight: 727.0
17:20:51.171 [FXGL Background Thread 3 ] DEBUG Engine               - actualHeightProperty: ReadOnlyDoubleProperty [value: 727.0]
17:20:51.173 [FXGL Background Thread 3 ] DEBUG Engine               - actualWidth: 1269.0
17:20:51.174 [FXGL Background Thread 3 ] DEBUG Engine               - actualWidthProperty: ReadOnlyDoubleProperty [value: 1269.0]
17:20:51.176 [FXGL Background Thread 3 ] DEBUG Engine               - appIcon: fxgl_icon.png
17:20:51.176 [FXGL Background Thread 3 ] DEBUG Engine               - applicationMode: DEVELOPER
17:20:51.177 [FXGL Background Thread 3 ] DEBUG Engine               - cSSList: [fxgl_dark.css]
17:20:51.177 [FXGL Background Thread 3 ] DEBUG Engine               - collisionDetectionStrategy: BRUTE_FORCE
17:20:51.177 [FXGL Background Thread 3 ] DEBUG Engine               - configClass: Optional.empty
17:20:51.177 [FXGL Background Thread 3 ] DEBUG Engine               - credits: []
17:20:51.179 [FXGL Background Thread 3 ] DEBUG Engine               - defaultCursor: CursorInfo(imageName=fxgl_default_cursor.png, hotspotX=7.0, hotspotY=6.0)
17:20:51.180 [FXGL Background Thread 3 ] DEBUG Engine               - devBBoxColorProperty: ObjectProperty [value: 0xff0000ff]
17:20:51.180 [FXGL Background Thread 3 ] DEBUG Engine               - devEnableDebugCameraProperty: BooleanProperty [value: false]
17:20:51.180 [FXGL Background Thread 3 ] DEBUG Engine               - devSensorColorProperty: ObjectProperty [value: 0xffff00ff]
17:20:51.181 [FXGL Background Thread 3 ] DEBUG Engine               - devShowBBoxProperty: BooleanProperty [value: false]
17:20:51.181 [FXGL Background Thread 3 ] DEBUG Engine               - devShowPositionProperty: BooleanProperty [value: false]
17:20:51.181 [FXGL Background Thread 3 ] DEBUG Engine               - enabledMenuItems: []
17:20:51.182 [FXGL Background Thread 3 ] DEBUG Engine               - engineServices: [class com.almasb.fxgl.app.services.FXGLAssetLoaderService, class com.almasb.fxgl.app.FXGLApplication$GameApplicationService, class com.almasb.fxgl.app.services.FXGLDialogService, class com.almasb.fxgl.app.services.IOTaskExecutorService, class com.almasb.fxgl.io.FileSystemService, class com.almasb.fxgl.localization.LocalizationService, class com.almasb.fxgl.app.services.SystemBundleService, class com.almasb.fxgl.profile.SaveLoadService, class com.almasb.fxgl.ui.FXGLUIFactoryServiceProvider, class com.almasb.fxgl.ui.FXGLDialogFactoryServiceProvider, class com.almasb.fxgl.audio.AudioPlayer, class com.almasb.fxgl.notification.impl.NotificationServiceProvider, class com.almasb.fxgl.achievement.AchievementService, class com.almasb.fxgl.cutscene.CutsceneService, class com.almasb.fxgl.minigames.MiniGameService, class com.almasb.fxgl.net.NetService, class com.almasb.fxgl.app.services.UpdaterService, class com.almasb.fxgl.dev.DevService]
17:20:51.182 [FXGL Background Thread 3 ] DEBUG Engine               - fontGame: Abel-Regular.ttf
17:20:51.182 [FXGL Background Thread 3 ] DEBUG Engine               - fontMono: TerminalLandMono-Regular.otf
17:20:51.182 [FXGL Background Thread 3 ] DEBUG Engine               - fontText: Courier-Prime.ttf
17:20:51.182 [FXGL Background Thread 3 ] DEBUG Engine               - fontUI: VarelaRound-Regular.ttf
17:20:51.182 [FXGL Background Thread 3 ] DEBUG Engine               - fullScreen: BooleanProperty [value: false]
17:20:51.183 [FXGL Background Thread 3 ] DEBUG Engine               - gameDifficulty: MEDIUM
17:20:51.183 [FXGL Background Thread 3 ] DEBUG Engine               - gameDifficultyProperty: ObjectProperty [value: MEDIUM]
17:20:51.183 [FXGL Background Thread 3 ] DEBUG Engine               - globalMusicVolume: 0.5
17:20:51.184 [FXGL Background Thread 3 ] DEBUG Engine               - globalMusicVolumeProperty: DoubleProperty [value: 0.25]
17:20:51.184 [FXGL Background Thread 3 ] DEBUG Engine               - globalSoundVolume: 0.5
17:20:51.184 [FXGL Background Thread 3 ] DEBUG Engine               - globalSoundVolumeProperty: DoubleProperty [value: 0.5]
17:20:51.185 [FXGL Background Thread 3 ] DEBUG Engine               - height: 1080
17:20:51.185 [FXGL Background Thread 3 ] DEBUG Engine               - is3D: false
17:20:51.185 [FXGL Background Thread 3 ] DEBUG Engine               - isAndroid: false
17:20:51.185 [FXGL Background Thread 3 ] DEBUG Engine               - isBrowser: false
17:20:51.185 [FXGL Background Thread 3 ] DEBUG Engine               - isClickFeedbackEnabled: false
17:20:51.186 [FXGL Background Thread 3 ] DEBUG Engine               - isCloseConfirmation: false
17:20:51.186 [FXGL Background Thread 3 ] DEBUG Engine               - isDesktop: true
17:20:51.186 [FXGL Background Thread 3 ] DEBUG Engine               - isDeveloperMenuEnabled: true
17:20:51.186 [FXGL Background Thread 3 ] DEBUG Engine               - isEmbedded: false
17:20:51.186 [FXGL Background Thread 3 ] DEBUG Engine               - isEntityPreloadEnabled: true
17:20:51.186 [FXGL Background Thread 3 ] DEBUG Engine               - isExperimentalTiledLargeMap: false
17:20:51.187 [FXGL Background Thread 3 ] DEBUG Engine               - isFileSystemWriteAllowed: true
17:20:51.187 [FXGL Background Thread 3 ] DEBUG Engine               - isFullScreenAllowed: false
17:20:51.187 [FXGL Background Thread 3 ] DEBUG Engine               - isFullScreenFromStart: false
17:20:51.187 [FXGL Background Thread 3 ] DEBUG Engine               - isGameMenuEnabled: true
17:20:51.188 [FXGL Background Thread 3 ] DEBUG Engine               - isIOS: false
17:20:51.188 [FXGL Background Thread 3 ] DEBUG Engine               - isIntroEnabled: false
17:20:51.188 [FXGL Background Thread 3 ] DEBUG Engine               - isLinux: false
17:20:51.188 [FXGL Background Thread 3 ] DEBUG Engine               - isMac: false
17:20:51.188 [FXGL Background Thread 3 ] DEBUG Engine               - isMainMenuEnabled: true
17:20:51.188 [FXGL Background Thread 3 ] DEBUG Engine               - isManualResizeEnabled: false
17:20:51.189 [FXGL Background Thread 3 ] DEBUG Engine               - isMobile: false
17:20:51.189 [FXGL Background Thread 3 ] DEBUG Engine               - isNative: false
17:20:51.189 [FXGL Background Thread 3 ] DEBUG Engine               - isPauseMusicWhenMinimized: true
17:20:51.189 [FXGL Background Thread 3 ] DEBUG Engine               - isPreserveResizeRatio: false
17:20:51.189 [FXGL Background Thread 3 ] DEBUG Engine               - isProfilingEnabled: false
17:20:51.189 [FXGL Background Thread 3 ] DEBUG Engine               - isScaleAffectedOnResize: true
17:20:51.190 [FXGL Background Thread 3 ] DEBUG Engine               - isSingleStep: false
17:20:51.190 [FXGL Background Thread 3 ] DEBUG Engine               - isUserProfileEnabled: false
17:20:51.190 [FXGL Background Thread 3 ] DEBUG Engine               - isWindows: true
17:20:51.190 [FXGL Background Thread 3 ] DEBUG Engine               - language: ObjectProperty [value: ENGLISH]
17:20:51.190 [FXGL Background Thread 3 ] DEBUG Engine               - menuKey: ESCAPE
17:20:51.191 [FXGL Background Thread 3 ] DEBUG Engine               - mouseSensitivity: 0.2
17:20:51.191 [FXGL Background Thread 3 ] DEBUG Engine               - notificationViewClass: class com.almasb.fxgl.notification.view.XboxNotificationView
17:20:51.191 [FXGL Background Thread 3 ] DEBUG Engine               - pixelsPerMeter: 50.0
17:20:51.191 [FXGL Background Thread 3 ] DEBUG Engine               - platform: WINDOWS
17:20:51.191 [FXGL Background Thread 3 ] DEBUG Engine               - prefHeightProperty: ReadOnlyDoubleProperty [value: 1080.0]
17:20:51.191 [FXGL Background Thread 3 ] DEBUG Engine               - prefWidthProperty: ReadOnlyDoubleProperty [value: 1920.0]
17:20:51.192 [FXGL Background Thread 3 ] DEBUG Engine               - profileDir: profiles/
17:20:51.192 [FXGL Background Thread 3 ] DEBUG Engine               - profileName: StringProperty [value: DEFAULT]
17:20:51.192 [FXGL Background Thread 3 ] DEBUG Engine               - randomSeed: -1
17:20:51.193 [FXGL Background Thread 3 ] DEBUG Engine               - runtimeInfo: RuntimeInfo(platform=WINDOWS, version=17.1, build=24.03.2022 17.39)
17:20:51.193 [FXGL Background Thread 3 ] DEBUG Engine               - saveFileExt: sav
17:20:51.193 [FXGL Background Thread 3 ] DEBUG Engine               - scaledHeightProp$fxgl: DoubleProperty [bound, value: 727.0]
17:20:51.194 [FXGL Background Thread 3 ] DEBUG Engine               - scaledWidthProp$fxgl: DoubleProperty [bound, value: 1269.0]
17:20:51.194 [FXGL Background Thread 3 ] DEBUG Engine               - sceneFactory: game.PlatformerApp$1@f807d11
17:20:51.194 [FXGL Background Thread 3 ] DEBUG Engine               - secondsIn24h: 60
17:20:51.194 [FXGL Background Thread 3 ] DEBUG Engine               - soundMenuBack: menu/back.wav
17:20:51.195 [FXGL Background Thread 3 ] DEBUG Engine               - soundMenuPress: menu/press.wav
17:20:51.195 [FXGL Background Thread 3 ] DEBUG Engine               - soundMenuSelect: menu/select.wav
17:20:51.195 [FXGL Background Thread 3 ] DEBUG Engine               - soundNotification: core/notification.wav
17:20:51.195 [FXGL Background Thread 3 ] DEBUG Engine               - stageStyle: DECORATED
17:20:51.195 [FXGL Background Thread 3 ] DEBUG Engine               - supportedLanguages: [ENGLISH, FRENCH, GERMAN, HUNGARIAN, RUSSIAN]
17:20:51.196 [FXGL Background Thread 3 ] DEBUG Engine               - ticksPerSecond: -1
17:20:51.196 [FXGL Background Thread 3 ] DEBUG Engine               - title: platformer
17:20:51.196 [FXGL Background Thread 3 ] DEBUG Engine               - urlGithub: https://github.com/AlmasB/FXGL
17:20:51.196 [FXGL Background Thread 3 ] DEBUG Engine               - urlLeaderboard: http://fxgl-top.herokuapp.com/
17:20:51.196 [FXGL Background Thread 3 ] DEBUG Engine               - urlPOM: https://raw.githubusercontent.com/AlmasB/FXGL/release/README.md
17:20:51.196 [FXGL Background Thread 3 ] DEBUG Engine               - userAppClass: class game.PlatformerApp
17:20:51.197 [FXGL Background Thread 3 ] DEBUG Engine               - version: 0.0
17:20:51.197 [FXGL Background Thread 3 ] DEBUG Engine               - versionCheckDays: 7
17:20:51.197 [FXGL Background Thread 3 ] DEBUG Engine               - width: 1920
17:20:51.197 [FXGL Background Thread 3 ] DEBUG Engine               - Logging services
17:20:51.197 [FXGL Background Thread 3 ] DEBUG Engine               - class com.almasb.fxgl.app.services.FXGLAssetLoaderService
17:20:51.197 [FXGL Background Thread 3 ] DEBUG Engine               - class com.almasb.fxgl.app.FXGLApplication$GameApplicationService
17:20:51.202 [FXGL Background Thread 3 ] DEBUG Engine               - class com.almasb.fxgl.app.services.FXGLDialogService
17:20:51.203 [FXGL Background Thread 3 ] DEBUG Engine               - class com.almasb.fxgl.app.services.IOTaskExecutorService
17:20:51.204 [FXGL Background Thread 3 ] DEBUG Engine               - class com.almasb.fxgl.io.FileSystemService
17:20:51.204 [FXGL Background Thread 3 ] DEBUG Engine               - class com.almasb.fxgl.localization.LocalizationService
17:20:51.205 [FXGL Background Thread 3 ] DEBUG Engine               - class com.almasb.fxgl.app.services.SystemBundleService
17:20:51.210 [FXGL Background Thread 3 ] DEBUG Engine               - class com.almasb.fxgl.profile.SaveLoadService
17:20:51.211 [FXGL Background Thread 3 ] DEBUG Engine               - class com.almasb.fxgl.ui.FXGLUIFactoryServiceProvider
17:20:51.211 [FXGL Background Thread 3 ] DEBUG Engine               - class com.almasb.fxgl.ui.FXGLDialogFactoryServiceProvider
17:20:51.212 [FXGL Background Thread 3 ] DEBUG Engine               - class com.almasb.fxgl.audio.AudioPlayer
17:20:51.212 [FXGL Background Thread 3 ] DEBUG Engine               - class com.almasb.fxgl.notification.impl.NotificationServiceProvider
17:20:51.212 [FXGL Background Thread 3 ] DEBUG Engine               - class com.almasb.fxgl.achievement.AchievementService
17:20:51.213 [FXGL Background Thread 3 ] DEBUG Engine               - class com.almasb.fxgl.cutscene.CutsceneService
17:20:51.214 [FXGL Background Thread 3 ] DEBUG Engine               - class com.almasb.fxgl.minigames.MiniGameService
17:20:51.214 [FXGL Background Thread 3 ] DEBUG Engine               - class com.almasb.fxgl.net.NetService
17:20:51.214 [FXGL Background Thread 3 ] DEBUG Engine               - class com.almasb.fxgl.app.services.UpdaterService
17:20:51.214 [FXGL Background Thread 3 ] DEBUG Engine               - class com.almasb.fxgl.dev.DevService
17:20:51.448 [JavaFX Application Thread] DEBUG FXGLApplication      - Registering font factories with UI factory
17:20:51.511 [JavaFX Application Thread] DEBUG PrimaryStageWindow   - Push state: DialogSubScene
17:20:51.511 [JavaFX Application Thread] DEBUG Input                - Clearing active input actions
17:20:51.515 [JavaFX Application Thread] DEBUG GameApplicationServi - Removing overlay from PlatformerMainMenu and adding to DialogSubScene
17:20:51.533 [JavaFX Application Thread] DEBUG PrimaryStageWindow   - PlatformerMainMenu -> DialogSubScene
17:20:54.568 [JavaFX Application Thread] DEBUG PrimaryStageWindow   - Pop state: DialogSubScene
17:20:54.568 [JavaFX Application Thread] DEBUG Input                - Clearing active input actions
17:20:54.569 [JavaFX Application Thread] DEBUG GameApplicationServi - Removing overlay from DialogSubScene and adding to PlatformerMainMenu
17:20:54.572 [JavaFX Application Thread] DEBUG PrimaryStageWindow   - PlatformerMainMenu <- DialogSubScene
17:20:54.577 [JavaFX Application Thread] DEBUG Menu                 - fireNewGame()
17:20:54.577 [JavaFX Application Thread] DEBUG GameApplicationServi - Starting new game
17:20:54.578 [JavaFX Application Thread] DEBUG PrimaryStageWindow   - Pop state: PlatformerMainMenu
17:20:54.578 [JavaFX Application Thread] DEBUG Input                - Clearing active input actions
17:20:54.578 [JavaFX Application Thread] DEBUG GameApplicationServi - Removing overlay from PlatformerMainMenu and adding to FXGLMainMenuDummyScene
17:20:54.580 [JavaFX Application Thread] DEBUG PrimaryStageWindow   - FXGLMainMenuDummyScene <- PlatformerMainMenu
17:20:54.580 [JavaFX Application Thread] DEBUG Input                - Clearing active input actions
17:20:54.596 [JavaFX Application Thread] DEBUG GameApplicationServi - Removing overlay from FXGLMainMenuDummyScene and adding to FXGLLoadingScene
17:20:54.606 [JavaFX Application Thread] DEBUG PrimaryStageWindow   - FXGLMainMenuDummyScene -> FXGLLoadingScene
17:20:54.606 [JavaFX Application Thread] DEBUG GameApplicationServi - Clearing previous game
17:20:54.606 [JavaFX Application Thread] DEBUG GameScene            - Clearing game scene
17:20:54.607 [JavaFX Application Thread] DEBUG GameWorld            - Clearing game world
17:20:54.607 [JavaFX Application Thread] DEBUG PhysicsWorld         - Clearing physics world
17:20:54.613 [FXGL Background Thread 4 ] DEBUG FXGLApplication      - Initializing game
17:20:54.759 [FXGL Background Thread 4 ] WARN  TMXLevelLoader       - TiledMap generated from 1.8.4. Supported version: 1.4.2. Some features may not be parsed fully.
17:20:54.825 [FXGL Background Thread 4 ] DEBUG TMXLevelLoader       - Parsed TiledMap: file:/C:/Users/G/git/giocoInformatica_final_sulSerio/bin/assets/levels/tmx/level1.tmx
17:20:54.826 [FXGL Background Thread 4 ] DEBUG TMXLevelLoader       - Creating tile layer entities
17:20:54.829 [FXGL Background Thread 4 ] DEBUG TilesetLoader        - Loading view for layer wall 2
17:20:54.867 [FXGL Background Thread 4 ] DEBUG TilesetLoader        - Created buffer with size 2240.0x2560.0
17:20:55.131 [FXGL Background Thread 4 ] WARN  TilesetLoader        - Diagonally flipped tiles are not currently supported
17:20:55.159 [FXGL Background Thread 4 ] WARN  TilesetLoader        - Diagonally flipped tiles are not currently supported
17:20:55.161 [FXGL Background Thread 4 ] WARN  TilesetLoader        - Diagonally flipped tiles are not currently supported
17:20:55.342 [FXGL Background Thread 4 ] WARN  TilesetLoader        - Diagonally flipped tiles are not currently supported
17:20:55.440 [FXGL Background Thread 4 ] WARN  TilesetLoader        - Diagonally flipped tiles are not currently supported
17:20:55.444 [FXGL Background Thread 4 ] DEBUG TilesetLoader        - Loading view for layer wall 1
17:20:55.500 [FXGL Background Thread 4 ] DEBUG TilesetLoader        - Created buffer with size 2240.0x2560.0
17:20:55.577 [FXGL Background Thread 4 ] DEBUG TilesetLoader        - Loading view for layer platforms
17:20:55.590 [FXGL Background Thread 4 ] DEBUG TilesetLoader        - Created buffer with size 2240.0x2560.0
17:20:55.802 [FXGL Background Thread 4 ] DEBUG TilesetLoader        - Loading view for layer spike
17:20:55.812 [FXGL Background Thread 4 ] DEBUG TilesetLoader        - Created buffer with size 2240.0x2560.0
17:20:55.822 [FXGL Background Thread 4 ] DEBUG TilesetLoader        - Loading view for layer ground
17:20:55.834 [FXGL Background Thread 4 ] DEBUG TilesetLoader        - Created buffer with size 2240.0x2560.0
17:20:55.852 [FXGL Background Thread 4 ] DEBUG TMXLevelLoader       - Creating object layer entities
17:20:55.949 [FXGL Background Thread 4 ] DEBUG FXGLAssetLoaderServi - Loading from file system: file:/C:/Users/G/git/giocoInformatica_final_sulSerio/bin/assets/textures/enemies/Skeleton/Idle.png
17:20:55.952 [FXGL Background Thread 4 ] DEBUG FXGLAssetLoaderServi - Loading from file system: file:/C:/Users/G/git/giocoInformatica_final_sulSerio/bin/assets/textures/enemies/Skeleton/Walk.png
17:20:55.955 [FXGL Background Thread 4 ] DEBUG FXGLAssetLoaderServi - Loading from file system: file:/C:/Users/G/git/giocoInformatica_final_sulSerio/bin/assets/textures/enemies/Skeleton/Attack.png
17:20:55.958 [FXGL Background Thread 4 ] DEBUG FXGLAssetLoaderServi - Loading from file system: file:/C:/Users/G/git/giocoInformatica_final_sulSerio/bin/assets/textures/enemies/Skeleton/Take%20Hit.png
17:20:55.961 [FXGL Background Thread 4 ] DEBUG FXGLAssetLoaderServi - Loading from file system: file:/C:/Users/G/git/giocoInformatica_final_sulSerio/bin/assets/textures/enemies/Skeleton/Death.png
17:20:55.963 [FXGL Background Thread 4 ] DEBUG FXGLAssetLoaderServi - Loading from file system: file:/C:/Users/G/git/giocoInformatica_final_sulSerio/bin/assets/textures/enemies/Skeleton/Shield.png
17:20:56.041 [FXGL Background Thread 4 ] DEBUG FXGLAssetLoaderServi - Loading from file system: file:/C:/Users/G/git/giocoInformatica_final_sulSerio/bin/assets/textures/box.png
17:20:56.142 [FXGL Background Thread 4 ] DEBUG FXGLAssetLoaderServi - Loading from file system: file:/C:/Users/G/git/giocoInformatica_final_sulSerio/bin/assets/textures/bonfire.png
17:20:56.145 [FXGL Background Thread 4 ] DEBUG FXGLAssetLoaderServi - Loading from file system: file:/C:/Users/G/git/giocoInformatica_final_sulSerio/bin/assets/textures/bonfire_animation.png
17:20:56.172 [FXGL Background Thread 4 ] DEBUG FXGLAssetLoaderServi - Loading from file system: file:/C:/Users/G/git/giocoInformatica_final_sulSerio/bin/assets/textures/enemies/Flying%20eye/Flight.png
17:20:56.175 [FXGL Background Thread 4 ] DEBUG FXGLAssetLoaderServi - Loading from file system: file:/C:/Users/G/git/giocoInformatica_final_sulSerio/bin/assets/textures/enemies/Flying%20eye/Attack.png
17:20:56.182 [FXGL Background Thread 4 ] DEBUG FXGLAssetLoaderServi - Loading from file system: file:/C:/Users/G/git/giocoInformatica_final_sulSerio/bin/assets/textures/enemies/Flying%20eye/Take%20Hit.png
17:20:56.187 [FXGL Background Thread 4 ] DEBUG FXGLAssetLoaderServi - Loading from file system: file:/C:/Users/G/git/giocoInformatica_final_sulSerio/bin/assets/textures/enemies/Flying%20eye/Death.png
17:20:56.208 [FXGL Background Thread 4 ] DEBUG FXGLAssetLoaderServi - Loading from file system: file:/C:/Users/G/git/giocoInformatica_final_sulSerio/bin/assets/textures/enemies/Goblin/Idle.png
17:20:56.212 [FXGL Background Thread 4 ] DEBUG FXGLAssetLoaderServi - Loading from file system: file:/C:/Users/G/git/giocoInformatica_final_sulSerio/bin/assets/textures/enemies/Goblin/Run.png
17:20:56.214 [FXGL Background Thread 4 ] DEBUG FXGLAssetLoaderServi - Loading from file system: file:/C:/Users/G/git/giocoInformatica_final_sulSerio/bin/assets/textures/enemies/Goblin/Attack.png
17:20:56.217 [FXGL Background Thread 4 ] DEBUG FXGLAssetLoaderServi - Loading from file system: file:/C:/Users/G/git/giocoInformatica_final_sulSerio/bin/assets/textures/enemies/Goblin/Take%20Hit.png
17:20:56.219 [FXGL Background Thread 4 ] DEBUG FXGLAssetLoaderServi - Loading from file system: file:/C:/Users/G/git/giocoInformatica_final_sulSerio/bin/assets/textures/enemies/Goblin/Death.png
17:20:56.230 [FXGL Background Thread 4 ] DEBUG FXGLAssetLoaderServi - Loading from file system: file:/C:/Users/G/git/giocoInformatica_final_sulSerio/bin/assets/textures/npc/Meomartino/Idle.png
17:20:56.234 [FXGL Background Thread 4 ] DEBUG GameWorld            - Clearing removable entities
17:20:56.235 [FXGL Background Thread 4 ] DEBUG GameWorld            - Setting level: com.almasb.fxgl.entity.level.Level@2fd7df8f
17:20:56.292 [FXGL Background Thread 4 ] DEBUG FXGLAssetLoaderServi - Loading from file system: file:/C:/Users/G/git/giocoInformatica_final_sulSerio/bin/assets/textures/health/empty_health.png
17:20:56.294 [FXGL Background Thread 4 ] DEBUG FXGLAssetLoaderServi - Loading from file system: file:/C:/Users/G/git/giocoInformatica_final_sulSerio/bin/assets/textures/health/half_health.png
17:20:56.297 [FXGL Background Thread 4 ] DEBUG FXGLAssetLoaderServi - Loading from file system: file:/C:/Users/G/git/giocoInformatica_final_sulSerio/bin/assets/textures/health/full_health.png
17:20:56.306 [FXGL Background Thread 4 ] DEBUG FXGLAssetLoaderServi - Loading from file system: file:/C:/Users/G/git/giocoInformatica_final_sulSerio/bin/assets/textures/player/_Idle.png
17:20:56.309 [FXGL Background Thread 4 ] DEBUG FXGLAssetLoaderServi - Loading from file system: file:/C:/Users/G/git/giocoInformatica_final_sulSerio/bin/assets/textures/player/_Run.png
17:20:56.312 [FXGL Background Thread 4 ] DEBUG FXGLAssetLoaderServi - Loading from file system: file:/C:/Users/G/git/giocoInformatica_final_sulSerio/bin/assets/textures/player/_Jump.png
17:20:56.316 [FXGL Background Thread 4 ] DEBUG FXGLAssetLoaderServi - Loading from file system: file:/C:/Users/G/git/giocoInformatica_final_sulSerio/bin/assets/textures/player/_Fall.png
17:20:56.318 [FXGL Background Thread 4 ] DEBUG FXGLAssetLoaderServi - Loading from file system: file:/C:/Users/G/git/giocoInformatica_final_sulSerio/bin/assets/textures/player/_WallSlide.png
17:20:56.323 [FXGL Background Thread 4 ] DEBUG FXGLAssetLoaderServi - Loading from file system: file:/C:/Users/G/git/giocoInformatica_final_sulSerio/bin/assets/textures/player/_Attack.png
17:20:56.326 [FXGL Background Thread 4 ] DEBUG FXGLAssetLoaderServi - Loading from file system: file:/C:/Users/G/git/giocoInformatica_final_sulSerio/bin/assets/textures/player/_TurnAround.png
17:20:56.329 [FXGL Background Thread 4 ] DEBUG FXGLAssetLoaderServi - Loading from file system: file:/C:/Users/G/git/giocoInformatica_final_sulSerio/bin/assets/textures/player/_Hit.png
17:20:56.332 [FXGL Background Thread 4 ] DEBUG FXGLAssetLoaderServi - Loading from file system: file:/C:/Users/G/git/giocoInformatica_final_sulSerio/bin/assets/textures/player/_Death.png
17:20:56.341 [FXGL Background Thread 4 ] DEBUG FXGLAssetLoaderServi - Loading from file system: file:/C:/Users/G/git/giocoInformatica_final_sulSerio/bin/assets/textures/background/background.png
17:20:56.822 [FXGL Background Thread 4 ] DEBUG FXGLAssetLoaderServi - Loading from file system: file:/C:/Users/G/git/giocoInformatica_final_sulSerio/bin/assets/textures/background/castleBackgound.png
17:20:57.085 [FXGL Background Thread 4 ] INFO  FXGLApplication      - Game initialization took: 2,471 sec
17:20:57.097 [JavaFX Application Thread] DEBUG Input                - Clearing active input actions
17:20:57.122 [JavaFX Application Thread] DEBUG GameApplicationServi - Removing overlay from FXGLLoadingScene and adding to GameScene
17:20:57.130 [JavaFX Application Thread] DEBUG PrimaryStageWindow   - FXGLLoadingScene -> GameScene
17:20:59.800 [JavaFX Application Thread] DEBUG FXGLAssetLoaderServi - Loading from file system: file:/C:/Users/G/git/giocoInformatica_final_sulSerio/bin/assets/text/cutscene.txt
17:20:59.809 [JavaFX Application Thread] DEBUG Input                - Registered new binding: Next RPG Line - Enter
17:20:59.811 [JavaFX Application Thread] DEBUG FXGLAssetLoaderServi - Loading from file system: file:/C:/Users/G/git/giocoInformatica_final_sulSerio/bin/assets/textures/meo.png
17:20:59.814 [JavaFX Application Thread] DEBUG PrimaryStageWindow   - Push state: CutsceneScene
17:20:59.815 [JavaFX Application Thread] DEBUG Input                - Clearing active input actions
17:20:59.816 [JavaFX Application Thread] DEBUG GameApplicationServi - Removing overlay from GameScene and adding to CutsceneScene
17:20:59.818 [JavaFX Application Thread] DEBUG PrimaryStageWindow   - GameScene -> CutsceneScene
17:21:02.787 [FXGL Background Thread 2 ] WARN  UpdaterService       - Failed to find updates: java.net.SocketException: Software caused connection abort: connect
17:21:07.882 [JavaFX Application Thread] DEBUG PrimaryStageWindow   - Pop state: CutsceneScene
17:21:07.882 [JavaFX Application Thread] DEBUG Input                - Clearing active input actions
17:21:07.883 [JavaFX Application Thread] DEBUG GameApplicationServi - Removing overlay from CutsceneScene and adding to GameScene
17:21:07.885 [JavaFX Application Thread] DEBUG PrimaryStageWindow   - GameScene <- CutsceneScene
17:21:07.972 [JavaFX Application Thread] DEBUG FXGLAssetLoaderServi - Loading from file system: file:/C:/Users/G/git/giocoInformatica_final_sulSerio/bin/assets/textures/button.png
17:21:09.953 [JavaFX Application Thread] DEBUG FXGLApplication      - Exiting FXGL
17:21:09.953 [JavaFX Application Thread] DEBUG LoopRunner           - Stopping loop
17:21:09.953 [JavaFX Application Thread] DEBUG SystemBundleService  - Saving FXGL system data
17:21:09.957 [JavaFX Application Thread] DEBUG FileSystemAccess     - Writing to: C:\Users\G\git\giocoInformatica_final_sulSerio\system\fxgl.bundle
17:21:09.964 [JavaFX Application Thread] DEBUG Async                - Shutting down background threads
17:21:09.965 [JavaFX Application Thread] DEBUG PrimaryStageWindow   - Closing main window
17:21:10.043 [JavaFX Application Thread] DEBUG Logger               - Closing Logger
