11:42:14.473 [main                     ] DEBUG Logger               - Configured Logger
11:42:14.506 [main                     ] DEBUG GameApplication      - Logging settings
Title: platformer
Version: 0.0
Width: 1920
Height: 1080
Fullscreen: false
Intro: false
Profiling: false
Single step:false
App Mode: DEVELOPER
Menu Key: ESCAPE
Stage Style: DECORATED
Scene Factory: class game.PlatformerApp$1

11:42:14.832 [JavaFX Application Thread] DEBUG FXGLApplication      - Initializing FXGL
11:42:14.838 [JavaFX Application Thread] INFO  Engine               - FXGL-17.1 (24.03.2022 17.39) on WINDOWS (J:17.0.2 FX:18)
11:42:14.839 [JavaFX Application Thread] DEBUG Engine               - JRE Vendor Name: Eclipse Adoptium
11:42:14.839 [JavaFX Application Thread] DEBUG Engine               - Running on OS: Windows 11 version 10.0
11:42:14.840 [JavaFX Application Thread] DEBUG Engine               - Architecture: amd64
11:42:14.840 [JavaFX Application Thread] INFO  Engine               - Source code and latest versions at: https://github.com/AlmasB/FXGL
11:42:14.840 [JavaFX Application Thread] INFO  Engine               -       Ask questions and discuss at: https://github.com/AlmasB/FXGL/discussions
11:42:14.840 [JavaFX Application Thread] INFO  Engine               -              Join the FXGL chat at: https://gitter.im/AlmasB/FXGL
11:42:14.918 [JavaFX Application Thread] DEBUG PrimaryStageWindow   - Creating a JavaFX scene
11:42:14.918 [JavaFX Application Thread] DEBUG PrimaryStageWindow   - Target size > screen size
11:42:14.949 [JavaFX Application Thread] DEBUG PrimaryStageWindow   - Target settings size: 1920.0 x 1080.0
11:42:14.950 [JavaFX Application Thread] DEBUG PrimaryStageWindow   - Scaled scene size:    1809.0 x 1031.0
11:42:14.950 [JavaFX Application Thread] DEBUG PrimaryStageWindow   - Scaled ratio: (0.9421875, 0.9546296296296296)
11:42:14.950 [JavaFX Application Thread] DEBUG PrimaryStageWindow   - Set initial scene to FXGLStartupScene
11:42:14.956 [JavaFX Application Thread] DEBUG PrimaryStageWindow   - Opening main window
11:42:15.031 [JavaFX Application Thread] DEBUG PrimaryStageWindow   - Window border size: (16.0, 39.0)
11:42:15.032 [JavaFX Application Thread] DEBUG PrimaryStageWindow   - Scaled size: 1809.0 x 1031.0
11:42:15.032 [JavaFX Application Thread] DEBUG PrimaryStageWindow   - Scaled ratio: (0.9421875, 0.9546296296296296)
11:42:15.032 [JavaFX Application Thread] DEBUG PrimaryStageWindow   - Scene size: 1809.0 x 1031.0
11:42:15.032 [JavaFX Application Thread] DEBUG PrimaryStageWindow   - Stage size: 1825.0 x 1070.0
11:42:15.042 [FXGL Background Thread 1 ] DEBUG Engine               - Initializing environment variables
11:42:15.083 [FXGL Background Thread 1 ] DEBUG FXGLAssetLoaderServi - User app class for loading assets: class game.PlatformerApp
11:42:15.083 [FXGL Background Thread 1 ] DEBUG GameApplicationServi - Applying CSS: fxgl_dark.css
11:42:15.084 [FXGL Background Thread 1 ] DEBUG FXGLAssetLoaderServi - Loading from file system: jar:file:/D:/Lucca/Java-lib/fxgl/fxgl-17.1-uber.jar!/fxglassets/ui/css/fxgl_dark.css
11:42:15.121 [FXGL Background Thread 1 ] DEBUG GameApplicationServi - Initializing application scenes
11:42:15.194 [FXGL Background Thread 1 ] DEBUG GameWorld            - Game world initialized
11:42:15.235 [FXGL Background Thread 1 ] DEBUG PhysicsWorld         - Physics world initialized: appHeight=1080, physics.ppm=50,0
11:42:15.235 [FXGL Background Thread 1 ] DEBUG PhysicsWorld         - Using strategy: BRUTE_FORCE
11:42:15.239 [FXGL Background Thread 1 ] DEBUG GameScene            - Game scene initialized: 1920x1080
11:42:15.297 [FXGL Background Thread 1 ] DEBUG GameApplicationServi - Application scenes initialized
11:42:15.309 [FXGL Background Thread 1 ] DEBUG SystemBundleService  - Loading FXGL system data
11:42:15.313 [FXGL Background Thread 1 ] DEBUG FileSystemAccess     - Reading from: C:\Users\lucca\git\giocoInformatica1\system\fxgl.bundle
11:42:15.319 [FXGL Background Thread 1 ] DEBUG SystemBundleService  - Bundle FXGL: {}
11:42:15.319 [FXGL Background Thread 1 ] DEBUG UpdaterService       - Checking for updates
11:42:15.353 [FXGL Background Thread 1 ] DEBUG FXGLApplication      - Loading default localization
11:42:15.354 [FXGL Background Thread 1 ] DEBUG FXGLAssetLoaderServi - Loading from file system: jar:file:/D:/Lucca/Java-lib/fxgl/fxgl-17.1-uber.jar!/fxglassets/languages/english.lang
11:42:15.354 [FXGL Background Thread 4 ] DEBUG FXGLApplication      - Loading fonts
11:42:15.361 [FXGL Background Thread 4 ] DEBUG FXGLAssetLoaderServi - Loading from file system: jar:file:/D:/Lucca/Java-lib/fxgl/fxgl-17.1-uber.jar!/fxglassets/ui/fonts/VarelaRound-Regular.ttf
11:42:15.375 [FXGL Background Thread 1 ] INFO  FXGLApplication      - FXGL initialization took: 0,333 sec
11:42:15.383 [JavaFX Application Thread] DEBUG Input                - Registered new binding: Left - A
11:42:15.383 [JavaFX Application Thread] DEBUG Input                - Registered new binding: Right - D
11:42:15.383 [JavaFX Application Thread] DEBUG Input                - Registered new binding: Jump - Space
11:42:15.383 [JavaFX Application Thread] DEBUG Input                - Registered new binding: Attack - F
11:42:15.384 [JavaFX Application Thread] DEBUG FXGLAssetLoaderServi - Loading from file system: file:/C:/Users/lucca/git/giocoInformatica1/bin/assets/music/BGM_dash_runner.wav
11:42:15.444 [FXGL Background Thread 4 ] DEBUG FXGLAssetLoaderServi - Loading from file system: jar:file:/D:/Lucca/Java-lib/fxgl/fxgl-17.1-uber.jar!/fxglassets/ui/fonts/Abel-Regular.ttf
11:42:15.452 [FXGL Background Thread 4 ] DEBUG FXGLAssetLoaderServi - Loading from file system: jar:file:/D:/Lucca/Java-lib/fxgl/fxgl-17.1-uber.jar!/fxglassets/ui/fonts/TerminalLandMono-Regular.otf
11:42:15.466 [FXGL Background Thread 4 ] DEBUG FXGLAssetLoaderServi - Loading from file system: jar:file:/D:/Lucca/Java-lib/fxgl/fxgl-17.1-uber.jar!/fxglassets/ui/fonts/Courier-Prime.ttf
11:42:15.522 [JavaFX Application Thread] DEBUG AudioPlayer          - Playing music com.almasb.fxgl.audio.Music@5b886b3d
11:42:15.522 [JavaFX Application Thread] DEBUG FXGLAssetLoaderServi - Loading from file system: jar:file:/D:/Lucca/Java-lib/fxgl/fxgl-17.1-uber.jar!/fxglassets/textures/fxgl_icon.png
11:42:15.551 [JavaFX Application Thread] DEBUG FXGLAssetLoaderServi - Loading from file system: jar:file:/D:/Lucca/Java-lib/fxgl/fxgl-17.1-uber.jar!/fxglassets/textures/fxgl_default_cursor.png
11:42:15.554 [JavaFX Application Thread] DEBUG Input                - Registered new binding: Screenshot - CTRL+8
11:42:15.555 [JavaFX Application Thread] DEBUG Input                - Registered new binding: Dev Options - 1
11:42:15.555 [JavaFX Application Thread] DEBUG Input                - Registered new binding: Dev Console - 2
11:42:15.555 [JavaFX Application Thread] DEBUG Input                - Registered new binding: System info dump - CTRL+9
11:42:15.555 [JavaFX Application Thread] DEBUG Input                - Registered new binding: Restart - CTRL+R
11:42:15.557 [JavaFX Application Thread] DEBUG Input                - Registered new binding: Toggle Debug Camera - CTRL+7
11:42:15.559 [JavaFX Application Thread] DEBUG LoopRunner           - Starting loop
11:42:15.572 [JavaFX Application Thread] DEBUG LoopRunner           - Initializing JavaFX AnimationTimerLoop
11:42:15.575 [JavaFX Application Thread] DEBUG Input                - Clearing active input actions
11:42:15.580 [JavaFX Application Thread] DEBUG GameApplicationServi - Removing overlay from FXGLStartupScene and adding to FXGLMainMenuDummyScene
11:42:15.583 [JavaFX Application Thread] DEBUG PrimaryStageWindow   - FXGLStartupScene -> FXGLMainMenuDummyScene
11:42:15.584 [JavaFX Application Thread] DEBUG PrimaryStageWindow   - Push state: PlatformerMainMenu
11:42:15.584 [JavaFX Application Thread] DEBUG Input                - Clearing active input actions
11:42:15.587 [JavaFX Application Thread] DEBUG GameApplicationServi - Removing overlay from FXGLMainMenuDummyScene and adding to PlatformerMainMenu
11:42:15.587 [JavaFX Application Thread] DEBUG PrimaryStageWindow   - FXGLMainMenuDummyScene -> PlatformerMainMenu
11:42:15.593 [JavaFX Application Thread] DEBUG FXGLApplication      - Registering font factories with UI factory
11:42:16.924 [JavaFX Application Thread] DEBUG Menu                 - fireNewGame()
11:42:16.924 [JavaFX Application Thread] DEBUG GameApplicationServi - Starting new game
11:42:16.924 [JavaFX Application Thread] DEBUG PrimaryStageWindow   - Pop state: PlatformerMainMenu
11:42:16.924 [JavaFX Application Thread] DEBUG Input                - Clearing active input actions
11:42:16.925 [JavaFX Application Thread] DEBUG GameApplicationServi - Removing overlay from PlatformerMainMenu and adding to FXGLMainMenuDummyScene
11:42:16.927 [JavaFX Application Thread] DEBUG PrimaryStageWindow   - FXGLMainMenuDummyScene <- PlatformerMainMenu
11:42:16.927 [JavaFX Application Thread] DEBUG Input                - Clearing active input actions
11:42:16.932 [JavaFX Application Thread] DEBUG GameApplicationServi - Removing overlay from FXGLMainMenuDummyScene and adding to FXGLLoadingScene
11:42:16.932 [JavaFX Application Thread] DEBUG PrimaryStageWindow   - FXGLMainMenuDummyScene -> FXGLLoadingScene
11:42:16.932 [JavaFX Application Thread] DEBUG GameApplicationServi - Clearing previous game
11:42:16.932 [JavaFX Application Thread] DEBUG GameScene            - Clearing game scene
11:42:16.932 [JavaFX Application Thread] DEBUG GameWorld            - Clearing game world
11:42:16.934 [JavaFX Application Thread] DEBUG PhysicsWorld         - Clearing physics world
11:42:16.936 [FXGL Background Thread 2 ] DEBUG FXGLApplication      - Initializing game
11:42:16.984 [FXGL Background Thread 2 ] WARN  TMXLevelLoader       - TiledMap generated from 1.8.4. Supported version: 1.4.2. Some features may not be parsed fully.
11:42:17.008 [FXGL Background Thread 2 ] DEBUG TMXLevelLoader       - Parsed TiledMap: file:/C:/Users/lucca/git/giocoInformatica1/bin/assets/levels/tmx/level1.tmx
11:42:17.009 [FXGL Background Thread 2 ] DEBUG TMXLevelLoader       - Creating tile layer entities
11:42:17.010 [FXGL Background Thread 2 ] DEBUG TilesetLoader        - Loading view for layer Terreno
11:42:17.059 [FXGL Background Thread 2 ] DEBUG TilesetLoader        - Created buffer with size 4900.0x5600.0
11:42:17.078 [FXGL Background Thread 2 ] DEBUG TilesetLoader        - Loading view for layer Decorazioni
11:42:17.125 [FXGL Background Thread 2 ] DEBUG TilesetLoader        - Created buffer with size 4900.0x5600.0
11:42:17.130 [FXGL Background Thread 2 ] DEBUG TilesetLoader        - Loading view for layer Piattaforme
11:42:17.180 [FXGL Background Thread 2 ] DEBUG TilesetLoader        - Created buffer with size 4900.0x5600.0
11:42:17.183 [FXGL Background Thread 2 ] DEBUG TilesetLoader        - Loading view for layer Spine
11:42:17.231 [FXGL Background Thread 2 ] DEBUG TilesetLoader        - Created buffer with size 4900.0x5600.0
11:42:17.232 [FXGL Background Thread 2 ] DEBUG TMXLevelLoader       - Creating object layer entities
11:42:17.260 [FXGL Background Thread 2 ] DEBUG FXGLAssetLoaderServi - Loading from file system: file:/C:/Users/lucca/git/giocoInformatica1/bin/assets/textures/box.png
11:42:17.292 [FXGL Background Thread 2 ] DEBUG FXGLAssetLoaderServi - Loading from file system: file:/C:/Users/lucca/git/giocoInformatica1/bin/assets/textures/enemies/Skeleton/Idle.png
11:42:17.292 [FXGL Background Thread 2 ] DEBUG FXGLAssetLoaderServi - Loading from file system: file:/C:/Users/lucca/git/giocoInformatica1/bin/assets/textures/enemies/Skeleton/Walk.png
11:42:17.293 [FXGL Background Thread 2 ] DEBUG FXGLAssetLoaderServi - Loading from file system: file:/C:/Users/lucca/git/giocoInformatica1/bin/assets/textures/enemies/Skeleton/Attack.png
11:42:17.306 [FXGL Background Thread 2 ] DEBUG FXGLAssetLoaderServi - Loading from file system: file:/C:/Users/lucca/git/giocoInformatica1/bin/assets/textures/bonfire.png
11:42:17.306 [FXGL Background Thread 2 ] DEBUG FXGLAssetLoaderServi - Loading from file system: file:/C:/Users/lucca/git/giocoInformatica1/bin/assets/textures/bonfire_animation.png
11:42:17.310 [FXGL Background Thread 2 ] DEBUG GameWorld            - Clearing removable entities
11:42:17.311 [FXGL Background Thread 2 ] DEBUG GameWorld            - Setting level: com.almasb.fxgl.entity.level.Level@187f5035
11:42:17.327 [FXGL Background Thread 2 ] DEBUG FXGLAssetLoaderServi - Loading from file system: file:/C:/Users/lucca/git/giocoInformatica1/bin/assets/textures/health/empty_health.png
11:42:17.328 [FXGL Background Thread 2 ] DEBUG FXGLAssetLoaderServi - Loading from file system: file:/C:/Users/lucca/git/giocoInformatica1/bin/assets/textures/health/half_health.png
11:42:17.328 [FXGL Background Thread 2 ] DEBUG FXGLAssetLoaderServi - Loading from file system: file:/C:/Users/lucca/git/giocoInformatica1/bin/assets/textures/health/full_health.png
11:42:17.332 [FXGL Background Thread 2 ] DEBUG FXGLAssetLoaderServi - Loading from file system: file:/C:/Users/lucca/git/giocoInformatica1/bin/assets/textures/player/_Idle.png
11:42:17.333 [FXGL Background Thread 2 ] DEBUG FXGLAssetLoaderServi - Loading from file system: file:/C:/Users/lucca/git/giocoInformatica1/bin/assets/textures/player/_Run.png
11:42:17.333 [FXGL Background Thread 2 ] DEBUG FXGLAssetLoaderServi - Loading from file system: file:/C:/Users/lucca/git/giocoInformatica1/bin/assets/textures/player/_Jump.png
11:42:17.334 [FXGL Background Thread 2 ] DEBUG FXGLAssetLoaderServi - Loading from file system: file:/C:/Users/lucca/git/giocoInformatica1/bin/assets/textures/player/_Fall.png
11:42:17.334 [FXGL Background Thread 2 ] DEBUG FXGLAssetLoaderServi - Loading from file system: file:/C:/Users/lucca/git/giocoInformatica1/bin/assets/textures/player/_WallSlide.png
11:42:17.336 [FXGL Background Thread 2 ] DEBUG FXGLAssetLoaderServi - Loading from file system: file:/C:/Users/lucca/git/giocoInformatica1/bin/assets/textures/player/_Attack.png
11:42:17.337 [FXGL Background Thread 2 ] DEBUG FXGLAssetLoaderServi - Loading from file system: file:/C:/Users/lucca/git/giocoInformatica1/bin/assets/textures/player/_TurnAround.png
11:42:17.344 [FXGL Background Thread 2 ] DEBUG FXGLAssetLoaderServi - Loading from file system: file:/C:/Users/lucca/git/giocoInformatica1/bin/assets/textures/background/forest.png
11:42:17.356 [FXGL Background Thread 2 ] DEBUG FXGLAssetLoaderServi - Loading from file system: file:/C:/Users/lucca/git/giocoInformatica1/bin/assets/textures/background/Sfondo_castello.png
11:42:17.506 [FXGL Background Thread 2 ] INFO  FXGLApplication      - Game initialization took: 0,570 sec
11:42:17.510 [JavaFX Application Thread] DEBUG Input                - Clearing active input actions
11:42:17.516 [JavaFX Application Thread] DEBUG GameApplicationServi - Removing overlay from FXGLLoadingScene and adding to GameScene
11:42:17.519 [JavaFX Application Thread] DEBUG PrimaryStageWindow   - FXGLLoadingScene -> GameScene
11:42:18.352 [FXGL Background Thread 3 ] DEBUG Engine               - Logging environment variables
11:42:18.352 [FXGL Background Thread 3 ] DEBUG Engine               - achievements: []
11:42:18.352 [FXGL Background Thread 3 ] DEBUG Engine               - actualHeight: 1031.0
11:42:18.352 [FXGL Background Thread 3 ] DEBUG Engine               - actualHeightProperty: ReadOnlyDoubleProperty [value: 1031.0]
11:42:18.352 [FXGL Background Thread 3 ] DEBUG Engine               - actualWidth: 1809.0
11:42:18.353 [FXGL Background Thread 3 ] DEBUG Engine               - actualWidthProperty: ReadOnlyDoubleProperty [value: 1809.0]
11:42:18.353 [FXGL Background Thread 3 ] DEBUG Engine               - appIcon: fxgl_icon.png
11:42:18.353 [FXGL Background Thread 3 ] DEBUG Engine               - applicationMode: DEVELOPER
11:42:18.353 [FXGL Background Thread 3 ] DEBUG Engine               - cSSList: [fxgl_dark.css]
11:42:18.353 [FXGL Background Thread 3 ] DEBUG Engine               - collisionDetectionStrategy: BRUTE_FORCE
11:42:18.353 [FXGL Background Thread 3 ] DEBUG Engine               - configClass: Optional.empty
11:42:18.353 [FXGL Background Thread 3 ] DEBUG Engine               - credits: []
11:42:18.354 [FXGL Background Thread 3 ] DEBUG Engine               - defaultCursor: CursorInfo(imageName=fxgl_default_cursor.png, hotspotX=7.0, hotspotY=6.0)
11:42:18.355 [FXGL Background Thread 3 ] DEBUG Engine               - devBBoxColorProperty: ObjectProperty [value: 0xff0000ff]
11:42:18.355 [FXGL Background Thread 3 ] DEBUG Engine               - devEnableDebugCameraProperty: BooleanProperty [value: false]
11:42:18.355 [FXGL Background Thread 3 ] DEBUG Engine               - devSensorColorProperty: ObjectProperty [value: 0xffff00ff]
11:42:18.355 [FXGL Background Thread 3 ] DEBUG Engine               - devShowBBoxProperty: BooleanProperty [value: false]
11:42:18.355 [FXGL Background Thread 3 ] DEBUG Engine               - devShowPositionProperty: BooleanProperty [value: false]
11:42:18.355 [FXGL Background Thread 3 ] DEBUG Engine               - enabledMenuItems: []
11:42:18.355 [FXGL Background Thread 3 ] DEBUG Engine               - engineServices: [class com.almasb.fxgl.app.services.FXGLAssetLoaderService, class com.almasb.fxgl.app.FXGLApplication$GameApplicationService, class com.almasb.fxgl.app.services.FXGLDialogService, class com.almasb.fxgl.app.services.IOTaskExecutorService, class com.almasb.fxgl.io.FileSystemService, class com.almasb.fxgl.localization.LocalizationService, class com.almasb.fxgl.app.services.SystemBundleService, class com.almasb.fxgl.profile.SaveLoadService, class com.almasb.fxgl.ui.FXGLUIFactoryServiceProvider, class com.almasb.fxgl.ui.FXGLDialogFactoryServiceProvider, class com.almasb.fxgl.audio.AudioPlayer, class com.almasb.fxgl.notification.impl.NotificationServiceProvider, class com.almasb.fxgl.achievement.AchievementService, class com.almasb.fxgl.cutscene.CutsceneService, class com.almasb.fxgl.minigames.MiniGameService, class com.almasb.fxgl.net.NetService, class com.almasb.fxgl.app.services.UpdaterService, class com.almasb.fxgl.dev.DevService]
11:42:18.355 [FXGL Background Thread 3 ] DEBUG Engine               - fontGame: Abel-Regular.ttf
11:42:18.355 [FXGL Background Thread 3 ] DEBUG Engine               - fontMono: TerminalLandMono-Regular.otf
11:42:18.355 [FXGL Background Thread 3 ] DEBUG Engine               - fontText: Courier-Prime.ttf
11:42:18.356 [FXGL Background Thread 3 ] DEBUG Engine               - fontUI: VarelaRound-Regular.ttf
11:42:18.356 [FXGL Background Thread 3 ] DEBUG Engine               - fullScreen: BooleanProperty [value: false]
11:42:18.356 [FXGL Background Thread 3 ] DEBUG Engine               - gameDifficulty: MEDIUM
11:42:18.356 [FXGL Background Thread 3 ] DEBUG Engine               - gameDifficultyProperty: ObjectProperty [value: MEDIUM]
11:42:18.356 [FXGL Background Thread 3 ] DEBUG Engine               - globalMusicVolume: 0.5
11:42:18.356 [FXGL Background Thread 3 ] DEBUG Engine               - globalMusicVolumeProperty: DoubleProperty [value: 0.0]
11:42:18.356 [FXGL Background Thread 3 ] DEBUG Engine               - globalSoundVolume: 0.5
11:42:18.356 [FXGL Background Thread 3 ] DEBUG Engine               - globalSoundVolumeProperty: DoubleProperty [value: 0.5]
11:42:18.356 [FXGL Background Thread 3 ] DEBUG Engine               - height: 1080
11:42:18.356 [FXGL Background Thread 3 ] DEBUG Engine               - is3D: false
11:42:18.356 [FXGL Background Thread 3 ] DEBUG Engine               - isAndroid: false
11:42:18.356 [FXGL Background Thread 3 ] DEBUG Engine               - isBrowser: false
11:42:18.357 [FXGL Background Thread 3 ] DEBUG Engine               - isClickFeedbackEnabled: false
11:42:18.357 [FXGL Background Thread 3 ] DEBUG Engine               - isCloseConfirmation: false
11:42:18.357 [FXGL Background Thread 3 ] DEBUG Engine               - isDesktop: true
11:42:18.357 [FXGL Background Thread 3 ] DEBUG Engine               - isDeveloperMenuEnabled: true
11:42:18.357 [FXGL Background Thread 3 ] DEBUG Engine               - isEmbedded: false
11:42:18.357 [FXGL Background Thread 3 ] DEBUG Engine               - isEntityPreloadEnabled: true
11:42:18.357 [FXGL Background Thread 3 ] DEBUG Engine               - isExperimentalTiledLargeMap: false
11:42:18.357 [FXGL Background Thread 3 ] DEBUG Engine               - isFileSystemWriteAllowed: true
11:42:18.357 [FXGL Background Thread 3 ] DEBUG Engine               - isFullScreenAllowed: false
11:42:18.357 [FXGL Background Thread 3 ] DEBUG Engine               - isFullScreenFromStart: false
11:42:18.357 [FXGL Background Thread 3 ] DEBUG Engine               - isGameMenuEnabled: true
11:42:18.357 [FXGL Background Thread 3 ] DEBUG Engine               - isIOS: false
11:42:18.357 [FXGL Background Thread 3 ] DEBUG Engine               - isIntroEnabled: false
11:42:18.358 [FXGL Background Thread 3 ] DEBUG Engine               - isLinux: false
11:42:18.358 [FXGL Background Thread 3 ] DEBUG Engine               - isMac: false
11:42:18.358 [FXGL Background Thread 3 ] DEBUG Engine               - isMainMenuEnabled: true
11:42:18.358 [FXGL Background Thread 3 ] DEBUG Engine               - isManualResizeEnabled: false
11:42:18.358 [FXGL Background Thread 3 ] DEBUG Engine               - isMobile: false
11:42:18.358 [FXGL Background Thread 3 ] DEBUG Engine               - isNative: false
11:42:18.358 [FXGL Background Thread 3 ] DEBUG Engine               - isPauseMusicWhenMinimized: true
11:42:18.358 [FXGL Background Thread 3 ] DEBUG Engine               - isPreserveResizeRatio: false
11:42:18.358 [FXGL Background Thread 3 ] DEBUG Engine               - isProfilingEnabled: false
11:42:18.358 [FXGL Background Thread 3 ] DEBUG Engine               - isScaleAffectedOnResize: true
11:42:18.358 [FXGL Background Thread 3 ] DEBUG Engine               - isSingleStep: false
11:42:18.358 [FXGL Background Thread 3 ] DEBUG Engine               - isUserProfileEnabled: false
11:42:18.358 [FXGL Background Thread 3 ] DEBUG Engine               - isWindows: true
11:42:18.359 [FXGL Background Thread 3 ] DEBUG Engine               - language: ObjectProperty [value: ENGLISH]
11:42:18.359 [FXGL Background Thread 3 ] DEBUG Engine               - menuKey: ESCAPE
11:42:18.359 [FXGL Background Thread 3 ] DEBUG Engine               - mouseSensitivity: 0.2
11:42:18.359 [FXGL Background Thread 3 ] DEBUG Engine               - notificationViewClass: class com.almasb.fxgl.notification.view.XboxNotificationView
11:42:18.359 [FXGL Background Thread 3 ] DEBUG Engine               - pixelsPerMeter: 50.0
11:42:18.359 [FXGL Background Thread 3 ] DEBUG Engine               - platform: WINDOWS
11:42:18.359 [FXGL Background Thread 3 ] DEBUG Engine               - prefHeightProperty: ReadOnlyDoubleProperty [value: 1080.0]
11:42:18.359 [FXGL Background Thread 3 ] DEBUG Engine               - prefWidthProperty: ReadOnlyDoubleProperty [value: 1920.0]
11:42:18.359 [FXGL Background Thread 3 ] DEBUG Engine               - profileDir: profiles/
11:42:18.359 [FXGL Background Thread 3 ] DEBUG Engine               - profileName: StringProperty [value: DEFAULT]
11:42:18.359 [FXGL Background Thread 3 ] DEBUG Engine               - randomSeed: -1
11:42:18.360 [FXGL Background Thread 3 ] DEBUG Engine               - runtimeInfo: RuntimeInfo(platform=WINDOWS, version=17.1, build=24.03.2022 17.39)
11:42:18.360 [FXGL Background Thread 3 ] DEBUG Engine               - saveFileExt: sav
11:42:18.360 [FXGL Background Thread 3 ] DEBUG Engine               - scaledHeightProp$fxgl: DoubleProperty [bound, value: 1031.0]
11:42:18.360 [FXGL Background Thread 3 ] DEBUG Engine               - scaledWidthProp$fxgl: DoubleProperty [bound, value: 1809.0]
11:42:18.360 [FXGL Background Thread 3 ] DEBUG Engine               - sceneFactory: game.PlatformerApp$1@2ec0b8c1
11:42:18.360 [FXGL Background Thread 3 ] DEBUG Engine               - secondsIn24h: 60
11:42:18.360 [FXGL Background Thread 3 ] DEBUG Engine               - soundMenuBack: menu/back.wav
11:42:18.360 [FXGL Background Thread 3 ] DEBUG Engine               - soundMenuPress: menu/press.wav
11:42:18.360 [FXGL Background Thread 3 ] DEBUG Engine               - soundMenuSelect: menu/select.wav
11:42:18.360 [FXGL Background Thread 3 ] DEBUG Engine               - soundNotification: core/notification.wav
11:42:18.360 [FXGL Background Thread 3 ] DEBUG Engine               - stageStyle: DECORATED
11:42:18.360 [FXGL Background Thread 3 ] DEBUG Engine               - supportedLanguages: [ENGLISH, FRENCH, GERMAN, HUNGARIAN, RUSSIAN]
11:42:18.361 [FXGL Background Thread 3 ] DEBUG Engine               - ticksPerSecond: -1
11:42:18.361 [FXGL Background Thread 3 ] DEBUG Engine               - title: platformer
11:42:18.361 [FXGL Background Thread 3 ] DEBUG Engine               - urlGithub: https://github.com/AlmasB/FXGL
11:42:18.362 [FXGL Background Thread 3 ] DEBUG Engine               - urlLeaderboard: http://fxgl-top.herokuapp.com/
11:42:18.362 [FXGL Background Thread 3 ] DEBUG Engine               - urlPOM: https://raw.githubusercontent.com/AlmasB/FXGL/release/README.md
11:42:18.362 [FXGL Background Thread 3 ] DEBUG Engine               - userAppClass: class game.PlatformerApp
11:42:18.363 [FXGL Background Thread 3 ] DEBUG Engine               - version: 0.0
11:42:18.363 [FXGL Background Thread 3 ] DEBUG Engine               - versionCheckDays: 7
11:42:18.363 [FXGL Background Thread 3 ] DEBUG Engine               - width: 1920
11:42:18.363 [FXGL Background Thread 3 ] DEBUG Engine               - Logging services
11:42:18.363 [FXGL Background Thread 3 ] DEBUG Engine               - class com.almasb.fxgl.app.services.FXGLAssetLoaderService
11:42:18.363 [FXGL Background Thread 3 ] DEBUG Engine               - class com.almasb.fxgl.app.FXGLApplication$GameApplicationService
11:42:18.364 [FXGL Background Thread 3 ] DEBUG Engine               - class com.almasb.fxgl.app.services.FXGLDialogService
11:42:18.364 [FXGL Background Thread 3 ] DEBUG Engine               - class com.almasb.fxgl.app.services.IOTaskExecutorService
11:42:18.364 [FXGL Background Thread 3 ] DEBUG Engine               - class com.almasb.fxgl.io.FileSystemService
11:42:18.364 [FXGL Background Thread 3 ] DEBUG Engine               - class com.almasb.fxgl.localization.LocalizationService
11:42:18.364 [FXGL Background Thread 3 ] DEBUG Engine               - class com.almasb.fxgl.app.services.SystemBundleService
11:42:18.364 [FXGL Background Thread 3 ] DEBUG Engine               - class com.almasb.fxgl.profile.SaveLoadService
11:42:18.365 [FXGL Background Thread 3 ] DEBUG Engine               - class com.almasb.fxgl.ui.FXGLUIFactoryServiceProvider
11:42:18.365 [FXGL Background Thread 3 ] DEBUG Engine               - class com.almasb.fxgl.ui.FXGLDialogFactoryServiceProvider
11:42:18.365 [FXGL Background Thread 3 ] DEBUG Engine               - class com.almasb.fxgl.audio.AudioPlayer
11:42:18.365 [FXGL Background Thread 3 ] DEBUG Engine               - class com.almasb.fxgl.notification.impl.NotificationServiceProvider
11:42:18.365 [FXGL Background Thread 3 ] DEBUG Engine               - class com.almasb.fxgl.achievement.AchievementService
11:42:18.365 [FXGL Background Thread 3 ] DEBUG Engine               - class com.almasb.fxgl.cutscene.CutsceneService
11:42:18.365 [FXGL Background Thread 3 ] DEBUG Engine               - class com.almasb.fxgl.minigames.MiniGameService
11:42:18.365 [FXGL Background Thread 3 ] DEBUG Engine               - class com.almasb.fxgl.net.NetService
11:42:18.365 [FXGL Background Thread 3 ] DEBUG Engine               - class com.almasb.fxgl.app.services.UpdaterService
11:42:18.365 [FXGL Background Thread 3 ] DEBUG Engine               - class com.almasb.fxgl.dev.DevService
11:42:38.862 [JavaFX Application Thread] DEBUG FXGLApplication      - Exiting FXGL
11:42:38.862 [JavaFX Application Thread] DEBUG LoopRunner           - Stopping loop
11:42:38.862 [JavaFX Application Thread] DEBUG SystemBundleService  - Saving FXGL system data
11:42:38.864 [JavaFX Application Thread] DEBUG FileSystemAccess     - Writing to: C:\Users\lucca\git\giocoInformatica1\system\fxgl.bundle
11:42:38.865 [JavaFX Application Thread] DEBUG Async                - Shutting down background threads
11:42:38.865 [JavaFX Application Thread] DEBUG PrimaryStageWindow   - Closing main window
11:42:38.872 [JavaFX Application Thread] DEBUG Logger               - Closing Logger
