21:40:39.567 [main                     ] DEBUG Logger               - Configured Logger
21:40:39.598 [main                     ] DEBUG GameApplication      - Logging settings
Title: platformer
Version: 0.0
Width: 1280
Height: 900
Fullscreen: false
Intro: false
Profiling: false
Single step:false
App Mode: DEVELOPER
Menu Key: ESCAPE
Stage Style: DECORATED
Scene Factory: class com.almasb.fxgl.app.scene.SceneFactory

21:40:39.912 [JavaFX Application Thread] DEBUG FXGLApplication      - Initializing FXGL
21:40:39.919 [JavaFX Application Thread] INFO  Engine               - FXGL-17.1 (24.03.2022 17.39) on WINDOWS (J:17.0.2 FX:18)
21:40:39.919 [JavaFX Application Thread] DEBUG Engine               - JRE Vendor Name: Eclipse Adoptium
21:40:39.919 [JavaFX Application Thread] DEBUG Engine               - Running on OS: Windows 11 version 10.0
21:40:39.920 [JavaFX Application Thread] DEBUG Engine               - Architecture: amd64
21:40:39.920 [JavaFX Application Thread] INFO  Engine               - Source code and latest versions at: https://github.com/AlmasB/FXGL
21:40:39.920 [JavaFX Application Thread] INFO  Engine               -       Ask questions and discuss at: https://github.com/AlmasB/FXGL/discussions
21:40:39.920 [JavaFX Application Thread] INFO  Engine               -              Join the FXGL chat at: https://gitter.im/AlmasB/FXGL
21:40:39.998 [JavaFX Application Thread] DEBUG PrimaryStageWindow   - Creating a JavaFX scene
21:40:40.028 [JavaFX Application Thread] DEBUG PrimaryStageWindow   - Target settings size: 1280.0 x 900.0
21:40:40.029 [JavaFX Application Thread] DEBUG PrimaryStageWindow   - Scaled scene size:    1280.0 x 900.0
21:40:40.029 [JavaFX Application Thread] DEBUG PrimaryStageWindow   - Scaled ratio: (1.0, 1.0)
21:40:40.030 [JavaFX Application Thread] DEBUG PrimaryStageWindow   - Set initial scene to FXGLStartupScene
21:40:40.035 [JavaFX Application Thread] DEBUG PrimaryStageWindow   - Opening main window
21:40:40.110 [JavaFX Application Thread] DEBUG PrimaryStageWindow   - Window border size: (16.0, 39.0)
21:40:40.111 [JavaFX Application Thread] DEBUG PrimaryStageWindow   - Scaled size: 1280.0 x 900.0
21:40:40.111 [JavaFX Application Thread] DEBUG PrimaryStageWindow   - Scaled ratio: (1.0, 1.0)
21:40:40.111 [JavaFX Application Thread] DEBUG PrimaryStageWindow   - Scene size: 1280.0 x 900.0
21:40:40.111 [JavaFX Application Thread] DEBUG PrimaryStageWindow   - Stage size: 1296.0 x 939.0
21:40:40.120 [FXGL Background Thread 1 ] DEBUG Engine               - Initializing environment variables
21:40:40.157 [FXGL Background Thread 1 ] DEBUG FXGLAssetLoaderServi - User app class for loading assets: class game.PlatformerApp
21:40:40.158 [FXGL Background Thread 1 ] DEBUG GameApplicationServi - Applying CSS: fxgl_dark.css
21:40:40.160 [FXGL Background Thread 1 ] DEBUG FXGLAssetLoaderServi - Loading from file system: jar:file:/D:/Lucca/Java-lib/fxgl/fxgl-17.1-uber.jar!/fxglassets/ui/css/fxgl_dark.css
21:40:40.194 [FXGL Background Thread 1 ] DEBUG GameApplicationServi - Initializing application scenes
21:40:40.252 [FXGL Background Thread 1 ] DEBUG GameWorld            - Game world initialized
21:40:40.294 [FXGL Background Thread 1 ] DEBUG PhysicsWorld         - Physics world initialized: appHeight=900, physics.ppm=50,0
21:40:40.295 [FXGL Background Thread 1 ] DEBUG PhysicsWorld         - Using strategy: BRUTE_FORCE
21:40:40.298 [FXGL Background Thread 1 ] DEBUG GameScene            - Game scene initialized: 1280x900
21:40:40.308 [FXGL Background Thread 1 ] DEBUG FXGL.DefaultMenu     - createMenuBodyGameMenu()
21:40:40.321 [FXGL Background Thread 1 ] DEBUG FXGL.DefaultMenu     - createOptionsMenu()
21:40:40.332 [FXGL Background Thread 1 ] DEBUG FXGLAssetLoaderServi - Loading from file system: jar:file:/D:/Lucca/Java-lib/fxgl/fxgl-17.1-uber.jar!/fxglassets/textures/particles/smoke.png
21:40:40.415 [FXGL Background Thread 1 ] DEBUG FXGLAssetLoaderServi - Loading from file system: jar:file:/D:/Lucca/Java-lib/fxgl/fxgl-17.1-uber.jar!/fxglassets/textures/particles/trace_horizontal.png
21:40:40.443 [FXGL Background Thread 1 ] DEBUG GameApplicationServi - Application scenes initialized
21:40:40.454 [FXGL Background Thread 1 ] DEBUG SystemBundleService  - Loading FXGL system data
21:40:40.458 [FXGL Background Thread 1 ] DEBUG FileSystemAccess     - Reading from: C:\Users\lucca\git\giocoInformatica3\system\fxgl.bundle
21:40:40.464 [FXGL Background Thread 1 ] DEBUG SystemBundleService  - Bundle FXGL: {}
21:40:40.465 [FXGL Background Thread 1 ] DEBUG UpdaterService       - Checking for updates
21:40:40.469 [FXGL Background Thread 1 ] DEBUG FXGLApplication      - Loading default localization
21:40:40.470 [FXGL Background Thread 1 ] DEBUG FXGLAssetLoaderServi - Loading from file system: jar:file:/D:/Lucca/Java-lib/fxgl/fxgl-17.1-uber.jar!/fxglassets/languages/english.lang
21:40:40.474 [FXGL Background Thread 4 ] DEBUG FXGLApplication      - Loading fonts
21:40:40.475 [FXGL Background Thread 4 ] DEBUG FXGLAssetLoaderServi - Loading from file system: jar:file:/D:/Lucca/Java-lib/fxgl/fxgl-17.1-uber.jar!/fxglassets/ui/fonts/VarelaRound-Regular.ttf
21:40:40.504 [FXGL Background Thread 1 ] INFO  FXGLApplication      - FXGL initialization took: 0,385 sec
21:40:40.511 [JavaFX Application Thread] DEBUG Input                - Registered new binding: Left - A
21:40:40.512 [JavaFX Application Thread] DEBUG Input                - Registered new binding: Right - D
21:40:40.512 [JavaFX Application Thread] DEBUG Input                - Registered new binding: Jump - Space
21:40:40.512 [JavaFX Application Thread] DEBUG Input                - Registered new binding: Attack - F
21:40:40.512 [JavaFX Application Thread] DEBUG FXGLAssetLoaderServi - Loading from file system: file:/C:/Users/lucca/git/giocoInformatica3/bin/assets/music/BGM_dash_runner.wav
21:40:40.545 [FXGL Background Thread 4 ] DEBUG FXGLAssetLoaderServi - Loading from file system: jar:file:/D:/Lucca/Java-lib/fxgl/fxgl-17.1-uber.jar!/fxglassets/ui/fonts/Abel-Regular.ttf
21:40:40.554 [FXGL Background Thread 4 ] DEBUG FXGLAssetLoaderServi - Loading from file system: jar:file:/D:/Lucca/Java-lib/fxgl/fxgl-17.1-uber.jar!/fxglassets/ui/fonts/TerminalLandMono-Regular.otf
21:40:40.565 [FXGL Background Thread 4 ] DEBUG FXGLAssetLoaderServi - Loading from file system: jar:file:/D:/Lucca/Java-lib/fxgl/fxgl-17.1-uber.jar!/fxglassets/ui/fonts/Courier-Prime.ttf
21:40:40.658 [JavaFX Application Thread] DEBUG AudioPlayer          - Playing music com.almasb.fxgl.audio.Music@4bc988a1
21:40:40.658 [JavaFX Application Thread] DEBUG FXGLAssetLoaderServi - Loading from file system: jar:file:/D:/Lucca/Java-lib/fxgl/fxgl-17.1-uber.jar!/fxglassets/textures/fxgl_icon.png
21:40:40.674 [JavaFX Application Thread] DEBUG FXGLAssetLoaderServi - Loading from file system: jar:file:/D:/Lucca/Java-lib/fxgl/fxgl-17.1-uber.jar!/fxglassets/textures/fxgl_default_cursor.png
21:40:40.676 [JavaFX Application Thread] DEBUG Input                - Registered new binding: Screenshot - CTRL+8
21:40:40.676 [JavaFX Application Thread] DEBUG Input                - Registered new binding: System info dump - CTRL+9
21:40:40.677 [JavaFX Application Thread] DEBUG Input                - Registered new binding: Restart - CTRL+R
21:40:40.678 [JavaFX Application Thread] DEBUG Input                - Registered new binding: Toggle Debug Camera - CTRL+7
21:40:40.681 [JavaFX Application Thread] DEBUG LoopRunner           - Starting loop
21:40:40.681 [JavaFX Application Thread] DEBUG LoopRunner           - Initializing JavaFX AnimationTimerLoop
21:40:40.683 [JavaFX Application Thread] DEBUG GameApplicationServi - Starting new game
21:40:40.683 [JavaFX Application Thread] DEBUG Input                - Clearing active input actions
21:40:40.697 [JavaFX Application Thread] DEBUG GameApplicationServi - Removing overlay from FXGLStartupScene and adding to FXGLLoadingScene
21:40:40.697 [JavaFX Application Thread] DEBUG PrimaryStageWindow   - FXGLStartupScene -> FXGLLoadingScene
21:40:40.697 [JavaFX Application Thread] DEBUG GameApplicationServi - Clearing previous game
21:40:40.697 [JavaFX Application Thread] DEBUG GameScene            - Clearing game scene
21:40:40.697 [JavaFX Application Thread] DEBUG GameWorld            - Clearing game world
21:40:40.697 [JavaFX Application Thread] DEBUG PhysicsWorld         - Clearing physics world
21:40:40.699 [FXGL Background Thread 4 ] DEBUG FXGLApplication      - Initializing game
21:40:40.701 [JavaFX Application Thread] DEBUG FXGLApplication      - Registering font factories with UI factory
21:40:40.752 [FXGL Background Thread 4 ] WARN  TMXLevelLoader       - TiledMap generated from 1.8.4. Supported version: 1.4.2. Some features may not be parsed fully.
21:40:40.778 [FXGL Background Thread 4 ] DEBUG TMXLevelLoader       - Parsed TiledMap: file:/C:/Users/lucca/git/giocoInformatica3/bin/assets/levels/tmx/level1.tmx
21:40:40.779 [FXGL Background Thread 4 ] DEBUG TMXLevelLoader       - Creating tile layer entities
21:40:40.781 [FXGL Background Thread 4 ] DEBUG TilesetLoader        - Loading view for layer Terreno
21:40:40.834 [FXGL Background Thread 4 ] DEBUG TilesetLoader        - Created buffer with size 4900.0x5600.0
21:40:40.862 [FXGL Background Thread 4 ] DEBUG TilesetLoader        - Loading view for layer Decorazioni
21:40:40.916 [FXGL Background Thread 4 ] DEBUG TilesetLoader        - Created buffer with size 4900.0x5600.0
21:40:40.921 [FXGL Background Thread 4 ] DEBUG TilesetLoader        - Loading view for layer Piattaforme
21:40:40.972 [FXGL Background Thread 4 ] DEBUG TilesetLoader        - Created buffer with size 4900.0x5600.0
21:40:40.986 [FXGL Background Thread 4 ] DEBUG TilesetLoader        - Loading view for layer Spine
21:40:41.030 [FXGL Background Thread 4 ] DEBUG TilesetLoader        - Created buffer with size 4900.0x5600.0
21:40:41.031 [FXGL Background Thread 4 ] DEBUG TMXLevelLoader       - Creating object layer entities
21:40:41.055 [FXGL Background Thread 4 ] DEBUG FXGLAssetLoaderServi - Loading from file system: file:/C:/Users/lucca/git/giocoInformatica3/bin/assets/textures/box.png
21:40:41.079 [FXGL Background Thread 4 ] DEBUG FXGLAssetLoaderServi - Loading from file system: file:/C:/Users/lucca/git/giocoInformatica3/bin/assets/textures/enemies/Skeleton/Idle.png
21:40:41.081 [FXGL Background Thread 4 ] DEBUG FXGLAssetLoaderServi - Loading from file system: file:/C:/Users/lucca/git/giocoInformatica3/bin/assets/textures/enemies/Skeleton/Walk.png
21:40:41.084 [FXGL Background Thread 4 ] DEBUG FXGLAssetLoaderServi - Loading from file system: file:/C:/Users/lucca/git/giocoInformatica3/bin/assets/textures/enemies/Skeleton/Attack.png
21:40:41.093 [FXGL Background Thread 4 ] DEBUG FXGLAssetLoaderServi - Loading from file system: file:/C:/Users/lucca/git/giocoInformatica3/bin/assets/textures/bonfire.png
21:40:41.093 [FXGL Background Thread 4 ] DEBUG FXGLAssetLoaderServi - Loading from file system: file:/C:/Users/lucca/git/giocoInformatica3/bin/assets/textures/bonfire_animation.png
21:40:41.097 [FXGL Background Thread 4 ] DEBUG GameWorld            - Clearing removable entities
21:40:41.098 [FXGL Background Thread 4 ] DEBUG GameWorld            - Setting level: com.almasb.fxgl.entity.level.Level@3b9d8c49
21:40:41.112 [FXGL Background Thread 4 ] DEBUG FXGLAssetLoaderServi - Loading from file system: file:/C:/Users/lucca/git/giocoInformatica3/bin/assets/textures/player/_Idle.png
21:40:41.114 [FXGL Background Thread 4 ] DEBUG FXGLAssetLoaderServi - Loading from file system: file:/C:/Users/lucca/git/giocoInformatica3/bin/assets/textures/player/_Run.png
21:40:41.116 [FXGL Background Thread 4 ] DEBUG FXGLAssetLoaderServi - Loading from file system: file:/C:/Users/lucca/git/giocoInformatica3/bin/assets/textures/player/_Jump.png
21:40:41.117 [FXGL Background Thread 4 ] DEBUG FXGLAssetLoaderServi - Loading from file system: file:/C:/Users/lucca/git/giocoInformatica3/bin/assets/textures/player/_Fall.png
21:40:41.118 [FXGL Background Thread 4 ] DEBUG FXGLAssetLoaderServi - Loading from file system: file:/C:/Users/lucca/git/giocoInformatica3/bin/assets/textures/player/_WallSlide.png
21:40:41.120 [FXGL Background Thread 4 ] DEBUG FXGLAssetLoaderServi - Loading from file system: file:/C:/Users/lucca/git/giocoInformatica3/bin/assets/textures/player/_Attack.png
21:40:41.122 [FXGL Background Thread 4 ] DEBUG FXGLAssetLoaderServi - Loading from file system: file:/C:/Users/lucca/git/giocoInformatica3/bin/assets/textures/background/forest.png
21:40:41.134 [FXGL Background Thread 4 ] DEBUG FXGLAssetLoaderServi - Loading from file system: file:/C:/Users/lucca/git/giocoInformatica3/bin/assets/textures/health/full_health.png
21:40:41.135 [FXGL Background Thread 4 ] INFO  FXGLApplication      - Game initialization took: 0,436 sec
21:40:41.284 [JavaFX Application Thread] DEBUG Input                - Clearing active input actions
21:40:41.331 [JavaFX Application Thread] DEBUG GameApplicationServi - Removing overlay from FXGLLoadingScene and adding to GameScene
21:40:41.332 [JavaFX Application Thread] DEBUG PrimaryStageWindow   - FXGLLoadingScene -> GameScene
21:40:43.469 [FXGL Background Thread 3 ] DEBUG Engine               - Logging environment variables
21:40:43.469 [FXGL Background Thread 3 ] DEBUG Engine               - achievements: []
21:40:43.469 [FXGL Background Thread 3 ] DEBUG Engine               - actualHeight: 900.0
21:40:43.470 [FXGL Background Thread 3 ] DEBUG Engine               - actualHeightProperty: ReadOnlyDoubleProperty [value: 900.0]
21:40:43.470 [FXGL Background Thread 3 ] DEBUG Engine               - actualWidth: 1280.0
21:40:43.470 [FXGL Background Thread 3 ] DEBUG Engine               - actualWidthProperty: ReadOnlyDoubleProperty [value: 1280.0]
21:40:43.470 [FXGL Background Thread 3 ] DEBUG Engine               - appIcon: fxgl_icon.png
21:40:43.470 [FXGL Background Thread 3 ] DEBUG Engine               - applicationMode: DEVELOPER
21:40:43.470 [FXGL Background Thread 3 ] DEBUG Engine               - cSSList: [fxgl_dark.css]
21:40:43.470 [FXGL Background Thread 3 ] DEBUG Engine               - collisionDetectionStrategy: BRUTE_FORCE
21:40:43.470 [FXGL Background Thread 3 ] DEBUG Engine               - configClass: Optional.empty
21:40:43.470 [FXGL Background Thread 3 ] DEBUG Engine               - credits: []
21:40:43.471 [FXGL Background Thread 3 ] DEBUG Engine               - defaultCursor: CursorInfo(imageName=fxgl_default_cursor.png, hotspotX=7.0, hotspotY=6.0)
21:40:43.471 [FXGL Background Thread 3 ] DEBUG Engine               - devBBoxColorProperty: ObjectProperty [value: 0xff0000ff]
21:40:43.471 [FXGL Background Thread 3 ] DEBUG Engine               - devEnableDebugCameraProperty: BooleanProperty [value: false]
21:40:43.471 [FXGL Background Thread 3 ] DEBUG Engine               - devSensorColorProperty: ObjectProperty [value: 0xffff00ff]
21:40:43.471 [FXGL Background Thread 3 ] DEBUG Engine               - devShowBBoxProperty: BooleanProperty [value: false]
21:40:43.471 [FXGL Background Thread 3 ] DEBUG Engine               - devShowPositionProperty: BooleanProperty [value: false]
21:40:43.472 [FXGL Background Thread 3 ] DEBUG Engine               - enabledMenuItems: []
21:40:43.472 [FXGL Background Thread 3 ] DEBUG Engine               - engineServices: [class com.almasb.fxgl.app.services.FXGLAssetLoaderService, class com.almasb.fxgl.app.FXGLApplication$GameApplicationService, class com.almasb.fxgl.app.services.FXGLDialogService, class com.almasb.fxgl.app.services.IOTaskExecutorService, class com.almasb.fxgl.io.FileSystemService, class com.almasb.fxgl.localization.LocalizationService, class com.almasb.fxgl.app.services.SystemBundleService, class com.almasb.fxgl.profile.SaveLoadService, class com.almasb.fxgl.ui.FXGLUIFactoryServiceProvider, class com.almasb.fxgl.ui.FXGLDialogFactoryServiceProvider, class com.almasb.fxgl.audio.AudioPlayer, class com.almasb.fxgl.notification.impl.NotificationServiceProvider, class com.almasb.fxgl.achievement.AchievementService, class com.almasb.fxgl.cutscene.CutsceneService, class com.almasb.fxgl.minigames.MiniGameService, class com.almasb.fxgl.net.NetService, class com.almasb.fxgl.app.services.UpdaterService, class com.almasb.fxgl.dev.DevService]
21:40:43.472 [FXGL Background Thread 3 ] DEBUG Engine               - fontGame: Abel-Regular.ttf
21:40:43.472 [FXGL Background Thread 3 ] DEBUG Engine               - fontMono: TerminalLandMono-Regular.otf
21:40:43.472 [FXGL Background Thread 3 ] DEBUG Engine               - fontText: Courier-Prime.ttf
21:40:43.472 [FXGL Background Thread 3 ] DEBUG Engine               - fontUI: VarelaRound-Regular.ttf
21:40:43.472 [FXGL Background Thread 3 ] DEBUG Engine               - fullScreen: BooleanProperty [value: false]
21:40:43.473 [FXGL Background Thread 3 ] DEBUG Engine               - gameDifficulty: MEDIUM
21:40:43.473 [FXGL Background Thread 3 ] DEBUG Engine               - gameDifficultyProperty: ObjectProperty [value: MEDIUM]
21:40:43.473 [FXGL Background Thread 3 ] DEBUG Engine               - globalMusicVolume: 0.5
21:40:43.473 [FXGL Background Thread 3 ] DEBUG Engine               - globalMusicVolumeProperty: DoubleProperty [value: 0.25]
21:40:43.473 [FXGL Background Thread 3 ] DEBUG Engine               - globalSoundVolume: 0.5
21:40:43.473 [FXGL Background Thread 3 ] DEBUG Engine               - globalSoundVolumeProperty: DoubleProperty [value: 0.5]
21:40:43.473 [FXGL Background Thread 3 ] DEBUG Engine               - height: 900
21:40:43.473 [FXGL Background Thread 3 ] DEBUG Engine               - is3D: false
21:40:43.473 [FXGL Background Thread 3 ] DEBUG Engine               - isAndroid: false
21:40:43.473 [FXGL Background Thread 3 ] DEBUG Engine               - isBrowser: false
21:40:43.473 [FXGL Background Thread 3 ] DEBUG Engine               - isClickFeedbackEnabled: false
21:40:43.473 [FXGL Background Thread 3 ] DEBUG Engine               - isCloseConfirmation: false
21:40:43.474 [FXGL Background Thread 3 ] DEBUG Engine               - isDesktop: true
21:40:43.474 [FXGL Background Thread 3 ] DEBUG Engine               - isDeveloperMenuEnabled: false
21:40:43.474 [FXGL Background Thread 3 ] DEBUG Engine               - isEmbedded: false
21:40:43.474 [FXGL Background Thread 3 ] DEBUG Engine               - isEntityPreloadEnabled: true
21:40:43.474 [FXGL Background Thread 3 ] DEBUG Engine               - isExperimentalTiledLargeMap: false
21:40:43.474 [FXGL Background Thread 3 ] DEBUG Engine               - isFileSystemWriteAllowed: true
21:40:43.474 [FXGL Background Thread 3 ] DEBUG Engine               - isFullScreenAllowed: false
21:40:43.474 [FXGL Background Thread 3 ] DEBUG Engine               - isFullScreenFromStart: false
21:40:43.474 [FXGL Background Thread 3 ] DEBUG Engine               - isGameMenuEnabled: true
21:40:43.474 [FXGL Background Thread 3 ] DEBUG Engine               - isIOS: false
21:40:43.474 [FXGL Background Thread 3 ] DEBUG Engine               - isIntroEnabled: false
21:40:43.474 [FXGL Background Thread 3 ] DEBUG Engine               - isLinux: false
21:40:43.475 [FXGL Background Thread 3 ] DEBUG Engine               - isMac: false
21:40:43.475 [FXGL Background Thread 3 ] DEBUG Engine               - isMainMenuEnabled: false
21:40:43.475 [FXGL Background Thread 3 ] DEBUG Engine               - isManualResizeEnabled: false
21:40:43.475 [FXGL Background Thread 3 ] DEBUG Engine               - isMobile: false
21:40:43.475 [FXGL Background Thread 3 ] DEBUG Engine               - isNative: false
21:40:43.475 [FXGL Background Thread 3 ] DEBUG Engine               - isPauseMusicWhenMinimized: true
21:40:43.475 [FXGL Background Thread 3 ] DEBUG Engine               - isPreserveResizeRatio: false
21:40:43.475 [FXGL Background Thread 3 ] DEBUG Engine               - isProfilingEnabled: false
21:40:43.475 [FXGL Background Thread 3 ] DEBUG Engine               - isScaleAffectedOnResize: true
21:40:43.475 [FXGL Background Thread 3 ] DEBUG Engine               - isSingleStep: false
21:40:43.475 [FXGL Background Thread 3 ] DEBUG Engine               - isUserProfileEnabled: false
21:40:43.476 [FXGL Background Thread 3 ] DEBUG Engine               - isWindows: true
21:40:43.476 [FXGL Background Thread 3 ] DEBUG Engine               - language: ObjectProperty [value: ENGLISH]
21:40:43.476 [FXGL Background Thread 3 ] DEBUG Engine               - menuKey: ESCAPE
21:40:43.476 [FXGL Background Thread 3 ] DEBUG Engine               - mouseSensitivity: 0.2
21:40:43.476 [FXGL Background Thread 3 ] DEBUG Engine               - notificationViewClass: class com.almasb.fxgl.notification.view.XboxNotificationView
21:40:43.476 [FXGL Background Thread 3 ] DEBUG Engine               - pixelsPerMeter: 50.0
21:40:43.476 [FXGL Background Thread 3 ] DEBUG Engine               - platform: WINDOWS
21:40:43.476 [FXGL Background Thread 3 ] DEBUG Engine               - prefHeightProperty: ReadOnlyDoubleProperty [value: 900.0]
21:40:43.476 [FXGL Background Thread 3 ] DEBUG Engine               - prefWidthProperty: ReadOnlyDoubleProperty [value: 1280.0]
21:40:43.476 [FXGL Background Thread 3 ] DEBUG Engine               - profileDir: profiles/
21:40:43.476 [FXGL Background Thread 3 ] DEBUG Engine               - profileName: StringProperty [value: DEFAULT]
21:40:43.476 [FXGL Background Thread 3 ] DEBUG Engine               - randomSeed: -1
21:40:43.477 [FXGL Background Thread 3 ] DEBUG Engine               - runtimeInfo: RuntimeInfo(platform=WINDOWS, version=17.1, build=24.03.2022 17.39)
21:40:43.477 [FXGL Background Thread 3 ] DEBUG Engine               - saveFileExt: sav
21:40:43.477 [FXGL Background Thread 3 ] DEBUG Engine               - scaledHeightProp$fxgl: DoubleProperty [bound, value: 900.0]
21:40:43.477 [FXGL Background Thread 3 ] DEBUG Engine               - scaledWidthProp$fxgl: DoubleProperty [bound, value: 1280.0]
21:40:43.477 [FXGL Background Thread 3 ] DEBUG Engine               - sceneFactory: com.almasb.fxgl.app.scene.SceneFactory@44be25d9
21:40:43.477 [FXGL Background Thread 3 ] DEBUG Engine               - secondsIn24h: 60
21:40:43.477 [FXGL Background Thread 3 ] DEBUG Engine               - soundMenuBack: menu/back.wav
21:40:43.477 [FXGL Background Thread 3 ] DEBUG Engine               - soundMenuPress: menu/press.wav
21:40:43.477 [FXGL Background Thread 3 ] DEBUG Engine               - soundMenuSelect: menu/select.wav
21:40:43.478 [FXGL Background Thread 3 ] DEBUG Engine               - soundNotification: core/notification.wav
21:40:43.478 [FXGL Background Thread 3 ] DEBUG Engine               - stageStyle: DECORATED
21:40:43.478 [FXGL Background Thread 3 ] DEBUG Engine               - supportedLanguages: [ENGLISH, FRENCH, GERMAN, HUNGARIAN, RUSSIAN]
21:40:43.478 [FXGL Background Thread 3 ] DEBUG Engine               - ticksPerSecond: -1
21:40:43.478 [FXGL Background Thread 3 ] DEBUG Engine               - title: platformer
21:40:43.478 [FXGL Background Thread 3 ] DEBUG Engine               - urlGithub: https://github.com/AlmasB/FXGL
21:40:43.478 [FXGL Background Thread 3 ] DEBUG Engine               - urlLeaderboard: http://fxgl-top.herokuapp.com/
21:40:43.478 [FXGL Background Thread 3 ] DEBUG Engine               - urlPOM: https://raw.githubusercontent.com/AlmasB/FXGL/release/README.md
21:40:43.478 [FXGL Background Thread 3 ] DEBUG Engine               - userAppClass: class game.PlatformerApp
21:40:43.479 [FXGL Background Thread 3 ] DEBUG Engine               - version: 0.0
21:40:43.479 [FXGL Background Thread 3 ] DEBUG Engine               - versionCheckDays: 7
21:40:43.479 [FXGL Background Thread 3 ] DEBUG Engine               - width: 1280
21:40:43.479 [FXGL Background Thread 3 ] DEBUG Engine               - Logging services
21:40:43.479 [FXGL Background Thread 3 ] DEBUG Engine               - class com.almasb.fxgl.app.services.FXGLAssetLoaderService
21:40:43.479 [FXGL Background Thread 3 ] DEBUG Engine               - class com.almasb.fxgl.app.FXGLApplication$GameApplicationService
21:40:43.479 [FXGL Background Thread 3 ] DEBUG Engine               - class com.almasb.fxgl.app.services.FXGLDialogService
21:40:43.479 [FXGL Background Thread 3 ] DEBUG Engine               - class com.almasb.fxgl.app.services.IOTaskExecutorService
21:40:43.479 [FXGL Background Thread 3 ] DEBUG Engine               - class com.almasb.fxgl.io.FileSystemService
21:40:43.479 [FXGL Background Thread 3 ] DEBUG Engine               - class com.almasb.fxgl.localization.LocalizationService
21:40:43.479 [FXGL Background Thread 3 ] DEBUG Engine               - class com.almasb.fxgl.app.services.SystemBundleService
21:40:43.479 [FXGL Background Thread 3 ] DEBUG Engine               - class com.almasb.fxgl.profile.SaveLoadService
21:40:43.480 [FXGL Background Thread 3 ] DEBUG Engine               - class com.almasb.fxgl.ui.FXGLUIFactoryServiceProvider
21:40:43.480 [FXGL Background Thread 3 ] DEBUG Engine               - class com.almasb.fxgl.ui.FXGLDialogFactoryServiceProvider
21:40:43.480 [FXGL Background Thread 3 ] DEBUG Engine               - class com.almasb.fxgl.audio.AudioPlayer
21:40:43.480 [FXGL Background Thread 3 ] DEBUG Engine               - class com.almasb.fxgl.notification.impl.NotificationServiceProvider
21:40:43.480 [FXGL Background Thread 3 ] DEBUG Engine               - class com.almasb.fxgl.achievement.AchievementService
21:40:43.480 [FXGL Background Thread 3 ] DEBUG Engine               - class com.almasb.fxgl.cutscene.CutsceneService
21:40:43.480 [FXGL Background Thread 3 ] DEBUG Engine               - class com.almasb.fxgl.minigames.MiniGameService
21:40:43.480 [FXGL Background Thread 3 ] DEBUG Engine               - class com.almasb.fxgl.net.NetService
21:40:43.480 [FXGL Background Thread 3 ] DEBUG Engine               - class com.almasb.fxgl.app.services.UpdaterService
21:40:43.480 [FXGL Background Thread 3 ] DEBUG Engine               - class com.almasb.fxgl.dev.DevService
21:40:49.903 [JavaFX Application Thread] DEBUG FXGLApplication      - Exiting FXGL
21:40:49.903 [JavaFX Application Thread] DEBUG LoopRunner           - Stopping loop
21:40:49.903 [JavaFX Application Thread] DEBUG SystemBundleService  - Saving FXGL system data
21:40:49.905 [JavaFX Application Thread] DEBUG FileSystemAccess     - Writing to: C:\Users\lucca\git\giocoInformatica3\system\fxgl.bundle
21:40:49.906 [JavaFX Application Thread] DEBUG Async                - Shutting down background threads
21:40:49.907 [JavaFX Application Thread] DEBUG PrimaryStageWindow   - Closing main window
21:40:49.913 [JavaFX Application Thread] DEBUG Logger               - Closing Logger
