17:22:46.834 [main                     ] DEBUG Logger               - Configured Logger
17:22:46.913 [main                     ] DEBUG GameApplication      - Logging settings
Title: platformer
Version: 0.0
Width: 1920
Height: 1080
Fullscreen: false
Intro: false
Profiling: false
Single step:false
App Mode: DEVELOPER
Menu Key: ESCAPE
Stage Style: DECORATED
Scene Factory: class game.PlatformerApp$1

17:22:47.688 [JavaFX Application Thread] DEBUG FXGLApplication      - Initializing FXGL
17:22:47.701 [JavaFX Application Thread] INFO  Engine               - FXGL-17.1 (24.03.2022 17.39) on WINDOWS (J:17.0.2 FX:18)
17:22:47.702 [JavaFX Application Thread] DEBUG Engine               - JRE Vendor Name: Eclipse Adoptium
17:22:47.703 [JavaFX Application Thread] DEBUG Engine               - Running on OS: Windows 10 version 10.0
17:22:47.703 [JavaFX Application Thread] DEBUG Engine               - Architecture: amd64
17:22:47.703 [JavaFX Application Thread] INFO  Engine               - Source code and latest versions at: https://github.com/AlmasB/FXGL
17:22:47.703 [JavaFX Application Thread] INFO  Engine               -       Ask questions and discuss at: https://github.com/AlmasB/FXGL/discussions
17:22:47.704 [JavaFX Application Thread] INFO  Engine               -              Join the FXGL chat at: https://gitter.im/AlmasB/FXGL
17:22:47.880 [JavaFX Application Thread] DEBUG PrimaryStageWindow   - Creating a JavaFX scene
17:22:47.880 [JavaFX Application Thread] DEBUG PrimaryStageWindow   - Target size > screen size
17:22:47.949 [JavaFX Application Thread] DEBUG PrimaryStageWindow   - Target settings size: 1920.0 x 1080.0
17:22:47.950 [JavaFX Application Thread] DEBUG PrimaryStageWindow   - Scaled scene size:    1269.0 x 727.0
17:22:47.950 [JavaFX Application Thread] DEBUG PrimaryStageWindow   - Scaled ratio: (0.6609375, 0.6731481481481482)
17:22:47.952 [JavaFX Application Thread] DEBUG PrimaryStageWindow   - Set initial scene to FXGLStartupScene
17:22:47.968 [JavaFX Application Thread] DEBUG PrimaryStageWindow   - Opening main window
17:22:48.140 [JavaFX Application Thread] DEBUG PrimaryStageWindow   - Window border size: (16.0, 39.0)
17:22:48.140 [JavaFX Application Thread] DEBUG PrimaryStageWindow   - Scaled size: 1269.0 x 727.0
17:22:48.141 [JavaFX Application Thread] DEBUG PrimaryStageWindow   - Scaled ratio: (0.6609375, 0.6731481481481482)
17:22:48.141 [JavaFX Application Thread] DEBUG PrimaryStageWindow   - Scene size: 1269.0 x 727.0
17:22:48.142 [JavaFX Application Thread] DEBUG PrimaryStageWindow   - Stage size: 1285.0 x 766.0
17:22:48.229 [FXGL Background Thread 1 ] DEBUG Engine               - Initializing environment variables
17:22:48.331 [FXGL Background Thread 1 ] DEBUG FXGLAssetLoaderServi - User app class for loading assets: class game.PlatformerApp
17:22:48.335 [FXGL Background Thread 1 ] DEBUG GameApplicationServi - Applying CSS: fxgl_dark.css
17:22:48.337 [FXGL Background Thread 1 ] DEBUG FXGLAssetLoaderServi - Loading from file system: jar:file:/C:/jav/fxgl-17.1-uber.jar!/fxglassets/ui/css/fxgl_dark.css
17:22:48.448 [FXGL Background Thread 1 ] DEBUG GameApplicationServi - Initializing application scenes
17:22:48.641 [FXGL Background Thread 1 ] DEBUG GameWorld            - Game world initialized
17:22:48.733 [FXGL Background Thread 1 ] DEBUG PhysicsWorld         - Physics world initialized: appHeight=1080, physics.ppm=50,0
17:22:48.734 [FXGL Background Thread 1 ] DEBUG PhysicsWorld         - Using strategy: BRUTE_FORCE
17:22:48.740 [FXGL Background Thread 1 ] DEBUG GameScene            - Game scene initialized: 1920x1080
17:22:48.880 [FXGL Background Thread 1 ] DEBUG GameApplicationServi - Application scenes initialized
17:22:48.906 [FXGL Background Thread 1 ] DEBUG SystemBundleService  - Loading FXGL system data
17:22:48.917 [FXGL Background Thread 1 ] DEBUG FileSystemAccess     - Reading from: C:\Users\G\git\giocoInformatica_final_sulSerio\system\fxgl.bundle
17:22:48.935 [FXGL Background Thread 1 ] DEBUG SystemBundleService  - Bundle FXGL: {}
17:22:48.935 [FXGL Background Thread 1 ] DEBUG UpdaterService       - Checking for updates
17:22:49.028 [FXGL Background Thread 1 ] DEBUG FXGLApplication      - Loading default localization
17:22:49.036 [FXGL Background Thread 1 ] DEBUG FXGLAssetLoaderServi - Loading from file system: jar:file:/C:/jav/fxgl-17.1-uber.jar!/fxglassets/languages/english.lang
17:22:49.072 [FXGL Background Thread 4 ] DEBUG FXGLApplication      - Loading fonts
17:22:49.074 [FXGL Background Thread 4 ] DEBUG FXGLAssetLoaderServi - Loading from file system: jar:file:/C:/jav/fxgl-17.1-uber.jar!/fxglassets/ui/fonts/VarelaRound-Regular.ttf
17:22:49.091 [FXGL Background Thread 1 ] INFO  FXGLApplication      - FXGL initialization took: 0,862 sec
17:22:49.118 [JavaFX Application Thread] DEBUG Input                - Registered new binding: Left - A
17:22:49.119 [JavaFX Application Thread] DEBUG Input                - Registered new binding: Right - D
17:22:49.119 [JavaFX Application Thread] DEBUG Input                - Registered new binding: Jump - Space
17:22:49.119 [JavaFX Application Thread] DEBUG Input                - Registered new binding: Attack - F
17:22:49.120 [JavaFX Application Thread] DEBUG Input                - Registered new binding: menu dev - P
17:22:49.120 [JavaFX Application Thread] DEBUG Input                - Registered new binding: interact - E
17:22:49.123 [JavaFX Application Thread] DEBUG FXGLAssetLoaderServi - Loading from file system: file:/C:/Users/G/git/giocoInformatica_final_sulSerio/bin/assets/music/BGM_dash_runner.wav
17:22:49.598 [JavaFX Application Thread] DEBUG AudioPlayer          - Playing music com.almasb.fxgl.audio.Music@4443fdbb
17:22:49.600 [JavaFX Application Thread] DEBUG PhysicsWorld         - Clearing physics world
17:22:49.602 [JavaFX Application Thread] DEBUG FXGLAssetLoaderServi - Loading from file system: jar:file:/C:/jav/fxgl-17.1-uber.jar!/fxglassets/textures/fxgl_icon.png
17:22:49.669 [JavaFX Application Thread] DEBUG FXGLAssetLoaderServi - Loading from file system: jar:file:/C:/jav/fxgl-17.1-uber.jar!/fxglassets/textures/fxgl_default_cursor.png
17:22:49.674 [JavaFX Application Thread] DEBUG Input                - Registered new binding: Screenshot - CTRL+8
17:22:49.677 [JavaFX Application Thread] DEBUG Input                - Registered new binding: Dev Options - 1
17:22:49.678 [JavaFX Application Thread] DEBUG Input                - Registered new binding: Dev Console - 2
17:22:49.679 [JavaFX Application Thread] DEBUG Input                - Registered new binding: System info dump - CTRL+9
17:22:49.680 [JavaFX Application Thread] DEBUG Input                - Registered new binding: Restart - CTRL+R
17:22:49.681 [JavaFX Application Thread] DEBUG Input                - Registered new binding: Toggle Debug Camera - CTRL+7
17:22:49.687 [JavaFX Application Thread] DEBUG LoopRunner           - Starting loop
17:22:49.715 [JavaFX Application Thread] DEBUG LoopRunner           - Initializing JavaFX AnimationTimerLoop
17:22:49.720 [JavaFX Application Thread] DEBUG Input                - Clearing active input actions
17:22:49.755 [JavaFX Application Thread] DEBUG GameApplicationServi - Removing overlay from FXGLStartupScene and adding to FXGLMainMenuDummyScene
17:22:49.761 [JavaFX Application Thread] DEBUG PrimaryStageWindow   - FXGLStartupScene -> FXGLMainMenuDummyScene
17:22:49.763 [JavaFX Application Thread] DEBUG PrimaryStageWindow   - Push state: PlatformerMainMenu
17:22:49.764 [JavaFX Application Thread] DEBUG Input                - Clearing active input actions
17:22:49.774 [JavaFX Application Thread] DEBUG GameApplicationServi - Removing overlay from FXGLMainMenuDummyScene and adding to PlatformerMainMenu
17:22:49.776 [JavaFX Application Thread] DEBUG PrimaryStageWindow   - FXGLMainMenuDummyScene -> PlatformerMainMenu
17:22:49.997 [FXGL Background Thread 4 ] DEBUG FXGLAssetLoaderServi - Loading from file system: jar:file:/C:/jav/fxgl-17.1-uber.jar!/fxglassets/ui/fonts/Abel-Regular.ttf
17:22:50.014 [FXGL Background Thread 4 ] DEBUG FXGLAssetLoaderServi - Loading from file system: jar:file:/C:/jav/fxgl-17.1-uber.jar!/fxglassets/ui/fonts/TerminalLandMono-Regular.otf
17:22:50.030 [FXGL Background Thread 4 ] DEBUG FXGLAssetLoaderServi - Loading from file system: jar:file:/C:/jav/fxgl-17.1-uber.jar!/fxglassets/ui/fonts/Courier-Prime.ttf
17:22:50.512 [JavaFX Application Thread] DEBUG FXGLApplication      - Registering font factories with UI factory
17:22:52.039 [FXGL Background Thread 3 ] DEBUG Engine               - Logging environment variables
17:22:52.042 [FXGL Background Thread 3 ] DEBUG Engine               - achievements: []
17:22:52.043 [FXGL Background Thread 3 ] DEBUG Engine               - actualHeight: 727.0
17:22:52.044 [FXGL Background Thread 3 ] DEBUG Engine               - actualHeightProperty: ReadOnlyDoubleProperty [value: 727.0]
17:22:52.045 [FXGL Background Thread 3 ] DEBUG Engine               - actualWidth: 1269.0
17:22:52.045 [FXGL Background Thread 3 ] DEBUG Engine               - actualWidthProperty: ReadOnlyDoubleProperty [value: 1269.0]
17:22:52.046 [FXGL Background Thread 3 ] DEBUG Engine               - appIcon: fxgl_icon.png
17:22:52.046 [FXGL Background Thread 3 ] DEBUG Engine               - applicationMode: DEVELOPER
17:22:52.047 [FXGL Background Thread 3 ] DEBUG Engine               - cSSList: [fxgl_dark.css]
17:22:52.048 [FXGL Background Thread 3 ] DEBUG Engine               - collisionDetectionStrategy: BRUTE_FORCE
17:22:52.048 [FXGL Background Thread 3 ] DEBUG Engine               - configClass: Optional.empty
17:22:52.049 [FXGL Background Thread 3 ] DEBUG Engine               - credits: []
17:22:52.062 [FXGL Background Thread 3 ] DEBUG Engine               - defaultCursor: CursorInfo(imageName=fxgl_default_cursor.png, hotspotX=7.0, hotspotY=6.0)
17:22:52.069 [FXGL Background Thread 3 ] DEBUG Engine               - devBBoxColorProperty: ObjectProperty [value: 0xff0000ff]
17:22:52.072 [FXGL Background Thread 3 ] DEBUG Engine               - devEnableDebugCameraProperty: BooleanProperty [value: false]
17:22:52.073 [FXGL Background Thread 3 ] DEBUG Engine               - devSensorColorProperty: ObjectProperty [value: 0xffff00ff]
17:22:52.073 [FXGL Background Thread 3 ] DEBUG Engine               - devShowBBoxProperty: BooleanProperty [value: false]
17:22:52.073 [FXGL Background Thread 3 ] DEBUG Engine               - devShowPositionProperty: BooleanProperty [value: false]
17:22:52.073 [FXGL Background Thread 3 ] DEBUG Engine               - enabledMenuItems: []
17:22:52.074 [FXGL Background Thread 3 ] DEBUG Engine               - engineServices: [class com.almasb.fxgl.app.services.FXGLAssetLoaderService, class com.almasb.fxgl.app.FXGLApplication$GameApplicationService, class com.almasb.fxgl.app.services.FXGLDialogService, class com.almasb.fxgl.app.services.IOTaskExecutorService, class com.almasb.fxgl.io.FileSystemService, class com.almasb.fxgl.localization.LocalizationService, class com.almasb.fxgl.app.services.SystemBundleService, class com.almasb.fxgl.profile.SaveLoadService, class com.almasb.fxgl.ui.FXGLUIFactoryServiceProvider, class com.almasb.fxgl.ui.FXGLDialogFactoryServiceProvider, class com.almasb.fxgl.audio.AudioPlayer, class com.almasb.fxgl.notification.impl.NotificationServiceProvider, class com.almasb.fxgl.achievement.AchievementService, class com.almasb.fxgl.cutscene.CutsceneService, class com.almasb.fxgl.minigames.MiniGameService, class com.almasb.fxgl.net.NetService, class com.almasb.fxgl.app.services.UpdaterService, class com.almasb.fxgl.dev.DevService]
17:22:52.074 [FXGL Background Thread 3 ] DEBUG Engine               - fontGame: Abel-Regular.ttf
17:22:52.074 [FXGL Background Thread 3 ] DEBUG Engine               - fontMono: TerminalLandMono-Regular.otf
17:22:52.074 [FXGL Background Thread 3 ] DEBUG Engine               - fontText: Courier-Prime.ttf
17:22:52.075 [FXGL Background Thread 3 ] DEBUG Engine               - fontUI: VarelaRound-Regular.ttf
17:22:52.075 [FXGL Background Thread 3 ] DEBUG Engine               - fullScreen: BooleanProperty [value: false]
17:22:52.075 [FXGL Background Thread 3 ] DEBUG Engine               - gameDifficulty: MEDIUM
17:22:52.075 [FXGL Background Thread 3 ] DEBUG Engine               - gameDifficultyProperty: ObjectProperty [value: MEDIUM]
17:22:52.075 [FXGL Background Thread 3 ] DEBUG Engine               - globalMusicVolume: 0.5
17:22:52.076 [FXGL Background Thread 3 ] DEBUG Engine               - globalMusicVolumeProperty: DoubleProperty [value: 0.25]
17:22:52.076 [FXGL Background Thread 3 ] DEBUG Engine               - globalSoundVolume: 0.5
17:22:52.076 [FXGL Background Thread 3 ] DEBUG Engine               - globalSoundVolumeProperty: DoubleProperty [value: 0.5]
17:22:52.076 [FXGL Background Thread 3 ] DEBUG Engine               - height: 1080
17:22:52.077 [FXGL Background Thread 3 ] DEBUG Engine               - is3D: false
17:22:52.077 [FXGL Background Thread 3 ] DEBUG Engine               - isAndroid: false
17:22:52.077 [FXGL Background Thread 3 ] DEBUG Engine               - isBrowser: false
17:22:52.077 [FXGL Background Thread 3 ] DEBUG Engine               - isClickFeedbackEnabled: false
17:22:52.077 [FXGL Background Thread 3 ] DEBUG Engine               - isCloseConfirmation: false
17:22:52.078 [FXGL Background Thread 3 ] DEBUG Engine               - isDesktop: true
17:22:52.078 [FXGL Background Thread 3 ] DEBUG Engine               - isDeveloperMenuEnabled: true
17:22:52.078 [FXGL Background Thread 3 ] DEBUG Engine               - isEmbedded: false
17:22:52.086 [FXGL Background Thread 3 ] DEBUG Engine               - isEntityPreloadEnabled: true
17:22:52.087 [FXGL Background Thread 3 ] DEBUG Engine               - isExperimentalTiledLargeMap: false
17:22:52.087 [FXGL Background Thread 3 ] DEBUG Engine               - isFileSystemWriteAllowed: true
17:22:52.087 [FXGL Background Thread 3 ] DEBUG Engine               - isFullScreenAllowed: false
17:22:52.088 [FXGL Background Thread 3 ] DEBUG Engine               - isFullScreenFromStart: false
17:22:52.088 [FXGL Background Thread 3 ] DEBUG Engine               - isGameMenuEnabled: true
17:22:52.088 [FXGL Background Thread 3 ] DEBUG Engine               - isIOS: false
17:22:52.089 [FXGL Background Thread 3 ] DEBUG Engine               - isIntroEnabled: false
17:22:52.089 [FXGL Background Thread 3 ] DEBUG Engine               - isLinux: false
17:22:52.089 [FXGL Background Thread 3 ] DEBUG Engine               - isMac: false
17:22:52.093 [FXGL Background Thread 3 ] DEBUG Engine               - isMainMenuEnabled: true
17:22:52.094 [FXGL Background Thread 3 ] DEBUG Engine               - isManualResizeEnabled: false
17:22:52.094 [FXGL Background Thread 3 ] DEBUG Engine               - isMobile: false
17:22:52.094 [FXGL Background Thread 3 ] DEBUG Engine               - isNative: false
17:22:52.095 [FXGL Background Thread 3 ] DEBUG Engine               - isPauseMusicWhenMinimized: true
17:22:52.095 [FXGL Background Thread 3 ] DEBUG Engine               - isPreserveResizeRatio: false
17:22:52.097 [FXGL Background Thread 3 ] DEBUG Engine               - isProfilingEnabled: false
17:22:52.098 [FXGL Background Thread 3 ] DEBUG Engine               - isScaleAffectedOnResize: true
17:22:52.098 [FXGL Background Thread 3 ] DEBUG Engine               - isSingleStep: false
17:22:52.098 [FXGL Background Thread 3 ] DEBUG Engine               - isUserProfileEnabled: false
17:22:52.098 [FXGL Background Thread 3 ] DEBUG Engine               - isWindows: true
17:22:52.098 [FXGL Background Thread 3 ] DEBUG Engine               - language: ObjectProperty [value: ENGLISH]
17:22:52.099 [FXGL Background Thread 3 ] DEBUG Engine               - menuKey: ESCAPE
17:22:52.099 [FXGL Background Thread 3 ] DEBUG Engine               - mouseSensitivity: 0.2
17:22:52.099 [FXGL Background Thread 3 ] DEBUG Engine               - notificationViewClass: class com.almasb.fxgl.notification.view.XboxNotificationView
17:22:52.099 [FXGL Background Thread 3 ] DEBUG Engine               - pixelsPerMeter: 50.0
17:22:52.101 [FXGL Background Thread 3 ] DEBUG Engine               - platform: WINDOWS
17:22:52.101 [FXGL Background Thread 3 ] DEBUG Engine               - prefHeightProperty: ReadOnlyDoubleProperty [value: 1080.0]
17:22:52.102 [FXGL Background Thread 3 ] DEBUG Engine               - prefWidthProperty: ReadOnlyDoubleProperty [value: 1920.0]
17:22:52.102 [FXGL Background Thread 3 ] DEBUG Engine               - profileDir: profiles/
17:22:52.102 [FXGL Background Thread 3 ] DEBUG Engine               - profileName: StringProperty [value: DEFAULT]
17:22:52.103 [FXGL Background Thread 3 ] DEBUG Engine               - randomSeed: -1
17:22:52.104 [FXGL Background Thread 3 ] DEBUG Engine               - runtimeInfo: RuntimeInfo(platform=WINDOWS, version=17.1, build=24.03.2022 17.39)
17:22:52.104 [FXGL Background Thread 3 ] DEBUG Engine               - saveFileExt: sav
17:22:52.105 [FXGL Background Thread 3 ] DEBUG Engine               - scaledHeightProp$fxgl: DoubleProperty [bound, value: 727.0]
17:22:52.105 [FXGL Background Thread 3 ] DEBUG Engine               - scaledWidthProp$fxgl: DoubleProperty [bound, value: 1269.0]
17:22:52.105 [FXGL Background Thread 3 ] DEBUG Engine               - sceneFactory: game.PlatformerApp$1@59adcc89
17:22:52.105 [FXGL Background Thread 3 ] DEBUG Engine               - secondsIn24h: 60
17:22:52.105 [FXGL Background Thread 3 ] DEBUG Engine               - soundMenuBack: menu/back.wav
17:22:52.105 [FXGL Background Thread 3 ] DEBUG Engine               - soundMenuPress: menu/press.wav
17:22:52.106 [FXGL Background Thread 3 ] DEBUG Engine               - soundMenuSelect: menu/select.wav
17:22:52.106 [FXGL Background Thread 3 ] DEBUG Engine               - soundNotification: core/notification.wav
17:22:52.106 [FXGL Background Thread 3 ] DEBUG Engine               - stageStyle: DECORATED
17:22:52.107 [FXGL Background Thread 3 ] DEBUG Engine               - supportedLanguages: [ENGLISH, FRENCH, GERMAN, HUNGARIAN, RUSSIAN]
17:22:52.107 [FXGL Background Thread 3 ] DEBUG Engine               - ticksPerSecond: -1
17:22:52.107 [FXGL Background Thread 3 ] DEBUG Engine               - title: platformer
17:22:52.108 [FXGL Background Thread 3 ] DEBUG Engine               - urlGithub: https://github.com/AlmasB/FXGL
17:22:52.108 [FXGL Background Thread 3 ] DEBUG Engine               - urlLeaderboard: http://fxgl-top.herokuapp.com/
17:22:52.108 [FXGL Background Thread 3 ] DEBUG Engine               - urlPOM: https://raw.githubusercontent.com/AlmasB/FXGL/release/README.md
17:22:52.108 [FXGL Background Thread 3 ] DEBUG Engine               - userAppClass: class game.PlatformerApp
17:22:52.108 [FXGL Background Thread 3 ] DEBUG Engine               - version: 0.0
17:22:52.109 [FXGL Background Thread 3 ] DEBUG Engine               - versionCheckDays: 7
17:22:52.110 [FXGL Background Thread 3 ] DEBUG Engine               - width: 1920
17:22:52.110 [FXGL Background Thread 3 ] DEBUG Engine               - Logging services
17:22:52.110 [FXGL Background Thread 3 ] DEBUG Engine               - class com.almasb.fxgl.app.services.FXGLAssetLoaderService
17:22:52.110 [FXGL Background Thread 3 ] DEBUG Engine               - class com.almasb.fxgl.app.FXGLApplication$GameApplicationService
17:22:52.110 [FXGL Background Thread 3 ] DEBUG Engine               - class com.almasb.fxgl.app.services.FXGLDialogService
17:22:52.110 [FXGL Background Thread 3 ] DEBUG Engine               - class com.almasb.fxgl.app.services.IOTaskExecutorService
17:22:52.111 [FXGL Background Thread 3 ] DEBUG Engine               - class com.almasb.fxgl.io.FileSystemService
17:22:52.111 [FXGL Background Thread 3 ] DEBUG Engine               - class com.almasb.fxgl.localization.LocalizationService
17:22:52.111 [FXGL Background Thread 3 ] DEBUG Engine               - class com.almasb.fxgl.app.services.SystemBundleService
17:22:52.111 [FXGL Background Thread 3 ] DEBUG Engine               - class com.almasb.fxgl.profile.SaveLoadService
17:22:52.111 [FXGL Background Thread 3 ] DEBUG Engine               - class com.almasb.fxgl.ui.FXGLUIFactoryServiceProvider
17:22:52.111 [FXGL Background Thread 3 ] DEBUG Engine               - class com.almasb.fxgl.ui.FXGLDialogFactoryServiceProvider
17:22:52.112 [FXGL Background Thread 3 ] DEBUG Engine               - class com.almasb.fxgl.audio.AudioPlayer
17:22:52.112 [FXGL Background Thread 3 ] DEBUG Engine               - class com.almasb.fxgl.notification.impl.NotificationServiceProvider
17:22:52.112 [FXGL Background Thread 3 ] DEBUG Engine               - class com.almasb.fxgl.achievement.AchievementService
17:22:52.112 [FXGL Background Thread 3 ] DEBUG Engine               - class com.almasb.fxgl.cutscene.CutsceneService
17:22:52.112 [FXGL Background Thread 3 ] DEBUG Engine               - class com.almasb.fxgl.minigames.MiniGameService
17:22:52.112 [FXGL Background Thread 3 ] DEBUG Engine               - class com.almasb.fxgl.net.NetService
17:22:52.113 [FXGL Background Thread 3 ] DEBUG Engine               - class com.almasb.fxgl.app.services.UpdaterService
17:22:52.113 [FXGL Background Thread 3 ] DEBUG Engine               - class com.almasb.fxgl.dev.DevService
17:22:53.022 [JavaFX Application Thread] DEBUG PrimaryStageWindow   - Push state: DialogSubScene
17:22:53.022 [JavaFX Application Thread] DEBUG Input                - Clearing active input actions
17:22:53.031 [JavaFX Application Thread] DEBUG GameApplicationServi - Removing overlay from PlatformerMainMenu and adding to DialogSubScene
17:22:53.049 [JavaFX Application Thread] DEBUG PrimaryStageWindow   - PlatformerMainMenu -> DialogSubScene
17:22:54.711 [JavaFX Application Thread] DEBUG PrimaryStageWindow   - Pop state: DialogSubScene
17:22:54.711 [JavaFX Application Thread] DEBUG Input                - Clearing active input actions
17:22:54.712 [JavaFX Application Thread] DEBUG GameApplicationServi - Removing overlay from DialogSubScene and adding to PlatformerMainMenu
17:22:54.727 [JavaFX Application Thread] DEBUG PrimaryStageWindow   - PlatformerMainMenu <- DialogSubScene
17:22:54.731 [JavaFX Application Thread] DEBUG Menu                 - fireNewGame()
17:22:54.733 [JavaFX Application Thread] DEBUG GameApplicationServi - Starting new game
17:22:54.734 [JavaFX Application Thread] DEBUG PrimaryStageWindow   - Pop state: PlatformerMainMenu
17:22:54.734 [JavaFX Application Thread] DEBUG Input                - Clearing active input actions
17:22:54.736 [JavaFX Application Thread] DEBUG GameApplicationServi - Removing overlay from PlatformerMainMenu and adding to FXGLMainMenuDummyScene
17:22:54.738 [JavaFX Application Thread] DEBUG PrimaryStageWindow   - FXGLMainMenuDummyScene <- PlatformerMainMenu
17:22:54.739 [JavaFX Application Thread] DEBUG Input                - Clearing active input actions
17:22:54.775 [JavaFX Application Thread] DEBUG GameApplicationServi - Removing overlay from FXGLMainMenuDummyScene and adding to FXGLLoadingScene
17:22:54.789 [JavaFX Application Thread] DEBUG PrimaryStageWindow   - FXGLMainMenuDummyScene -> FXGLLoadingScene
17:22:54.789 [JavaFX Application Thread] DEBUG GameApplicationServi - Clearing previous game
17:22:54.789 [JavaFX Application Thread] DEBUG GameScene            - Clearing game scene
17:22:54.792 [JavaFX Application Thread] DEBUG GameWorld            - Clearing game world
17:22:54.793 [JavaFX Application Thread] DEBUG PhysicsWorld         - Clearing physics world
17:22:54.797 [FXGL Background Thread 2 ] DEBUG FXGLApplication      - Initializing game
17:22:54.859 [FXGL Background Thread 2 ] WARN  TMXLevelLoader       - TiledMap generated from 1.8.4. Supported version: 1.4.2. Some features may not be parsed fully.
17:22:55.012 [FXGL Background Thread 2 ] DEBUG TMXLevelLoader       - Parsed TiledMap: file:/C:/Users/G/git/giocoInformatica_final_sulSerio/bin/assets/levels/tmx/level1.tmx
17:22:55.014 [FXGL Background Thread 2 ] DEBUG TMXLevelLoader       - Creating tile layer entities
17:22:55.016 [FXGL Background Thread 2 ] DEBUG TilesetLoader        - Loading view for layer wall 2
17:22:55.041 [FXGL Background Thread 2 ] DEBUG TilesetLoader        - Created buffer with size 2240.0x2560.0
17:22:55.275 [FXGL Background Thread 2 ] WARN  TilesetLoader        - Diagonally flipped tiles are not currently supported
17:22:55.298 [FXGL Background Thread 2 ] WARN  TilesetLoader        - Diagonally flipped tiles are not currently supported
17:22:55.299 [FXGL Background Thread 2 ] WARN  TilesetLoader        - Diagonally flipped tiles are not currently supported
17:22:55.466 [FXGL Background Thread 2 ] WARN  TilesetLoader        - Diagonally flipped tiles are not currently supported
17:22:55.597 [FXGL Background Thread 2 ] WARN  TilesetLoader        - Diagonally flipped tiles are not currently supported
17:22:55.614 [FXGL Background Thread 2 ] DEBUG TilesetLoader        - Loading view for layer wall 1
17:22:55.657 [FXGL Background Thread 2 ] DEBUG TilesetLoader        - Created buffer with size 2240.0x2560.0
17:22:55.747 [FXGL Background Thread 2 ] DEBUG TilesetLoader        - Loading view for layer platforms
17:22:55.821 [FXGL Background Thread 2 ] DEBUG TilesetLoader        - Created buffer with size 2240.0x2560.0
17:22:55.971 [FXGL Background Thread 2 ] DEBUG TilesetLoader        - Loading view for layer spike
17:22:55.980 [FXGL Background Thread 2 ] DEBUG TilesetLoader        - Created buffer with size 2240.0x2560.0
17:22:55.992 [FXGL Background Thread 2 ] DEBUG TilesetLoader        - Loading view for layer ground
17:22:56.048 [FXGL Background Thread 2 ] DEBUG TilesetLoader        - Created buffer with size 2240.0x2560.0
17:22:56.098 [FXGL Background Thread 2 ] DEBUG TMXLevelLoader       - Creating object layer entities
17:22:56.163 [FXGL Background Thread 2 ] DEBUG FXGLAssetLoaderServi - Loading from file system: file:/C:/Users/G/git/giocoInformatica_final_sulSerio/bin/assets/textures/enemies/Skeleton/Idle.png
17:22:56.165 [FXGL Background Thread 2 ] DEBUG FXGLAssetLoaderServi - Loading from file system: file:/C:/Users/G/git/giocoInformatica_final_sulSerio/bin/assets/textures/enemies/Skeleton/Walk.png
17:22:56.167 [FXGL Background Thread 2 ] DEBUG FXGLAssetLoaderServi - Loading from file system: file:/C:/Users/G/git/giocoInformatica_final_sulSerio/bin/assets/textures/enemies/Skeleton/Attack.png
17:22:56.173 [FXGL Background Thread 2 ] DEBUG FXGLAssetLoaderServi - Loading from file system: file:/C:/Users/G/git/giocoInformatica_final_sulSerio/bin/assets/textures/enemies/Skeleton/Take%20Hit.png
17:22:56.176 [FXGL Background Thread 2 ] DEBUG FXGLAssetLoaderServi - Loading from file system: file:/C:/Users/G/git/giocoInformatica_final_sulSerio/bin/assets/textures/enemies/Skeleton/Death.png
17:22:56.178 [FXGL Background Thread 2 ] DEBUG FXGLAssetLoaderServi - Loading from file system: file:/C:/Users/G/git/giocoInformatica_final_sulSerio/bin/assets/textures/enemies/Skeleton/Shield.png
17:22:56.310 [FXGL Background Thread 2 ] DEBUG FXGLAssetLoaderServi - Loading from file system: file:/C:/Users/G/git/giocoInformatica_final_sulSerio/bin/assets/textures/box.png
17:22:56.404 [FXGL Background Thread 2 ] DEBUG FXGLAssetLoaderServi - Loading from file system: file:/C:/Users/G/git/giocoInformatica_final_sulSerio/bin/assets/textures/bonfire.png
17:22:56.407 [FXGL Background Thread 2 ] DEBUG FXGLAssetLoaderServi - Loading from file system: file:/C:/Users/G/git/giocoInformatica_final_sulSerio/bin/assets/textures/bonfire_animation.png
17:22:56.434 [FXGL Background Thread 2 ] DEBUG FXGLAssetLoaderServi - Loading from file system: file:/C:/Users/G/git/giocoInformatica_final_sulSerio/bin/assets/textures/enemies/Flying%20eye/Flight.png
17:22:56.438 [FXGL Background Thread 2 ] DEBUG FXGLAssetLoaderServi - Loading from file system: file:/C:/Users/G/git/giocoInformatica_final_sulSerio/bin/assets/textures/enemies/Flying%20eye/Attack.png
17:22:56.484 [FXGL Background Thread 2 ] DEBUG FXGLAssetLoaderServi - Loading from file system: file:/C:/Users/G/git/giocoInformatica_final_sulSerio/bin/assets/textures/enemies/Flying%20eye/Take%20Hit.png
17:22:56.487 [FXGL Background Thread 2 ] DEBUG FXGLAssetLoaderServi - Loading from file system: file:/C:/Users/G/git/giocoInformatica_final_sulSerio/bin/assets/textures/enemies/Flying%20eye/Death.png
17:22:56.514 [FXGL Background Thread 2 ] DEBUG FXGLAssetLoaderServi - Loading from file system: file:/C:/Users/G/git/giocoInformatica_final_sulSerio/bin/assets/textures/enemies/Goblin/Idle.png
17:22:56.545 [FXGL Background Thread 2 ] DEBUG FXGLAssetLoaderServi - Loading from file system: file:/C:/Users/G/git/giocoInformatica_final_sulSerio/bin/assets/textures/enemies/Goblin/Run.png
17:22:56.547 [FXGL Background Thread 2 ] DEBUG FXGLAssetLoaderServi - Loading from file system: file:/C:/Users/G/git/giocoInformatica_final_sulSerio/bin/assets/textures/enemies/Goblin/Attack.png
17:22:56.550 [FXGL Background Thread 2 ] DEBUG FXGLAssetLoaderServi - Loading from file system: file:/C:/Users/G/git/giocoInformatica_final_sulSerio/bin/assets/textures/enemies/Goblin/Take%20Hit.png
17:22:56.552 [FXGL Background Thread 2 ] DEBUG FXGLAssetLoaderServi - Loading from file system: file:/C:/Users/G/git/giocoInformatica_final_sulSerio/bin/assets/textures/enemies/Goblin/Death.png
17:22:56.583 [FXGL Background Thread 2 ] DEBUG FXGLAssetLoaderServi - Loading from file system: file:/C:/Users/G/git/giocoInformatica_final_sulSerio/bin/assets/textures/npc/Meomartino/Idle.png
17:22:56.586 [FXGL Background Thread 2 ] DEBUG GameWorld            - Clearing removable entities
17:22:56.587 [FXGL Background Thread 2 ] DEBUG GameWorld            - Setting level: com.almasb.fxgl.entity.level.Level@bab3d36
17:22:56.670 [FXGL Background Thread 2 ] DEBUG FXGLAssetLoaderServi - Loading from file system: file:/C:/Users/G/git/giocoInformatica_final_sulSerio/bin/assets/textures/health/empty_health.png
17:22:56.673 [FXGL Background Thread 2 ] DEBUG FXGLAssetLoaderServi - Loading from file system: file:/C:/Users/G/git/giocoInformatica_final_sulSerio/bin/assets/textures/health/half_health.png
17:22:56.676 [FXGL Background Thread 2 ] DEBUG FXGLAssetLoaderServi - Loading from file system: file:/C:/Users/G/git/giocoInformatica_final_sulSerio/bin/assets/textures/health/full_health.png
17:22:56.685 [FXGL Background Thread 2 ] DEBUG FXGLAssetLoaderServi - Loading from file system: file:/C:/Users/G/git/giocoInformatica_final_sulSerio/bin/assets/textures/player/_Idle.png
17:22:56.687 [FXGL Background Thread 2 ] DEBUG FXGLAssetLoaderServi - Loading from file system: file:/C:/Users/G/git/giocoInformatica_final_sulSerio/bin/assets/textures/player/_Run.png
17:22:56.690 [FXGL Background Thread 2 ] DEBUG FXGLAssetLoaderServi - Loading from file system: file:/C:/Users/G/git/giocoInformatica_final_sulSerio/bin/assets/textures/player/_Jump.png
17:22:56.693 [FXGL Background Thread 2 ] DEBUG FXGLAssetLoaderServi - Loading from file system: file:/C:/Users/G/git/giocoInformatica_final_sulSerio/bin/assets/textures/player/_Fall.png
17:22:56.696 [FXGL Background Thread 2 ] DEBUG FXGLAssetLoaderServi - Loading from file system: file:/C:/Users/G/git/giocoInformatica_final_sulSerio/bin/assets/textures/player/_WallSlide.png
17:22:56.707 [FXGL Background Thread 2 ] DEBUG FXGLAssetLoaderServi - Loading from file system: file:/C:/Users/G/git/giocoInformatica_final_sulSerio/bin/assets/textures/player/_Attack.png
17:22:56.711 [FXGL Background Thread 2 ] DEBUG FXGLAssetLoaderServi - Loading from file system: file:/C:/Users/G/git/giocoInformatica_final_sulSerio/bin/assets/textures/player/_TurnAround.png
17:22:56.716 [FXGL Background Thread 2 ] DEBUG FXGLAssetLoaderServi - Loading from file system: file:/C:/Users/G/git/giocoInformatica_final_sulSerio/bin/assets/textures/player/_Hit.png
17:22:56.737 [FXGL Background Thread 2 ] DEBUG FXGLAssetLoaderServi - Loading from file system: file:/C:/Users/G/git/giocoInformatica_final_sulSerio/bin/assets/textures/player/_Death.png
17:22:56.747 [FXGL Background Thread 2 ] DEBUG FXGLAssetLoaderServi - Loading from file system: file:/C:/Users/G/git/giocoInformatica_final_sulSerio/bin/assets/textures/background/background.png
17:22:57.257 [FXGL Background Thread 2 ] DEBUG FXGLAssetLoaderServi - Loading from file system: file:/C:/Users/G/git/giocoInformatica_final_sulSerio/bin/assets/textures/background/castleBackgound.png
17:22:57.614 [FXGL Background Thread 2 ] INFO  FXGLApplication      - Game initialization took: 2,816 sec
17:22:57.622 [JavaFX Application Thread] DEBUG Input                - Clearing active input actions
17:22:57.642 [JavaFX Application Thread] DEBUG GameApplicationServi - Removing overlay from FXGLLoadingScene and adding to GameScene
17:22:57.649 [JavaFX Application Thread] DEBUG PrimaryStageWindow   - FXGLLoadingScene -> GameScene
17:23:05.051 [JavaFX Application Thread] DEBUG FXGLAssetLoaderServi - Loading from file system: file:/C:/Users/G/git/giocoInformatica_final_sulSerio/bin/assets/textures/button.png
17:23:05.840 [JavaFX Application Thread] DEBUG FXGLAssetLoaderServi - Loading from file system: file:/C:/Users/G/git/giocoInformatica_final_sulSerio/bin/assets/text/cutscene.txt
17:23:05.857 [JavaFX Application Thread] DEBUG Input                - Registered new binding: Next RPG Line - Enter
17:23:05.860 [JavaFX Application Thread] DEBUG FXGLAssetLoaderServi - Loading from file system: file:/C:/Users/G/git/giocoInformatica_final_sulSerio/bin/assets/textures/meo.png
17:23:05.865 [JavaFX Application Thread] DEBUG PrimaryStageWindow   - Push state: CutsceneScene
17:23:05.868 [JavaFX Application Thread] DEBUG Input                - Clearing active input actions
17:23:05.872 [JavaFX Application Thread] DEBUG GameApplicationServi - Removing overlay from GameScene and adding to CutsceneScene
17:23:05.878 [JavaFX Application Thread] DEBUG PrimaryStageWindow   - GameScene -> CutsceneScene
17:23:26.549 [JavaFX Application Thread] DEBUG PrimaryStageWindow   - Pop state: CutsceneScene
17:23:26.549 [JavaFX Application Thread] DEBUG Input                - Clearing active input actions
17:23:26.550 [JavaFX Application Thread] DEBUG GameApplicationServi - Removing overlay from CutsceneScene and adding to GameScene
17:23:26.551 [JavaFX Application Thread] DEBUG PrimaryStageWindow   - GameScene <- CutsceneScene
17:23:36.396 [JavaFX Application Thread] DEBUG FXGLApplication      - Exiting FXGL
17:23:36.397 [JavaFX Application Thread] DEBUG LoopRunner           - Stopping loop
17:23:36.397 [JavaFX Application Thread] DEBUG SystemBundleService  - Saving FXGL system data
17:23:36.400 [JavaFX Application Thread] DEBUG FileSystemAccess     - Writing to: C:\Users\G\git\giocoInformatica_final_sulSerio\system\fxgl.bundle
17:23:36.403 [JavaFX Application Thread] DEBUG Async                - Shutting down background threads
17:23:36.404 [JavaFX Application Thread] DEBUG PrimaryStageWindow   - Closing main window
17:23:36.440 [JavaFX Application Thread] DEBUG Logger               - Closing Logger
