17:16:47.629 [main                     ] DEBUG Logger               - Configured Logger
17:16:47.711 [main                     ] DEBUG GameApplication      - Logging settings
Title: platformer
Version: 0.0
Width: 1920
Height: 1080
Fullscreen: false
Intro: false
Profiling: false
Single step:false
App Mode: DEVELOPER
Menu Key: ESCAPE
Stage Style: DECORATED
Scene Factory: class game.PlatformerApp$1

17:16:48.679 [JavaFX Application Thread] DEBUG FXGLApplication      - Initializing FXGL
17:16:48.691 [JavaFX Application Thread] INFO  Engine               - FXGL-17.1 (24.03.2022 17.39) on WINDOWS (J:17.0.2 FX:18)
17:16:48.692 [JavaFX Application Thread] DEBUG Engine               - JRE Vendor Name: Eclipse Adoptium
17:16:48.694 [JavaFX Application Thread] DEBUG Engine               - Running on OS: Windows 10 version 10.0
17:16:48.695 [JavaFX Application Thread] DEBUG Engine               - Architecture: amd64
17:16:48.695 [JavaFX Application Thread] INFO  Engine               - Source code and latest versions at: https://github.com/AlmasB/FXGL
17:16:48.696 [JavaFX Application Thread] INFO  Engine               -       Ask questions and discuss at: https://github.com/AlmasB/FXGL/discussions
17:16:48.696 [JavaFX Application Thread] INFO  Engine               -              Join the FXGL chat at: https://gitter.im/AlmasB/FXGL
17:16:48.883 [JavaFX Application Thread] DEBUG PrimaryStageWindow   - Creating a JavaFX scene
17:16:48.883 [JavaFX Application Thread] DEBUG PrimaryStageWindow   - Target size > screen size
17:16:48.956 [JavaFX Application Thread] DEBUG PrimaryStageWindow   - Target settings size: 1920.0 x 1080.0
17:16:48.957 [JavaFX Application Thread] DEBUG PrimaryStageWindow   - Scaled scene size:    1269.0 x 727.0
17:16:48.958 [JavaFX Application Thread] DEBUG PrimaryStageWindow   - Scaled ratio: (0.6609375, 0.6731481481481482)
17:16:48.960 [JavaFX Application Thread] DEBUG PrimaryStageWindow   - Set initial scene to FXGLStartupScene
17:16:48.974 [JavaFX Application Thread] DEBUG PrimaryStageWindow   - Opening main window
17:16:49.101 [JavaFX Application Thread] DEBUG PrimaryStageWindow   - Window border size: (16.0, 39.0)
17:16:49.101 [JavaFX Application Thread] DEBUG PrimaryStageWindow   - Scaled size: 1269.0 x 727.0
17:16:49.102 [JavaFX Application Thread] DEBUG PrimaryStageWindow   - Scaled ratio: (0.6609375, 0.6731481481481482)
17:16:49.102 [JavaFX Application Thread] DEBUG PrimaryStageWindow   - Scene size: 1269.0 x 727.0
17:16:49.103 [JavaFX Application Thread] DEBUG PrimaryStageWindow   - Stage size: 1285.0 x 766.0
17:16:49.185 [FXGL Background Thread 1 ] DEBUG Engine               - Initializing environment variables
17:16:49.315 [FXGL Background Thread 1 ] DEBUG FXGLAssetLoaderServi - User app class for loading assets: class game.PlatformerApp
17:16:49.316 [FXGL Background Thread 1 ] DEBUG GameApplicationServi - Applying CSS: fxgl_dark.css
17:16:49.317 [FXGL Background Thread 1 ] DEBUG FXGLAssetLoaderServi - Loading from file system: jar:file:/C:/jav/fxgl-17.1-uber.jar!/fxglassets/ui/css/fxgl_dark.css
17:16:49.427 [FXGL Background Thread 1 ] DEBUG GameApplicationServi - Initializing application scenes
17:16:49.649 [FXGL Background Thread 1 ] DEBUG GameWorld            - Game world initialized
17:16:49.725 [FXGL Background Thread 1 ] DEBUG PhysicsWorld         - Physics world initialized: appHeight=1080, physics.ppm=50,0
17:16:49.726 [FXGL Background Thread 1 ] DEBUG PhysicsWorld         - Using strategy: BRUTE_FORCE
17:16:49.736 [FXGL Background Thread 1 ] DEBUG GameScene            - Game scene initialized: 1920x1080
17:16:49.881 [FXGL Background Thread 1 ] DEBUG GameApplicationServi - Application scenes initialized
17:16:49.914 [FXGL Background Thread 1 ] DEBUG SystemBundleService  - Loading FXGL system data
17:16:49.927 [FXGL Background Thread 1 ] DEBUG FileSystemAccess     - Reading from: C:\Users\G\git\giocoInformatica_final_sulSerio\system\fxgl.bundle
17:16:49.942 [FXGL Background Thread 1 ] DEBUG SystemBundleService  - Bundle FXGL: {}
17:16:49.942 [FXGL Background Thread 1 ] DEBUG UpdaterService       - Checking for updates
17:16:50.058 [FXGL Background Thread 1 ] DEBUG FXGLApplication      - Loading default localization
17:16:50.059 [FXGL Background Thread 1 ] DEBUG FXGLAssetLoaderServi - Loading from file system: jar:file:/C:/jav/fxgl-17.1-uber.jar!/fxglassets/languages/english.lang
17:16:50.081 [FXGL Background Thread 4 ] DEBUG FXGLApplication      - Loading fonts
17:16:50.082 [FXGL Background Thread 4 ] DEBUG FXGLAssetLoaderServi - Loading from file system: jar:file:/C:/jav/fxgl-17.1-uber.jar!/fxglassets/ui/fonts/VarelaRound-Regular.ttf
17:16:50.187 [FXGL Background Thread 1 ] INFO  FXGLApplication      - FXGL initialization took: 1,002 sec
17:16:50.212 [JavaFX Application Thread] DEBUG Input                - Registered new binding: Left - A
17:16:50.213 [JavaFX Application Thread] DEBUG Input                - Registered new binding: Right - D
17:16:50.214 [JavaFX Application Thread] DEBUG Input                - Registered new binding: Jump - Space
17:16:50.214 [JavaFX Application Thread] DEBUG Input                - Registered new binding: Attack - F
17:16:50.216 [JavaFX Application Thread] DEBUG Input                - Registered new binding: menu dev - P
17:16:50.217 [JavaFX Application Thread] DEBUG Input                - Registered new binding: interact - E
17:16:50.220 [JavaFX Application Thread] DEBUG FXGLAssetLoaderServi - Loading from file system: file:/C:/Users/G/git/giocoInformatica_final_sulSerio/bin/assets/music/BGM_dash_runner.wav
17:16:50.739 [JavaFX Application Thread] DEBUG AudioPlayer          - Playing music com.almasb.fxgl.audio.Music@10a4dcc
17:16:50.740 [JavaFX Application Thread] DEBUG PhysicsWorld         - Clearing physics world
17:16:50.741 [JavaFX Application Thread] DEBUG FXGLAssetLoaderServi - Loading from file system: jar:file:/C:/jav/fxgl-17.1-uber.jar!/fxglassets/textures/fxgl_icon.png
17:16:50.810 [JavaFX Application Thread] DEBUG FXGLAssetLoaderServi - Loading from file system: jar:file:/C:/jav/fxgl-17.1-uber.jar!/fxglassets/textures/fxgl_default_cursor.png
17:16:50.817 [JavaFX Application Thread] DEBUG Input                - Registered new binding: Screenshot - CTRL+8
17:16:50.818 [JavaFX Application Thread] DEBUG Input                - Registered new binding: Dev Options - 1
17:16:50.819 [JavaFX Application Thread] DEBUG Input                - Registered new binding: Dev Console - 2
17:16:50.819 [JavaFX Application Thread] DEBUG Input                - Registered new binding: System info dump - CTRL+9
17:16:50.820 [JavaFX Application Thread] DEBUG Input                - Registered new binding: Restart - CTRL+R
17:16:50.822 [JavaFX Application Thread] DEBUG Input                - Registered new binding: Toggle Debug Camera - CTRL+7
17:16:50.830 [JavaFX Application Thread] DEBUG LoopRunner           - Starting loop
17:16:50.882 [JavaFX Application Thread] DEBUG LoopRunner           - Initializing JavaFX AnimationTimerLoop
17:16:50.890 [JavaFX Application Thread] DEBUG Input                - Clearing active input actions
17:16:50.903 [JavaFX Application Thread] DEBUG GameApplicationServi - Removing overlay from FXGLStartupScene and adding to FXGLMainMenuDummyScene
17:16:50.914 [JavaFX Application Thread] DEBUG PrimaryStageWindow   - FXGLStartupScene -> FXGLMainMenuDummyScene
17:16:50.917 [JavaFX Application Thread] DEBUG PrimaryStageWindow   - Push state: PlatformerMainMenu
17:16:50.920 [JavaFX Application Thread] DEBUG Input                - Clearing active input actions
17:16:50.931 [JavaFX Application Thread] DEBUG GameApplicationServi - Removing overlay from FXGLMainMenuDummyScene and adding to PlatformerMainMenu
17:16:50.932 [JavaFX Application Thread] DEBUG PrimaryStageWindow   - FXGLMainMenuDummyScene -> PlatformerMainMenu
17:16:51.173 [FXGL Background Thread 4 ] DEBUG FXGLAssetLoaderServi - Loading from file system: jar:file:/C:/jav/fxgl-17.1-uber.jar!/fxglassets/ui/fonts/Abel-Regular.ttf
17:16:51.216 [FXGL Background Thread 4 ] DEBUG FXGLAssetLoaderServi - Loading from file system: jar:file:/C:/jav/fxgl-17.1-uber.jar!/fxglassets/ui/fonts/TerminalLandMono-Regular.otf
17:16:51.233 [FXGL Background Thread 4 ] DEBUG FXGLAssetLoaderServi - Loading from file system: jar:file:/C:/jav/fxgl-17.1-uber.jar!/fxglassets/ui/fonts/Courier-Prime.ttf
17:16:51.615 [JavaFX Application Thread] DEBUG FXGLApplication      - Registering font factories with UI factory
17:16:52.648 [JavaFX Application Thread] DEBUG PrimaryStageWindow   - Push state: DialogSubScene
17:16:52.648 [JavaFX Application Thread] DEBUG Input                - Clearing active input actions
17:16:52.659 [JavaFX Application Thread] DEBUG GameApplicationServi - Removing overlay from PlatformerMainMenu and adding to DialogSubScene
17:16:52.666 [JavaFX Application Thread] DEBUG PrimaryStageWindow   - PlatformerMainMenu -> DialogSubScene
17:16:53.067 [FXGL Background Thread 3 ] DEBUG Engine               - Logging environment variables
17:16:53.071 [FXGL Background Thread 3 ] DEBUG Engine               - achievements: []
17:16:53.071 [FXGL Background Thread 3 ] DEBUG Engine               - actualHeight: 727.0
17:16:53.072 [FXGL Background Thread 3 ] DEBUG Engine               - actualHeightProperty: ReadOnlyDoubleProperty [value: 727.0]
17:16:53.072 [FXGL Background Thread 3 ] DEBUG Engine               - actualWidth: 1269.0
17:16:53.072 [FXGL Background Thread 3 ] DEBUG Engine               - actualWidthProperty: ReadOnlyDoubleProperty [value: 1269.0]
17:16:53.075 [FXGL Background Thread 3 ] DEBUG Engine               - appIcon: fxgl_icon.png
17:16:53.076 [FXGL Background Thread 3 ] DEBUG Engine               - applicationMode: DEVELOPER
17:16:53.076 [FXGL Background Thread 3 ] DEBUG Engine               - cSSList: [fxgl_dark.css]
17:16:53.077 [FXGL Background Thread 3 ] DEBUG Engine               - collisionDetectionStrategy: BRUTE_FORCE
17:16:53.077 [FXGL Background Thread 3 ] DEBUG Engine               - configClass: Optional.empty
17:16:53.077 [FXGL Background Thread 3 ] DEBUG Engine               - credits: []
17:16:53.087 [FXGL Background Thread 3 ] DEBUG Engine               - defaultCursor: CursorInfo(imageName=fxgl_default_cursor.png, hotspotX=7.0, hotspotY=6.0)
17:16:53.089 [FXGL Background Thread 3 ] DEBUG Engine               - devBBoxColorProperty: ObjectProperty [value: 0xff0000ff]
17:16:53.090 [FXGL Background Thread 3 ] DEBUG Engine               - devEnableDebugCameraProperty: BooleanProperty [value: false]
17:16:53.090 [FXGL Background Thread 3 ] DEBUG Engine               - devSensorColorProperty: ObjectProperty [value: 0xffff00ff]
17:16:53.090 [FXGL Background Thread 3 ] DEBUG Engine               - devShowBBoxProperty: BooleanProperty [value: false]
17:16:53.090 [FXGL Background Thread 3 ] DEBUG Engine               - devShowPositionProperty: BooleanProperty [value: false]
17:16:53.092 [FXGL Background Thread 3 ] DEBUG Engine               - enabledMenuItems: []
17:16:53.092 [FXGL Background Thread 3 ] DEBUG Engine               - engineServices: [class com.almasb.fxgl.app.services.FXGLAssetLoaderService, class com.almasb.fxgl.app.FXGLApplication$GameApplicationService, class com.almasb.fxgl.app.services.FXGLDialogService, class com.almasb.fxgl.app.services.IOTaskExecutorService, class com.almasb.fxgl.io.FileSystemService, class com.almasb.fxgl.localization.LocalizationService, class com.almasb.fxgl.app.services.SystemBundleService, class com.almasb.fxgl.profile.SaveLoadService, class com.almasb.fxgl.ui.FXGLUIFactoryServiceProvider, class com.almasb.fxgl.ui.FXGLDialogFactoryServiceProvider, class com.almasb.fxgl.audio.AudioPlayer, class com.almasb.fxgl.notification.impl.NotificationServiceProvider, class com.almasb.fxgl.achievement.AchievementService, class com.almasb.fxgl.cutscene.CutsceneService, class com.almasb.fxgl.minigames.MiniGameService, class com.almasb.fxgl.net.NetService, class com.almasb.fxgl.app.services.UpdaterService, class com.almasb.fxgl.dev.DevService]
17:16:53.092 [FXGL Background Thread 3 ] DEBUG Engine               - fontGame: Abel-Regular.ttf
17:16:53.093 [FXGL Background Thread 3 ] DEBUG Engine               - fontMono: TerminalLandMono-Regular.otf
17:16:53.093 [FXGL Background Thread 3 ] DEBUG Engine               - fontText: Courier-Prime.ttf
17:16:53.093 [FXGL Background Thread 3 ] DEBUG Engine               - fontUI: VarelaRound-Regular.ttf
17:16:53.093 [FXGL Background Thread 3 ] DEBUG Engine               - fullScreen: BooleanProperty [value: false]
17:16:53.093 [FXGL Background Thread 3 ] DEBUG Engine               - gameDifficulty: MEDIUM
17:16:53.094 [FXGL Background Thread 3 ] DEBUG Engine               - gameDifficultyProperty: ObjectProperty [value: MEDIUM]
17:16:53.095 [FXGL Background Thread 3 ] DEBUG Engine               - globalMusicVolume: 0.5
17:16:53.095 [FXGL Background Thread 3 ] DEBUG Engine               - globalMusicVolumeProperty: DoubleProperty [value: 0.25]
17:16:53.095 [FXGL Background Thread 3 ] DEBUG Engine               - globalSoundVolume: 0.5
17:16:53.096 [FXGL Background Thread 3 ] DEBUG Engine               - globalSoundVolumeProperty: DoubleProperty [value: 0.5]
17:16:53.096 [FXGL Background Thread 3 ] DEBUG Engine               - height: 1080
17:16:53.096 [FXGL Background Thread 3 ] DEBUG Engine               - is3D: false
17:16:53.097 [FXGL Background Thread 3 ] DEBUG Engine               - isAndroid: false
17:16:53.097 [FXGL Background Thread 3 ] DEBUG Engine               - isBrowser: false
17:16:53.098 [FXGL Background Thread 3 ] DEBUG Engine               - isClickFeedbackEnabled: false
17:16:53.098 [FXGL Background Thread 3 ] DEBUG Engine               - isCloseConfirmation: false
17:16:53.099 [FXGL Background Thread 3 ] DEBUG Engine               - isDesktop: true
17:16:53.099 [FXGL Background Thread 3 ] DEBUG Engine               - isDeveloperMenuEnabled: true
17:16:53.099 [FXGL Background Thread 3 ] DEBUG Engine               - isEmbedded: false
17:16:53.099 [FXGL Background Thread 3 ] DEBUG Engine               - isEntityPreloadEnabled: true
17:16:53.100 [FXGL Background Thread 3 ] DEBUG Engine               - isExperimentalTiledLargeMap: false
17:16:53.100 [FXGL Background Thread 3 ] DEBUG Engine               - isFileSystemWriteAllowed: true
17:16:53.100 [FXGL Background Thread 3 ] DEBUG Engine               - isFullScreenAllowed: false
17:16:53.101 [FXGL Background Thread 3 ] DEBUG Engine               - isFullScreenFromStart: false
17:16:53.101 [FXGL Background Thread 3 ] DEBUG Engine               - isGameMenuEnabled: true
17:16:53.105 [FXGL Background Thread 3 ] DEBUG Engine               - isIOS: false
17:16:53.105 [FXGL Background Thread 3 ] DEBUG Engine               - isIntroEnabled: false
17:16:53.105 [FXGL Background Thread 3 ] DEBUG Engine               - isLinux: false
17:16:53.106 [FXGL Background Thread 3 ] DEBUG Engine               - isMac: false
17:16:53.106 [FXGL Background Thread 3 ] DEBUG Engine               - isMainMenuEnabled: true
17:16:53.106 [FXGL Background Thread 3 ] DEBUG Engine               - isManualResizeEnabled: false
17:16:53.106 [FXGL Background Thread 3 ] DEBUG Engine               - isMobile: false
17:16:53.106 [FXGL Background Thread 3 ] DEBUG Engine               - isNative: false
17:16:53.106 [FXGL Background Thread 3 ] DEBUG Engine               - isPauseMusicWhenMinimized: true
17:16:53.107 [FXGL Background Thread 3 ] DEBUG Engine               - isPreserveResizeRatio: false
17:16:53.107 [FXGL Background Thread 3 ] DEBUG Engine               - isProfilingEnabled: false
17:16:53.107 [FXGL Background Thread 3 ] DEBUG Engine               - isScaleAffectedOnResize: true
17:16:53.107 [FXGL Background Thread 3 ] DEBUG Engine               - isSingleStep: false
17:16:53.107 [FXGL Background Thread 3 ] DEBUG Engine               - isUserProfileEnabled: false
17:16:53.107 [FXGL Background Thread 3 ] DEBUG Engine               - isWindows: true
17:16:53.108 [FXGL Background Thread 3 ] DEBUG Engine               - language: ObjectProperty [value: ENGLISH]
17:16:53.108 [FXGL Background Thread 3 ] DEBUG Engine               - menuKey: ESCAPE
17:16:53.109 [FXGL Background Thread 3 ] DEBUG Engine               - mouseSensitivity: 0.2
17:16:53.109 [FXGL Background Thread 3 ] DEBUG Engine               - notificationViewClass: class com.almasb.fxgl.notification.view.XboxNotificationView
17:16:53.109 [FXGL Background Thread 3 ] DEBUG Engine               - pixelsPerMeter: 50.0
17:16:53.110 [FXGL Background Thread 3 ] DEBUG Engine               - platform: WINDOWS
17:16:53.110 [FXGL Background Thread 3 ] DEBUG Engine               - prefHeightProperty: ReadOnlyDoubleProperty [value: 1080.0]
17:16:53.110 [FXGL Background Thread 3 ] DEBUG Engine               - prefWidthProperty: ReadOnlyDoubleProperty [value: 1920.0]
17:16:53.110 [FXGL Background Thread 3 ] DEBUG Engine               - profileDir: profiles/
17:16:53.111 [FXGL Background Thread 3 ] DEBUG Engine               - profileName: StringProperty [value: DEFAULT]
17:16:53.111 [FXGL Background Thread 3 ] DEBUG Engine               - randomSeed: -1
17:16:53.112 [FXGL Background Thread 3 ] DEBUG Engine               - runtimeInfo: RuntimeInfo(platform=WINDOWS, version=17.1, build=24.03.2022 17.39)
17:16:53.112 [FXGL Background Thread 3 ] DEBUG Engine               - saveFileExt: sav
17:16:53.112 [FXGL Background Thread 3 ] DEBUG Engine               - scaledHeightProp$fxgl: DoubleProperty [bound, value: 727.0]
17:16:53.112 [FXGL Background Thread 3 ] DEBUG Engine               - scaledWidthProp$fxgl: DoubleProperty [bound, value: 1269.0]
17:16:53.112 [FXGL Background Thread 3 ] DEBUG Engine               - sceneFactory: game.PlatformerApp$1@6a69ed27
17:16:53.112 [FXGL Background Thread 3 ] DEBUG Engine               - secondsIn24h: 60
17:16:53.113 [FXGL Background Thread 3 ] DEBUG Engine               - soundMenuBack: menu/back.wav
17:16:53.113 [FXGL Background Thread 3 ] DEBUG Engine               - soundMenuPress: menu/press.wav
17:16:53.113 [FXGL Background Thread 3 ] DEBUG Engine               - soundMenuSelect: menu/select.wav
17:16:53.113 [FXGL Background Thread 3 ] DEBUG Engine               - soundNotification: core/notification.wav
17:16:53.113 [FXGL Background Thread 3 ] DEBUG Engine               - stageStyle: DECORATED
17:16:53.113 [FXGL Background Thread 3 ] DEBUG Engine               - supportedLanguages: [ENGLISH, FRENCH, GERMAN, HUNGARIAN, RUSSIAN]
17:16:53.114 [FXGL Background Thread 3 ] DEBUG Engine               - ticksPerSecond: -1
17:16:53.114 [FXGL Background Thread 3 ] DEBUG Engine               - title: platformer
17:16:53.114 [FXGL Background Thread 3 ] DEBUG Engine               - urlGithub: https://github.com/AlmasB/FXGL
17:16:53.114 [FXGL Background Thread 3 ] DEBUG Engine               - urlLeaderboard: http://fxgl-top.herokuapp.com/
17:16:53.114 [FXGL Background Thread 3 ] DEBUG Engine               - urlPOM: https://raw.githubusercontent.com/AlmasB/FXGL/release/README.md
17:16:53.115 [FXGL Background Thread 3 ] DEBUG Engine               - userAppClass: class game.PlatformerApp
17:16:53.115 [FXGL Background Thread 3 ] DEBUG Engine               - version: 0.0
17:16:53.116 [FXGL Background Thread 3 ] DEBUG Engine               - versionCheckDays: 7
17:16:53.116 [FXGL Background Thread 3 ] DEBUG Engine               - width: 1920
17:16:53.116 [FXGL Background Thread 3 ] DEBUG Engine               - Logging services
17:16:53.116 [FXGL Background Thread 3 ] DEBUG Engine               - class com.almasb.fxgl.app.services.FXGLAssetLoaderService
17:16:53.116 [FXGL Background Thread 3 ] DEBUG Engine               - class com.almasb.fxgl.app.FXGLApplication$GameApplicationService
17:16:53.117 [FXGL Background Thread 3 ] DEBUG Engine               - class com.almasb.fxgl.app.services.FXGLDialogService
17:16:53.117 [FXGL Background Thread 3 ] DEBUG Engine               - class com.almasb.fxgl.app.services.IOTaskExecutorService
17:16:53.117 [FXGL Background Thread 3 ] DEBUG Engine               - class com.almasb.fxgl.io.FileSystemService
17:16:53.117 [FXGL Background Thread 3 ] DEBUG Engine               - class com.almasb.fxgl.localization.LocalizationService
17:16:53.117 [FXGL Background Thread 3 ] DEBUG Engine               - class com.almasb.fxgl.app.services.SystemBundleService
17:16:53.118 [FXGL Background Thread 3 ] DEBUG Engine               - class com.almasb.fxgl.profile.SaveLoadService
17:16:53.118 [FXGL Background Thread 3 ] DEBUG Engine               - class com.almasb.fxgl.ui.FXGLUIFactoryServiceProvider
17:16:53.118 [FXGL Background Thread 3 ] DEBUG Engine               - class com.almasb.fxgl.ui.FXGLDialogFactoryServiceProvider
17:16:53.118 [FXGL Background Thread 3 ] DEBUG Engine               - class com.almasb.fxgl.audio.AudioPlayer
17:16:53.119 [FXGL Background Thread 3 ] DEBUG Engine               - class com.almasb.fxgl.notification.impl.NotificationServiceProvider
17:16:53.119 [FXGL Background Thread 3 ] DEBUG Engine               - class com.almasb.fxgl.achievement.AchievementService
17:16:53.119 [FXGL Background Thread 3 ] DEBUG Engine               - class com.almasb.fxgl.cutscene.CutsceneService
17:16:53.119 [FXGL Background Thread 3 ] DEBUG Engine               - class com.almasb.fxgl.minigames.MiniGameService
17:16:53.120 [FXGL Background Thread 3 ] DEBUG Engine               - class com.almasb.fxgl.net.NetService
17:16:53.120 [FXGL Background Thread 3 ] DEBUG Engine               - class com.almasb.fxgl.app.services.UpdaterService
17:16:53.120 [FXGL Background Thread 3 ] DEBUG Engine               - class com.almasb.fxgl.dev.DevService
17:16:54.055 [JavaFX Application Thread] DEBUG PrimaryStageWindow   - Pop state: DialogSubScene
17:16:54.056 [JavaFX Application Thread] DEBUG Input                - Clearing active input actions
17:16:54.068 [JavaFX Application Thread] DEBUG GameApplicationServi - Removing overlay from DialogSubScene and adding to PlatformerMainMenu
17:16:54.089 [JavaFX Application Thread] DEBUG PrimaryStageWindow   - PlatformerMainMenu <- DialogSubScene
17:16:54.093 [JavaFX Application Thread] DEBUG Menu                 - fireNewGame()
17:16:54.096 [JavaFX Application Thread] DEBUG GameApplicationServi - Starting new game
17:16:54.096 [JavaFX Application Thread] DEBUG PrimaryStageWindow   - Pop state: PlatformerMainMenu
17:16:54.096 [JavaFX Application Thread] DEBUG Input                - Clearing active input actions
17:16:54.098 [JavaFX Application Thread] DEBUG GameApplicationServi - Removing overlay from PlatformerMainMenu and adding to FXGLMainMenuDummyScene
17:16:54.099 [JavaFX Application Thread] DEBUG PrimaryStageWindow   - FXGLMainMenuDummyScene <- PlatformerMainMenu
17:16:54.100 [JavaFX Application Thread] DEBUG Input                - Clearing active input actions
17:16:54.111 [JavaFX Application Thread] DEBUG GameApplicationServi - Removing overlay from FXGLMainMenuDummyScene and adding to FXGLLoadingScene
17:16:54.122 [JavaFX Application Thread] DEBUG PrimaryStageWindow   - FXGLMainMenuDummyScene -> FXGLLoadingScene
17:16:54.123 [JavaFX Application Thread] DEBUG GameApplicationServi - Clearing previous game
17:16:54.123 [JavaFX Application Thread] DEBUG GameScene            - Clearing game scene
17:16:54.123 [JavaFX Application Thread] DEBUG GameWorld            - Clearing game world
17:16:54.123 [JavaFX Application Thread] DEBUG PhysicsWorld         - Clearing physics world
17:16:54.125 [FXGL Background Thread 2 ] DEBUG FXGLApplication      - Initializing game
17:16:54.257 [FXGL Background Thread 2 ] WARN  TMXLevelLoader       - TiledMap generated from 1.8.4. Supported version: 1.4.2. Some features may not be parsed fully.
17:16:54.397 [FXGL Background Thread 2 ] DEBUG TMXLevelLoader       - Parsed TiledMap: file:/C:/Users/G/git/giocoInformatica_final_sulSerio/bin/assets/levels/tmx/level1.tmx
17:16:54.399 [FXGL Background Thread 2 ] DEBUG TMXLevelLoader       - Creating tile layer entities
17:16:54.402 [FXGL Background Thread 2 ] DEBUG TilesetLoader        - Loading view for layer wall 2
17:16:54.413 [FXGL Background Thread 2 ] DEBUG TilesetLoader        - Created buffer with size 2240.0x2560.0
17:16:54.643 [FXGL Background Thread 2 ] WARN  TilesetLoader        - Diagonally flipped tiles are not currently supported
17:16:54.663 [FXGL Background Thread 2 ] WARN  TilesetLoader        - Diagonally flipped tiles are not currently supported
17:16:54.664 [FXGL Background Thread 2 ] WARN  TilesetLoader        - Diagonally flipped tiles are not currently supported
17:16:54.822 [FXGL Background Thread 2 ] WARN  TilesetLoader        - Diagonally flipped tiles are not currently supported
17:16:54.882 [FXGL Background Thread 2 ] WARN  TilesetLoader        - Diagonally flipped tiles are not currently supported
17:16:54.886 [FXGL Background Thread 2 ] DEBUG TilesetLoader        - Loading view for layer wall 1
17:16:54.922 [FXGL Background Thread 2 ] DEBUG TilesetLoader        - Created buffer with size 2240.0x2560.0
17:16:55.024 [FXGL Background Thread 2 ] DEBUG TilesetLoader        - Loading view for layer platforms
17:16:55.045 [FXGL Background Thread 2 ] DEBUG TilesetLoader        - Created buffer with size 2240.0x2560.0
17:16:55.185 [FXGL Background Thread 2 ] DEBUG TilesetLoader        - Loading view for layer spike
17:16:55.237 [FXGL Background Thread 2 ] DEBUG TilesetLoader        - Created buffer with size 2240.0x2560.0
17:16:55.244 [FXGL Background Thread 2 ] DEBUG TilesetLoader        - Loading view for layer ground
17:16:55.262 [FXGL Background Thread 2 ] DEBUG TilesetLoader        - Created buffer with size 2240.0x2560.0
17:16:55.310 [FXGL Background Thread 2 ] DEBUG TMXLevelLoader       - Creating object layer entities
17:16:55.388 [FXGL Background Thread 2 ] DEBUG FXGLAssetLoaderServi - Loading from file system: file:/C:/Users/G/git/giocoInformatica_final_sulSerio/bin/assets/textures/enemies/Skeleton/Idle.png
17:16:55.390 [FXGL Background Thread 2 ] DEBUG FXGLAssetLoaderServi - Loading from file system: file:/C:/Users/G/git/giocoInformatica_final_sulSerio/bin/assets/textures/enemies/Skeleton/Walk.png
17:16:55.392 [FXGL Background Thread 2 ] DEBUG FXGLAssetLoaderServi - Loading from file system: file:/C:/Users/G/git/giocoInformatica_final_sulSerio/bin/assets/textures/enemies/Skeleton/Attack.png
17:16:55.422 [FXGL Background Thread 2 ] DEBUG FXGLAssetLoaderServi - Loading from file system: file:/C:/Users/G/git/giocoInformatica_final_sulSerio/bin/assets/textures/enemies/Skeleton/Take%20Hit.png
17:16:55.424 [FXGL Background Thread 2 ] DEBUG FXGLAssetLoaderServi - Loading from file system: file:/C:/Users/G/git/giocoInformatica_final_sulSerio/bin/assets/textures/enemies/Skeleton/Death.png
17:16:55.427 [FXGL Background Thread 2 ] DEBUG FXGLAssetLoaderServi - Loading from file system: file:/C:/Users/G/git/giocoInformatica_final_sulSerio/bin/assets/textures/enemies/Skeleton/Shield.png
17:16:55.512 [FXGL Background Thread 2 ] DEBUG FXGLAssetLoaderServi - Loading from file system: file:/C:/Users/G/git/giocoInformatica_final_sulSerio/bin/assets/textures/box.png
17:16:55.557 [FXGL Background Thread 2 ] DEBUG FXGLAssetLoaderServi - Loading from file system: file:/C:/Users/G/git/giocoInformatica_final_sulSerio/bin/assets/textures/bonfire.png
17:16:55.559 [FXGL Background Thread 2 ] DEBUG FXGLAssetLoaderServi - Loading from file system: file:/C:/Users/G/git/giocoInformatica_final_sulSerio/bin/assets/textures/bonfire_animation.png
17:16:55.590 [FXGL Background Thread 2 ] DEBUG FXGLAssetLoaderServi - Loading from file system: file:/C:/Users/G/git/giocoInformatica_final_sulSerio/bin/assets/textures/enemies/Flying%20eye/Flight.png
17:16:55.592 [FXGL Background Thread 2 ] DEBUG FXGLAssetLoaderServi - Loading from file system: file:/C:/Users/G/git/giocoInformatica_final_sulSerio/bin/assets/textures/enemies/Flying%20eye/Attack.png
17:16:55.677 [FXGL Background Thread 2 ] DEBUG FXGLAssetLoaderServi - Loading from file system: file:/C:/Users/G/git/giocoInformatica_final_sulSerio/bin/assets/textures/enemies/Flying%20eye/Take%20Hit.png
17:16:55.679 [FXGL Background Thread 2 ] DEBUG FXGLAssetLoaderServi - Loading from file system: file:/C:/Users/G/git/giocoInformatica_final_sulSerio/bin/assets/textures/enemies/Flying%20eye/Death.png
17:16:55.700 [FXGL Background Thread 2 ] DEBUG FXGLAssetLoaderServi - Loading from file system: file:/C:/Users/G/git/giocoInformatica_final_sulSerio/bin/assets/textures/enemies/Goblin/Idle.png
17:16:55.705 [FXGL Background Thread 2 ] DEBUG FXGLAssetLoaderServi - Loading from file system: file:/C:/Users/G/git/giocoInformatica_final_sulSerio/bin/assets/textures/enemies/Goblin/Run.png
17:16:55.729 [FXGL Background Thread 2 ] DEBUG FXGLAssetLoaderServi - Loading from file system: file:/C:/Users/G/git/giocoInformatica_final_sulSerio/bin/assets/textures/enemies/Goblin/Attack.png
17:16:55.736 [FXGL Background Thread 2 ] DEBUG FXGLAssetLoaderServi - Loading from file system: file:/C:/Users/G/git/giocoInformatica_final_sulSerio/bin/assets/textures/enemies/Goblin/Take%20Hit.png
17:16:55.738 [FXGL Background Thread 2 ] DEBUG FXGLAssetLoaderServi - Loading from file system: file:/C:/Users/G/git/giocoInformatica_final_sulSerio/bin/assets/textures/enemies/Goblin/Death.png
17:16:55.745 [FXGL Background Thread 2 ] DEBUG FXGLAssetLoaderServi - Loading from file system: file:/C:/Users/G/git/giocoInformatica_final_sulSerio/bin/assets/textures/npc/Meomartino/Idle.png
17:16:55.748 [FXGL Background Thread 2 ] DEBUG GameWorld            - Clearing removable entities
17:16:55.749 [FXGL Background Thread 2 ] DEBUG GameWorld            - Setting level: com.almasb.fxgl.entity.level.Level@3e6d4148
17:16:55.805 [FXGL Background Thread 2 ] DEBUG FXGLAssetLoaderServi - Loading from file system: file:/C:/Users/G/git/giocoInformatica_final_sulSerio/bin/assets/textures/health/empty_health.png
17:16:55.808 [FXGL Background Thread 2 ] DEBUG FXGLAssetLoaderServi - Loading from file system: file:/C:/Users/G/git/giocoInformatica_final_sulSerio/bin/assets/textures/health/half_health.png
17:16:55.810 [FXGL Background Thread 2 ] DEBUG FXGLAssetLoaderServi - Loading from file system: file:/C:/Users/G/git/giocoInformatica_final_sulSerio/bin/assets/textures/health/full_health.png
17:16:55.822 [FXGL Background Thread 2 ] DEBUG FXGLAssetLoaderServi - Loading from file system: file:/C:/Users/G/git/giocoInformatica_final_sulSerio/bin/assets/textures/player/_Idle.png
17:16:55.825 [FXGL Background Thread 2 ] DEBUG FXGLAssetLoaderServi - Loading from file system: file:/C:/Users/G/git/giocoInformatica_final_sulSerio/bin/assets/textures/player/_Run.png
17:16:55.831 [FXGL Background Thread 2 ] DEBUG FXGLAssetLoaderServi - Loading from file system: file:/C:/Users/G/git/giocoInformatica_final_sulSerio/bin/assets/textures/player/_Jump.png
17:16:55.840 [FXGL Background Thread 2 ] DEBUG FXGLAssetLoaderServi - Loading from file system: file:/C:/Users/G/git/giocoInformatica_final_sulSerio/bin/assets/textures/player/_Fall.png
17:16:55.843 [FXGL Background Thread 2 ] DEBUG FXGLAssetLoaderServi - Loading from file system: file:/C:/Users/G/git/giocoInformatica_final_sulSerio/bin/assets/textures/player/_WallSlide.png
17:16:55.845 [FXGL Background Thread 2 ] DEBUG FXGLAssetLoaderServi - Loading from file system: file:/C:/Users/G/git/giocoInformatica_final_sulSerio/bin/assets/textures/player/_Attack.png
17:16:55.847 [FXGL Background Thread 2 ] DEBUG FXGLAssetLoaderServi - Loading from file system: file:/C:/Users/G/git/giocoInformatica_final_sulSerio/bin/assets/textures/player/_TurnAround.png
17:16:55.852 [FXGL Background Thread 2 ] DEBUG FXGLAssetLoaderServi - Loading from file system: file:/C:/Users/G/git/giocoInformatica_final_sulSerio/bin/assets/textures/player/_Hit.png
17:16:55.858 [FXGL Background Thread 2 ] DEBUG FXGLAssetLoaderServi - Loading from file system: file:/C:/Users/G/git/giocoInformatica_final_sulSerio/bin/assets/textures/player/_Death.png
17:16:55.928 [FXGL Background Thread 2 ] DEBUG FXGLAssetLoaderServi - Loading from file system: file:/C:/Users/G/git/giocoInformatica_final_sulSerio/bin/assets/textures/background/background.png
17:16:56.444 [FXGL Background Thread 2 ] DEBUG FXGLAssetLoaderServi - Loading from file system: file:/C:/Users/G/git/giocoInformatica_final_sulSerio/bin/assets/textures/background/castleBackgound.png
17:16:56.748 [FXGL Background Thread 2 ] INFO  FXGLApplication      - Game initialization took: 2,622 sec
17:16:56.766 [JavaFX Application Thread] DEBUG Input                - Clearing active input actions
17:16:56.785 [JavaFX Application Thread] DEBUG GameApplicationServi - Removing overlay from FXGLLoadingScene and adding to GameScene
17:16:56.789 [JavaFX Application Thread] DEBUG PrimaryStageWindow   - FXGLLoadingScene -> GameScene
17:16:58.541 [JavaFX Application Thread] DEBUG FXGLAssetLoaderServi - Loading from file system: file:/C:/Users/G/git/giocoInformatica_final_sulSerio/bin/assets/textures/button.png
17:16:58.722 [JavaFX Application Thread] DEBUG FXGLAssetLoaderServi - Loading from file system: file:/C:/Users/G/git/giocoInformatica_final_sulSerio/bin/assets/text/cutscene.txt
17:16:58.733 [JavaFX Application Thread] DEBUG Input                - Registered new binding: Next RPG Line - Enter
17:16:58.734 [JavaFX Application Thread] DEBUG FXGLAssetLoaderServi - Loading from file system: file:/C:/Users/G/git/giocoInformatica_final_sulSerio/bin/assets/textures/meo.png
17:16:58.740 [JavaFX Application Thread] DEBUG PrimaryStageWindow   - Push state: CutsceneScene
17:16:58.742 [JavaFX Application Thread] DEBUG Input                - Clearing active input actions
17:16:58.743 [JavaFX Application Thread] DEBUG GameApplicationServi - Removing overlay from GameScene and adding to CutsceneScene
17:16:58.751 [JavaFX Application Thread] DEBUG PrimaryStageWindow   - GameScene -> CutsceneScene
17:17:13.443 [JavaFX Application Thread] DEBUG FXGLApplication      - Exiting FXGL
17:17:13.443 [JavaFX Application Thread] DEBUG LoopRunner           - Stopping loop
17:17:13.443 [JavaFX Application Thread] DEBUG SystemBundleService  - Saving FXGL system data
17:17:13.447 [JavaFX Application Thread] DEBUG FileSystemAccess     - Writing to: C:\Users\G\git\giocoInformatica_final_sulSerio\system\fxgl.bundle
17:17:13.450 [JavaFX Application Thread] DEBUG Async                - Shutting down background threads
17:17:13.450 [JavaFX Application Thread] DEBUG PrimaryStageWindow   - Closing main window
17:17:13.461 [JavaFX Application Thread] DEBUG Logger               - Closing Logger
