18:21:20.540 [main                     ] DEBUG Logger               - Configured Logger
18:21:20.568 [main                     ] DEBUG GameApplication      - Logging settings
Title: platformer
Version: 0.0
Width: 1920
Height: 1080
Fullscreen: false
Intro: false
Profiling: false
Single step:false
App Mode: DEVELOPER
Menu Key: ESCAPE
Stage Style: DECORATED
Scene Factory: class game.PlatformerApp$1

18:21:20.903 [JavaFX Application Thread] DEBUG FXGLApplication      - Initializing FXGL
18:21:20.909 [JavaFX Application Thread] INFO  Engine               - FXGL-17.1 (24.03.2022 17.39) on WINDOWS (J:17.0.1 FX:18)
18:21:20.909 [JavaFX Application Thread] DEBUG Engine               - JRE Vendor Name: Eclipse Adoptium
18:21:20.909 [JavaFX Application Thread] DEBUG Engine               - Running on OS: Windows 10 version 10.0
18:21:20.909 [JavaFX Application Thread] DEBUG Engine               - Architecture: amd64
18:21:20.910 [JavaFX Application Thread] INFO  Engine               - Source code and latest versions at: https://github.com/AlmasB/FXGL
18:21:20.910 [JavaFX Application Thread] INFO  Engine               -       Ask questions and discuss at: https://github.com/AlmasB/FXGL/discussions
18:21:20.910 [JavaFX Application Thread] INFO  Engine               -              Join the FXGL chat at: https://gitter.im/AlmasB/FXGL
18:21:21.008 [JavaFX Application Thread] DEBUG PrimaryStageWindow   - Creating a JavaFX scene
18:21:21.058 [JavaFX Application Thread] DEBUG PrimaryStageWindow   - Target settings size: 1920.0 x 1080.0
18:21:21.058 [JavaFX Application Thread] DEBUG PrimaryStageWindow   - Scaled scene size:    1920.0 x 1080.0
18:21:21.058 [JavaFX Application Thread] DEBUG PrimaryStageWindow   - Scaled ratio: (1.0, 1.0)
18:21:21.059 [JavaFX Application Thread] DEBUG PrimaryStageWindow   - Set initial scene to FXGLStartupScene
18:21:21.066 [JavaFX Application Thread] DEBUG PrimaryStageWindow   - Opening main window
18:21:21.145 [JavaFX Application Thread] DEBUG PrimaryStageWindow   - Window border size: (16.0, 39.0)
18:21:21.145 [JavaFX Application Thread] DEBUG PrimaryStageWindow   - Scaled size: 1920.0 x 1080.0
18:21:21.145 [JavaFX Application Thread] DEBUG PrimaryStageWindow   - Scaled ratio: (1.0, 1.0)
18:21:21.145 [JavaFX Application Thread] DEBUG PrimaryStageWindow   - Scene size: 1920.0 x 1080.0
18:21:21.146 [JavaFX Application Thread] DEBUG PrimaryStageWindow   - Stage size: 1936.0 x 1119.0
18:21:21.155 [FXGL Background Thread 1 ] DEBUG Engine               - Initializing environment variables
18:21:21.192 [FXGL Background Thread 1 ] DEBUG FXGLAssetLoaderServi - User app class for loading assets: class game.PlatformerApp
18:21:21.192 [FXGL Background Thread 1 ] DEBUG GameApplicationServi - Applying CSS: fxgl_dark.css
18:21:21.193 [FXGL Background Thread 1 ] DEBUG FXGLAssetLoaderServi - Loading from file system: jar:file:/C:/Users/HP/Documents/fxgl/fxgl-17.1-uber.jar!/fxglassets/ui/css/fxgl_dark.css
18:21:21.229 [FXGL Background Thread 1 ] DEBUG GameApplicationServi - Initializing application scenes
18:21:21.274 [FXGL Background Thread 1 ] DEBUG GameWorld            - Game world initialized
18:21:21.329 [FXGL Background Thread 1 ] DEBUG PhysicsWorld         - Physics world initialized: appHeight=1080, physics.ppm=50,0
18:21:21.329 [FXGL Background Thread 1 ] DEBUG PhysicsWorld         - Using strategy: BRUTE_FORCE
18:21:21.334 [FXGL Background Thread 1 ] DEBUG GameScene            - Game scene initialized: 1920x1080
18:21:21.401 [FXGL Background Thread 1 ] DEBUG GameApplicationServi - Application scenes initialized
18:21:21.423 [FXGL Background Thread 1 ] DEBUG SystemBundleService  - Loading FXGL system data
18:21:21.429 [FXGL Background Thread 1 ] DEBUG FileSystemAccess     - Reading from: C:\Users\HP\git\giocoInformatica10111\system\fxgl.bundle
18:21:21.437 [FXGL Background Thread 1 ] DEBUG SystemBundleService  - Bundle FXGL: {}
18:21:21.437 [FXGL Background Thread 1 ] DEBUG UpdaterService       - Checking for updates
18:21:21.469 [FXGL Background Thread 4 ] DEBUG FXGLApplication      - Loading fonts
18:21:21.469 [FXGL Background Thread 4 ] DEBUG FXGLAssetLoaderServi - Loading from file system: jar:file:/C:/Users/HP/Documents/fxgl/fxgl-17.1-uber.jar!/fxglassets/ui/fonts/VarelaRound-Regular.ttf
18:21:21.469 [FXGL Background Thread 1 ] DEBUG FXGLApplication      - Loading default localization
18:21:21.470 [FXGL Background Thread 1 ] DEBUG FXGLAssetLoaderServi - Loading from file system: jar:file:/C:/Users/HP/Documents/fxgl/fxgl-17.1-uber.jar!/fxglassets/languages/english.lang
18:21:21.493 [FXGL Background Thread 1 ] INFO  FXGLApplication      - FXGL initialization took: 0,338 sec
18:21:21.502 [JavaFX Application Thread] DEBUG Input                - Registered new binding: Left - A
18:21:21.502 [JavaFX Application Thread] DEBUG Input                - Registered new binding: Right - D
18:21:21.502 [JavaFX Application Thread] DEBUG Input                - Registered new binding: Jump - Space
18:21:21.503 [JavaFX Application Thread] DEBUG Input                - Registered new binding: Attack - F
18:21:21.503 [JavaFX Application Thread] DEBUG FXGLAssetLoaderServi - Loading from file system: file:/C:/Users/HP/git/giocoInformatica10111/bin/assets/music/BGM_dash_runner.wav
18:21:21.545 [FXGL Background Thread 4 ] DEBUG FXGLAssetLoaderServi - Loading from file system: jar:file:/C:/Users/HP/Documents/fxgl/fxgl-17.1-uber.jar!/fxglassets/ui/fonts/Abel-Regular.ttf
18:21:21.560 [FXGL Background Thread 4 ] DEBUG FXGLAssetLoaderServi - Loading from file system: jar:file:/C:/Users/HP/Documents/fxgl/fxgl-17.1-uber.jar!/fxglassets/ui/fonts/TerminalLandMono-Regular.otf
18:21:21.573 [FXGL Background Thread 4 ] DEBUG FXGLAssetLoaderServi - Loading from file system: jar:file:/C:/Users/HP/Documents/fxgl/fxgl-17.1-uber.jar!/fxglassets/ui/fonts/Courier-Prime.ttf
18:21:21.650 [JavaFX Application Thread] DEBUG AudioPlayer          - Playing music com.almasb.fxgl.audio.Music@298af321
18:21:21.651 [JavaFX Application Thread] DEBUG FXGLAssetLoaderServi - Loading from file system: jar:file:/C:/Users/HP/Documents/fxgl/fxgl-17.1-uber.jar!/fxglassets/textures/fxgl_icon.png
18:21:21.680 [JavaFX Application Thread] DEBUG FXGLAssetLoaderServi - Loading from file system: jar:file:/C:/Users/HP/Documents/fxgl/fxgl-17.1-uber.jar!/fxglassets/textures/fxgl_default_cursor.png
18:21:21.683 [JavaFX Application Thread] DEBUG Input                - Registered new binding: Screenshot - CTRL+8
18:21:21.683 [JavaFX Application Thread] DEBUG Input                - Registered new binding: Dev Options - 1
18:21:21.684 [JavaFX Application Thread] DEBUG Input                - Registered new binding: Dev Console - 2
18:21:21.684 [JavaFX Application Thread] DEBUG Input                - Registered new binding: System info dump - CTRL+9
18:21:21.685 [JavaFX Application Thread] DEBUG Input                - Registered new binding: Restart - CTRL+R
18:21:21.686 [JavaFX Application Thread] DEBUG Input                - Registered new binding: Toggle Debug Camera - CTRL+7
18:21:21.690 [JavaFX Application Thread] DEBUG LoopRunner           - Starting loop
18:21:21.710 [JavaFX Application Thread] DEBUG LoopRunner           - Initializing JavaFX AnimationTimerLoop
18:21:21.714 [JavaFX Application Thread] DEBUG Input                - Clearing active input actions
18:21:21.723 [JavaFX Application Thread] DEBUG GameApplicationServi - Removing overlay from FXGLStartupScene and adding to FXGLMainMenuDummyScene
18:21:21.735 [JavaFX Application Thread] DEBUG PrimaryStageWindow   - FXGLStartupScene -> FXGLMainMenuDummyScene
18:21:21.736 [JavaFX Application Thread] DEBUG PrimaryStageWindow   - Push state: PlatformerMainMenu
18:21:21.736 [JavaFX Application Thread] DEBUG Input                - Clearing active input actions
18:21:21.746 [JavaFX Application Thread] DEBUG GameApplicationServi - Removing overlay from FXGLMainMenuDummyScene and adding to PlatformerMainMenu
18:21:21.747 [JavaFX Application Thread] DEBUG PrimaryStageWindow   - FXGLMainMenuDummyScene -> PlatformerMainMenu
18:21:21.748 [JavaFX Application Thread] DEBUG FXGLApplication      - Registering font factories with UI factory
18:21:24.470 [FXGL Background Thread 3 ] DEBUG Engine               - Logging environment variables
18:21:24.471 [FXGL Background Thread 3 ] DEBUG Engine               - achievements: []
18:21:24.471 [FXGL Background Thread 3 ] DEBUG Engine               - actualHeight: 1080.0
18:21:24.471 [FXGL Background Thread 3 ] DEBUG Engine               - actualHeightProperty: ReadOnlyDoubleProperty [value: 1080.0]
18:21:24.471 [FXGL Background Thread 3 ] DEBUG Engine               - actualWidth: 1920.0
18:21:24.472 [FXGL Background Thread 3 ] DEBUG Engine               - actualWidthProperty: ReadOnlyDoubleProperty [value: 1920.0]
18:21:24.472 [FXGL Background Thread 3 ] DEBUG Engine               - appIcon: fxgl_icon.png
18:21:24.472 [FXGL Background Thread 3 ] DEBUG Engine               - applicationMode: DEVELOPER
18:21:24.472 [FXGL Background Thread 3 ] DEBUG Engine               - cSSList: [fxgl_dark.css]
18:21:24.472 [FXGL Background Thread 3 ] DEBUG Engine               - collisionDetectionStrategy: BRUTE_FORCE
18:21:24.472 [FXGL Background Thread 3 ] DEBUG Engine               - configClass: Optional.empty
18:21:24.472 [FXGL Background Thread 3 ] DEBUG Engine               - credits: []
18:21:24.474 [FXGL Background Thread 3 ] DEBUG Engine               - defaultCursor: CursorInfo(imageName=fxgl_default_cursor.png, hotspotX=7.0, hotspotY=6.0)
18:21:24.475 [FXGL Background Thread 3 ] DEBUG Engine               - devBBoxColorProperty: ObjectProperty [value: 0xff0000ff]
18:21:24.475 [FXGL Background Thread 3 ] DEBUG Engine               - devEnableDebugCameraProperty: BooleanProperty [value: false]
18:21:24.475 [FXGL Background Thread 3 ] DEBUG Engine               - devSensorColorProperty: ObjectProperty [value: 0xffff00ff]
18:21:24.476 [FXGL Background Thread 3 ] DEBUG Engine               - devShowBBoxProperty: BooleanProperty [value: false]
18:21:24.476 [FXGL Background Thread 3 ] DEBUG Engine               - devShowPositionProperty: BooleanProperty [value: false]
18:21:24.476 [FXGL Background Thread 3 ] DEBUG Engine               - enabledMenuItems: []
18:21:24.476 [FXGL Background Thread 3 ] DEBUG Engine               - engineServices: [class com.almasb.fxgl.app.services.FXGLAssetLoaderService, class com.almasb.fxgl.app.FXGLApplication$GameApplicationService, class com.almasb.fxgl.app.services.FXGLDialogService, class com.almasb.fxgl.app.services.IOTaskExecutorService, class com.almasb.fxgl.io.FileSystemService, class com.almasb.fxgl.localization.LocalizationService, class com.almasb.fxgl.app.services.SystemBundleService, class com.almasb.fxgl.profile.SaveLoadService, class com.almasb.fxgl.ui.FXGLUIFactoryServiceProvider, class com.almasb.fxgl.ui.FXGLDialogFactoryServiceProvider, class com.almasb.fxgl.audio.AudioPlayer, class com.almasb.fxgl.notification.impl.NotificationServiceProvider, class com.almasb.fxgl.achievement.AchievementService, class com.almasb.fxgl.cutscene.CutsceneService, class com.almasb.fxgl.minigames.MiniGameService, class com.almasb.fxgl.net.NetService, class com.almasb.fxgl.app.services.UpdaterService, class com.almasb.fxgl.dev.DevService]
18:21:24.477 [FXGL Background Thread 3 ] DEBUG Engine               - fontGame: Abel-Regular.ttf
18:21:24.477 [FXGL Background Thread 3 ] DEBUG Engine               - fontMono: TerminalLandMono-Regular.otf
18:21:24.477 [FXGL Background Thread 3 ] DEBUG Engine               - fontText: Courier-Prime.ttf
18:21:24.477 [FXGL Background Thread 3 ] DEBUG Engine               - fontUI: VarelaRound-Regular.ttf
18:21:24.477 [FXGL Background Thread 3 ] DEBUG Engine               - fullScreen: BooleanProperty [value: false]
18:21:24.477 [FXGL Background Thread 3 ] DEBUG Engine               - gameDifficulty: MEDIUM
18:21:24.477 [FXGL Background Thread 3 ] DEBUG Engine               - gameDifficultyProperty: ObjectProperty [value: MEDIUM]
18:21:24.478 [FXGL Background Thread 3 ] DEBUG Engine               - globalMusicVolume: 0.5
18:21:24.478 [FXGL Background Thread 3 ] DEBUG Engine               - globalMusicVolumeProperty: DoubleProperty [value: 0.0]
18:21:24.478 [FXGL Background Thread 3 ] DEBUG Engine               - globalSoundVolume: 0.5
18:21:24.478 [FXGL Background Thread 3 ] DEBUG Engine               - globalSoundVolumeProperty: DoubleProperty [value: 0.5]
18:21:24.478 [FXGL Background Thread 3 ] DEBUG Engine               - height: 1080
18:21:24.478 [FXGL Background Thread 3 ] DEBUG Engine               - is3D: false
18:21:24.478 [FXGL Background Thread 3 ] DEBUG Engine               - isAndroid: false
18:21:24.479 [FXGL Background Thread 3 ] DEBUG Engine               - isBrowser: false
18:21:24.479 [FXGL Background Thread 3 ] DEBUG Engine               - isClickFeedbackEnabled: false
18:21:24.479 [FXGL Background Thread 3 ] DEBUG Engine               - isCloseConfirmation: false
18:21:24.479 [FXGL Background Thread 3 ] DEBUG Engine               - isDesktop: true
18:21:24.479 [FXGL Background Thread 3 ] DEBUG Engine               - isDeveloperMenuEnabled: true
18:21:24.479 [FXGL Background Thread 3 ] DEBUG Engine               - isEmbedded: false
18:21:24.479 [FXGL Background Thread 3 ] DEBUG Engine               - isEntityPreloadEnabled: true
18:21:24.479 [FXGL Background Thread 3 ] DEBUG Engine               - isExperimentalTiledLargeMap: false
18:21:24.479 [FXGL Background Thread 3 ] DEBUG Engine               - isFileSystemWriteAllowed: true
18:21:24.479 [FXGL Background Thread 3 ] DEBUG Engine               - isFullScreenAllowed: false
18:21:24.479 [FXGL Background Thread 3 ] DEBUG Engine               - isFullScreenFromStart: false
18:21:24.479 [FXGL Background Thread 3 ] DEBUG Engine               - isGameMenuEnabled: true
18:21:24.480 [FXGL Background Thread 3 ] DEBUG Engine               - isIOS: false
18:21:24.480 [FXGL Background Thread 3 ] DEBUG Engine               - isIntroEnabled: false
18:21:24.480 [FXGL Background Thread 3 ] DEBUG Engine               - isLinux: false
18:21:24.480 [FXGL Background Thread 3 ] DEBUG Engine               - isMac: false
18:21:24.480 [FXGL Background Thread 3 ] DEBUG Engine               - isMainMenuEnabled: true
18:21:24.480 [FXGL Background Thread 3 ] DEBUG Engine               - isManualResizeEnabled: false
18:21:24.480 [FXGL Background Thread 3 ] DEBUG Engine               - isMobile: false
18:21:24.480 [FXGL Background Thread 3 ] DEBUG Engine               - isNative: false
18:21:24.480 [FXGL Background Thread 3 ] DEBUG Engine               - isPauseMusicWhenMinimized: true
18:21:24.480 [FXGL Background Thread 3 ] DEBUG Engine               - isPreserveResizeRatio: false
18:21:24.480 [FXGL Background Thread 3 ] DEBUG Engine               - isProfilingEnabled: false
18:21:24.481 [FXGL Background Thread 3 ] DEBUG Engine               - isScaleAffectedOnResize: true
18:21:24.481 [FXGL Background Thread 3 ] DEBUG Engine               - isSingleStep: false
18:21:24.481 [FXGL Background Thread 3 ] DEBUG Engine               - isUserProfileEnabled: false
18:21:24.481 [FXGL Background Thread 3 ] DEBUG Engine               - isWindows: true
18:21:24.481 [FXGL Background Thread 3 ] DEBUG Engine               - language: ObjectProperty [value: ENGLISH]
18:21:24.481 [FXGL Background Thread 3 ] DEBUG Engine               - menuKey: ESCAPE
18:21:24.481 [FXGL Background Thread 3 ] DEBUG Engine               - mouseSensitivity: 0.2
18:21:24.481 [FXGL Background Thread 3 ] DEBUG Engine               - notificationViewClass: class com.almasb.fxgl.notification.view.XboxNotificationView
18:21:24.481 [FXGL Background Thread 3 ] DEBUG Engine               - pixelsPerMeter: 50.0
18:21:24.481 [FXGL Background Thread 3 ] DEBUG Engine               - platform: WINDOWS
18:21:24.481 [FXGL Background Thread 3 ] DEBUG Engine               - prefHeightProperty: ReadOnlyDoubleProperty [value: 1080.0]
18:21:24.482 [FXGL Background Thread 3 ] DEBUG Engine               - prefWidthProperty: ReadOnlyDoubleProperty [value: 1920.0]
18:21:24.482 [FXGL Background Thread 3 ] DEBUG Engine               - profileDir: profiles/
18:21:24.482 [FXGL Background Thread 3 ] DEBUG Engine               - profileName: StringProperty [value: DEFAULT]
18:21:24.482 [FXGL Background Thread 3 ] DEBUG Engine               - randomSeed: -1
18:21:24.482 [FXGL Background Thread 3 ] DEBUG Engine               - runtimeInfo: RuntimeInfo(platform=WINDOWS, version=17.1, build=24.03.2022 17.39)
18:21:24.483 [FXGL Background Thread 3 ] DEBUG Engine               - saveFileExt: sav
18:21:24.483 [FXGL Background Thread 3 ] DEBUG Engine               - scaledHeightProp$fxgl: DoubleProperty [bound, value: 1080.0]
18:21:24.483 [FXGL Background Thread 3 ] DEBUG Engine               - scaledWidthProp$fxgl: DoubleProperty [bound, value: 1920.0]
18:21:24.483 [FXGL Background Thread 3 ] DEBUG Engine               - sceneFactory: game.PlatformerApp$1@10778c0d
18:21:24.484 [FXGL Background Thread 3 ] DEBUG Engine               - secondsIn24h: 60
18:21:24.484 [FXGL Background Thread 3 ] DEBUG Engine               - soundMenuBack: menu/back.wav
18:21:24.484 [FXGL Background Thread 3 ] DEBUG Engine               - soundMenuPress: menu/press.wav
18:21:24.484 [FXGL Background Thread 3 ] DEBUG Engine               - soundMenuSelect: menu/select.wav
18:21:24.484 [FXGL Background Thread 3 ] DEBUG Engine               - soundNotification: core/notification.wav
18:21:24.484 [FXGL Background Thread 3 ] DEBUG Engine               - stageStyle: DECORATED
18:21:24.484 [FXGL Background Thread 3 ] DEBUG Engine               - supportedLanguages: [ENGLISH, FRENCH, GERMAN, HUNGARIAN, RUSSIAN]
18:21:24.484 [FXGL Background Thread 3 ] DEBUG Engine               - ticksPerSecond: -1
18:21:24.484 [FXGL Background Thread 3 ] DEBUG Engine               - title: platformer
18:21:24.485 [FXGL Background Thread 3 ] DEBUG Engine               - urlGithub: https://github.com/AlmasB/FXGL
18:21:24.485 [FXGL Background Thread 3 ] DEBUG Engine               - urlLeaderboard: http://fxgl-top.herokuapp.com/
18:21:24.485 [FXGL Background Thread 3 ] DEBUG Engine               - urlPOM: https://raw.githubusercontent.com/AlmasB/FXGL/release/README.md
18:21:24.485 [FXGL Background Thread 3 ] DEBUG Engine               - userAppClass: class game.PlatformerApp
18:21:24.485 [FXGL Background Thread 3 ] DEBUG Engine               - version: 0.0
18:21:24.485 [FXGL Background Thread 3 ] DEBUG Engine               - versionCheckDays: 7
18:21:24.485 [FXGL Background Thread 3 ] DEBUG Engine               - width: 1920
18:21:24.485 [FXGL Background Thread 3 ] DEBUG Engine               - Logging services
18:21:24.485 [FXGL Background Thread 3 ] DEBUG Engine               - class com.almasb.fxgl.app.services.FXGLAssetLoaderService
18:21:24.485 [FXGL Background Thread 3 ] DEBUG Engine               - class com.almasb.fxgl.app.FXGLApplication$GameApplicationService
18:21:24.485 [FXGL Background Thread 3 ] DEBUG Engine               - class com.almasb.fxgl.app.services.FXGLDialogService
18:21:24.486 [FXGL Background Thread 3 ] DEBUG Engine               - class com.almasb.fxgl.app.services.IOTaskExecutorService
18:21:24.486 [FXGL Background Thread 3 ] DEBUG Engine               - class com.almasb.fxgl.io.FileSystemService
18:21:24.486 [FXGL Background Thread 3 ] DEBUG Engine               - class com.almasb.fxgl.localization.LocalizationService
18:21:24.486 [FXGL Background Thread 3 ] DEBUG Engine               - class com.almasb.fxgl.app.services.SystemBundleService
18:21:24.486 [FXGL Background Thread 3 ] DEBUG Engine               - class com.almasb.fxgl.profile.SaveLoadService
18:21:24.486 [FXGL Background Thread 3 ] DEBUG Engine               - class com.almasb.fxgl.ui.FXGLUIFactoryServiceProvider
18:21:24.486 [FXGL Background Thread 3 ] DEBUG Engine               - class com.almasb.fxgl.ui.FXGLDialogFactoryServiceProvider
18:21:24.486 [FXGL Background Thread 3 ] DEBUG Engine               - class com.almasb.fxgl.audio.AudioPlayer
18:21:24.486 [FXGL Background Thread 3 ] DEBUG Engine               - class com.almasb.fxgl.notification.impl.NotificationServiceProvider
18:21:24.486 [FXGL Background Thread 3 ] DEBUG Engine               - class com.almasb.fxgl.achievement.AchievementService
18:21:24.486 [FXGL Background Thread 3 ] DEBUG Engine               - class com.almasb.fxgl.cutscene.CutsceneService
18:21:24.486 [FXGL Background Thread 3 ] DEBUG Engine               - class com.almasb.fxgl.minigames.MiniGameService
18:21:24.486 [FXGL Background Thread 3 ] DEBUG Engine               - class com.almasb.fxgl.net.NetService
18:21:24.486 [FXGL Background Thread 3 ] DEBUG Engine               - class com.almasb.fxgl.app.services.UpdaterService
18:21:24.487 [FXGL Background Thread 3 ] DEBUG Engine               - class com.almasb.fxgl.dev.DevService
18:22:01.956 [JavaFX Application Thread] DEBUG FXGLApplication      - Exiting FXGL
18:22:01.956 [JavaFX Application Thread] DEBUG LoopRunner           - Stopping loop
18:22:01.956 [JavaFX Application Thread] DEBUG SystemBundleService  - Saving FXGL system data
18:22:01.958 [JavaFX Application Thread] DEBUG FileSystemAccess     - Writing to: C:\Users\HP\git\giocoInformatica10111\system\fxgl.bundle
18:22:01.959 [JavaFX Application Thread] DEBUG Async                - Shutting down background threads
18:22:01.960 [JavaFX Application Thread] DEBUG PrimaryStageWindow   - Closing main window
18:22:01.964 [JavaFX Application Thread] DEBUG Logger               - Closing Logger
