12:01:37.604 [main                     ] DEBUG Logger               - Configured Logger
12:01:37.632 [main                     ] DEBUG GameApplication      - Logging settings
Title: platformer
Version: 0.0
Width: 1920
Height: 1080
Fullscreen: false
Intro: false
Profiling: false
Single step:false
App Mode: DEVELOPER
Menu Key: ESCAPE
Stage Style: DECORATED
Scene Factory: class game.PlatformerApp$1

12:01:37.937 [JavaFX Application Thread] DEBUG FXGLApplication      - Initializing FXGL
12:01:37.941 [JavaFX Application Thread] INFO  Engine               - FXGL-17.1 (24.03.2022 17.39) on WINDOWS (J:17.0.2 FX:18)
12:01:37.941 [JavaFX Application Thread] DEBUG Engine               - JRE Vendor Name: Eclipse Adoptium
12:01:37.941 [JavaFX Application Thread] DEBUG Engine               - Running on OS: Windows 11 version 10.0
12:01:37.941 [JavaFX Application Thread] DEBUG Engine               - Architecture: amd64
12:01:37.941 [JavaFX Application Thread] INFO  Engine               - Source code and latest versions at: https://github.com/AlmasB/FXGL
12:01:37.941 [JavaFX Application Thread] INFO  Engine               -       Ask questions and discuss at: https://github.com/AlmasB/FXGL/discussions
12:01:37.941 [JavaFX Application Thread] INFO  Engine               -              Join the FXGL chat at: https://gitter.im/AlmasB/FXGL
12:01:38.016 [JavaFX Application Thread] DEBUG PrimaryStageWindow   - Creating a JavaFX scene
12:01:38.016 [JavaFX Application Thread] DEBUG PrimaryStageWindow   - Target size > screen size
12:01:38.048 [JavaFX Application Thread] DEBUG PrimaryStageWindow   - Target settings size: 1920.0 x 1080.0
12:01:38.048 [JavaFX Application Thread] DEBUG PrimaryStageWindow   - Scaled scene size:    1809.0 x 1031.0
12:01:38.048 [JavaFX Application Thread] DEBUG PrimaryStageWindow   - Scaled ratio: (0.9421875, 0.9546296296296296)
12:01:38.049 [JavaFX Application Thread] DEBUG PrimaryStageWindow   - Set initial scene to FXGLStartupScene
12:01:38.056 [JavaFX Application Thread] DEBUG PrimaryStageWindow   - Opening main window
12:01:38.132 [JavaFX Application Thread] DEBUG PrimaryStageWindow   - Window border size: (16.0, 39.0)
12:01:38.133 [JavaFX Application Thread] DEBUG PrimaryStageWindow   - Scaled size: 1809.0 x 1031.0
12:01:38.133 [JavaFX Application Thread] DEBUG PrimaryStageWindow   - Scaled ratio: (0.9421875, 0.9546296296296296)
12:01:38.134 [JavaFX Application Thread] DEBUG PrimaryStageWindow   - Scene size: 1809.0 x 1031.0
12:01:38.134 [JavaFX Application Thread] DEBUG PrimaryStageWindow   - Stage size: 1825.0 x 1070.0
12:01:38.141 [FXGL Background Thread 1 ] DEBUG Engine               - Initializing environment variables
12:01:38.176 [FXGL Background Thread 1 ] DEBUG FXGLAssetLoaderServi - User app class for loading assets: class game.PlatformerApp
12:01:38.176 [FXGL Background Thread 1 ] DEBUG GameApplicationServi - Applying CSS: fxgl_dark.css
12:01:38.178 [FXGL Background Thread 1 ] DEBUG FXGLAssetLoaderServi - Loading from file system: jar:file:/D:/Lucca/Java-lib/fxgl/fxgl-17.1-uber.jar!/fxglassets/ui/css/fxgl_dark.css
12:01:38.210 [FXGL Background Thread 1 ] DEBUG GameApplicationServi - Initializing application scenes
12:01:38.282 [FXGL Background Thread 1 ] DEBUG GameWorld            - Game world initialized
12:01:38.321 [FXGL Background Thread 1 ] DEBUG PhysicsWorld         - Physics world initialized: appHeight=1080, physics.ppm=50,0
12:01:38.322 [FXGL Background Thread 1 ] DEBUG PhysicsWorld         - Using strategy: BRUTE_FORCE
12:01:38.324 [FXGL Background Thread 1 ] DEBUG GameScene            - Game scene initialized: 1920x1080
12:01:38.380 [FXGL Background Thread 1 ] DEBUG GameApplicationServi - Application scenes initialized
12:01:38.393 [FXGL Background Thread 1 ] DEBUG SystemBundleService  - Loading FXGL system data
12:01:38.397 [FXGL Background Thread 1 ] DEBUG FileSystemAccess     - Reading from: C:\Users\lucca\git\giocoInformatica1\system\fxgl.bundle
12:01:38.404 [FXGL Background Thread 1 ] DEBUG SystemBundleService  - Bundle FXGL: {}
12:01:38.404 [FXGL Background Thread 1 ] DEBUG UpdaterService       - Checking for updates
12:01:38.443 [FXGL Background Thread 4 ] DEBUG FXGLApplication      - Loading fonts
12:01:38.443 [FXGL Background Thread 1 ] DEBUG FXGLApplication      - Loading default localization
12:01:38.444 [FXGL Background Thread 1 ] DEBUG FXGLAssetLoaderServi - Loading from file system: jar:file:/D:/Lucca/Java-lib/fxgl/fxgl-17.1-uber.jar!/fxglassets/languages/english.lang
12:01:38.460 [FXGL Background Thread 1 ] INFO  FXGLApplication      - FXGL initialization took: 0,319 sec
12:01:38.467 [JavaFX Application Thread] DEBUG Input                - Registered new binding: Left - A
12:01:38.467 [JavaFX Application Thread] DEBUG Input                - Registered new binding: Right - D
12:01:38.468 [JavaFX Application Thread] DEBUG Input                - Registered new binding: Jump - Space
12:01:38.468 [JavaFX Application Thread] DEBUG Input                - Registered new binding: Attack - F
12:01:38.468 [JavaFX Application Thread] DEBUG FXGLAssetLoaderServi - Loading from file system: file:/C:/Users/lucca/git/giocoInformatica1/bin/assets/music/BGM_dash_runner.wav
12:01:38.537 [FXGL Background Thread 4 ] DEBUG FXGLAssetLoaderServi - Loading from file system: jar:file:/D:/Lucca/Java-lib/fxgl/fxgl-17.1-uber.jar!/fxglassets/ui/fonts/Abel-Regular.ttf
12:01:38.564 [FXGL Background Thread 4 ] DEBUG FXGLAssetLoaderServi - Loading from file system: jar:file:/D:/Lucca/Java-lib/fxgl/fxgl-17.1-uber.jar!/fxglassets/ui/fonts/TerminalLandMono-Regular.otf
12:01:38.571 [FXGL Background Thread 4 ] DEBUG FXGLAssetLoaderServi - Loading from file system: jar:file:/D:/Lucca/Java-lib/fxgl/fxgl-17.1-uber.jar!/fxglassets/ui/fonts/Courier-Prime.ttf
12:01:38.612 [JavaFX Application Thread] DEBUG AudioPlayer          - Playing music com.almasb.fxgl.audio.Music@4f0779a4
12:01:38.613 [JavaFX Application Thread] DEBUG FXGLAssetLoaderServi - Loading from file system: jar:file:/D:/Lucca/Java-lib/fxgl/fxgl-17.1-uber.jar!/fxglassets/textures/fxgl_icon.png
12:01:38.649 [JavaFX Application Thread] DEBUG FXGLAssetLoaderServi - Loading from file system: jar:file:/D:/Lucca/Java-lib/fxgl/fxgl-17.1-uber.jar!/fxglassets/textures/fxgl_default_cursor.png
12:01:38.652 [JavaFX Application Thread] DEBUG Input                - Registered new binding: Screenshot - CTRL+8
12:01:38.654 [JavaFX Application Thread] DEBUG Input                - Registered new binding: Dev Options - 1
12:01:38.655 [JavaFX Application Thread] DEBUG Input                - Registered new binding: Dev Console - 2
12:01:38.655 [JavaFX Application Thread] DEBUG Input                - Registered new binding: System info dump - CTRL+9
12:01:38.656 [JavaFX Application Thread] DEBUG Input                - Registered new binding: Restart - CTRL+R
12:01:38.656 [JavaFX Application Thread] DEBUG Input                - Registered new binding: Toggle Debug Camera - CTRL+7
12:01:38.659 [JavaFX Application Thread] DEBUG LoopRunner           - Starting loop
12:01:38.670 [JavaFX Application Thread] DEBUG LoopRunner           - Initializing JavaFX AnimationTimerLoop
12:01:38.672 [JavaFX Application Thread] DEBUG Input                - Clearing active input actions
12:01:38.676 [JavaFX Application Thread] DEBUG GameApplicationServi - Removing overlay from FXGLStartupScene and adding to FXGLMainMenuDummyScene
12:01:38.682 [JavaFX Application Thread] DEBUG PrimaryStageWindow   - FXGLStartupScene -> FXGLMainMenuDummyScene
12:01:38.682 [JavaFX Application Thread] DEBUG PrimaryStageWindow   - Push state: PlatformerMainMenu
12:01:38.682 [JavaFX Application Thread] DEBUG Input                - Clearing active input actions
12:01:38.684 [JavaFX Application Thread] DEBUG GameApplicationServi - Removing overlay from FXGLMainMenuDummyScene and adding to PlatformerMainMenu
12:01:38.685 [JavaFX Application Thread] DEBUG PrimaryStageWindow   - FXGLMainMenuDummyScene -> PlatformerMainMenu
12:01:38.691 [JavaFX Application Thread] DEBUG FXGLApplication      - Registering font factories with UI factory
12:01:39.817 [JavaFX Application Thread] DEBUG Menu                 - fireNewGame()
12:01:39.817 [JavaFX Application Thread] DEBUG GameApplicationServi - Starting new game
12:01:39.817 [JavaFX Application Thread] DEBUG PrimaryStageWindow   - Pop state: PlatformerMainMenu
12:01:39.817 [JavaFX Application Thread] DEBUG Input                - Clearing active input actions
12:01:39.818 [JavaFX Application Thread] DEBUG GameApplicationServi - Removing overlay from PlatformerMainMenu and adding to FXGLMainMenuDummyScene
12:01:39.820 [JavaFX Application Thread] DEBUG PrimaryStageWindow   - FXGLMainMenuDummyScene <- PlatformerMainMenu
12:01:39.820 [JavaFX Application Thread] DEBUG Input                - Clearing active input actions
12:01:39.824 [JavaFX Application Thread] DEBUG GameApplicationServi - Removing overlay from FXGLMainMenuDummyScene and adding to FXGLLoadingScene
12:01:39.825 [JavaFX Application Thread] DEBUG PrimaryStageWindow   - FXGLMainMenuDummyScene -> FXGLLoadingScene
12:01:39.825 [JavaFX Application Thread] DEBUG GameApplicationServi - Clearing previous game
12:01:39.825 [JavaFX Application Thread] DEBUG GameScene            - Clearing game scene
12:01:39.825 [JavaFX Application Thread] DEBUG GameWorld            - Clearing game world
12:01:39.825 [JavaFX Application Thread] DEBUG PhysicsWorld         - Clearing physics world
12:01:39.828 [FXGL Background Thread 2 ] DEBUG FXGLApplication      - Initializing game
12:01:39.890 [FXGL Background Thread 2 ] WARN  TMXLevelLoader       - TiledMap generated from 1.8.4. Supported version: 1.4.2. Some features may not be parsed fully.
12:01:39.915 [FXGL Background Thread 2 ] DEBUG TMXLevelLoader       - Parsed TiledMap: file:/C:/Users/lucca/git/giocoInformatica1/bin/assets/levels/tmx/level1.tmx
12:01:39.918 [FXGL Background Thread 2 ] DEBUG TMXLevelLoader       - Creating tile layer entities
12:01:39.922 [FXGL Background Thread 2 ] DEBUG TilesetLoader        - Loading view for layer Terreno
12:01:39.972 [FXGL Background Thread 2 ] DEBUG TilesetLoader        - Created buffer with size 4900.0x5600.0
12:01:39.995 [FXGL Background Thread 2 ] DEBUG TilesetLoader        - Loading view for layer Decorazioni
12:01:40.041 [FXGL Background Thread 2 ] DEBUG TilesetLoader        - Created buffer with size 4900.0x5600.0
12:01:40.050 [FXGL Background Thread 2 ] DEBUG TilesetLoader        - Loading view for layer Piattaforme
12:01:40.094 [FXGL Background Thread 2 ] DEBUG TilesetLoader        - Created buffer with size 4900.0x5600.0
12:01:40.098 [FXGL Background Thread 2 ] DEBUG TilesetLoader        - Loading view for layer Spine
12:01:40.149 [FXGL Background Thread 2 ] DEBUG TilesetLoader        - Created buffer with size 4900.0x5600.0
12:01:40.153 [FXGL Background Thread 2 ] DEBUG TMXLevelLoader       - Creating object layer entities
12:01:40.180 [FXGL Background Thread 2 ] DEBUG FXGLAssetLoaderServi - Loading from file system: file:/C:/Users/lucca/git/giocoInformatica1/bin/assets/textures/box.png
12:01:40.210 [FXGL Background Thread 2 ] DEBUG FXGLAssetLoaderServi - Loading from file system: file:/C:/Users/lucca/git/giocoInformatica1/bin/assets/textures/enemies/Skeleton/Idle.png
12:01:40.211 [FXGL Background Thread 2 ] DEBUG FXGLAssetLoaderServi - Loading from file system: file:/C:/Users/lucca/git/giocoInformatica1/bin/assets/textures/enemies/Skeleton/Walk.png
12:01:40.211 [FXGL Background Thread 2 ] DEBUG FXGLAssetLoaderServi - Loading from file system: file:/C:/Users/lucca/git/giocoInformatica1/bin/assets/textures/enemies/Skeleton/Attack.png
12:01:40.224 [FXGL Background Thread 2 ] DEBUG FXGLAssetLoaderServi - Loading from file system: file:/C:/Users/lucca/git/giocoInformatica1/bin/assets/textures/bonfire.png
12:01:40.225 [FXGL Background Thread 2 ] DEBUG FXGLAssetLoaderServi - Loading from file system: file:/C:/Users/lucca/git/giocoInformatica1/bin/assets/textures/bonfire_animation.png
12:01:40.229 [FXGL Background Thread 2 ] DEBUG GameWorld            - Clearing removable entities
12:01:40.230 [FXGL Background Thread 2 ] DEBUG GameWorld            - Setting level: com.almasb.fxgl.entity.level.Level@3c148184
12:01:40.245 [FXGL Background Thread 2 ] DEBUG FXGLAssetLoaderServi - Loading from file system: file:/C:/Users/lucca/git/giocoInformatica1/bin/assets/textures/health/empty_health.png
12:01:40.245 [FXGL Background Thread 2 ] DEBUG FXGLAssetLoaderServi - Loading from file system: file:/C:/Users/lucca/git/giocoInformatica1/bin/assets/textures/health/half_health.png
12:01:40.246 [FXGL Background Thread 2 ] DEBUG FXGLAssetLoaderServi - Loading from file system: file:/C:/Users/lucca/git/giocoInformatica1/bin/assets/textures/health/full_health.png
12:01:40.248 [FXGL Background Thread 2 ] DEBUG FXGLAssetLoaderServi - Loading from file system: file:/C:/Users/lucca/git/giocoInformatica1/bin/assets/textures/player/_Idle.png
12:01:40.249 [FXGL Background Thread 2 ] DEBUG FXGLAssetLoaderServi - Loading from file system: file:/C:/Users/lucca/git/giocoInformatica1/bin/assets/textures/player/_Run.png
12:01:40.249 [FXGL Background Thread 2 ] DEBUG FXGLAssetLoaderServi - Loading from file system: file:/C:/Users/lucca/git/giocoInformatica1/bin/assets/textures/player/_Jump.png
12:01:40.250 [FXGL Background Thread 2 ] DEBUG FXGLAssetLoaderServi - Loading from file system: file:/C:/Users/lucca/git/giocoInformatica1/bin/assets/textures/player/_Fall.png
12:01:40.250 [FXGL Background Thread 2 ] DEBUG FXGLAssetLoaderServi - Loading from file system: file:/C:/Users/lucca/git/giocoInformatica1/bin/assets/textures/player/_WallSlide.png
12:01:40.251 [FXGL Background Thread 2 ] DEBUG FXGLAssetLoaderServi - Loading from file system: file:/C:/Users/lucca/git/giocoInformatica1/bin/assets/textures/player/_Attack.png
12:01:40.251 [FXGL Background Thread 2 ] DEBUG FXGLAssetLoaderServi - Loading from file system: file:/C:/Users/lucca/git/giocoInformatica1/bin/assets/textures/player/_TurnAround.png
12:01:40.252 [FXGL Background Thread 2 ] DEBUG FXGLAssetLoaderServi - Loading from file system: file:/C:/Users/lucca/git/giocoInformatica1/bin/assets/textures/player/_Hit.png
12:01:40.255 [FXGL Background Thread 2 ] DEBUG FXGLAssetLoaderServi - Loading from file system: file:/C:/Users/lucca/git/giocoInformatica1/bin/assets/textures/background/forest.png
12:01:40.267 [FXGL Background Thread 2 ] DEBUG FXGLAssetLoaderServi - Loading from file system: file:/C:/Users/lucca/git/giocoInformatica1/bin/assets/textures/background/Sfondo_castello.png
12:01:40.427 [FXGL Background Thread 2 ] INFO  FXGLApplication      - Game initialization took: 0,599 sec
12:01:40.430 [JavaFX Application Thread] DEBUG Input                - Clearing active input actions
12:01:40.435 [JavaFX Application Thread] DEBUG GameApplicationServi - Removing overlay from FXGLLoadingScene and adding to GameScene
12:01:40.437 [JavaFX Application Thread] DEBUG PrimaryStageWindow   - FXGLLoadingScene -> GameScene
12:01:41.442 [FXGL Background Thread 3 ] DEBUG Engine               - Logging environment variables
12:01:41.442 [FXGL Background Thread 3 ] DEBUG Engine               - achievements: []
12:01:41.442 [FXGL Background Thread 3 ] DEBUG Engine               - actualHeight: 1031.0
12:01:41.442 [FXGL Background Thread 3 ] DEBUG Engine               - actualHeightProperty: ReadOnlyDoubleProperty [value: 1031.0]
12:01:41.443 [FXGL Background Thread 3 ] DEBUG Engine               - actualWidth: 1809.0
12:01:41.443 [FXGL Background Thread 3 ] DEBUG Engine               - actualWidthProperty: ReadOnlyDoubleProperty [value: 1809.0]
12:01:41.443 [FXGL Background Thread 3 ] DEBUG Engine               - appIcon: fxgl_icon.png
12:01:41.443 [FXGL Background Thread 3 ] DEBUG Engine               - applicationMode: DEVELOPER
12:01:41.443 [FXGL Background Thread 3 ] DEBUG Engine               - cSSList: [fxgl_dark.css]
12:01:41.443 [FXGL Background Thread 3 ] DEBUG Engine               - collisionDetectionStrategy: BRUTE_FORCE
12:01:41.444 [FXGL Background Thread 3 ] DEBUG Engine               - configClass: Optional.empty
12:01:41.444 [FXGL Background Thread 3 ] DEBUG Engine               - credits: []
12:01:41.445 [FXGL Background Thread 3 ] DEBUG Engine               - defaultCursor: CursorInfo(imageName=fxgl_default_cursor.png, hotspotX=7.0, hotspotY=6.0)
12:01:41.445 [FXGL Background Thread 3 ] DEBUG Engine               - devBBoxColorProperty: ObjectProperty [value: 0xff0000ff]
12:01:41.445 [FXGL Background Thread 3 ] DEBUG Engine               - devEnableDebugCameraProperty: BooleanProperty [value: false]
12:01:41.445 [FXGL Background Thread 3 ] DEBUG Engine               - devSensorColorProperty: ObjectProperty [value: 0xffff00ff]
12:01:41.445 [FXGL Background Thread 3 ] DEBUG Engine               - devShowBBoxProperty: BooleanProperty [value: false]
12:01:41.445 [FXGL Background Thread 3 ] DEBUG Engine               - devShowPositionProperty: BooleanProperty [value: false]
12:01:41.445 [FXGL Background Thread 3 ] DEBUG Engine               - enabledMenuItems: []
12:01:41.446 [FXGL Background Thread 3 ] DEBUG Engine               - engineServices: [class com.almasb.fxgl.app.services.FXGLAssetLoaderService, class com.almasb.fxgl.app.FXGLApplication$GameApplicationService, class com.almasb.fxgl.app.services.FXGLDialogService, class com.almasb.fxgl.app.services.IOTaskExecutorService, class com.almasb.fxgl.io.FileSystemService, class com.almasb.fxgl.localization.LocalizationService, class com.almasb.fxgl.app.services.SystemBundleService, class com.almasb.fxgl.profile.SaveLoadService, class com.almasb.fxgl.ui.FXGLUIFactoryServiceProvider, class com.almasb.fxgl.ui.FXGLDialogFactoryServiceProvider, class com.almasb.fxgl.audio.AudioPlayer, class com.almasb.fxgl.notification.impl.NotificationServiceProvider, class com.almasb.fxgl.achievement.AchievementService, class com.almasb.fxgl.cutscene.CutsceneService, class com.almasb.fxgl.minigames.MiniGameService, class com.almasb.fxgl.net.NetService, class com.almasb.fxgl.app.services.UpdaterService, class com.almasb.fxgl.dev.DevService]
12:01:41.446 [FXGL Background Thread 3 ] DEBUG Engine               - fontGame: Abel-Regular.ttf
12:01:41.446 [FXGL Background Thread 3 ] DEBUG Engine               - fontMono: TerminalLandMono-Regular.otf
12:01:41.446 [FXGL Background Thread 3 ] DEBUG Engine               - fontText: Courier-Prime.ttf
12:01:41.446 [FXGL Background Thread 3 ] DEBUG Engine               - fontUI: VarelaRound-Regular.ttf
12:01:41.446 [FXGL Background Thread 3 ] DEBUG Engine               - fullScreen: BooleanProperty [value: false]
12:01:41.446 [FXGL Background Thread 3 ] DEBUG Engine               - gameDifficulty: MEDIUM
12:01:41.446 [FXGL Background Thread 3 ] DEBUG Engine               - gameDifficultyProperty: ObjectProperty [value: MEDIUM]
12:01:41.446 [FXGL Background Thread 3 ] DEBUG Engine               - globalMusicVolume: 0.5
12:01:41.446 [FXGL Background Thread 3 ] DEBUG Engine               - globalMusicVolumeProperty: DoubleProperty [value: 0.0]
12:01:41.446 [FXGL Background Thread 3 ] DEBUG Engine               - globalSoundVolume: 0.5
12:01:41.447 [FXGL Background Thread 3 ] DEBUG Engine               - globalSoundVolumeProperty: DoubleProperty [value: 0.5]
12:01:41.447 [FXGL Background Thread 3 ] DEBUG Engine               - height: 1080
12:01:41.447 [FXGL Background Thread 3 ] DEBUG Engine               - is3D: false
12:01:41.447 [FXGL Background Thread 3 ] DEBUG Engine               - isAndroid: false
12:01:41.447 [FXGL Background Thread 3 ] DEBUG Engine               - isBrowser: false
12:01:41.447 [FXGL Background Thread 3 ] DEBUG Engine               - isClickFeedbackEnabled: false
12:01:41.448 [FXGL Background Thread 3 ] DEBUG Engine               - isCloseConfirmation: false
12:01:41.448 [FXGL Background Thread 3 ] DEBUG Engine               - isDesktop: true
12:01:41.448 [FXGL Background Thread 3 ] DEBUG Engine               - isDeveloperMenuEnabled: true
12:01:41.448 [FXGL Background Thread 3 ] DEBUG Engine               - isEmbedded: false
12:01:41.448 [FXGL Background Thread 3 ] DEBUG Engine               - isEntityPreloadEnabled: true
12:01:41.448 [FXGL Background Thread 3 ] DEBUG Engine               - isExperimentalTiledLargeMap: false
12:01:41.448 [FXGL Background Thread 3 ] DEBUG Engine               - isFileSystemWriteAllowed: true
12:01:41.448 [FXGL Background Thread 3 ] DEBUG Engine               - isFullScreenAllowed: false
12:01:41.448 [FXGL Background Thread 3 ] DEBUG Engine               - isFullScreenFromStart: false
12:01:41.448 [FXGL Background Thread 3 ] DEBUG Engine               - isGameMenuEnabled: true
12:01:41.449 [FXGL Background Thread 3 ] DEBUG Engine               - isIOS: false
12:01:41.449 [FXGL Background Thread 3 ] DEBUG Engine               - isIntroEnabled: false
12:01:41.449 [FXGL Background Thread 3 ] DEBUG Engine               - isLinux: false
12:01:41.449 [FXGL Background Thread 3 ] DEBUG Engine               - isMac: false
12:01:41.449 [FXGL Background Thread 3 ] DEBUG Engine               - isMainMenuEnabled: true
12:01:41.449 [FXGL Background Thread 3 ] DEBUG Engine               - isManualResizeEnabled: false
12:01:41.449 [FXGL Background Thread 3 ] DEBUG Engine               - isMobile: false
12:01:41.449 [FXGL Background Thread 3 ] DEBUG Engine               - isNative: false
12:01:41.449 [FXGL Background Thread 3 ] DEBUG Engine               - isPauseMusicWhenMinimized: true
12:01:41.449 [FXGL Background Thread 3 ] DEBUG Engine               - isPreserveResizeRatio: false
12:01:41.449 [FXGL Background Thread 3 ] DEBUG Engine               - isProfilingEnabled: false
12:01:41.449 [FXGL Background Thread 3 ] DEBUG Engine               - isScaleAffectedOnResize: true
12:01:41.450 [FXGL Background Thread 3 ] DEBUG Engine               - isSingleStep: false
12:01:41.450 [FXGL Background Thread 3 ] DEBUG Engine               - isUserProfileEnabled: false
12:01:41.450 [FXGL Background Thread 3 ] DEBUG Engine               - isWindows: true
12:01:41.450 [FXGL Background Thread 3 ] DEBUG Engine               - language: ObjectProperty [value: ENGLISH]
12:01:41.450 [FXGL Background Thread 3 ] DEBUG Engine               - menuKey: ESCAPE
12:01:41.450 [FXGL Background Thread 3 ] DEBUG Engine               - mouseSensitivity: 0.2
12:01:41.450 [FXGL Background Thread 3 ] DEBUG Engine               - notificationViewClass: class com.almasb.fxgl.notification.view.XboxNotificationView
12:01:41.450 [FXGL Background Thread 3 ] DEBUG Engine               - pixelsPerMeter: 50.0
12:01:41.450 [FXGL Background Thread 3 ] DEBUG Engine               - platform: WINDOWS
12:01:41.450 [FXGL Background Thread 3 ] DEBUG Engine               - prefHeightProperty: ReadOnlyDoubleProperty [value: 1080.0]
12:01:41.450 [FXGL Background Thread 3 ] DEBUG Engine               - prefWidthProperty: ReadOnlyDoubleProperty [value: 1920.0]
12:01:41.450 [FXGL Background Thread 3 ] DEBUG Engine               - profileDir: profiles/
12:01:41.451 [FXGL Background Thread 3 ] DEBUG Engine               - profileName: StringProperty [value: DEFAULT]
12:01:41.451 [FXGL Background Thread 3 ] DEBUG Engine               - randomSeed: -1
12:01:41.451 [FXGL Background Thread 3 ] DEBUG Engine               - runtimeInfo: RuntimeInfo(platform=WINDOWS, version=17.1, build=24.03.2022 17.39)
12:01:41.451 [FXGL Background Thread 3 ] DEBUG Engine               - saveFileExt: sav
12:01:41.451 [FXGL Background Thread 3 ] DEBUG Engine               - scaledHeightProp$fxgl: DoubleProperty [bound, value: 1031.0]
12:01:41.451 [FXGL Background Thread 3 ] DEBUG Engine               - scaledWidthProp$fxgl: DoubleProperty [bound, value: 1809.0]
12:01:41.451 [FXGL Background Thread 3 ] DEBUG Engine               - sceneFactory: game.PlatformerApp$1@7cca7586
12:01:41.451 [FXGL Background Thread 3 ] DEBUG Engine               - secondsIn24h: 60
12:01:41.452 [FXGL Background Thread 3 ] DEBUG Engine               - soundMenuBack: menu/back.wav
12:01:41.452 [FXGL Background Thread 3 ] DEBUG Engine               - soundMenuPress: menu/press.wav
12:01:41.452 [FXGL Background Thread 3 ] DEBUG Engine               - soundMenuSelect: menu/select.wav
12:01:41.452 [FXGL Background Thread 3 ] DEBUG Engine               - soundNotification: core/notification.wav
12:01:41.452 [FXGL Background Thread 3 ] DEBUG Engine               - stageStyle: DECORATED
12:01:41.452 [FXGL Background Thread 3 ] DEBUG Engine               - supportedLanguages: [ENGLISH, FRENCH, GERMAN, HUNGARIAN, RUSSIAN]
12:01:41.452 [FXGL Background Thread 3 ] DEBUG Engine               - ticksPerSecond: -1
12:01:41.452 [FXGL Background Thread 3 ] DEBUG Engine               - title: platformer
12:01:41.452 [FXGL Background Thread 3 ] DEBUG Engine               - urlGithub: https://github.com/AlmasB/FXGL
12:01:41.452 [FXGL Background Thread 3 ] DEBUG Engine               - urlLeaderboard: http://fxgl-top.herokuapp.com/
12:01:41.452 [FXGL Background Thread 3 ] DEBUG Engine               - urlPOM: https://raw.githubusercontent.com/AlmasB/FXGL/release/README.md
12:01:41.452 [FXGL Background Thread 3 ] DEBUG Engine               - userAppClass: class game.PlatformerApp
12:01:41.453 [FXGL Background Thread 3 ] DEBUG Engine               - version: 0.0
12:01:41.453 [FXGL Background Thread 3 ] DEBUG Engine               - versionCheckDays: 7
12:01:41.453 [FXGL Background Thread 3 ] DEBUG Engine               - width: 1920
12:01:41.453 [FXGL Background Thread 3 ] DEBUG Engine               - Logging services
12:01:41.453 [FXGL Background Thread 3 ] DEBUG Engine               - class com.almasb.fxgl.app.services.FXGLAssetLoaderService
12:01:41.453 [FXGL Background Thread 3 ] DEBUG Engine               - class com.almasb.fxgl.app.FXGLApplication$GameApplicationService
12:01:41.453 [FXGL Background Thread 3 ] DEBUG Engine               - class com.almasb.fxgl.app.services.FXGLDialogService
12:01:41.453 [FXGL Background Thread 3 ] DEBUG Engine               - class com.almasb.fxgl.app.services.IOTaskExecutorService
12:01:41.453 [FXGL Background Thread 3 ] DEBUG Engine               - class com.almasb.fxgl.io.FileSystemService
12:01:41.453 [FXGL Background Thread 3 ] DEBUG Engine               - class com.almasb.fxgl.localization.LocalizationService
12:01:41.453 [FXGL Background Thread 3 ] DEBUG Engine               - class com.almasb.fxgl.app.services.SystemBundleService
12:01:41.453 [FXGL Background Thread 3 ] DEBUG Engine               - class com.almasb.fxgl.profile.SaveLoadService
12:01:41.453 [FXGL Background Thread 3 ] DEBUG Engine               - class com.almasb.fxgl.ui.FXGLUIFactoryServiceProvider
12:01:41.454 [FXGL Background Thread 3 ] DEBUG Engine               - class com.almasb.fxgl.ui.FXGLDialogFactoryServiceProvider
12:01:41.454 [FXGL Background Thread 3 ] DEBUG Engine               - class com.almasb.fxgl.audio.AudioPlayer
12:01:41.454 [FXGL Background Thread 3 ] DEBUG Engine               - class com.almasb.fxgl.notification.impl.NotificationServiceProvider
12:01:41.454 [FXGL Background Thread 3 ] DEBUG Engine               - class com.almasb.fxgl.achievement.AchievementService
12:01:41.454 [FXGL Background Thread 3 ] DEBUG Engine               - class com.almasb.fxgl.cutscene.CutsceneService
12:01:41.454 [FXGL Background Thread 3 ] DEBUG Engine               - class com.almasb.fxgl.minigames.MiniGameService
12:01:41.454 [FXGL Background Thread 3 ] DEBUG Engine               - class com.almasb.fxgl.net.NetService
12:01:41.454 [FXGL Background Thread 3 ] DEBUG Engine               - class com.almasb.fxgl.app.services.UpdaterService
12:01:41.454 [FXGL Background Thread 3 ] DEBUG Engine               - class com.almasb.fxgl.dev.DevService
12:01:52.870 [JavaFX Application Thread] DEBUG FXGLApplication      - Exiting FXGL
12:01:52.870 [JavaFX Application Thread] DEBUG LoopRunner           - Stopping loop
12:01:52.870 [JavaFX Application Thread] DEBUG SystemBundleService  - Saving FXGL system data
12:01:52.872 [JavaFX Application Thread] DEBUG FileSystemAccess     - Writing to: C:\Users\lucca\git\giocoInformatica1\system\fxgl.bundle
12:01:52.873 [JavaFX Application Thread] DEBUG Async                - Shutting down background threads
12:01:52.873 [JavaFX Application Thread] DEBUG PrimaryStageWindow   - Closing main window
12:01:52.879 [JavaFX Application Thread] DEBUG Logger               - Closing Logger
