11:07:47.307 [main                     ] DEBUG Logger               - Configured Logger
11:07:47.334 [main                     ] DEBUG GameApplication      - Logging settings
Title: platformer
Version: 0.0
Width: 1920
Height: 1080
Fullscreen: false
Intro: false
Profiling: false
Single step:false
App Mode: DEVELOPER
Menu Key: ESCAPE
Stage Style: DECORATED
Scene Factory: class game.PlatformerApp$1

11:07:47.713 [JavaFX Application Thread] DEBUG FXGLApplication      - Initializing FXGL
11:07:47.718 [JavaFX Application Thread] INFO  Engine               - FXGL-17.1 (24.03.2022 17.39) on WINDOWS (J:17.0.1 FX:18)
11:07:47.719 [JavaFX Application Thread] DEBUG Engine               - JRE Vendor Name: Eclipse Adoptium
11:07:47.719 [JavaFX Application Thread] DEBUG Engine               - Running on OS: Windows 10 version 10.0
11:07:47.719 [JavaFX Application Thread] DEBUG Engine               - Architecture: amd64
11:07:47.719 [JavaFX Application Thread] INFO  Engine               - Source code and latest versions at: https://github.com/AlmasB/FXGL
11:07:47.719 [JavaFX Application Thread] INFO  Engine               -       Ask questions and discuss at: https://github.com/AlmasB/FXGL/discussions
11:07:47.719 [JavaFX Application Thread] INFO  Engine               -              Join the FXGL chat at: https://gitter.im/AlmasB/FXGL
11:07:47.784 [JavaFX Application Thread] DEBUG PrimaryStageWindow   - Creating a JavaFX scene
11:07:47.813 [JavaFX Application Thread] DEBUG PrimaryStageWindow   - Target settings size: 1920.0 x 1080.0
11:07:47.813 [JavaFX Application Thread] DEBUG PrimaryStageWindow   - Scaled scene size:    1920.0 x 1080.0
11:07:47.813 [JavaFX Application Thread] DEBUG PrimaryStageWindow   - Scaled ratio: (1.0, 1.0)
11:07:47.814 [JavaFX Application Thread] DEBUG PrimaryStageWindow   - Set initial scene to FXGLStartupScene
11:07:47.820 [JavaFX Application Thread] DEBUG PrimaryStageWindow   - Opening main window
11:07:47.899 [JavaFX Application Thread] DEBUG PrimaryStageWindow   - Window border size: (16.0, 39.0)
11:07:47.899 [JavaFX Application Thread] DEBUG PrimaryStageWindow   - Scaled size: 1920.0 x 1080.0
11:07:47.899 [JavaFX Application Thread] DEBUG PrimaryStageWindow   - Scaled ratio: (1.0, 1.0)
11:07:47.899 [JavaFX Application Thread] DEBUG PrimaryStageWindow   - Scene size: 1920.0 x 1080.0
11:07:47.899 [JavaFX Application Thread] DEBUG PrimaryStageWindow   - Stage size: 1936.0 x 1119.0
11:07:47.906 [FXGL Background Thread 1 ] DEBUG Engine               - Initializing environment variables
11:07:47.939 [FXGL Background Thread 1 ] DEBUG FXGLAssetLoaderServi - User app class for loading assets: class game.PlatformerApp
11:07:47.939 [FXGL Background Thread 1 ] DEBUG GameApplicationServi - Applying CSS: fxgl_dark.css
11:07:47.939 [FXGL Background Thread 1 ] DEBUG FXGLAssetLoaderServi - Loading from file system: jar:file:/C:/Users/HP/Documents/fxgl/fxgl-17.1-uber.jar!/fxglassets/ui/css/fxgl_dark.css
11:07:47.968 [FXGL Background Thread 1 ] DEBUG GameApplicationServi - Initializing application scenes
11:07:48.003 [FXGL Background Thread 1 ] DEBUG GameWorld            - Game world initialized
11:07:48.048 [FXGL Background Thread 1 ] DEBUG PhysicsWorld         - Physics world initialized: appHeight=1080, physics.ppm=50,0
11:07:48.048 [FXGL Background Thread 1 ] DEBUG PhysicsWorld         - Using strategy: BRUTE_FORCE
11:07:48.053 [FXGL Background Thread 1 ] DEBUG GameScene            - Game scene initialized: 1920x1080
11:07:48.105 [FXGL Background Thread 1 ] DEBUG GameApplicationServi - Application scenes initialized
11:07:48.120 [FXGL Background Thread 1 ] DEBUG SystemBundleService  - Loading FXGL system data
11:07:48.126 [FXGL Background Thread 1 ] DEBUG FileSystemAccess     - Reading from: C:\Users\HP\git\giocoInformatica4\system\fxgl.bundle
11:07:48.134 [FXGL Background Thread 1 ] DEBUG SystemBundleService  - Bundle FXGL: {}
11:07:48.134 [FXGL Background Thread 1 ] DEBUG UpdaterService       - Checking for updates
11:07:48.160 [FXGL Background Thread 4 ] DEBUG FXGLApplication      - Loading fonts
11:07:48.161 [FXGL Background Thread 1 ] DEBUG FXGLApplication      - Loading default localization
11:07:48.161 [FXGL Background Thread 4 ] DEBUG FXGLAssetLoaderServi - Loading from file system: jar:file:/C:/Users/HP/Documents/fxgl/fxgl-17.1-uber.jar!/fxglassets/ui/fonts/VarelaRound-Regular.ttf
11:07:48.161 [FXGL Background Thread 1 ] DEBUG FXGLAssetLoaderServi - Loading from file system: jar:file:/C:/Users/HP/Documents/fxgl/fxgl-17.1-uber.jar!/fxglassets/languages/english.lang
11:07:48.179 [FXGL Background Thread 1 ] INFO  FXGLApplication      - FXGL initialization took: 0,273 sec
11:07:48.187 [JavaFX Application Thread] DEBUG Input                - Registered new binding: Left - A
11:07:48.187 [JavaFX Application Thread] DEBUG Input                - Registered new binding: Right - D
11:07:48.187 [JavaFX Application Thread] DEBUG Input                - Registered new binding: Jump - Space
11:07:48.187 [JavaFX Application Thread] DEBUG Input                - Registered new binding: Attack - F
11:07:48.187 [JavaFX Application Thread] DEBUG Input                - Registered new binding: menu dev - P
11:07:48.188 [JavaFX Application Thread] DEBUG FXGLAssetLoaderServi - Loading from file system: file:/C:/Users/HP/git/giocoInformatica4/bin/assets/music/BGM_dash_runner.wav
11:07:48.230 [FXGL Background Thread 4 ] DEBUG FXGLAssetLoaderServi - Loading from file system: jar:file:/C:/Users/HP/Documents/fxgl/fxgl-17.1-uber.jar!/fxglassets/ui/fonts/Abel-Regular.ttf
11:07:48.238 [FXGL Background Thread 4 ] DEBUG FXGLAssetLoaderServi - Loading from file system: jar:file:/C:/Users/HP/Documents/fxgl/fxgl-17.1-uber.jar!/fxglassets/ui/fonts/TerminalLandMono-Regular.otf
11:07:48.247 [FXGL Background Thread 4 ] DEBUG FXGLAssetLoaderServi - Loading from file system: jar:file:/C:/Users/HP/Documents/fxgl/fxgl-17.1-uber.jar!/fxglassets/ui/fonts/Courier-Prime.ttf
11:07:48.314 [JavaFX Application Thread] DEBUG AudioPlayer          - Playing music com.almasb.fxgl.audio.Music@2ac0b1ad
11:07:48.315 [JavaFX Application Thread] DEBUG FXGLAssetLoaderServi - Loading from file system: jar:file:/C:/Users/HP/Documents/fxgl/fxgl-17.1-uber.jar!/fxglassets/textures/fxgl_icon.png
11:07:48.342 [JavaFX Application Thread] DEBUG FXGLAssetLoaderServi - Loading from file system: jar:file:/C:/Users/HP/Documents/fxgl/fxgl-17.1-uber.jar!/fxglassets/textures/fxgl_default_cursor.png
11:07:48.345 [JavaFX Application Thread] DEBUG Input                - Registered new binding: Screenshot - CTRL+8
11:07:48.345 [JavaFX Application Thread] DEBUG Input                - Registered new binding: Dev Options - 1
11:07:48.346 [JavaFX Application Thread] DEBUG Input                - Registered new binding: Dev Console - 2
11:07:48.346 [JavaFX Application Thread] DEBUG Input                - Registered new binding: System info dump - CTRL+9
11:07:48.347 [JavaFX Application Thread] DEBUG Input                - Registered new binding: Restart - CTRL+R
11:07:48.347 [JavaFX Application Thread] DEBUG Input                - Registered new binding: Toggle Debug Camera - CTRL+7
11:07:48.350 [JavaFX Application Thread] DEBUG LoopRunner           - Starting loop
11:07:48.364 [JavaFX Application Thread] DEBUG LoopRunner           - Initializing JavaFX AnimationTimerLoop
11:07:48.366 [JavaFX Application Thread] DEBUG Input                - Clearing active input actions
11:07:48.373 [JavaFX Application Thread] DEBUG GameApplicationServi - Removing overlay from FXGLStartupScene and adding to FXGLMainMenuDummyScene
11:07:48.376 [JavaFX Application Thread] DEBUG PrimaryStageWindow   - FXGLStartupScene -> FXGLMainMenuDummyScene
11:07:48.377 [JavaFX Application Thread] DEBUG PrimaryStageWindow   - Push state: PlatformerMainMenu
11:07:48.377 [JavaFX Application Thread] DEBUG Input                - Clearing active input actions
11:07:48.380 [JavaFX Application Thread] DEBUG GameApplicationServi - Removing overlay from FXGLMainMenuDummyScene and adding to PlatformerMainMenu
11:07:48.381 [JavaFX Application Thread] DEBUG PrimaryStageWindow   - FXGLMainMenuDummyScene -> PlatformerMainMenu
11:07:48.381 [JavaFX Application Thread] DEBUG FXGLApplication      - Registering font factories with UI factory
11:07:49.831 [JavaFX Application Thread] DEBUG Menu                 - fireNewGame()
11:07:49.831 [JavaFX Application Thread] DEBUG GameApplicationServi - Starting new game
11:07:49.832 [JavaFX Application Thread] DEBUG PrimaryStageWindow   - Pop state: PlatformerMainMenu
11:07:49.832 [JavaFX Application Thread] DEBUG Input                - Clearing active input actions
11:07:49.832 [JavaFX Application Thread] DEBUG GameApplicationServi - Removing overlay from PlatformerMainMenu and adding to FXGLMainMenuDummyScene
11:07:49.834 [JavaFX Application Thread] DEBUG PrimaryStageWindow   - FXGLMainMenuDummyScene <- PlatformerMainMenu
11:07:49.834 [JavaFX Application Thread] DEBUG Input                - Clearing active input actions
11:07:49.838 [JavaFX Application Thread] DEBUG GameApplicationServi - Removing overlay from FXGLMainMenuDummyScene and adding to FXGLLoadingScene
11:07:49.839 [JavaFX Application Thread] DEBUG PrimaryStageWindow   - FXGLMainMenuDummyScene -> FXGLLoadingScene
11:07:49.839 [JavaFX Application Thread] DEBUG GameApplicationServi - Clearing previous game
11:07:49.839 [JavaFX Application Thread] DEBUG GameScene            - Clearing game scene
11:07:49.839 [JavaFX Application Thread] DEBUG GameWorld            - Clearing game world
11:07:49.840 [JavaFX Application Thread] DEBUG PhysicsWorld         - Clearing physics world
11:07:49.842 [FXGL Background Thread 4 ] DEBUG FXGLApplication      - Initializing game
11:07:49.875 [FXGL Background Thread 4 ] WARN  TMXLevelLoader       - TiledMap generated from 1.8.4. Supported version: 1.4.2. Some features may not be parsed fully.
11:07:49.902 [FXGL Background Thread 4 ] DEBUG TMXLevelLoader       - Parsed TiledMap: file:/C:/Users/HP/git/giocoInformatica4/bin/assets/levels/tmx/level1.tmx
11:07:49.904 [FXGL Background Thread 4 ] DEBUG TMXLevelLoader       - Creating tile layer entities
11:07:49.906 [FXGL Background Thread 4 ] DEBUG TilesetLoader        - Loading view for layer wall 2
11:07:49.915 [FXGL Background Thread 4 ] DEBUG TilesetLoader        - Created buffer with size 2240.0x2560.0
11:07:49.983 [FXGL Background Thread 4 ] WARN  TilesetLoader        - Diagonally flipped tiles are not currently supported
11:07:49.991 [FXGL Background Thread 4 ] WARN  TilesetLoader        - Diagonally flipped tiles are not currently supported
11:07:49.992 [FXGL Background Thread 4 ] WARN  TilesetLoader        - Diagonally flipped tiles are not currently supported
11:07:50.028 [FXGL Background Thread 4 ] WARN  TilesetLoader        - Diagonally flipped tiles are not currently supported
11:07:50.045 [FXGL Background Thread 4 ] WARN  TilesetLoader        - Diagonally flipped tiles are not currently supported
11:07:50.047 [FXGL Background Thread 4 ] DEBUG TilesetLoader        - Loading view for layer wall 1
11:07:50.051 [FXGL Background Thread 4 ] DEBUG TilesetLoader        - Created buffer with size 2240.0x2560.0
11:07:50.071 [FXGL Background Thread 4 ] DEBUG TilesetLoader        - Loading view for layer platforms
11:07:50.075 [FXGL Background Thread 4 ] DEBUG TilesetLoader        - Created buffer with size 2240.0x2560.0
11:07:50.103 [FXGL Background Thread 4 ] DEBUG TilesetLoader        - Loading view for layer spike
11:07:50.110 [FXGL Background Thread 4 ] DEBUG TilesetLoader        - Created buffer with size 2240.0x2560.0
11:07:50.114 [FXGL Background Thread 4 ] DEBUG TilesetLoader        - Loading view for layer ground
11:07:50.116 [FXGL Background Thread 4 ] DEBUG TilesetLoader        - Created buffer with size 2240.0x2560.0
11:07:50.127 [FXGL Background Thread 4 ] DEBUG TMXLevelLoader       - Creating object layer entities
11:07:50.141 [FXGL Background Thread 4 ] DEBUG FXGLAssetLoaderServi - Loading from file system: file:/C:/Users/HP/git/giocoInformatica4/bin/assets/textures/enemies/Skeleton/Idle.png
11:07:50.142 [FXGL Background Thread 4 ] DEBUG FXGLAssetLoaderServi - Loading from file system: file:/C:/Users/HP/git/giocoInformatica4/bin/assets/textures/enemies/Skeleton/Walk.png
11:07:50.143 [FXGL Background Thread 4 ] DEBUG FXGLAssetLoaderServi - Loading from file system: file:/C:/Users/HP/git/giocoInformatica4/bin/assets/textures/enemies/Skeleton/Attack.png
11:07:50.144 [FXGL Background Thread 4 ] DEBUG FXGLAssetLoaderServi - Loading from file system: file:/C:/Users/HP/git/giocoInformatica4/bin/assets/textures/enemies/Skeleton/Take%20Hit.png
11:07:50.145 [FXGL Background Thread 4 ] DEBUG FXGLAssetLoaderServi - Loading from file system: file:/C:/Users/HP/git/giocoInformatica4/bin/assets/textures/enemies/Skeleton/Death.png
11:07:50.146 [FXGL Background Thread 4 ] DEBUG FXGLAssetLoaderServi - Loading from file system: file:/C:/Users/HP/git/giocoInformatica4/bin/assets/textures/enemies/Skeleton/Shield.png
11:07:50.162 [FXGL Background Thread 4 ] DEBUG FXGLAssetLoaderServi - Loading from file system: file:/C:/Users/HP/git/giocoInformatica4/bin/assets/textures/box.png
11:07:50.174 [FXGL Background Thread 4 ] DEBUG FXGLAssetLoaderServi - Loading from file system: file:/C:/Users/HP/git/giocoInformatica4/bin/assets/textures/bonfire.png
11:07:50.175 [FXGL Background Thread 4 ] DEBUG FXGLAssetLoaderServi - Loading from file system: file:/C:/Users/HP/git/giocoInformatica4/bin/assets/textures/bonfire_animation.png
11:07:50.182 [FXGL Background Thread 4 ] DEBUG FXGLAssetLoaderServi - Loading from file system: file:/C:/Users/HP/git/giocoInformatica4/bin/assets/textures/enemies/Flying%20eye/Flight.png
11:07:50.182 [FXGL Background Thread 4 ] DEBUG FXGLAssetLoaderServi - Loading from file system: file:/C:/Users/HP/git/giocoInformatica4/bin/assets/textures/enemies/Flying%20eye/Attack.png
11:07:50.186 [FXGL Background Thread 4 ] DEBUG FXGLAssetLoaderServi - Loading from file system: file:/C:/Users/HP/git/giocoInformatica4/bin/assets/textures/enemies/Flying%20eye/Take%20Hit.png
11:07:50.186 [FXGL Background Thread 4 ] DEBUG FXGLAssetLoaderServi - Loading from file system: file:/C:/Users/HP/git/giocoInformatica4/bin/assets/textures/enemies/Flying%20eye/Death.png
11:07:50.190 [FXGL Background Thread 4 ] DEBUG GameWorld            - Clearing removable entities
11:07:50.190 [FXGL Background Thread 4 ] DEBUG GameWorld            - Setting level: com.almasb.fxgl.entity.level.Level@52106b0b
11:07:50.201 [FXGL Background Thread 4 ] DEBUG FXGLAssetLoaderServi - Loading from file system: file:/C:/Users/HP/git/giocoInformatica4/bin/assets/textures/health/empty_health.png
11:07:50.202 [FXGL Background Thread 4 ] DEBUG FXGLAssetLoaderServi - Loading from file system: file:/C:/Users/HP/git/giocoInformatica4/bin/assets/textures/health/half_health.png
11:07:50.202 [FXGL Background Thread 4 ] DEBUG FXGLAssetLoaderServi - Loading from file system: file:/C:/Users/HP/git/giocoInformatica4/bin/assets/textures/health/full_health.png
11:07:50.205 [FXGL Background Thread 4 ] DEBUG FXGLAssetLoaderServi - Loading from file system: file:/C:/Users/HP/git/giocoInformatica4/bin/assets/textures/player/_Idle.png
11:07:50.206 [FXGL Background Thread 4 ] DEBUG FXGLAssetLoaderServi - Loading from file system: file:/C:/Users/HP/git/giocoInformatica4/bin/assets/textures/player/_Run.png
11:07:50.207 [FXGL Background Thread 4 ] DEBUG FXGLAssetLoaderServi - Loading from file system: file:/C:/Users/HP/git/giocoInformatica4/bin/assets/textures/player/_Jump.png
11:07:50.207 [FXGL Background Thread 4 ] DEBUG FXGLAssetLoaderServi - Loading from file system: file:/C:/Users/HP/git/giocoInformatica4/bin/assets/textures/player/_Fall.png
11:07:50.208 [FXGL Background Thread 4 ] DEBUG FXGLAssetLoaderServi - Loading from file system: file:/C:/Users/HP/git/giocoInformatica4/bin/assets/textures/player/_WallSlide.png
11:07:50.209 [FXGL Background Thread 4 ] DEBUG FXGLAssetLoaderServi - Loading from file system: file:/C:/Users/HP/git/giocoInformatica4/bin/assets/textures/player/_Attack.png
11:07:50.210 [FXGL Background Thread 4 ] DEBUG FXGLAssetLoaderServi - Loading from file system: file:/C:/Users/HP/git/giocoInformatica4/bin/assets/textures/player/_TurnAround.png
11:07:50.211 [FXGL Background Thread 4 ] DEBUG FXGLAssetLoaderServi - Loading from file system: file:/C:/Users/HP/git/giocoInformatica4/bin/assets/textures/player/_Hit.png
11:07:50.212 [FXGL Background Thread 4 ] DEBUG FXGLAssetLoaderServi - Loading from file system: file:/C:/Users/HP/git/giocoInformatica4/bin/assets/textures/player/_Death.png
11:07:50.215 [FXGL Background Thread 4 ] DEBUG FXGLAssetLoaderServi - Loading from file system: file:/C:/Users/HP/git/giocoInformatica4/bin/assets/textures/background/background.png
11:07:50.339 [FXGL Background Thread 4 ] DEBUG FXGLAssetLoaderServi - Loading from file system: file:/C:/Users/HP/git/giocoInformatica4/bin/assets/textures/background/castelBackgound.png
11:07:50.393 [FXGL Background Thread 4 ] INFO  FXGLApplication      - Game initialization took: 0,550 sec
11:07:50.394 [JavaFX Application Thread] DEBUG Input                - Clearing active input actions
11:07:50.399 [JavaFX Application Thread] DEBUG GameApplicationServi - Removing overlay from FXGLLoadingScene and adding to GameScene
11:07:50.401 [JavaFX Application Thread] DEBUG PrimaryStageWindow   - FXGLLoadingScene -> GameScene
11:07:51.160 [FXGL Background Thread 3 ] DEBUG Engine               - Logging environment variables
11:07:51.160 [FXGL Background Thread 3 ] DEBUG Engine               - achievements: []
11:07:51.160 [FXGL Background Thread 3 ] DEBUG Engine               - actualHeight: 1080.0
11:07:51.160 [FXGL Background Thread 3 ] DEBUG Engine               - actualHeightProperty: ReadOnlyDoubleProperty [value: 1080.0]
11:07:51.160 [FXGL Background Thread 3 ] DEBUG Engine               - actualWidth: 1920.0
11:07:51.161 [FXGL Background Thread 3 ] DEBUG Engine               - actualWidthProperty: ReadOnlyDoubleProperty [value: 1920.0]
11:07:51.161 [FXGL Background Thread 3 ] DEBUG Engine               - appIcon: fxgl_icon.png
11:07:51.161 [FXGL Background Thread 3 ] DEBUG Engine               - applicationMode: DEVELOPER
11:07:51.161 [FXGL Background Thread 3 ] DEBUG Engine               - cSSList: [fxgl_dark.css]
11:07:51.161 [FXGL Background Thread 3 ] DEBUG Engine               - collisionDetectionStrategy: BRUTE_FORCE
11:07:51.161 [FXGL Background Thread 3 ] DEBUG Engine               - configClass: Optional.empty
11:07:51.161 [FXGL Background Thread 3 ] DEBUG Engine               - credits: []
11:07:51.162 [FXGL Background Thread 3 ] DEBUG Engine               - defaultCursor: CursorInfo(imageName=fxgl_default_cursor.png, hotspotX=7.0, hotspotY=6.0)
11:07:51.162 [FXGL Background Thread 3 ] DEBUG Engine               - devBBoxColorProperty: ObjectProperty [value: 0xff0000ff]
11:07:51.162 [FXGL Background Thread 3 ] DEBUG Engine               - devEnableDebugCameraProperty: BooleanProperty [value: false]
11:07:51.163 [FXGL Background Thread 3 ] DEBUG Engine               - devSensorColorProperty: ObjectProperty [value: 0xffff00ff]
11:07:51.163 [FXGL Background Thread 3 ] DEBUG Engine               - devShowBBoxProperty: BooleanProperty [value: false]
11:07:51.163 [FXGL Background Thread 3 ] DEBUG Engine               - devShowPositionProperty: BooleanProperty [value: false]
11:07:51.163 [FXGL Background Thread 3 ] DEBUG Engine               - enabledMenuItems: []
11:07:51.163 [FXGL Background Thread 3 ] DEBUG Engine               - engineServices: [class com.almasb.fxgl.app.services.FXGLAssetLoaderService, class com.almasb.fxgl.app.FXGLApplication$GameApplicationService, class com.almasb.fxgl.app.services.FXGLDialogService, class com.almasb.fxgl.app.services.IOTaskExecutorService, class com.almasb.fxgl.io.FileSystemService, class com.almasb.fxgl.localization.LocalizationService, class com.almasb.fxgl.app.services.SystemBundleService, class com.almasb.fxgl.profile.SaveLoadService, class com.almasb.fxgl.ui.FXGLUIFactoryServiceProvider, class com.almasb.fxgl.ui.FXGLDialogFactoryServiceProvider, class com.almasb.fxgl.audio.AudioPlayer, class com.almasb.fxgl.notification.impl.NotificationServiceProvider, class com.almasb.fxgl.achievement.AchievementService, class com.almasb.fxgl.cutscene.CutsceneService, class com.almasb.fxgl.minigames.MiniGameService, class com.almasb.fxgl.net.NetService, class com.almasb.fxgl.app.services.UpdaterService, class com.almasb.fxgl.dev.DevService]
11:07:51.163 [FXGL Background Thread 3 ] DEBUG Engine               - fontGame: Abel-Regular.ttf
11:07:51.163 [FXGL Background Thread 3 ] DEBUG Engine               - fontMono: TerminalLandMono-Regular.otf
11:07:51.163 [FXGL Background Thread 3 ] DEBUG Engine               - fontText: Courier-Prime.ttf
11:07:51.163 [FXGL Background Thread 3 ] DEBUG Engine               - fontUI: VarelaRound-Regular.ttf
11:07:51.163 [FXGL Background Thread 3 ] DEBUG Engine               - fullScreen: BooleanProperty [value: false]
11:07:51.163 [FXGL Background Thread 3 ] DEBUG Engine               - gameDifficulty: MEDIUM
11:07:51.164 [FXGL Background Thread 3 ] DEBUG Engine               - gameDifficultyProperty: ObjectProperty [value: MEDIUM]
11:07:51.164 [FXGL Background Thread 3 ] DEBUG Engine               - globalMusicVolume: 0.5
11:07:51.164 [FXGL Background Thread 3 ] DEBUG Engine               - globalMusicVolumeProperty: DoubleProperty [value: 0.0]
11:07:51.164 [FXGL Background Thread 3 ] DEBUG Engine               - globalSoundVolume: 0.5
11:07:51.164 [FXGL Background Thread 3 ] DEBUG Engine               - globalSoundVolumeProperty: DoubleProperty [value: 0.5]
11:07:51.164 [FXGL Background Thread 3 ] DEBUG Engine               - height: 1080
11:07:51.164 [FXGL Background Thread 3 ] DEBUG Engine               - is3D: false
11:07:51.164 [FXGL Background Thread 3 ] DEBUG Engine               - isAndroid: false
11:07:51.165 [FXGL Background Thread 3 ] DEBUG Engine               - isBrowser: false
11:07:51.165 [FXGL Background Thread 3 ] DEBUG Engine               - isClickFeedbackEnabled: false
11:07:51.165 [FXGL Background Thread 3 ] DEBUG Engine               - isCloseConfirmation: false
11:07:51.165 [FXGL Background Thread 3 ] DEBUG Engine               - isDesktop: true
11:07:51.165 [FXGL Background Thread 3 ] DEBUG Engine               - isDeveloperMenuEnabled: true
11:07:51.165 [FXGL Background Thread 3 ] DEBUG Engine               - isEmbedded: false
11:07:51.165 [FXGL Background Thread 3 ] DEBUG Engine               - isEntityPreloadEnabled: true
11:07:51.165 [FXGL Background Thread 3 ] DEBUG Engine               - isExperimentalTiledLargeMap: false
11:07:51.165 [FXGL Background Thread 3 ] DEBUG Engine               - isFileSystemWriteAllowed: true
11:07:51.165 [FXGL Background Thread 3 ] DEBUG Engine               - isFullScreenAllowed: false
11:07:51.165 [FXGL Background Thread 3 ] DEBUG Engine               - isFullScreenFromStart: false
11:07:51.165 [FXGL Background Thread 3 ] DEBUG Engine               - isGameMenuEnabled: true
11:07:51.165 [FXGL Background Thread 3 ] DEBUG Engine               - isIOS: false
11:07:51.165 [FXGL Background Thread 3 ] DEBUG Engine               - isIntroEnabled: false
11:07:51.165 [FXGL Background Thread 3 ] DEBUG Engine               - isLinux: false
11:07:51.165 [FXGL Background Thread 3 ] DEBUG Engine               - isMac: false
11:07:51.165 [FXGL Background Thread 3 ] DEBUG Engine               - isMainMenuEnabled: true
11:07:51.165 [FXGL Background Thread 3 ] DEBUG Engine               - isManualResizeEnabled: false
11:07:51.166 [FXGL Background Thread 3 ] DEBUG Engine               - isMobile: false
11:07:51.166 [FXGL Background Thread 3 ] DEBUG Engine               - isNative: false
11:07:51.166 [FXGL Background Thread 3 ] DEBUG Engine               - isPauseMusicWhenMinimized: true
11:07:51.166 [FXGL Background Thread 3 ] DEBUG Engine               - isPreserveResizeRatio: false
11:07:51.166 [FXGL Background Thread 3 ] DEBUG Engine               - isProfilingEnabled: false
11:07:51.166 [FXGL Background Thread 3 ] DEBUG Engine               - isScaleAffectedOnResize: true
11:07:51.166 [FXGL Background Thread 3 ] DEBUG Engine               - isSingleStep: false
11:07:51.166 [FXGL Background Thread 3 ] DEBUG Engine               - isUserProfileEnabled: false
11:07:51.166 [FXGL Background Thread 3 ] DEBUG Engine               - isWindows: true
11:07:51.166 [FXGL Background Thread 3 ] DEBUG Engine               - language: ObjectProperty [value: ENGLISH]
11:07:51.167 [FXGL Background Thread 3 ] DEBUG Engine               - menuKey: ESCAPE
11:07:51.167 [FXGL Background Thread 3 ] DEBUG Engine               - mouseSensitivity: 0.2
11:07:51.167 [FXGL Background Thread 3 ] DEBUG Engine               - notificationViewClass: class com.almasb.fxgl.notification.view.XboxNotificationView
11:07:51.167 [FXGL Background Thread 3 ] DEBUG Engine               - pixelsPerMeter: 50.0
11:07:51.167 [FXGL Background Thread 3 ] DEBUG Engine               - platform: WINDOWS
11:07:51.167 [FXGL Background Thread 3 ] DEBUG Engine               - prefHeightProperty: ReadOnlyDoubleProperty [value: 1080.0]
11:07:51.167 [FXGL Background Thread 3 ] DEBUG Engine               - prefWidthProperty: ReadOnlyDoubleProperty [value: 1920.0]
11:07:51.167 [FXGL Background Thread 3 ] DEBUG Engine               - profileDir: profiles/
11:07:51.168 [FXGL Background Thread 3 ] DEBUG Engine               - profileName: StringProperty [value: DEFAULT]
11:07:51.168 [FXGL Background Thread 3 ] DEBUG Engine               - randomSeed: -1
11:07:51.168 [FXGL Background Thread 3 ] DEBUG Engine               - runtimeInfo: RuntimeInfo(platform=WINDOWS, version=17.1, build=24.03.2022 17.39)
11:07:51.168 [FXGL Background Thread 3 ] DEBUG Engine               - saveFileExt: sav
11:07:51.168 [FXGL Background Thread 3 ] DEBUG Engine               - scaledHeightProp$fxgl: DoubleProperty [bound, value: 1080.0]
11:07:51.168 [FXGL Background Thread 3 ] DEBUG Engine               - scaledWidthProp$fxgl: DoubleProperty [bound, value: 1920.0]
11:07:51.168 [FXGL Background Thread 3 ] DEBUG Engine               - sceneFactory: game.PlatformerApp$1@2051aef
11:07:51.168 [FXGL Background Thread 3 ] DEBUG Engine               - secondsIn24h: 60
11:07:51.168 [FXGL Background Thread 3 ] DEBUG Engine               - soundMenuBack: menu/back.wav
11:07:51.168 [FXGL Background Thread 3 ] DEBUG Engine               - soundMenuPress: menu/press.wav
11:07:51.169 [FXGL Background Thread 3 ] DEBUG Engine               - soundMenuSelect: menu/select.wav
11:07:51.169 [FXGL Background Thread 3 ] DEBUG Engine               - soundNotification: core/notification.wav
11:07:51.169 [FXGL Background Thread 3 ] DEBUG Engine               - stageStyle: DECORATED
11:07:51.169 [FXGL Background Thread 3 ] DEBUG Engine               - supportedLanguages: [ENGLISH, FRENCH, GERMAN, HUNGARIAN, RUSSIAN]
11:07:51.169 [FXGL Background Thread 3 ] DEBUG Engine               - ticksPerSecond: -1
11:07:51.169 [FXGL Background Thread 3 ] DEBUG Engine               - title: platformer
11:07:51.169 [FXGL Background Thread 3 ] DEBUG Engine               - urlGithub: https://github.com/AlmasB/FXGL
11:07:51.169 [FXGL Background Thread 3 ] DEBUG Engine               - urlLeaderboard: http://fxgl-top.herokuapp.com/
11:07:51.169 [FXGL Background Thread 3 ] DEBUG Engine               - urlPOM: https://raw.githubusercontent.com/AlmasB/FXGL/release/README.md
11:07:51.169 [FXGL Background Thread 3 ] DEBUG Engine               - userAppClass: class game.PlatformerApp
11:07:51.169 [FXGL Background Thread 3 ] DEBUG Engine               - version: 0.0
11:07:51.169 [FXGL Background Thread 3 ] DEBUG Engine               - versionCheckDays: 7
11:07:51.169 [FXGL Background Thread 3 ] DEBUG Engine               - width: 1920
11:07:51.169 [FXGL Background Thread 3 ] DEBUG Engine               - Logging services
11:07:51.169 [FXGL Background Thread 3 ] DEBUG Engine               - class com.almasb.fxgl.app.services.FXGLAssetLoaderService
11:07:51.170 [FXGL Background Thread 3 ] DEBUG Engine               - class com.almasb.fxgl.app.FXGLApplication$GameApplicationService
11:07:51.170 [FXGL Background Thread 3 ] DEBUG Engine               - class com.almasb.fxgl.app.services.FXGLDialogService
11:07:51.170 [FXGL Background Thread 3 ] DEBUG Engine               - class com.almasb.fxgl.app.services.IOTaskExecutorService
11:07:51.170 [FXGL Background Thread 3 ] DEBUG Engine               - class com.almasb.fxgl.io.FileSystemService
11:07:51.170 [FXGL Background Thread 3 ] DEBUG Engine               - class com.almasb.fxgl.localization.LocalizationService
11:07:51.170 [FXGL Background Thread 3 ] DEBUG Engine               - class com.almasb.fxgl.app.services.SystemBundleService
11:07:51.170 [FXGL Background Thread 3 ] DEBUG Engine               - class com.almasb.fxgl.profile.SaveLoadService
11:07:51.170 [FXGL Background Thread 3 ] DEBUG Engine               - class com.almasb.fxgl.ui.FXGLUIFactoryServiceProvider
11:07:51.170 [FXGL Background Thread 3 ] DEBUG Engine               - class com.almasb.fxgl.ui.FXGLDialogFactoryServiceProvider
11:07:51.170 [FXGL Background Thread 3 ] DEBUG Engine               - class com.almasb.fxgl.audio.AudioPlayer
11:07:51.170 [FXGL Background Thread 3 ] DEBUG Engine               - class com.almasb.fxgl.notification.impl.NotificationServiceProvider
11:07:51.170 [FXGL Background Thread 3 ] DEBUG Engine               - class com.almasb.fxgl.achievement.AchievementService
11:07:51.170 [FXGL Background Thread 3 ] DEBUG Engine               - class com.almasb.fxgl.cutscene.CutsceneService
11:07:51.170 [FXGL Background Thread 3 ] DEBUG Engine               - class com.almasb.fxgl.minigames.MiniGameService
11:07:51.170 [FXGL Background Thread 3 ] DEBUG Engine               - class com.almasb.fxgl.net.NetService
11:07:51.171 [FXGL Background Thread 3 ] DEBUG Engine               - class com.almasb.fxgl.app.services.UpdaterService
11:07:51.171 [FXGL Background Thread 3 ] DEBUG Engine               - class com.almasb.fxgl.dev.DevService
11:08:27.520 [JavaFX Application Thread] DEBUG FXGLApplication      - Exiting FXGL
11:08:27.520 [JavaFX Application Thread] DEBUG LoopRunner           - Stopping loop
11:08:27.520 [JavaFX Application Thread] DEBUG SystemBundleService  - Saving FXGL system data
11:08:27.522 [JavaFX Application Thread] DEBUG FileSystemAccess     - Writing to: C:\Users\HP\git\giocoInformatica4\system\fxgl.bundle
11:08:27.524 [JavaFX Application Thread] DEBUG Async                - Shutting down background threads
11:08:27.524 [JavaFX Application Thread] DEBUG PrimaryStageWindow   - Closing main window
11:08:27.531 [JavaFX Application Thread] DEBUG Logger               - Closing Logger
