17:19:08.369 [main                     ] DEBUG Logger               - Configured Logger
17:19:08.454 [main                     ] DEBUG GameApplication      - Logging settings
Title: platformer
Version: 0.0
Width: 1920
Height: 1080
Fullscreen: false
Intro: false
Profiling: false
Single step:false
App Mode: DEVELOPER
Menu Key: ESCAPE
Stage Style: DECORATED
Scene Factory: class game.PlatformerApp$1

17:19:09.227 [JavaFX Application Thread] DEBUG FXGLApplication      - Initializing FXGL
17:19:09.238 [JavaFX Application Thread] INFO  Engine               - FXGL-17.1 (24.03.2022 17.39) on WINDOWS (J:17.0.2 FX:18)
17:19:09.239 [JavaFX Application Thread] DEBUG Engine               - JRE Vendor Name: Eclipse Adoptium
17:19:09.242 [JavaFX Application Thread] DEBUG Engine               - Running on OS: Windows 10 version 10.0
17:19:09.242 [JavaFX Application Thread] DEBUG Engine               - Architecture: amd64
17:19:09.243 [JavaFX Application Thread] INFO  Engine               - Source code and latest versions at: https://github.com/AlmasB/FXGL
17:19:09.243 [JavaFX Application Thread] INFO  Engine               -       Ask questions and discuss at: https://github.com/AlmasB/FXGL/discussions
17:19:09.243 [JavaFX Application Thread] INFO  Engine               -              Join the FXGL chat at: https://gitter.im/AlmasB/FXGL
17:19:09.433 [JavaFX Application Thread] DEBUG PrimaryStageWindow   - Creating a JavaFX scene
17:19:09.435 [JavaFX Application Thread] DEBUG PrimaryStageWindow   - Target size > screen size
17:19:09.517 [JavaFX Application Thread] DEBUG PrimaryStageWindow   - Target settings size: 1920.0 x 1080.0
17:19:09.518 [JavaFX Application Thread] DEBUG PrimaryStageWindow   - Scaled scene size:    1269.0 x 727.0
17:19:09.519 [JavaFX Application Thread] DEBUG PrimaryStageWindow   - Scaled ratio: (0.6609375, 0.6731481481481482)
17:19:09.521 [JavaFX Application Thread] DEBUG PrimaryStageWindow   - Set initial scene to FXGLStartupScene
17:19:09.538 [JavaFX Application Thread] DEBUG PrimaryStageWindow   - Opening main window
17:19:09.725 [JavaFX Application Thread] DEBUG PrimaryStageWindow   - Window border size: (16.0, 39.0)
17:19:09.725 [JavaFX Application Thread] DEBUG PrimaryStageWindow   - Scaled size: 1269.0 x 727.0
17:19:09.726 [JavaFX Application Thread] DEBUG PrimaryStageWindow   - Scaled ratio: (0.6609375, 0.6731481481481482)
17:19:09.729 [JavaFX Application Thread] DEBUG PrimaryStageWindow   - Scene size: 1269.0 x 727.0
17:19:09.730 [JavaFX Application Thread] DEBUG PrimaryStageWindow   - Stage size: 1285.0 x 766.0
17:19:09.821 [FXGL Background Thread 1 ] DEBUG Engine               - Initializing environment variables
17:19:09.926 [FXGL Background Thread 1 ] DEBUG FXGLAssetLoaderServi - User app class for loading assets: class game.PlatformerApp
17:19:09.926 [FXGL Background Thread 1 ] DEBUG GameApplicationServi - Applying CSS: fxgl_dark.css
17:19:09.929 [FXGL Background Thread 1 ] DEBUG FXGLAssetLoaderServi - Loading from file system: jar:file:/C:/jav/fxgl-17.1-uber.jar!/fxglassets/ui/css/fxgl_dark.css
17:19:10.039 [FXGL Background Thread 1 ] DEBUG GameApplicationServi - Initializing application scenes
17:19:10.257 [FXGL Background Thread 1 ] DEBUG GameWorld            - Game world initialized
17:19:10.362 [FXGL Background Thread 1 ] DEBUG PhysicsWorld         - Physics world initialized: appHeight=1080, physics.ppm=50,0
17:19:10.363 [FXGL Background Thread 1 ] DEBUG PhysicsWorld         - Using strategy: BRUTE_FORCE
17:19:10.372 [FXGL Background Thread 1 ] DEBUG GameScene            - Game scene initialized: 1920x1080
17:19:10.529 [FXGL Background Thread 1 ] DEBUG GameApplicationServi - Application scenes initialized
17:19:10.557 [FXGL Background Thread 1 ] DEBUG SystemBundleService  - Loading FXGL system data
17:19:10.569 [FXGL Background Thread 1 ] DEBUG FileSystemAccess     - Reading from: C:\Users\G\git\giocoInformatica_final_sulSerio\system\fxgl.bundle
17:19:10.587 [FXGL Background Thread 1 ] DEBUG SystemBundleService  - Bundle FXGL: {}
17:19:10.587 [FXGL Background Thread 1 ] DEBUG UpdaterService       - Checking for updates
17:19:10.697 [FXGL Background Thread 1 ] DEBUG FXGLApplication      - Loading default localization
17:19:10.699 [FXGL Background Thread 1 ] DEBUG FXGLAssetLoaderServi - Loading from file system: jar:file:/C:/jav/fxgl-17.1-uber.jar!/fxglassets/languages/english.lang
17:19:10.719 [FXGL Background Thread 4 ] DEBUG FXGLApplication      - Loading fonts
17:19:10.720 [FXGL Background Thread 4 ] DEBUG FXGLAssetLoaderServi - Loading from file system: jar:file:/C:/jav/fxgl-17.1-uber.jar!/fxglassets/ui/fonts/VarelaRound-Regular.ttf
17:19:10.816 [FXGL Background Thread 1 ] INFO  FXGLApplication      - FXGL initialization took: 0,994 sec
17:19:10.832 [JavaFX Application Thread] DEBUG Input                - Registered new binding: Left - A
17:19:10.833 [JavaFX Application Thread] DEBUG Input                - Registered new binding: Right - D
17:19:10.834 [JavaFX Application Thread] DEBUG Input                - Registered new binding: Jump - Space
17:19:10.834 [JavaFX Application Thread] DEBUG Input                - Registered new binding: Attack - F
17:19:10.837 [JavaFX Application Thread] DEBUG Input                - Registered new binding: menu dev - P
17:19:10.837 [JavaFX Application Thread] DEBUG Input                - Registered new binding: interact - E
17:19:10.839 [JavaFX Application Thread] DEBUG FXGLAssetLoaderServi - Loading from file system: file:/C:/Users/G/git/giocoInformatica_final_sulSerio/bin/assets/music/BGM_dash_runner.wav
17:19:11.297 [JavaFX Application Thread] DEBUG AudioPlayer          - Playing music com.almasb.fxgl.audio.Music@101b8db4
17:19:11.298 [JavaFX Application Thread] DEBUG PhysicsWorld         - Clearing physics world
17:19:11.298 [JavaFX Application Thread] DEBUG FXGLAssetLoaderServi - Loading from file system: jar:file:/C:/jav/fxgl-17.1-uber.jar!/fxglassets/textures/fxgl_icon.png
17:19:11.349 [FXGL Background Thread 4 ] DEBUG FXGLAssetLoaderServi - Loading from file system: jar:file:/C:/jav/fxgl-17.1-uber.jar!/fxglassets/ui/fonts/Abel-Regular.ttf
17:19:11.363 [FXGL Background Thread 4 ] DEBUG FXGLAssetLoaderServi - Loading from file system: jar:file:/C:/jav/fxgl-17.1-uber.jar!/fxglassets/ui/fonts/TerminalLandMono-Regular.otf
17:19:11.377 [FXGL Background Thread 4 ] DEBUG FXGLAssetLoaderServi - Loading from file system: jar:file:/C:/jav/fxgl-17.1-uber.jar!/fxglassets/ui/fonts/Courier-Prime.ttf
17:19:11.437 [JavaFX Application Thread] DEBUG FXGLAssetLoaderServi - Loading from file system: jar:file:/C:/jav/fxgl-17.1-uber.jar!/fxglassets/textures/fxgl_default_cursor.png
17:19:11.446 [JavaFX Application Thread] DEBUG Input                - Registered new binding: Screenshot - CTRL+8
17:19:11.447 [JavaFX Application Thread] DEBUG Input                - Registered new binding: Dev Options - 1
17:19:11.447 [JavaFX Application Thread] DEBUG Input                - Registered new binding: Dev Console - 2
17:19:11.449 [JavaFX Application Thread] DEBUG Input                - Registered new binding: System info dump - CTRL+9
17:19:11.450 [JavaFX Application Thread] DEBUG Input                - Registered new binding: Restart - CTRL+R
17:19:11.452 [JavaFX Application Thread] DEBUG Input                - Registered new binding: Toggle Debug Camera - CTRL+7
17:19:11.469 [JavaFX Application Thread] DEBUG LoopRunner           - Starting loop
17:19:11.493 [JavaFX Application Thread] DEBUG LoopRunner           - Initializing JavaFX AnimationTimerLoop
17:19:11.498 [JavaFX Application Thread] DEBUG Input                - Clearing active input actions
17:19:11.546 [JavaFX Application Thread] DEBUG GameApplicationServi - Removing overlay from FXGLStartupScene and adding to FXGLMainMenuDummyScene
17:19:11.558 [JavaFX Application Thread] DEBUG PrimaryStageWindow   - FXGLStartupScene -> FXGLMainMenuDummyScene
17:19:11.559 [JavaFX Application Thread] DEBUG PrimaryStageWindow   - Push state: PlatformerMainMenu
17:19:11.559 [JavaFX Application Thread] DEBUG Input                - Clearing active input actions
17:19:11.581 [JavaFX Application Thread] DEBUG GameApplicationServi - Removing overlay from FXGLMainMenuDummyScene and adding to PlatformerMainMenu
17:19:11.582 [JavaFX Application Thread] DEBUG PrimaryStageWindow   - FXGLMainMenuDummyScene -> PlatformerMainMenu
17:19:11.615 [JavaFX Application Thread] DEBUG FXGLApplication      - Registering font factories with UI factory
17:19:12.963 [JavaFX Application Thread] DEBUG PrimaryStageWindow   - Push state: DialogSubScene
17:19:12.963 [JavaFX Application Thread] DEBUG Input                - Clearing active input actions
17:19:12.967 [JavaFX Application Thread] DEBUG GameApplicationServi - Removing overlay from PlatformerMainMenu and adding to DialogSubScene
17:19:12.985 [JavaFX Application Thread] DEBUG PrimaryStageWindow   - PlatformerMainMenu -> DialogSubScene
17:19:13.701 [FXGL Background Thread 3 ] DEBUG Engine               - Logging environment variables
17:19:13.709 [FXGL Background Thread 3 ] DEBUG Engine               - achievements: []
17:19:13.712 [FXGL Background Thread 3 ] DEBUG Engine               - actualHeight: 727.0
17:19:13.713 [FXGL Background Thread 3 ] DEBUG Engine               - actualHeightProperty: ReadOnlyDoubleProperty [value: 727.0]
17:19:13.713 [FXGL Background Thread 3 ] DEBUG Engine               - actualWidth: 1269.0
17:19:13.713 [FXGL Background Thread 3 ] DEBUG Engine               - actualWidthProperty: ReadOnlyDoubleProperty [value: 1269.0]
17:19:13.716 [FXGL Background Thread 3 ] DEBUG Engine               - appIcon: fxgl_icon.png
17:19:13.716 [FXGL Background Thread 3 ] DEBUG Engine               - applicationMode: DEVELOPER
17:19:13.716 [FXGL Background Thread 3 ] DEBUG Engine               - cSSList: [fxgl_dark.css]
17:19:13.716 [FXGL Background Thread 3 ] DEBUG Engine               - collisionDetectionStrategy: BRUTE_FORCE
17:19:13.717 [FXGL Background Thread 3 ] DEBUG Engine               - configClass: Optional.empty
17:19:13.717 [FXGL Background Thread 3 ] DEBUG Engine               - credits: []
17:19:13.720 [FXGL Background Thread 3 ] DEBUG Engine               - defaultCursor: CursorInfo(imageName=fxgl_default_cursor.png, hotspotX=7.0, hotspotY=6.0)
17:19:13.721 [FXGL Background Thread 3 ] DEBUG Engine               - devBBoxColorProperty: ObjectProperty [value: 0xff0000ff]
17:19:13.721 [FXGL Background Thread 3 ] DEBUG Engine               - devEnableDebugCameraProperty: BooleanProperty [value: false]
17:19:13.721 [FXGL Background Thread 3 ] DEBUG Engine               - devSensorColorProperty: ObjectProperty [value: 0xffff00ff]
17:19:13.721 [FXGL Background Thread 3 ] DEBUG Engine               - devShowBBoxProperty: BooleanProperty [value: false]
17:19:13.722 [FXGL Background Thread 3 ] DEBUG Engine               - devShowPositionProperty: BooleanProperty [value: false]
17:19:13.722 [FXGL Background Thread 3 ] DEBUG Engine               - enabledMenuItems: []
17:19:13.723 [FXGL Background Thread 3 ] DEBUG Engine               - engineServices: [class com.almasb.fxgl.app.services.FXGLAssetLoaderService, class com.almasb.fxgl.app.FXGLApplication$GameApplicationService, class com.almasb.fxgl.app.services.FXGLDialogService, class com.almasb.fxgl.app.services.IOTaskExecutorService, class com.almasb.fxgl.io.FileSystemService, class com.almasb.fxgl.localization.LocalizationService, class com.almasb.fxgl.app.services.SystemBundleService, class com.almasb.fxgl.profile.SaveLoadService, class com.almasb.fxgl.ui.FXGLUIFactoryServiceProvider, class com.almasb.fxgl.ui.FXGLDialogFactoryServiceProvider, class com.almasb.fxgl.audio.AudioPlayer, class com.almasb.fxgl.notification.impl.NotificationServiceProvider, class com.almasb.fxgl.achievement.AchievementService, class com.almasb.fxgl.cutscene.CutsceneService, class com.almasb.fxgl.minigames.MiniGameService, class com.almasb.fxgl.net.NetService, class com.almasb.fxgl.app.services.UpdaterService, class com.almasb.fxgl.dev.DevService]
17:19:13.723 [FXGL Background Thread 3 ] DEBUG Engine               - fontGame: Abel-Regular.ttf
17:19:13.723 [FXGL Background Thread 3 ] DEBUG Engine               - fontMono: TerminalLandMono-Regular.otf
17:19:13.723 [FXGL Background Thread 3 ] DEBUG Engine               - fontText: Courier-Prime.ttf
17:19:13.723 [FXGL Background Thread 3 ] DEBUG Engine               - fontUI: VarelaRound-Regular.ttf
17:19:13.724 [FXGL Background Thread 3 ] DEBUG Engine               - fullScreen: BooleanProperty [value: false]
17:19:13.724 [FXGL Background Thread 3 ] DEBUG Engine               - gameDifficulty: MEDIUM
17:19:13.724 [FXGL Background Thread 3 ] DEBUG Engine               - gameDifficultyProperty: ObjectProperty [value: MEDIUM]
17:19:13.724 [FXGL Background Thread 3 ] DEBUG Engine               - globalMusicVolume: 0.5
17:19:13.724 [FXGL Background Thread 3 ] DEBUG Engine               - globalMusicVolumeProperty: DoubleProperty [value: 0.25]
17:19:13.724 [FXGL Background Thread 3 ] DEBUG Engine               - globalSoundVolume: 0.5
17:19:13.725 [FXGL Background Thread 3 ] DEBUG Engine               - globalSoundVolumeProperty: DoubleProperty [value: 0.5]
17:19:13.725 [FXGL Background Thread 3 ] DEBUG Engine               - height: 1080
17:19:13.725 [FXGL Background Thread 3 ] DEBUG Engine               - is3D: false
17:19:13.725 [FXGL Background Thread 3 ] DEBUG Engine               - isAndroid: false
17:19:13.725 [FXGL Background Thread 3 ] DEBUG Engine               - isBrowser: false
17:19:13.726 [FXGL Background Thread 3 ] DEBUG Engine               - isClickFeedbackEnabled: false
17:19:13.726 [FXGL Background Thread 3 ] DEBUG Engine               - isCloseConfirmation: false
17:19:13.726 [FXGL Background Thread 3 ] DEBUG Engine               - isDesktop: true
17:19:13.726 [FXGL Background Thread 3 ] DEBUG Engine               - isDeveloperMenuEnabled: true
17:19:13.726 [FXGL Background Thread 3 ] DEBUG Engine               - isEmbedded: false
17:19:13.726 [FXGL Background Thread 3 ] DEBUG Engine               - isEntityPreloadEnabled: true
17:19:13.727 [FXGL Background Thread 3 ] DEBUG Engine               - isExperimentalTiledLargeMap: false
17:19:13.727 [FXGL Background Thread 3 ] DEBUG Engine               - isFileSystemWriteAllowed: true
17:19:13.727 [FXGL Background Thread 3 ] DEBUG Engine               - isFullScreenAllowed: false
17:19:13.727 [FXGL Background Thread 3 ] DEBUG Engine               - isFullScreenFromStart: false
17:19:13.727 [FXGL Background Thread 3 ] DEBUG Engine               - isGameMenuEnabled: true
17:19:13.727 [FXGL Background Thread 3 ] DEBUG Engine               - isIOS: false
17:19:13.728 [FXGL Background Thread 3 ] DEBUG Engine               - isIntroEnabled: false
17:19:13.728 [FXGL Background Thread 3 ] DEBUG Engine               - isLinux: false
17:19:13.728 [FXGL Background Thread 3 ] DEBUG Engine               - isMac: false
17:19:13.728 [FXGL Background Thread 3 ] DEBUG Engine               - isMainMenuEnabled: true
17:19:13.728 [FXGL Background Thread 3 ] DEBUG Engine               - isManualResizeEnabled: false
17:19:13.728 [FXGL Background Thread 3 ] DEBUG Engine               - isMobile: false
17:19:13.729 [FXGL Background Thread 3 ] DEBUG Engine               - isNative: false
17:19:13.729 [FXGL Background Thread 3 ] DEBUG Engine               - isPauseMusicWhenMinimized: true
17:19:13.729 [FXGL Background Thread 3 ] DEBUG Engine               - isPreserveResizeRatio: false
17:19:13.729 [FXGL Background Thread 3 ] DEBUG Engine               - isProfilingEnabled: false
17:19:13.729 [FXGL Background Thread 3 ] DEBUG Engine               - isScaleAffectedOnResize: true
17:19:13.730 [FXGL Background Thread 3 ] DEBUG Engine               - isSingleStep: false
17:19:13.730 [FXGL Background Thread 3 ] DEBUG Engine               - isUserProfileEnabled: false
17:19:13.730 [FXGL Background Thread 3 ] DEBUG Engine               - isWindows: true
17:19:13.730 [FXGL Background Thread 3 ] DEBUG Engine               - language: ObjectProperty [value: ENGLISH]
17:19:13.730 [FXGL Background Thread 3 ] DEBUG Engine               - menuKey: ESCAPE
17:19:13.730 [FXGL Background Thread 3 ] DEBUG Engine               - mouseSensitivity: 0.2
17:19:13.731 [FXGL Background Thread 3 ] DEBUG Engine               - notificationViewClass: class com.almasb.fxgl.notification.view.XboxNotificationView
17:19:13.731 [FXGL Background Thread 3 ] DEBUG Engine               - pixelsPerMeter: 50.0
17:19:13.731 [FXGL Background Thread 3 ] DEBUG Engine               - platform: WINDOWS
17:19:13.731 [FXGL Background Thread 3 ] DEBUG Engine               - prefHeightProperty: ReadOnlyDoubleProperty [value: 1080.0]
17:19:13.820 [FXGL Background Thread 3 ] DEBUG Engine               - prefWidthProperty: ReadOnlyDoubleProperty [value: 1920.0]
17:19:13.820 [FXGL Background Thread 3 ] DEBUG Engine               - profileDir: profiles/
17:19:13.820 [FXGL Background Thread 3 ] DEBUG Engine               - profileName: StringProperty [value: DEFAULT]
17:19:13.820 [FXGL Background Thread 3 ] DEBUG Engine               - randomSeed: -1
17:19:13.822 [FXGL Background Thread 3 ] DEBUG Engine               - runtimeInfo: RuntimeInfo(platform=WINDOWS, version=17.1, build=24.03.2022 17.39)
17:19:13.822 [FXGL Background Thread 3 ] DEBUG Engine               - saveFileExt: sav
17:19:13.823 [FXGL Background Thread 3 ] DEBUG Engine               - scaledHeightProp$fxgl: DoubleProperty [bound, value: 727.0]
17:19:13.823 [FXGL Background Thread 3 ] DEBUG Engine               - scaledWidthProp$fxgl: DoubleProperty [bound, value: 1269.0]
17:19:13.823 [FXGL Background Thread 3 ] DEBUG Engine               - sceneFactory: game.PlatformerApp$1@46c01a18
17:19:13.823 [FXGL Background Thread 3 ] DEBUG Engine               - secondsIn24h: 60
17:19:13.823 [FXGL Background Thread 3 ] DEBUG Engine               - soundMenuBack: menu/back.wav
17:19:13.823 [FXGL Background Thread 3 ] DEBUG Engine               - soundMenuPress: menu/press.wav
17:19:13.824 [FXGL Background Thread 3 ] DEBUG Engine               - soundMenuSelect: menu/select.wav
17:19:13.824 [FXGL Background Thread 3 ] DEBUG Engine               - soundNotification: core/notification.wav
17:19:13.824 [FXGL Background Thread 3 ] DEBUG Engine               - stageStyle: DECORATED
17:19:13.824 [FXGL Background Thread 3 ] DEBUG Engine               - supportedLanguages: [ENGLISH, FRENCH, GERMAN, HUNGARIAN, RUSSIAN]
17:19:13.824 [FXGL Background Thread 3 ] DEBUG Engine               - ticksPerSecond: -1
17:19:13.825 [FXGL Background Thread 3 ] DEBUG Engine               - title: platformer
17:19:13.825 [FXGL Background Thread 3 ] DEBUG Engine               - urlGithub: https://github.com/AlmasB/FXGL
17:19:13.825 [FXGL Background Thread 3 ] DEBUG Engine               - urlLeaderboard: http://fxgl-top.herokuapp.com/
17:19:13.825 [FXGL Background Thread 3 ] DEBUG Engine               - urlPOM: https://raw.githubusercontent.com/AlmasB/FXGL/release/README.md
17:19:13.829 [FXGL Background Thread 3 ] DEBUG Engine               - userAppClass: class game.PlatformerApp
17:19:13.829 [FXGL Background Thread 3 ] DEBUG Engine               - version: 0.0
17:19:13.830 [FXGL Background Thread 3 ] DEBUG Engine               - versionCheckDays: 7
17:19:13.830 [FXGL Background Thread 3 ] DEBUG Engine               - width: 1920
17:19:13.830 [FXGL Background Thread 3 ] DEBUG Engine               - Logging services
17:19:13.831 [FXGL Background Thread 3 ] DEBUG Engine               - class com.almasb.fxgl.app.services.FXGLAssetLoaderService
17:19:13.831 [FXGL Background Thread 3 ] DEBUG Engine               - class com.almasb.fxgl.app.FXGLApplication$GameApplicationService
17:19:13.831 [FXGL Background Thread 3 ] DEBUG Engine               - class com.almasb.fxgl.app.services.FXGLDialogService
17:19:13.831 [FXGL Background Thread 3 ] DEBUG Engine               - class com.almasb.fxgl.app.services.IOTaskExecutorService
17:19:13.831 [FXGL Background Thread 3 ] DEBUG Engine               - class com.almasb.fxgl.io.FileSystemService
17:19:13.831 [FXGL Background Thread 3 ] DEBUG Engine               - class com.almasb.fxgl.localization.LocalizationService
17:19:13.832 [FXGL Background Thread 3 ] DEBUG Engine               - class com.almasb.fxgl.app.services.SystemBundleService
17:19:13.832 [FXGL Background Thread 3 ] DEBUG Engine               - class com.almasb.fxgl.profile.SaveLoadService
17:19:13.832 [FXGL Background Thread 3 ] DEBUG Engine               - class com.almasb.fxgl.ui.FXGLUIFactoryServiceProvider
17:19:13.832 [FXGL Background Thread 3 ] DEBUG Engine               - class com.almasb.fxgl.ui.FXGLDialogFactoryServiceProvider
17:19:13.833 [FXGL Background Thread 3 ] DEBUG Engine               - class com.almasb.fxgl.audio.AudioPlayer
17:19:13.833 [FXGL Background Thread 3 ] DEBUG Engine               - class com.almasb.fxgl.notification.impl.NotificationServiceProvider
17:19:13.833 [FXGL Background Thread 3 ] DEBUG Engine               - class com.almasb.fxgl.achievement.AchievementService
17:19:13.833 [FXGL Background Thread 3 ] DEBUG Engine               - class com.almasb.fxgl.cutscene.CutsceneService
17:19:13.833 [FXGL Background Thread 3 ] DEBUG Engine               - class com.almasb.fxgl.minigames.MiniGameService
17:19:13.833 [FXGL Background Thread 3 ] DEBUG Engine               - class com.almasb.fxgl.net.NetService
17:19:13.833 [FXGL Background Thread 3 ] DEBUG Engine               - class com.almasb.fxgl.app.services.UpdaterService
17:19:13.834 [FXGL Background Thread 3 ] DEBUG Engine               - class com.almasb.fxgl.dev.DevService
17:19:14.464 [JavaFX Application Thread] DEBUG PrimaryStageWindow   - Pop state: DialogSubScene
17:19:14.464 [JavaFX Application Thread] DEBUG Input                - Clearing active input actions
17:19:14.466 [JavaFX Application Thread] DEBUG GameApplicationServi - Removing overlay from DialogSubScene and adding to PlatformerMainMenu
17:19:14.473 [JavaFX Application Thread] DEBUG PrimaryStageWindow   - PlatformerMainMenu <- DialogSubScene
17:19:14.478 [JavaFX Application Thread] DEBUG Menu                 - fireNewGame()
17:19:14.480 [JavaFX Application Thread] DEBUG GameApplicationServi - Starting new game
17:19:14.481 [JavaFX Application Thread] DEBUG PrimaryStageWindow   - Pop state: PlatformerMainMenu
17:19:14.481 [JavaFX Application Thread] DEBUG Input                - Clearing active input actions
17:19:14.484 [JavaFX Application Thread] DEBUG GameApplicationServi - Removing overlay from PlatformerMainMenu and adding to FXGLMainMenuDummyScene
17:19:14.485 [JavaFX Application Thread] DEBUG PrimaryStageWindow   - FXGLMainMenuDummyScene <- PlatformerMainMenu
17:19:14.489 [JavaFX Application Thread] DEBUG Input                - Clearing active input actions
17:19:14.519 [JavaFX Application Thread] DEBUG GameApplicationServi - Removing overlay from FXGLMainMenuDummyScene and adding to FXGLLoadingScene
17:19:14.539 [JavaFX Application Thread] DEBUG PrimaryStageWindow   - FXGLMainMenuDummyScene -> FXGLLoadingScene
17:19:14.541 [JavaFX Application Thread] DEBUG GameApplicationServi - Clearing previous game
17:19:14.541 [JavaFX Application Thread] DEBUG GameScene            - Clearing game scene
17:19:14.541 [JavaFX Application Thread] DEBUG GameWorld            - Clearing game world
17:19:14.542 [JavaFX Application Thread] DEBUG PhysicsWorld         - Clearing physics world
17:19:14.547 [FXGL Background Thread 4 ] DEBUG FXGLApplication      - Initializing game
17:19:14.770 [FXGL Background Thread 4 ] WARN  TMXLevelLoader       - TiledMap generated from 1.8.4. Supported version: 1.4.2. Some features may not be parsed fully.
17:19:14.886 [FXGL Background Thread 4 ] DEBUG TMXLevelLoader       - Parsed TiledMap: file:/C:/Users/G/git/giocoInformatica_final_sulSerio/bin/assets/levels/tmx/level1.tmx
17:19:14.887 [FXGL Background Thread 4 ] DEBUG TMXLevelLoader       - Creating tile layer entities
17:19:14.891 [FXGL Background Thread 4 ] DEBUG TilesetLoader        - Loading view for layer wall 2
17:19:14.928 [FXGL Background Thread 4 ] DEBUG TilesetLoader        - Created buffer with size 2240.0x2560.0
17:19:15.227 [FXGL Background Thread 4 ] WARN  TilesetLoader        - Diagonally flipped tiles are not currently supported
17:19:15.247 [FXGL Background Thread 4 ] WARN  TilesetLoader        - Diagonally flipped tiles are not currently supported
17:19:15.249 [FXGL Background Thread 4 ] WARN  TilesetLoader        - Diagonally flipped tiles are not currently supported
17:19:15.380 [FXGL Background Thread 4 ] WARN  TilesetLoader        - Diagonally flipped tiles are not currently supported
17:19:15.465 [FXGL Background Thread 4 ] WARN  TilesetLoader        - Diagonally flipped tiles are not currently supported
17:19:15.476 [FXGL Background Thread 4 ] DEBUG TilesetLoader        - Loading view for layer wall 1
17:19:15.519 [FXGL Background Thread 4 ] DEBUG TilesetLoader        - Created buffer with size 2240.0x2560.0
17:19:15.627 [FXGL Background Thread 4 ] DEBUG TilesetLoader        - Loading view for layer platforms
17:19:15.650 [FXGL Background Thread 4 ] DEBUG TilesetLoader        - Created buffer with size 2240.0x2560.0
17:19:15.831 [FXGL Background Thread 4 ] DEBUG TilesetLoader        - Loading view for layer spike
17:19:15.868 [FXGL Background Thread 4 ] DEBUG TilesetLoader        - Created buffer with size 2240.0x2560.0
17:19:15.932 [FXGL Background Thread 4 ] DEBUG TilesetLoader        - Loading view for layer ground
17:19:15.951 [FXGL Background Thread 4 ] DEBUG TilesetLoader        - Created buffer with size 2240.0x2560.0
17:19:15.984 [FXGL Background Thread 4 ] DEBUG TMXLevelLoader       - Creating object layer entities
17:19:16.063 [FXGL Background Thread 4 ] DEBUG FXGLAssetLoaderServi - Loading from file system: file:/C:/Users/G/git/giocoInformatica_final_sulSerio/bin/assets/textures/enemies/Skeleton/Idle.png
17:19:16.066 [FXGL Background Thread 4 ] DEBUG FXGLAssetLoaderServi - Loading from file system: file:/C:/Users/G/git/giocoInformatica_final_sulSerio/bin/assets/textures/enemies/Skeleton/Walk.png
17:19:16.068 [FXGL Background Thread 4 ] DEBUG FXGLAssetLoaderServi - Loading from file system: file:/C:/Users/G/git/giocoInformatica_final_sulSerio/bin/assets/textures/enemies/Skeleton/Attack.png
17:19:16.073 [FXGL Background Thread 4 ] DEBUG FXGLAssetLoaderServi - Loading from file system: file:/C:/Users/G/git/giocoInformatica_final_sulSerio/bin/assets/textures/enemies/Skeleton/Take%20Hit.png
17:19:16.076 [FXGL Background Thread 4 ] DEBUG FXGLAssetLoaderServi - Loading from file system: file:/C:/Users/G/git/giocoInformatica_final_sulSerio/bin/assets/textures/enemies/Skeleton/Death.png
17:19:16.078 [FXGL Background Thread 4 ] DEBUG FXGLAssetLoaderServi - Loading from file system: file:/C:/Users/G/git/giocoInformatica_final_sulSerio/bin/assets/textures/enemies/Skeleton/Shield.png
17:19:16.173 [FXGL Background Thread 4 ] DEBUG FXGLAssetLoaderServi - Loading from file system: file:/C:/Users/G/git/giocoInformatica_final_sulSerio/bin/assets/textures/box.png
17:19:16.227 [FXGL Background Thread 4 ] DEBUG FXGLAssetLoaderServi - Loading from file system: file:/C:/Users/G/git/giocoInformatica_final_sulSerio/bin/assets/textures/bonfire.png
17:19:16.229 [FXGL Background Thread 4 ] DEBUG FXGLAssetLoaderServi - Loading from file system: file:/C:/Users/G/git/giocoInformatica_final_sulSerio/bin/assets/textures/bonfire_animation.png
17:19:16.246 [FXGL Background Thread 4 ] DEBUG FXGLAssetLoaderServi - Loading from file system: file:/C:/Users/G/git/giocoInformatica_final_sulSerio/bin/assets/textures/enemies/Flying%20eye/Flight.png
17:19:16.248 [FXGL Background Thread 4 ] DEBUG FXGLAssetLoaderServi - Loading from file system: file:/C:/Users/G/git/giocoInformatica_final_sulSerio/bin/assets/textures/enemies/Flying%20eye/Attack.png
17:19:16.281 [FXGL Background Thread 4 ] DEBUG FXGLAssetLoaderServi - Loading from file system: file:/C:/Users/G/git/giocoInformatica_final_sulSerio/bin/assets/textures/enemies/Flying%20eye/Take%20Hit.png
17:19:16.283 [FXGL Background Thread 4 ] DEBUG FXGLAssetLoaderServi - Loading from file system: file:/C:/Users/G/git/giocoInformatica_final_sulSerio/bin/assets/textures/enemies/Flying%20eye/Death.png
17:19:16.320 [FXGL Background Thread 4 ] DEBUG FXGLAssetLoaderServi - Loading from file system: file:/C:/Users/G/git/giocoInformatica_final_sulSerio/bin/assets/textures/enemies/Goblin/Idle.png
17:19:16.345 [FXGL Background Thread 4 ] DEBUG FXGLAssetLoaderServi - Loading from file system: file:/C:/Users/G/git/giocoInformatica_final_sulSerio/bin/assets/textures/enemies/Goblin/Run.png
17:19:16.348 [FXGL Background Thread 4 ] DEBUG FXGLAssetLoaderServi - Loading from file system: file:/C:/Users/G/git/giocoInformatica_final_sulSerio/bin/assets/textures/enemies/Goblin/Attack.png
17:19:16.370 [FXGL Background Thread 4 ] DEBUG FXGLAssetLoaderServi - Loading from file system: file:/C:/Users/G/git/giocoInformatica_final_sulSerio/bin/assets/textures/enemies/Goblin/Take%20Hit.png
17:19:16.376 [FXGL Background Thread 4 ] DEBUG FXGLAssetLoaderServi - Loading from file system: file:/C:/Users/G/git/giocoInformatica_final_sulSerio/bin/assets/textures/enemies/Goblin/Death.png
17:19:16.391 [FXGL Background Thread 4 ] DEBUG FXGLAssetLoaderServi - Loading from file system: file:/C:/Users/G/git/giocoInformatica_final_sulSerio/bin/assets/textures/npc/Meomartino/Idle.png
17:19:16.395 [FXGL Background Thread 4 ] DEBUG GameWorld            - Clearing removable entities
17:19:16.397 [FXGL Background Thread 4 ] DEBUG GameWorld            - Setting level: com.almasb.fxgl.entity.level.Level@2fb74407
17:19:16.434 [FXGL Background Thread 4 ] DEBUG FXGLAssetLoaderServi - Loading from file system: file:/C:/Users/G/git/giocoInformatica_final_sulSerio/bin/assets/textures/health/empty_health.png
17:19:16.436 [FXGL Background Thread 4 ] DEBUG FXGLAssetLoaderServi - Loading from file system: file:/C:/Users/G/git/giocoInformatica_final_sulSerio/bin/assets/textures/health/half_health.png
17:19:16.438 [FXGL Background Thread 4 ] DEBUG FXGLAssetLoaderServi - Loading from file system: file:/C:/Users/G/git/giocoInformatica_final_sulSerio/bin/assets/textures/health/full_health.png
17:19:16.447 [FXGL Background Thread 4 ] DEBUG FXGLAssetLoaderServi - Loading from file system: file:/C:/Users/G/git/giocoInformatica_final_sulSerio/bin/assets/textures/player/_Idle.png
17:19:16.451 [FXGL Background Thread 4 ] DEBUG FXGLAssetLoaderServi - Loading from file system: file:/C:/Users/G/git/giocoInformatica_final_sulSerio/bin/assets/textures/player/_Run.png
17:19:16.454 [FXGL Background Thread 4 ] DEBUG FXGLAssetLoaderServi - Loading from file system: file:/C:/Users/G/git/giocoInformatica_final_sulSerio/bin/assets/textures/player/_Jump.png
17:19:16.456 [FXGL Background Thread 4 ] DEBUG FXGLAssetLoaderServi - Loading from file system: file:/C:/Users/G/git/giocoInformatica_final_sulSerio/bin/assets/textures/player/_Fall.png
17:19:16.459 [FXGL Background Thread 4 ] DEBUG FXGLAssetLoaderServi - Loading from file system: file:/C:/Users/G/git/giocoInformatica_final_sulSerio/bin/assets/textures/player/_WallSlide.png
17:19:16.461 [FXGL Background Thread 4 ] DEBUG FXGLAssetLoaderServi - Loading from file system: file:/C:/Users/G/git/giocoInformatica_final_sulSerio/bin/assets/textures/player/_Attack.png
17:19:16.463 [FXGL Background Thread 4 ] DEBUG FXGLAssetLoaderServi - Loading from file system: file:/C:/Users/G/git/giocoInformatica_final_sulSerio/bin/assets/textures/player/_TurnAround.png
17:19:16.467 [FXGL Background Thread 4 ] DEBUG FXGLAssetLoaderServi - Loading from file system: file:/C:/Users/G/git/giocoInformatica_final_sulSerio/bin/assets/textures/player/_Hit.png
17:19:16.472 [FXGL Background Thread 4 ] DEBUG FXGLAssetLoaderServi - Loading from file system: file:/C:/Users/G/git/giocoInformatica_final_sulSerio/bin/assets/textures/player/_Death.png
17:19:16.489 [FXGL Background Thread 4 ] DEBUG FXGLAssetLoaderServi - Loading from file system: file:/C:/Users/G/git/giocoInformatica_final_sulSerio/bin/assets/textures/background/background.png
17:19:17.007 [FXGL Background Thread 4 ] DEBUG FXGLAssetLoaderServi - Loading from file system: file:/C:/Users/G/git/giocoInformatica_final_sulSerio/bin/assets/textures/background/castleBackgound.png
17:19:17.262 [FXGL Background Thread 4 ] INFO  FXGLApplication      - Game initialization took: 2,714 sec
17:19:17.267 [JavaFX Application Thread] DEBUG Input                - Clearing active input actions
17:19:17.282 [JavaFX Application Thread] DEBUG GameApplicationServi - Removing overlay from FXGLLoadingScene and adding to GameScene
17:19:17.285 [JavaFX Application Thread] DEBUG PrimaryStageWindow   - FXGLLoadingScene -> GameScene
17:19:19.061 [JavaFX Application Thread] DEBUG FXGLAssetLoaderServi - Loading from file system: file:/C:/Users/G/git/giocoInformatica_final_sulSerio/bin/assets/text/cutscene.txt
17:19:19.071 [JavaFX Application Thread] DEBUG Input                - Registered new binding: Next RPG Line - Enter
17:19:19.073 [JavaFX Application Thread] DEBUG FXGLAssetLoaderServi - Loading from file system: file:/C:/Users/G/git/giocoInformatica_final_sulSerio/bin/assets/textures/meo.png
17:19:19.076 [JavaFX Application Thread] DEBUG PrimaryStageWindow   - Push state: CutsceneScene
17:19:19.077 [JavaFX Application Thread] DEBUG Input                - Clearing active input actions
17:19:19.078 [JavaFX Application Thread] DEBUG GameApplicationServi - Removing overlay from GameScene and adding to CutsceneScene
17:19:19.081 [JavaFX Application Thread] DEBUG PrimaryStageWindow   - GameScene -> CutsceneScene
17:19:28.053 [JavaFX Application Thread] DEBUG FXGLApplication      - Exiting FXGL
17:19:28.053 [JavaFX Application Thread] DEBUG LoopRunner           - Stopping loop
17:19:28.053 [JavaFX Application Thread] DEBUG SystemBundleService  - Saving FXGL system data
17:19:28.057 [JavaFX Application Thread] DEBUG FileSystemAccess     - Writing to: C:\Users\G\git\giocoInformatica_final_sulSerio\system\fxgl.bundle
17:19:28.060 [JavaFX Application Thread] DEBUG Async                - Shutting down background threads
17:19:28.060 [JavaFX Application Thread] DEBUG PrimaryStageWindow   - Closing main window
17:19:28.094 [JavaFX Application Thread] DEBUG Logger               - Closing Logger
